[2025-07-31T01:40:53.801+0000] {processor.py:161} INFO - Started process (PID=84) to work on /home/airflow/.local/lib/python3.8/site-packages/airflow/example_dags/example_short_circuit_decorator.py
[2025-07-31T01:40:53.805+0000] {processor.py:830} INFO - Processing file /home/airflow/.local/lib/python3.8/site-packages/airflow/example_dags/example_short_circuit_decorator.py for tasks to queue
[2025-07-31T01:40:53.810+0000] {logging_mixin.py:188} INFO - [2025-07-31T01:40:53.809+0000] {dagbag.py:538} INFO - Filling up the DagBag from /home/airflow/.local/lib/python3.8/site-packages/airflow/example_dags/example_short_circuit_decorator.py
[2025-07-31T01:40:53.866+0000] {processor.py:840} INFO - DAG(s) 'example_short_circuit_decorator' retrieved from /home/airflow/.local/lib/python3.8/site-packages/airflow/example_dags/example_short_circuit_decorator.py
[2025-07-31T01:40:54.272+0000] {logging_mixin.py:188} INFO - [2025-07-31T01:40:54.269+0000] {dag.py:3036} INFO - Sync 1 DAGs
[2025-07-31T01:40:54.320+0000] {logging_mixin.py:188} INFO - [2025-07-31T01:40:54.319+0000] {dag.py:3823} INFO - Setting next_dagrun for example_short_circuit_decorator to 2025-07-30 00:00:00+00:00, run_after=2025-07-31 00:00:00+00:00
[2025-07-31T01:40:54.360+0000] {processor.py:183} INFO - Processing /home/airflow/.local/lib/python3.8/site-packages/airflow/example_dags/example_short_circuit_decorator.py took 0.570 seconds
[2025-07-31T01:41:25.330+0000] {processor.py:161} INFO - Started process (PID=139) to work on /home/airflow/.local/lib/python3.8/site-packages/airflow/example_dags/example_short_circuit_decorator.py
[2025-07-31T01:41:25.337+0000] {processor.py:830} INFO - Processing file /home/airflow/.local/lib/python3.8/site-packages/airflow/example_dags/example_short_circuit_decorator.py for tasks to queue
[2025-07-31T01:41:25.346+0000] {logging_mixin.py:188} INFO - [2025-07-31T01:41:25.346+0000] {dagbag.py:538} INFO - Filling up the DagBag from /home/airflow/.local/lib/python3.8/site-packages/airflow/example_dags/example_short_circuit_decorator.py
[2025-07-31T01:41:25.380+0000] {processor.py:840} INFO - DAG(s) 'example_short_circuit_decorator' retrieved from /home/airflow/.local/lib/python3.8/site-packages/airflow/example_dags/example_short_circuit_decorator.py
[2025-07-31T01:41:25.427+0000] {logging_mixin.py:188} INFO - [2025-07-31T01:41:25.425+0000] {dag.py:3036} INFO - Sync 1 DAGs
[2025-07-31T01:41:25.476+0000] {logging_mixin.py:188} INFO - [2025-07-31T01:41:25.473+0000] {dag.py:3823} INFO - Setting next_dagrun for example_short_circuit_decorator to 2025-07-30 00:00:00+00:00, run_after=2025-07-31 00:00:00+00:00
[2025-07-31T01:41:25.514+0000] {processor.py:183} INFO - Processing /home/airflow/.local/lib/python3.8/site-packages/airflow/example_dags/example_short_circuit_decorator.py took 0.192 seconds
[2025-07-31T01:41:55.773+0000] {processor.py:161} INFO - Started process (PID=194) to work on /home/airflow/.local/lib/python3.8/site-packages/airflow/example_dags/example_short_circuit_decorator.py
[2025-07-31T01:41:55.783+0000] {processor.py:830} INFO - Processing file /home/airflow/.local/lib/python3.8/site-packages/airflow/example_dags/example_short_circuit_decorator.py for tasks to queue
[2025-07-31T01:41:55.794+0000] {logging_mixin.py:188} INFO - [2025-07-31T01:41:55.794+0000] {dagbag.py:538} INFO - Filling up the DagBag from /home/airflow/.local/lib/python3.8/site-packages/airflow/example_dags/example_short_circuit_decorator.py
[2025-07-31T01:41:55.828+0000] {processor.py:840} INFO - DAG(s) 'example_short_circuit_decorator' retrieved from /home/airflow/.local/lib/python3.8/site-packages/airflow/example_dags/example_short_circuit_decorator.py
[2025-07-31T01:41:55.942+0000] {logging_mixin.py:188} INFO - [2025-07-31T01:41:55.942+0000] {dag.py:3036} INFO - Sync 1 DAGs
[2025-07-31T01:41:56.008+0000] {logging_mixin.py:188} INFO - [2025-07-31T01:41:56.007+0000] {dag.py:3823} INFO - Setting next_dagrun for example_short_circuit_decorator to 2025-07-30 00:00:00+00:00, run_after=2025-07-31 00:00:00+00:00
[2025-07-31T01:41:56.060+0000] {processor.py:183} INFO - Processing /home/airflow/.local/lib/python3.8/site-packages/airflow/example_dags/example_short_circuit_decorator.py took 0.305 seconds
[2025-07-31T01:42:27.073+0000] {processor.py:161} INFO - Started process (PID=250) to work on /home/airflow/.local/lib/python3.8/site-packages/airflow/example_dags/example_short_circuit_decorator.py
[2025-07-31T01:42:27.076+0000] {processor.py:830} INFO - Processing file /home/airflow/.local/lib/python3.8/site-packages/airflow/example_dags/example_short_circuit_decorator.py for tasks to queue
[2025-07-31T01:42:27.079+0000] {logging_mixin.py:188} INFO - [2025-07-31T01:42:27.079+0000] {dagbag.py:538} INFO - Filling up the DagBag from /home/airflow/.local/lib/python3.8/site-packages/airflow/example_dags/example_short_circuit_decorator.py
[2025-07-31T01:42:27.104+0000] {processor.py:840} INFO - DAG(s) 'example_short_circuit_decorator' retrieved from /home/airflow/.local/lib/python3.8/site-packages/airflow/example_dags/example_short_circuit_decorator.py
[2025-07-31T01:42:27.154+0000] {logging_mixin.py:188} INFO - [2025-07-31T01:42:27.154+0000] {dag.py:3036} INFO - Sync 1 DAGs
[2025-07-31T01:42:27.230+0000] {logging_mixin.py:188} INFO - [2025-07-31T01:42:27.229+0000] {dag.py:3823} INFO - Setting next_dagrun for example_short_circuit_decorator to 2025-07-30 00:00:00+00:00, run_after=2025-07-31 00:00:00+00:00
[2025-07-31T01:42:27.339+0000] {processor.py:183} INFO - Processing /home/airflow/.local/lib/python3.8/site-packages/airflow/example_dags/example_short_circuit_decorator.py took 0.276 seconds
[2025-07-31T01:42:58.092+0000] {processor.py:161} INFO - Started process (PID=305) to work on /home/airflow/.local/lib/python3.8/site-packages/airflow/example_dags/example_short_circuit_decorator.py
[2025-07-31T01:42:58.094+0000] {processor.py:830} INFO - Processing file /home/airflow/.local/lib/python3.8/site-packages/airflow/example_dags/example_short_circuit_decorator.py for tasks to queue
[2025-07-31T01:42:58.098+0000] {logging_mixin.py:188} INFO - [2025-07-31T01:42:58.097+0000] {dagbag.py:538} INFO - Filling up the DagBag from /home/airflow/.local/lib/python3.8/site-packages/airflow/example_dags/example_short_circuit_decorator.py
[2025-07-31T01:42:58.114+0000] {processor.py:840} INFO - DAG(s) 'example_short_circuit_decorator' retrieved from /home/airflow/.local/lib/python3.8/site-packages/airflow/example_dags/example_short_circuit_decorator.py
[2025-07-31T01:42:58.155+0000] {logging_mixin.py:188} INFO - [2025-07-31T01:42:58.154+0000] {dag.py:3036} INFO - Sync 1 DAGs
[2025-07-31T01:42:58.184+0000] {logging_mixin.py:188} INFO - [2025-07-31T01:42:58.183+0000] {dag.py:3823} INFO - Setting next_dagrun for example_short_circuit_decorator to 2025-07-30 00:00:00+00:00, run_after=2025-07-31 00:00:00+00:00
[2025-07-31T01:42:58.217+0000] {processor.py:183} INFO - Processing /home/airflow/.local/lib/python3.8/site-packages/airflow/example_dags/example_short_circuit_decorator.py took 0.131 seconds
[2025-07-31T01:43:28.808+0000] {processor.py:161} INFO - Started process (PID=360) to work on /home/airflow/.local/lib/python3.8/site-packages/airflow/example_dags/example_short_circuit_decorator.py
[2025-07-31T01:43:28.810+0000] {processor.py:830} INFO - Processing file /home/airflow/.local/lib/python3.8/site-packages/airflow/example_dags/example_short_circuit_decorator.py for tasks to queue
[2025-07-31T01:43:28.814+0000] {logging_mixin.py:188} INFO - [2025-07-31T01:43:28.814+0000] {dagbag.py:538} INFO - Filling up the DagBag from /home/airflow/.local/lib/python3.8/site-packages/airflow/example_dags/example_short_circuit_decorator.py
[2025-07-31T01:43:28.831+0000] {processor.py:840} INFO - DAG(s) 'example_short_circuit_decorator' retrieved from /home/airflow/.local/lib/python3.8/site-packages/airflow/example_dags/example_short_circuit_decorator.py
[2025-07-31T01:43:28.866+0000] {logging_mixin.py:188} INFO - [2025-07-31T01:43:28.866+0000] {dag.py:3036} INFO - Sync 1 DAGs
[2025-07-31T01:43:28.900+0000] {logging_mixin.py:188} INFO - [2025-07-31T01:43:28.899+0000] {dag.py:3823} INFO - Setting next_dagrun for example_short_circuit_decorator to 2025-07-30 00:00:00+00:00, run_after=2025-07-31 00:00:00+00:00
[2025-07-31T01:43:28.963+0000] {processor.py:183} INFO - Processing /home/airflow/.local/lib/python3.8/site-packages/airflow/example_dags/example_short_circuit_decorator.py took 0.161 seconds
[2025-07-31T01:43:59.388+0000] {processor.py:161} INFO - Started process (PID=415) to work on /home/airflow/.local/lib/python3.8/site-packages/airflow/example_dags/example_short_circuit_decorator.py
[2025-07-31T01:43:59.390+0000] {processor.py:830} INFO - Processing file /home/airflow/.local/lib/python3.8/site-packages/airflow/example_dags/example_short_circuit_decorator.py for tasks to queue
[2025-07-31T01:43:59.395+0000] {logging_mixin.py:188} INFO - [2025-07-31T01:43:59.394+0000] {dagbag.py:538} INFO - Filling up the DagBag from /home/airflow/.local/lib/python3.8/site-packages/airflow/example_dags/example_short_circuit_decorator.py
[2025-07-31T01:43:59.412+0000] {processor.py:840} INFO - DAG(s) 'example_short_circuit_decorator' retrieved from /home/airflow/.local/lib/python3.8/site-packages/airflow/example_dags/example_short_circuit_decorator.py
[2025-07-31T01:43:59.467+0000] {logging_mixin.py:188} INFO - [2025-07-31T01:43:59.467+0000] {dag.py:3036} INFO - Sync 1 DAGs
[2025-07-31T01:43:59.511+0000] {logging_mixin.py:188} INFO - [2025-07-31T01:43:59.510+0000] {dag.py:3823} INFO - Setting next_dagrun for example_short_circuit_decorator to 2025-07-30 00:00:00+00:00, run_after=2025-07-31 00:00:00+00:00
[2025-07-31T01:43:59.617+0000] {processor.py:183} INFO - Processing /home/airflow/.local/lib/python3.8/site-packages/airflow/example_dags/example_short_circuit_decorator.py took 0.238 seconds
[2025-07-31T01:44:29.875+0000] {processor.py:161} INFO - Started process (PID=470) to work on /home/airflow/.local/lib/python3.8/site-packages/airflow/example_dags/example_short_circuit_decorator.py
[2025-07-31T01:44:29.876+0000] {processor.py:830} INFO - Processing file /home/airflow/.local/lib/python3.8/site-packages/airflow/example_dags/example_short_circuit_decorator.py for tasks to queue
[2025-07-31T01:44:29.880+0000] {logging_mixin.py:188} INFO - [2025-07-31T01:44:29.879+0000] {dagbag.py:538} INFO - Filling up the DagBag from /home/airflow/.local/lib/python3.8/site-packages/airflow/example_dags/example_short_circuit_decorator.py
[2025-07-31T01:44:29.896+0000] {processor.py:840} INFO - DAG(s) 'example_short_circuit_decorator' retrieved from /home/airflow/.local/lib/python3.8/site-packages/airflow/example_dags/example_short_circuit_decorator.py
[2025-07-31T01:44:29.940+0000] {logging_mixin.py:188} INFO - [2025-07-31T01:44:29.940+0000] {dag.py:3036} INFO - Sync 1 DAGs
[2025-07-31T01:44:29.991+0000] {logging_mixin.py:188} INFO - [2025-07-31T01:44:29.991+0000] {dag.py:3823} INFO - Setting next_dagrun for example_short_circuit_decorator to 2025-07-30 00:00:00+00:00, run_after=2025-07-31 00:00:00+00:00
[2025-07-31T01:44:30.026+0000] {processor.py:183} INFO - Processing /home/airflow/.local/lib/python3.8/site-packages/airflow/example_dags/example_short_circuit_decorator.py took 0.158 seconds
[2025-07-31T01:45:00.524+0000] {processor.py:161} INFO - Started process (PID=525) to work on /home/airflow/.local/lib/python3.8/site-packages/airflow/example_dags/example_short_circuit_decorator.py
[2025-07-31T01:45:00.527+0000] {processor.py:830} INFO - Processing file /home/airflow/.local/lib/python3.8/site-packages/airflow/example_dags/example_short_circuit_decorator.py for tasks to queue
[2025-07-31T01:45:00.542+0000] {logging_mixin.py:188} INFO - [2025-07-31T01:45:00.541+0000] {dagbag.py:538} INFO - Filling up the DagBag from /home/airflow/.local/lib/python3.8/site-packages/airflow/example_dags/example_short_circuit_decorator.py
[2025-07-31T01:45:00.602+0000] {processor.py:840} INFO - DAG(s) 'example_short_circuit_decorator' retrieved from /home/airflow/.local/lib/python3.8/site-packages/airflow/example_dags/example_short_circuit_decorator.py
[2025-07-31T01:45:00.682+0000] {logging_mixin.py:188} INFO - [2025-07-31T01:45:00.682+0000] {dag.py:3036} INFO - Sync 1 DAGs
[2025-07-31T01:45:00.733+0000] {logging_mixin.py:188} INFO - [2025-07-31T01:45:00.733+0000] {dag.py:3823} INFO - Setting next_dagrun for example_short_circuit_decorator to 2025-07-30 00:00:00+00:00, run_after=2025-07-31 00:00:00+00:00
[2025-07-31T01:45:00.800+0000] {processor.py:183} INFO - Processing /home/airflow/.local/lib/python3.8/site-packages/airflow/example_dags/example_short_circuit_decorator.py took 0.285 seconds
[2025-07-31T01:45:32.061+0000] {processor.py:161} INFO - Started process (PID=580) to work on /home/airflow/.local/lib/python3.8/site-packages/airflow/example_dags/example_short_circuit_decorator.py
[2025-07-31T01:45:32.111+0000] {processor.py:830} INFO - Processing file /home/airflow/.local/lib/python3.8/site-packages/airflow/example_dags/example_short_circuit_decorator.py for tasks to queue
[2025-07-31T01:45:32.167+0000] {logging_mixin.py:188} INFO - [2025-07-31T01:45:32.167+0000] {dagbag.py:538} INFO - Filling up the DagBag from /home/airflow/.local/lib/python3.8/site-packages/airflow/example_dags/example_short_circuit_decorator.py
[2025-07-31T01:45:32.281+0000] {processor.py:840} INFO - DAG(s) 'example_short_circuit_decorator' retrieved from /home/airflow/.local/lib/python3.8/site-packages/airflow/example_dags/example_short_circuit_decorator.py
[2025-07-31T01:45:32.453+0000] {logging_mixin.py:188} INFO - [2025-07-31T01:45:32.453+0000] {dag.py:3036} INFO - Sync 1 DAGs
[2025-07-31T01:45:32.578+0000] {logging_mixin.py:188} INFO - [2025-07-31T01:45:32.578+0000] {dag.py:3823} INFO - Setting next_dagrun for example_short_circuit_decorator to 2025-07-30 00:00:00+00:00, run_after=2025-07-31 00:00:00+00:00
[2025-07-31T01:45:32.714+0000] {processor.py:183} INFO - Processing /home/airflow/.local/lib/python3.8/site-packages/airflow/example_dags/example_short_circuit_decorator.py took 0.659 seconds
[2025-07-31T01:46:02.839+0000] {processor.py:161} INFO - Started process (PID=635) to work on /home/airflow/.local/lib/python3.8/site-packages/airflow/example_dags/example_short_circuit_decorator.py
[2025-07-31T01:46:02.842+0000] {processor.py:830} INFO - Processing file /home/airflow/.local/lib/python3.8/site-packages/airflow/example_dags/example_short_circuit_decorator.py for tasks to queue
[2025-07-31T01:46:02.845+0000] {logging_mixin.py:188} INFO - [2025-07-31T01:46:02.844+0000] {dagbag.py:538} INFO - Filling up the DagBag from /home/airflow/.local/lib/python3.8/site-packages/airflow/example_dags/example_short_circuit_decorator.py
[2025-07-31T01:46:02.857+0000] {processor.py:840} INFO - DAG(s) 'example_short_circuit_decorator' retrieved from /home/airflow/.local/lib/python3.8/site-packages/airflow/example_dags/example_short_circuit_decorator.py
[2025-07-31T01:46:02.895+0000] {logging_mixin.py:188} INFO - [2025-07-31T01:46:02.894+0000] {dag.py:3036} INFO - Sync 1 DAGs
[2025-07-31T01:46:02.927+0000] {logging_mixin.py:188} INFO - [2025-07-31T01:46:02.927+0000] {dag.py:3823} INFO - Setting next_dagrun for example_short_circuit_decorator to 2025-07-30 00:00:00+00:00, run_after=2025-07-31 00:00:00+00:00
[2025-07-31T01:46:02.952+0000] {processor.py:183} INFO - Processing /home/airflow/.local/lib/python3.8/site-packages/airflow/example_dags/example_short_circuit_decorator.py took 0.119 seconds
[2025-07-31T01:46:33.447+0000] {processor.py:161} INFO - Started process (PID=691) to work on /home/airflow/.local/lib/python3.8/site-packages/airflow/example_dags/example_short_circuit_decorator.py
[2025-07-31T01:46:33.449+0000] {processor.py:830} INFO - Processing file /home/airflow/.local/lib/python3.8/site-packages/airflow/example_dags/example_short_circuit_decorator.py for tasks to queue
[2025-07-31T01:46:33.453+0000] {logging_mixin.py:188} INFO - [2025-07-31T01:46:33.453+0000] {dagbag.py:538} INFO - Filling up the DagBag from /home/airflow/.local/lib/python3.8/site-packages/airflow/example_dags/example_short_circuit_decorator.py
[2025-07-31T01:46:33.467+0000] {processor.py:840} INFO - DAG(s) 'example_short_circuit_decorator' retrieved from /home/airflow/.local/lib/python3.8/site-packages/airflow/example_dags/example_short_circuit_decorator.py
[2025-07-31T01:46:33.496+0000] {logging_mixin.py:188} INFO - [2025-07-31T01:46:33.495+0000] {dag.py:3036} INFO - Sync 1 DAGs
[2025-07-31T01:46:33.528+0000] {logging_mixin.py:188} INFO - [2025-07-31T01:46:33.528+0000] {dag.py:3823} INFO - Setting next_dagrun for example_short_circuit_decorator to 2025-07-30 00:00:00+00:00, run_after=2025-07-31 00:00:00+00:00
[2025-07-31T01:46:33.558+0000] {processor.py:183} INFO - Processing /home/airflow/.local/lib/python3.8/site-packages/airflow/example_dags/example_short_circuit_decorator.py took 0.115 seconds
[2025-07-31T01:47:04.371+0000] {processor.py:161} INFO - Started process (PID=747) to work on /home/airflow/.local/lib/python3.8/site-packages/airflow/example_dags/example_short_circuit_decorator.py
[2025-07-31T01:47:04.376+0000] {processor.py:830} INFO - Processing file /home/airflow/.local/lib/python3.8/site-packages/airflow/example_dags/example_short_circuit_decorator.py for tasks to queue
[2025-07-31T01:47:04.382+0000] {logging_mixin.py:188} INFO - [2025-07-31T01:47:04.381+0000] {dagbag.py:538} INFO - Filling up the DagBag from /home/airflow/.local/lib/python3.8/site-packages/airflow/example_dags/example_short_circuit_decorator.py
[2025-07-31T01:47:04.408+0000] {processor.py:840} INFO - DAG(s) 'example_short_circuit_decorator' retrieved from /home/airflow/.local/lib/python3.8/site-packages/airflow/example_dags/example_short_circuit_decorator.py
[2025-07-31T01:47:04.449+0000] {logging_mixin.py:188} INFO - [2025-07-31T01:47:04.449+0000] {dag.py:3036} INFO - Sync 1 DAGs
[2025-07-31T01:47:04.484+0000] {logging_mixin.py:188} INFO - [2025-07-31T01:47:04.484+0000] {dag.py:3823} INFO - Setting next_dagrun for example_short_circuit_decorator to 2025-07-30 00:00:00+00:00, run_after=2025-07-31 00:00:00+00:00
[2025-07-31T01:47:04.549+0000] {processor.py:183} INFO - Processing /home/airflow/.local/lib/python3.8/site-packages/airflow/example_dags/example_short_circuit_decorator.py took 0.185 seconds
[2025-07-31T01:47:34.610+0000] {processor.py:161} INFO - Started process (PID=803) to work on /home/airflow/.local/lib/python3.8/site-packages/airflow/example_dags/example_short_circuit_decorator.py
[2025-07-31T01:47:34.612+0000] {processor.py:830} INFO - Processing file /home/airflow/.local/lib/python3.8/site-packages/airflow/example_dags/example_short_circuit_decorator.py for tasks to queue
[2025-07-31T01:47:34.616+0000] {logging_mixin.py:188} INFO - [2025-07-31T01:47:34.615+0000] {dagbag.py:538} INFO - Filling up the DagBag from /home/airflow/.local/lib/python3.8/site-packages/airflow/example_dags/example_short_circuit_decorator.py
[2025-07-31T01:47:34.633+0000] {processor.py:840} INFO - DAG(s) 'example_short_circuit_decorator' retrieved from /home/airflow/.local/lib/python3.8/site-packages/airflow/example_dags/example_short_circuit_decorator.py
[2025-07-31T01:47:34.669+0000] {logging_mixin.py:188} INFO - [2025-07-31T01:47:34.669+0000] {dag.py:3036} INFO - Sync 1 DAGs
[2025-07-31T01:47:34.708+0000] {logging_mixin.py:188} INFO - [2025-07-31T01:47:34.707+0000] {dag.py:3823} INFO - Setting next_dagrun for example_short_circuit_decorator to 2025-07-30 00:00:00+00:00, run_after=2025-07-31 00:00:00+00:00
[2025-07-31T01:47:34.736+0000] {processor.py:183} INFO - Processing /home/airflow/.local/lib/python3.8/site-packages/airflow/example_dags/example_short_circuit_decorator.py took 0.132 seconds
[2025-07-31T01:48:37.320+0000] {processor.py:161} INFO - Started process (PID=84) to work on /home/airflow/.local/lib/python3.8/site-packages/airflow/example_dags/example_short_circuit_decorator.py
[2025-07-31T01:48:37.322+0000] {processor.py:830} INFO - Processing file /home/airflow/.local/lib/python3.8/site-packages/airflow/example_dags/example_short_circuit_decorator.py for tasks to queue
[2025-07-31T01:48:37.326+0000] {logging_mixin.py:188} INFO - [2025-07-31T01:48:37.325+0000] {dagbag.py:538} INFO - Filling up the DagBag from /home/airflow/.local/lib/python3.8/site-packages/airflow/example_dags/example_short_circuit_decorator.py
[2025-07-31T01:48:37.347+0000] {processor.py:840} INFO - DAG(s) 'example_short_circuit_decorator' retrieved from /home/airflow/.local/lib/python3.8/site-packages/airflow/example_dags/example_short_circuit_decorator.py
[2025-07-31T01:48:37.366+0000] {logging_mixin.py:188} INFO - [2025-07-31T01:48:37.366+0000] {dag.py:3036} INFO - Sync 1 DAGs
[2025-07-31T01:48:37.405+0000] {logging_mixin.py:188} INFO - [2025-07-31T01:48:37.405+0000] {dag.py:3823} INFO - Setting next_dagrun for example_short_circuit_decorator to 2025-07-30 00:00:00+00:00, run_after=2025-07-31 00:00:00+00:00
[2025-07-31T01:48:37.450+0000] {processor.py:183} INFO - Processing /home/airflow/.local/lib/python3.8/site-packages/airflow/example_dags/example_short_circuit_decorator.py took 0.137 seconds
[2025-07-31T01:49:11.559+0000] {processor.py:161} INFO - Started process (PID=140) to work on /home/airflow/.local/lib/python3.8/site-packages/airflow/example_dags/example_short_circuit_decorator.py
[2025-07-31T01:49:11.620+0000] {processor.py:830} INFO - Processing file /home/airflow/.local/lib/python3.8/site-packages/airflow/example_dags/example_short_circuit_decorator.py for tasks to queue
[2025-07-31T01:49:11.664+0000] {logging_mixin.py:188} INFO - [2025-07-31T01:49:11.664+0000] {dagbag.py:538} INFO - Filling up the DagBag from /home/airflow/.local/lib/python3.8/site-packages/airflow/example_dags/example_short_circuit_decorator.py
[2025-07-31T01:49:11.763+0000] {processor.py:840} INFO - DAG(s) 'example_short_circuit_decorator' retrieved from /home/airflow/.local/lib/python3.8/site-packages/airflow/example_dags/example_short_circuit_decorator.py
[2025-07-31T01:49:12.268+0000] {logging_mixin.py:188} INFO - [2025-07-31T01:49:12.267+0000] {dag.py:3036} INFO - Sync 1 DAGs
[2025-07-31T01:49:12.336+0000] {logging_mixin.py:188} INFO - [2025-07-31T01:49:12.336+0000] {dag.py:3823} INFO - Setting next_dagrun for example_short_circuit_decorator to 2025-07-30 00:00:00+00:00, run_after=2025-07-31 00:00:00+00:00
[2025-07-31T01:49:12.513+0000] {processor.py:183} INFO - Processing /home/airflow/.local/lib/python3.8/site-packages/airflow/example_dags/example_short_circuit_decorator.py took 0.976 seconds
[2025-07-31T01:49:42.804+0000] {processor.py:161} INFO - Started process (PID=196) to work on /home/airflow/.local/lib/python3.8/site-packages/airflow/example_dags/example_short_circuit_decorator.py
[2025-07-31T01:49:42.806+0000] {processor.py:830} INFO - Processing file /home/airflow/.local/lib/python3.8/site-packages/airflow/example_dags/example_short_circuit_decorator.py for tasks to queue
[2025-07-31T01:49:42.809+0000] {logging_mixin.py:188} INFO - [2025-07-31T01:49:42.808+0000] {dagbag.py:538} INFO - Filling up the DagBag from /home/airflow/.local/lib/python3.8/site-packages/airflow/example_dags/example_short_circuit_decorator.py
[2025-07-31T01:49:42.825+0000] {processor.py:840} INFO - DAG(s) 'example_short_circuit_decorator' retrieved from /home/airflow/.local/lib/python3.8/site-packages/airflow/example_dags/example_short_circuit_decorator.py
[2025-07-31T01:49:42.863+0000] {logging_mixin.py:188} INFO - [2025-07-31T01:49:42.862+0000] {dag.py:3036} INFO - Sync 1 DAGs
[2025-07-31T01:49:42.899+0000] {logging_mixin.py:188} INFO - [2025-07-31T01:49:42.898+0000] {dag.py:3823} INFO - Setting next_dagrun for example_short_circuit_decorator to 2025-07-30 00:00:00+00:00, run_after=2025-07-31 00:00:00+00:00
[2025-07-31T01:49:42.938+0000] {processor.py:183} INFO - Processing /home/airflow/.local/lib/python3.8/site-packages/airflow/example_dags/example_short_circuit_decorator.py took 0.139 seconds
[2025-07-31T01:50:13.745+0000] {processor.py:161} INFO - Started process (PID=253) to work on /home/airflow/.local/lib/python3.8/site-packages/airflow/example_dags/example_short_circuit_decorator.py
[2025-07-31T01:50:13.752+0000] {processor.py:830} INFO - Processing file /home/airflow/.local/lib/python3.8/site-packages/airflow/example_dags/example_short_circuit_decorator.py for tasks to queue
[2025-07-31T01:50:13.759+0000] {logging_mixin.py:188} INFO - [2025-07-31T01:50:13.758+0000] {dagbag.py:538} INFO - Filling up the DagBag from /home/airflow/.local/lib/python3.8/site-packages/airflow/example_dags/example_short_circuit_decorator.py
[2025-07-31T01:50:13.786+0000] {processor.py:840} INFO - DAG(s) 'example_short_circuit_decorator' retrieved from /home/airflow/.local/lib/python3.8/site-packages/airflow/example_dags/example_short_circuit_decorator.py
[2025-07-31T01:50:13.857+0000] {logging_mixin.py:188} INFO - [2025-07-31T01:50:13.857+0000] {dag.py:3036} INFO - Sync 1 DAGs
[2025-07-31T01:50:13.904+0000] {logging_mixin.py:188} INFO - [2025-07-31T01:50:13.903+0000] {dag.py:3823} INFO - Setting next_dagrun for example_short_circuit_decorator to 2025-07-30 00:00:00+00:00, run_after=2025-07-31 00:00:00+00:00
[2025-07-31T01:50:13.944+0000] {processor.py:183} INFO - Processing /home/airflow/.local/lib/python3.8/site-packages/airflow/example_dags/example_short_circuit_decorator.py took 0.206 seconds
[2025-07-31T01:50:44.296+0000] {processor.py:161} INFO - Started process (PID=309) to work on /home/airflow/.local/lib/python3.8/site-packages/airflow/example_dags/example_short_circuit_decorator.py
[2025-07-31T01:50:44.298+0000] {processor.py:830} INFO - Processing file /home/airflow/.local/lib/python3.8/site-packages/airflow/example_dags/example_short_circuit_decorator.py for tasks to queue
[2025-07-31T01:50:44.309+0000] {logging_mixin.py:188} INFO - [2025-07-31T01:50:44.308+0000] {dagbag.py:538} INFO - Filling up the DagBag from /home/airflow/.local/lib/python3.8/site-packages/airflow/example_dags/example_short_circuit_decorator.py
[2025-07-31T01:50:44.347+0000] {processor.py:840} INFO - DAG(s) 'example_short_circuit_decorator' retrieved from /home/airflow/.local/lib/python3.8/site-packages/airflow/example_dags/example_short_circuit_decorator.py
[2025-07-31T01:50:44.405+0000] {logging_mixin.py:188} INFO - [2025-07-31T01:50:44.405+0000] {dag.py:3036} INFO - Sync 1 DAGs
[2025-07-31T01:50:44.462+0000] {logging_mixin.py:188} INFO - [2025-07-31T01:50:44.462+0000] {dag.py:3823} INFO - Setting next_dagrun for example_short_circuit_decorator to 2025-07-30 00:00:00+00:00, run_after=2025-07-31 00:00:00+00:00
[2025-07-31T01:50:44.523+0000] {processor.py:183} INFO - Processing /home/airflow/.local/lib/python3.8/site-packages/airflow/example_dags/example_short_circuit_decorator.py took 0.239 seconds
[2025-07-31T01:51:15.119+0000] {processor.py:161} INFO - Started process (PID=365) to work on /home/airflow/.local/lib/python3.8/site-packages/airflow/example_dags/example_short_circuit_decorator.py
[2025-07-31T01:51:15.120+0000] {processor.py:830} INFO - Processing file /home/airflow/.local/lib/python3.8/site-packages/airflow/example_dags/example_short_circuit_decorator.py for tasks to queue
[2025-07-31T01:51:15.124+0000] {logging_mixin.py:188} INFO - [2025-07-31T01:51:15.123+0000] {dagbag.py:538} INFO - Filling up the DagBag from /home/airflow/.local/lib/python3.8/site-packages/airflow/example_dags/example_short_circuit_decorator.py
[2025-07-31T01:51:15.147+0000] {processor.py:840} INFO - DAG(s) 'example_short_circuit_decorator' retrieved from /home/airflow/.local/lib/python3.8/site-packages/airflow/example_dags/example_short_circuit_decorator.py
[2025-07-31T01:51:15.201+0000] {logging_mixin.py:188} INFO - [2025-07-31T01:51:15.201+0000] {dag.py:3036} INFO - Sync 1 DAGs
[2025-07-31T01:51:15.248+0000] {logging_mixin.py:188} INFO - [2025-07-31T01:51:15.248+0000] {dag.py:3823} INFO - Setting next_dagrun for example_short_circuit_decorator to 2025-07-30 00:00:00+00:00, run_after=2025-07-31 00:00:00+00:00
[2025-07-31T01:51:15.294+0000] {processor.py:183} INFO - Processing /home/airflow/.local/lib/python3.8/site-packages/airflow/example_dags/example_short_circuit_decorator.py took 0.179 seconds
[2025-07-31T01:51:45.423+0000] {processor.py:161} INFO - Started process (PID=420) to work on /home/airflow/.local/lib/python3.8/site-packages/airflow/example_dags/example_short_circuit_decorator.py
[2025-07-31T01:51:45.426+0000] {processor.py:830} INFO - Processing file /home/airflow/.local/lib/python3.8/site-packages/airflow/example_dags/example_short_circuit_decorator.py for tasks to queue
[2025-07-31T01:51:45.431+0000] {logging_mixin.py:188} INFO - [2025-07-31T01:51:45.431+0000] {dagbag.py:538} INFO - Filling up the DagBag from /home/airflow/.local/lib/python3.8/site-packages/airflow/example_dags/example_short_circuit_decorator.py
[2025-07-31T01:51:45.449+0000] {processor.py:840} INFO - DAG(s) 'example_short_circuit_decorator' retrieved from /home/airflow/.local/lib/python3.8/site-packages/airflow/example_dags/example_short_circuit_decorator.py
[2025-07-31T01:51:45.497+0000] {logging_mixin.py:188} INFO - [2025-07-31T01:51:45.496+0000] {dag.py:3036} INFO - Sync 1 DAGs
[2025-07-31T01:51:45.536+0000] {logging_mixin.py:188} INFO - [2025-07-31T01:51:45.536+0000] {dag.py:3823} INFO - Setting next_dagrun for example_short_circuit_decorator to 2025-07-30 00:00:00+00:00, run_after=2025-07-31 00:00:00+00:00
[2025-07-31T01:51:45.591+0000] {processor.py:183} INFO - Processing /home/airflow/.local/lib/python3.8/site-packages/airflow/example_dags/example_short_circuit_decorator.py took 0.175 seconds
[2025-07-31T01:52:15.990+0000] {processor.py:161} INFO - Started process (PID=476) to work on /home/airflow/.local/lib/python3.8/site-packages/airflow/example_dags/example_short_circuit_decorator.py
[2025-07-31T01:52:15.994+0000] {processor.py:830} INFO - Processing file /home/airflow/.local/lib/python3.8/site-packages/airflow/example_dags/example_short_circuit_decorator.py for tasks to queue
[2025-07-31T01:52:15.999+0000] {logging_mixin.py:188} INFO - [2025-07-31T01:52:15.999+0000] {dagbag.py:538} INFO - Filling up the DagBag from /home/airflow/.local/lib/python3.8/site-packages/airflow/example_dags/example_short_circuit_decorator.py
[2025-07-31T01:52:16.021+0000] {processor.py:840} INFO - DAG(s) 'example_short_circuit_decorator' retrieved from /home/airflow/.local/lib/python3.8/site-packages/airflow/example_dags/example_short_circuit_decorator.py
[2025-07-31T01:52:16.087+0000] {logging_mixin.py:188} INFO - [2025-07-31T01:52:16.085+0000] {dag.py:3036} INFO - Sync 1 DAGs
[2025-07-31T01:52:16.140+0000] {logging_mixin.py:188} INFO - [2025-07-31T01:52:16.139+0000] {dag.py:3823} INFO - Setting next_dagrun for example_short_circuit_decorator to 2025-07-30 00:00:00+00:00, run_after=2025-07-31 00:00:00+00:00
[2025-07-31T01:52:16.228+0000] {processor.py:183} INFO - Processing /home/airflow/.local/lib/python3.8/site-packages/airflow/example_dags/example_short_circuit_decorator.py took 0.246 seconds
[2025-07-31T01:52:46.473+0000] {processor.py:161} INFO - Started process (PID=533) to work on /home/airflow/.local/lib/python3.8/site-packages/airflow/example_dags/example_short_circuit_decorator.py
[2025-07-31T01:52:46.481+0000] {processor.py:830} INFO - Processing file /home/airflow/.local/lib/python3.8/site-packages/airflow/example_dags/example_short_circuit_decorator.py for tasks to queue
[2025-07-31T01:52:46.494+0000] {logging_mixin.py:188} INFO - [2025-07-31T01:52:46.493+0000] {dagbag.py:538} INFO - Filling up the DagBag from /home/airflow/.local/lib/python3.8/site-packages/airflow/example_dags/example_short_circuit_decorator.py
[2025-07-31T01:52:46.560+0000] {processor.py:840} INFO - DAG(s) 'example_short_circuit_decorator' retrieved from /home/airflow/.local/lib/python3.8/site-packages/airflow/example_dags/example_short_circuit_decorator.py
[2025-07-31T01:52:46.646+0000] {logging_mixin.py:188} INFO - [2025-07-31T01:52:46.645+0000] {dag.py:3036} INFO - Sync 1 DAGs
[2025-07-31T01:52:46.729+0000] {logging_mixin.py:188} INFO - [2025-07-31T01:52:46.729+0000] {dag.py:3823} INFO - Setting next_dagrun for example_short_circuit_decorator to 2025-07-30 00:00:00+00:00, run_after=2025-07-31 00:00:00+00:00
[2025-07-31T01:52:46.796+0000] {processor.py:183} INFO - Processing /home/airflow/.local/lib/python3.8/site-packages/airflow/example_dags/example_short_circuit_decorator.py took 0.339 seconds
[2025-07-31T01:53:16.906+0000] {processor.py:161} INFO - Started process (PID=588) to work on /home/airflow/.local/lib/python3.8/site-packages/airflow/example_dags/example_short_circuit_decorator.py
[2025-07-31T01:53:16.909+0000] {processor.py:830} INFO - Processing file /home/airflow/.local/lib/python3.8/site-packages/airflow/example_dags/example_short_circuit_decorator.py for tasks to queue
[2025-07-31T01:53:16.914+0000] {logging_mixin.py:188} INFO - [2025-07-31T01:53:16.913+0000] {dagbag.py:538} INFO - Filling up the DagBag from /home/airflow/.local/lib/python3.8/site-packages/airflow/example_dags/example_short_circuit_decorator.py
[2025-07-31T01:53:16.934+0000] {processor.py:840} INFO - DAG(s) 'example_short_circuit_decorator' retrieved from /home/airflow/.local/lib/python3.8/site-packages/airflow/example_dags/example_short_circuit_decorator.py
[2025-07-31T01:53:16.975+0000] {logging_mixin.py:188} INFO - [2025-07-31T01:53:16.975+0000] {dag.py:3036} INFO - Sync 1 DAGs
[2025-07-31T01:53:17.013+0000] {logging_mixin.py:188} INFO - [2025-07-31T01:53:17.013+0000] {dag.py:3823} INFO - Setting next_dagrun for example_short_circuit_decorator to 2025-07-30 00:00:00+00:00, run_after=2025-07-31 00:00:00+00:00
[2025-07-31T01:53:17.047+0000] {processor.py:183} INFO - Processing /home/airflow/.local/lib/python3.8/site-packages/airflow/example_dags/example_short_circuit_decorator.py took 0.146 seconds
[2025-07-31T01:53:47.410+0000] {processor.py:161} INFO - Started process (PID=646) to work on /home/airflow/.local/lib/python3.8/site-packages/airflow/example_dags/example_short_circuit_decorator.py
[2025-07-31T01:53:47.411+0000] {processor.py:830} INFO - Processing file /home/airflow/.local/lib/python3.8/site-packages/airflow/example_dags/example_short_circuit_decorator.py for tasks to queue
[2025-07-31T01:53:47.417+0000] {logging_mixin.py:188} INFO - [2025-07-31T01:53:47.415+0000] {dagbag.py:538} INFO - Filling up the DagBag from /home/airflow/.local/lib/python3.8/site-packages/airflow/example_dags/example_short_circuit_decorator.py
[2025-07-31T01:53:47.434+0000] {processor.py:840} INFO - DAG(s) 'example_short_circuit_decorator' retrieved from /home/airflow/.local/lib/python3.8/site-packages/airflow/example_dags/example_short_circuit_decorator.py
[2025-07-31T01:53:47.476+0000] {logging_mixin.py:188} INFO - [2025-07-31T01:53:47.475+0000] {dag.py:3036} INFO - Sync 1 DAGs
[2025-07-31T01:53:47.512+0000] {logging_mixin.py:188} INFO - [2025-07-31T01:53:47.511+0000] {dag.py:3823} INFO - Setting next_dagrun for example_short_circuit_decorator to 2025-07-30 00:00:00+00:00, run_after=2025-07-31 00:00:00+00:00
[2025-07-31T01:53:47.575+0000] {processor.py:183} INFO - Processing /home/airflow/.local/lib/python3.8/site-packages/airflow/example_dags/example_short_circuit_decorator.py took 0.171 seconds
[2025-07-31T01:54:21.896+0000] {processor.py:161} INFO - Started process (PID=703) to work on /home/airflow/.local/lib/python3.8/site-packages/airflow/example_dags/example_short_circuit_decorator.py
[2025-07-31T01:54:21.902+0000] {processor.py:830} INFO - Processing file /home/airflow/.local/lib/python3.8/site-packages/airflow/example_dags/example_short_circuit_decorator.py for tasks to queue
[2025-07-31T01:54:21.923+0000] {logging_mixin.py:188} INFO - [2025-07-31T01:54:21.922+0000] {dagbag.py:538} INFO - Filling up the DagBag from /home/airflow/.local/lib/python3.8/site-packages/airflow/example_dags/example_short_circuit_decorator.py
[2025-07-31T01:54:21.963+0000] {processor.py:840} INFO - DAG(s) 'example_short_circuit_decorator' retrieved from /home/airflow/.local/lib/python3.8/site-packages/airflow/example_dags/example_short_circuit_decorator.py
[2025-07-31T01:54:22.077+0000] {logging_mixin.py:188} INFO - [2025-07-31T01:54:22.077+0000] {dag.py:3036} INFO - Sync 1 DAGs
[2025-07-31T01:54:22.217+0000] {logging_mixin.py:188} INFO - [2025-07-31T01:54:22.216+0000] {dag.py:3823} INFO - Setting next_dagrun for example_short_circuit_decorator to 2025-07-30 00:00:00+00:00, run_after=2025-07-31 00:00:00+00:00
[2025-07-31T01:54:22.312+0000] {processor.py:183} INFO - Processing /home/airflow/.local/lib/python3.8/site-packages/airflow/example_dags/example_short_circuit_decorator.py took 0.433 seconds
[2025-07-31T01:54:52.492+0000] {processor.py:161} INFO - Started process (PID=760) to work on /home/airflow/.local/lib/python3.8/site-packages/airflow/example_dags/example_short_circuit_decorator.py
[2025-07-31T01:54:52.495+0000] {processor.py:830} INFO - Processing file /home/airflow/.local/lib/python3.8/site-packages/airflow/example_dags/example_short_circuit_decorator.py for tasks to queue
[2025-07-31T01:54:52.499+0000] {logging_mixin.py:188} INFO - [2025-07-31T01:54:52.498+0000] {dagbag.py:538} INFO - Filling up the DagBag from /home/airflow/.local/lib/python3.8/site-packages/airflow/example_dags/example_short_circuit_decorator.py
[2025-07-31T01:54:52.514+0000] {processor.py:840} INFO - DAG(s) 'example_short_circuit_decorator' retrieved from /home/airflow/.local/lib/python3.8/site-packages/airflow/example_dags/example_short_circuit_decorator.py
[2025-07-31T01:54:52.610+0000] {logging_mixin.py:188} INFO - [2025-07-31T01:54:52.602+0000] {dag.py:3036} INFO - Sync 1 DAGs
[2025-07-31T01:54:52.766+0000] {logging_mixin.py:188} INFO - [2025-07-31T01:54:52.766+0000] {dag.py:3823} INFO - Setting next_dagrun for example_short_circuit_decorator to 2025-07-30 00:00:00+00:00, run_after=2025-07-31 00:00:00+00:00
[2025-07-31T01:54:52.823+0000] {processor.py:183} INFO - Processing /home/airflow/.local/lib/python3.8/site-packages/airflow/example_dags/example_short_circuit_decorator.py took 0.340 seconds
[2025-07-31T01:55:23.643+0000] {processor.py:161} INFO - Started process (PID=817) to work on /home/airflow/.local/lib/python3.8/site-packages/airflow/example_dags/example_short_circuit_decorator.py
[2025-07-31T01:55:23.645+0000] {processor.py:830} INFO - Processing file /home/airflow/.local/lib/python3.8/site-packages/airflow/example_dags/example_short_circuit_decorator.py for tasks to queue
[2025-07-31T01:55:23.648+0000] {logging_mixin.py:188} INFO - [2025-07-31T01:55:23.648+0000] {dagbag.py:538} INFO - Filling up the DagBag from /home/airflow/.local/lib/python3.8/site-packages/airflow/example_dags/example_short_circuit_decorator.py
[2025-07-31T01:55:23.672+0000] {processor.py:840} INFO - DAG(s) 'example_short_circuit_decorator' retrieved from /home/airflow/.local/lib/python3.8/site-packages/airflow/example_dags/example_short_circuit_decorator.py
[2025-07-31T01:55:23.720+0000] {logging_mixin.py:188} INFO - [2025-07-31T01:55:23.719+0000] {dag.py:3036} INFO - Sync 1 DAGs
[2025-07-31T01:55:23.794+0000] {logging_mixin.py:188} INFO - [2025-07-31T01:55:23.793+0000] {dag.py:3823} INFO - Setting next_dagrun for example_short_circuit_decorator to 2025-07-30 00:00:00+00:00, run_after=2025-07-31 00:00:00+00:00
[2025-07-31T01:55:23.884+0000] {processor.py:183} INFO - Processing /home/airflow/.local/lib/python3.8/site-packages/airflow/example_dags/example_short_circuit_decorator.py took 0.248 seconds
[2025-07-31T01:55:54.737+0000] {processor.py:161} INFO - Started process (PID=874) to work on /home/airflow/.local/lib/python3.8/site-packages/airflow/example_dags/example_short_circuit_decorator.py
[2025-07-31T01:55:54.741+0000] {processor.py:830} INFO - Processing file /home/airflow/.local/lib/python3.8/site-packages/airflow/example_dags/example_short_circuit_decorator.py for tasks to queue
[2025-07-31T01:55:54.745+0000] {logging_mixin.py:188} INFO - [2025-07-31T01:55:54.745+0000] {dagbag.py:538} INFO - Filling up the DagBag from /home/airflow/.local/lib/python3.8/site-packages/airflow/example_dags/example_short_circuit_decorator.py
[2025-07-31T01:55:54.760+0000] {processor.py:840} INFO - DAG(s) 'example_short_circuit_decorator' retrieved from /home/airflow/.local/lib/python3.8/site-packages/airflow/example_dags/example_short_circuit_decorator.py
[2025-07-31T01:55:54.793+0000] {logging_mixin.py:188} INFO - [2025-07-31T01:55:54.793+0000] {dag.py:3036} INFO - Sync 1 DAGs
[2025-07-31T01:55:54.823+0000] {logging_mixin.py:188} INFO - [2025-07-31T01:55:54.823+0000] {dag.py:3823} INFO - Setting next_dagrun for example_short_circuit_decorator to 2025-07-30 00:00:00+00:00, run_after=2025-07-31 00:00:00+00:00
[2025-07-31T01:55:54.859+0000] {processor.py:183} INFO - Processing /home/airflow/.local/lib/python3.8/site-packages/airflow/example_dags/example_short_circuit_decorator.py took 0.134 seconds
[2025-07-31T01:56:25.100+0000] {processor.py:161} INFO - Started process (PID=931) to work on /home/airflow/.local/lib/python3.8/site-packages/airflow/example_dags/example_short_circuit_decorator.py
[2025-07-31T01:56:25.106+0000] {processor.py:830} INFO - Processing file /home/airflow/.local/lib/python3.8/site-packages/airflow/example_dags/example_short_circuit_decorator.py for tasks to queue
[2025-07-31T01:56:25.111+0000] {logging_mixin.py:188} INFO - [2025-07-31T01:56:25.110+0000] {dagbag.py:538} INFO - Filling up the DagBag from /home/airflow/.local/lib/python3.8/site-packages/airflow/example_dags/example_short_circuit_decorator.py
[2025-07-31T01:56:25.133+0000] {processor.py:840} INFO - DAG(s) 'example_short_circuit_decorator' retrieved from /home/airflow/.local/lib/python3.8/site-packages/airflow/example_dags/example_short_circuit_decorator.py
[2025-07-31T01:56:25.196+0000] {logging_mixin.py:188} INFO - [2025-07-31T01:56:25.196+0000] {dag.py:3036} INFO - Sync 1 DAGs
[2025-07-31T01:56:25.257+0000] {logging_mixin.py:188} INFO - [2025-07-31T01:56:25.257+0000] {dag.py:3823} INFO - Setting next_dagrun for example_short_circuit_decorator to 2025-07-30 00:00:00+00:00, run_after=2025-07-31 00:00:00+00:00
[2025-07-31T01:56:25.331+0000] {processor.py:183} INFO - Processing /home/airflow/.local/lib/python3.8/site-packages/airflow/example_dags/example_short_circuit_decorator.py took 0.246 seconds
