[2025-07-31T01:40:57.764+0000] {processor.py:161} INFO - Started process (PID=93) to work on /home/airflow/.local/lib/python3.8/site-packages/airflow/example_dags/example_subdag_operator.py
[2025-07-31T01:40:57.773+0000] {processor.py:830} INFO - Processing file /home/airflow/.local/lib/python3.8/site-packages/airflow/example_dags/example_subdag_operator.py for tasks to queue
[2025-07-31T01:40:57.781+0000] {logging_mixin.py:188} INFO - [2025-07-31T01:40:57.781+0000] {dagbag.py:538} INFO - Filling up the DagBag from /home/airflow/.local/lib/python3.8/site-packages/airflow/example_dags/example_subdag_operator.py
[2025-07-31T01:40:57.834+0000] {processor.py:840} INFO - DAG(s) 'example_subdag_operator.section-1', 'example_subdag_operator.section-2', 'example_subdag_operator' retrieved from /home/airflow/.local/lib/python3.8/site-packages/airflow/example_dags/example_subdag_operator.py
[2025-07-31T01:40:58.058+0000] {logging_mixin.py:188} INFO - [2025-07-31T01:40:58.057+0000] {dag.py:3036} INFO - Sync 3 DAGs
[2025-07-31T01:40:58.120+0000] {logging_mixin.py:188} INFO - [2025-07-31T01:40:58.119+0000] {dag.py:3823} INFO - Setting next_dagrun for example_subdag_operator to 2022-01-01 00:00:00+00:00, run_after=2022-01-01 00:00:00+00:00
[2025-07-31T01:40:58.135+0000] {logging_mixin.py:188} INFO - [2025-07-31T01:40:58.135+0000] {dag.py:3823} INFO - Setting next_dagrun for example_subdag_operator.section-1 to None, run_after=None
[2025-07-31T01:40:58.140+0000] {logging_mixin.py:188} INFO - [2025-07-31T01:40:58.140+0000] {dag.py:3823} INFO - Setting next_dagrun for example_subdag_operator.section-2 to None, run_after=None
[2025-07-31T01:40:58.162+0000] {logging_mixin.py:188} INFO - [2025-07-31T01:40:58.160+0000] {dag.py:3036} INFO - Sync 2 DAGs
[2025-07-31T01:40:58.177+0000] {logging_mixin.py:188} INFO - [2025-07-31T01:40:58.177+0000] {dag.py:3823} INFO - Setting next_dagrun for example_subdag_operator.section-1 to None, run_after=None
[2025-07-31T01:40:58.181+0000] {logging_mixin.py:188} INFO - [2025-07-31T01:40:58.181+0000] {dag.py:3823} INFO - Setting next_dagrun for example_subdag_operator.section-2 to None, run_after=None
[2025-07-31T01:40:58.207+0000] {processor.py:183} INFO - Processing /home/airflow/.local/lib/python3.8/site-packages/airflow/example_dags/example_subdag_operator.py took 0.455 seconds
[2025-07-31T01:41:28.755+0000] {processor.py:161} INFO - Started process (PID=148) to work on /home/airflow/.local/lib/python3.8/site-packages/airflow/example_dags/example_subdag_operator.py
[2025-07-31T01:41:28.757+0000] {processor.py:830} INFO - Processing file /home/airflow/.local/lib/python3.8/site-packages/airflow/example_dags/example_subdag_operator.py for tasks to queue
[2025-07-31T01:41:28.767+0000] {logging_mixin.py:188} INFO - [2025-07-31T01:41:28.766+0000] {dagbag.py:538} INFO - Filling up the DagBag from /home/airflow/.local/lib/python3.8/site-packages/airflow/example_dags/example_subdag_operator.py
[2025-07-31T01:41:28.821+0000] {processor.py:840} INFO - DAG(s) 'example_subdag_operator.section-1', 'example_subdag_operator.section-2', 'example_subdag_operator' retrieved from /home/airflow/.local/lib/python3.8/site-packages/airflow/example_dags/example_subdag_operator.py
[2025-07-31T01:41:28.853+0000] {logging_mixin.py:188} INFO - [2025-07-31T01:41:28.852+0000] {dag.py:3036} INFO - Sync 3 DAGs
[2025-07-31T01:41:28.905+0000] {logging_mixin.py:188} INFO - [2025-07-31T01:41:28.904+0000] {dag.py:3823} INFO - Setting next_dagrun for example_subdag_operator to 2022-01-01 00:00:00+00:00, run_after=2022-01-01 00:00:00+00:00
[2025-07-31T01:41:28.914+0000] {logging_mixin.py:188} INFO - [2025-07-31T01:41:28.913+0000] {dag.py:3823} INFO - Setting next_dagrun for example_subdag_operator.section-1 to None, run_after=None
[2025-07-31T01:41:28.917+0000] {logging_mixin.py:188} INFO - [2025-07-31T01:41:28.916+0000] {dag.py:3823} INFO - Setting next_dagrun for example_subdag_operator.section-2 to None, run_after=None
[2025-07-31T01:41:28.932+0000] {logging_mixin.py:188} INFO - [2025-07-31T01:41:28.931+0000] {dag.py:3036} INFO - Sync 2 DAGs
[2025-07-31T01:41:28.944+0000] {logging_mixin.py:188} INFO - [2025-07-31T01:41:28.943+0000] {dag.py:3823} INFO - Setting next_dagrun for example_subdag_operator.section-1 to None, run_after=None
[2025-07-31T01:41:28.947+0000] {logging_mixin.py:188} INFO - [2025-07-31T01:41:28.946+0000] {dag.py:3823} INFO - Setting next_dagrun for example_subdag_operator.section-2 to None, run_after=None
[2025-07-31T01:41:28.976+0000] {processor.py:183} INFO - Processing /home/airflow/.local/lib/python3.8/site-packages/airflow/example_dags/example_subdag_operator.py took 0.228 seconds
[2025-07-31T01:41:59.864+0000] {processor.py:161} INFO - Started process (PID=203) to work on /home/airflow/.local/lib/python3.8/site-packages/airflow/example_dags/example_subdag_operator.py
[2025-07-31T01:41:59.866+0000] {processor.py:830} INFO - Processing file /home/airflow/.local/lib/python3.8/site-packages/airflow/example_dags/example_subdag_operator.py for tasks to queue
[2025-07-31T01:41:59.870+0000] {logging_mixin.py:188} INFO - [2025-07-31T01:41:59.870+0000] {dagbag.py:538} INFO - Filling up the DagBag from /home/airflow/.local/lib/python3.8/site-packages/airflow/example_dags/example_subdag_operator.py
[2025-07-31T01:41:59.920+0000] {processor.py:840} INFO - DAG(s) 'example_subdag_operator.section-1', 'example_subdag_operator.section-2', 'example_subdag_operator' retrieved from /home/airflow/.local/lib/python3.8/site-packages/airflow/example_dags/example_subdag_operator.py
[2025-07-31T01:41:59.948+0000] {logging_mixin.py:188} INFO - [2025-07-31T01:41:59.948+0000] {dag.py:3036} INFO - Sync 3 DAGs
[2025-07-31T01:42:00.045+0000] {logging_mixin.py:188} INFO - [2025-07-31T01:42:00.045+0000] {dag.py:3823} INFO - Setting next_dagrun for example_subdag_operator to 2022-01-01 00:00:00+00:00, run_after=2022-01-01 00:00:00+00:00
[2025-07-31T01:42:00.104+0000] {logging_mixin.py:188} INFO - [2025-07-31T01:42:00.104+0000] {dag.py:3823} INFO - Setting next_dagrun for example_subdag_operator.section-1 to None, run_after=None
[2025-07-31T01:42:00.128+0000] {logging_mixin.py:188} INFO - [2025-07-31T01:42:00.123+0000] {dag.py:3823} INFO - Setting next_dagrun for example_subdag_operator.section-2 to None, run_after=None
[2025-07-31T01:42:00.157+0000] {logging_mixin.py:188} INFO - [2025-07-31T01:42:00.156+0000] {dag.py:3036} INFO - Sync 2 DAGs
[2025-07-31T01:42:00.172+0000] {logging_mixin.py:188} INFO - [2025-07-31T01:42:00.172+0000] {dag.py:3823} INFO - Setting next_dagrun for example_subdag_operator.section-1 to None, run_after=None
[2025-07-31T01:42:00.174+0000] {logging_mixin.py:188} INFO - [2025-07-31T01:42:00.173+0000] {dag.py:3823} INFO - Setting next_dagrun for example_subdag_operator.section-2 to None, run_after=None
[2025-07-31T01:42:00.201+0000] {processor.py:183} INFO - Processing /home/airflow/.local/lib/python3.8/site-packages/airflow/example_dags/example_subdag_operator.py took 0.345 seconds
[2025-07-31T01:42:30.406+0000] {processor.py:161} INFO - Started process (PID=258) to work on /home/airflow/.local/lib/python3.8/site-packages/airflow/example_dags/example_subdag_operator.py
[2025-07-31T01:42:30.407+0000] {processor.py:830} INFO - Processing file /home/airflow/.local/lib/python3.8/site-packages/airflow/example_dags/example_subdag_operator.py for tasks to queue
[2025-07-31T01:42:30.410+0000] {logging_mixin.py:188} INFO - [2025-07-31T01:42:30.410+0000] {dagbag.py:538} INFO - Filling up the DagBag from /home/airflow/.local/lib/python3.8/site-packages/airflow/example_dags/example_subdag_operator.py
[2025-07-31T01:42:30.455+0000] {processor.py:840} INFO - DAG(s) 'example_subdag_operator.section-1', 'example_subdag_operator.section-2', 'example_subdag_operator' retrieved from /home/airflow/.local/lib/python3.8/site-packages/airflow/example_dags/example_subdag_operator.py
[2025-07-31T01:42:30.474+0000] {logging_mixin.py:188} INFO - [2025-07-31T01:42:30.474+0000] {dag.py:3036} INFO - Sync 3 DAGs
[2025-07-31T01:42:30.499+0000] {logging_mixin.py:188} INFO - [2025-07-31T01:42:30.498+0000] {dag.py:3823} INFO - Setting next_dagrun for example_subdag_operator to 2022-01-01 00:00:00+00:00, run_after=2022-01-01 00:00:00+00:00
[2025-07-31T01:42:30.504+0000] {logging_mixin.py:188} INFO - [2025-07-31T01:42:30.503+0000] {dag.py:3823} INFO - Setting next_dagrun for example_subdag_operator.section-1 to None, run_after=None
[2025-07-31T01:42:30.506+0000] {logging_mixin.py:188} INFO - [2025-07-31T01:42:30.505+0000] {dag.py:3823} INFO - Setting next_dagrun for example_subdag_operator.section-2 to None, run_after=None
[2025-07-31T01:42:30.514+0000] {logging_mixin.py:188} INFO - [2025-07-31T01:42:30.513+0000] {dag.py:3036} INFO - Sync 2 DAGs
[2025-07-31T01:42:30.520+0000] {logging_mixin.py:188} INFO - [2025-07-31T01:42:30.519+0000] {dag.py:3823} INFO - Setting next_dagrun for example_subdag_operator.section-1 to None, run_after=None
[2025-07-31T01:42:30.520+0000] {logging_mixin.py:188} INFO - [2025-07-31T01:42:30.520+0000] {dag.py:3823} INFO - Setting next_dagrun for example_subdag_operator.section-2 to None, run_after=None
[2025-07-31T01:42:30.536+0000] {processor.py:183} INFO - Processing /home/airflow/.local/lib/python3.8/site-packages/airflow/example_dags/example_subdag_operator.py took 0.138 seconds
[2025-07-31T01:43:00.890+0000] {processor.py:161} INFO - Started process (PID=313) to work on /home/airflow/.local/lib/python3.8/site-packages/airflow/example_dags/example_subdag_operator.py
[2025-07-31T01:43:00.892+0000] {processor.py:830} INFO - Processing file /home/airflow/.local/lib/python3.8/site-packages/airflow/example_dags/example_subdag_operator.py for tasks to queue
[2025-07-31T01:43:00.895+0000] {logging_mixin.py:188} INFO - [2025-07-31T01:43:00.894+0000] {dagbag.py:538} INFO - Filling up the DagBag from /home/airflow/.local/lib/python3.8/site-packages/airflow/example_dags/example_subdag_operator.py
[2025-07-31T01:43:00.962+0000] {processor.py:840} INFO - DAG(s) 'example_subdag_operator.section-1', 'example_subdag_operator.section-2', 'example_subdag_operator' retrieved from /home/airflow/.local/lib/python3.8/site-packages/airflow/example_dags/example_subdag_operator.py
[2025-07-31T01:43:01.006+0000] {logging_mixin.py:188} INFO - [2025-07-31T01:43:01.006+0000] {dag.py:3036} INFO - Sync 3 DAGs
[2025-07-31T01:43:01.079+0000] {logging_mixin.py:188} INFO - [2025-07-31T01:43:01.078+0000] {dag.py:3823} INFO - Setting next_dagrun for example_subdag_operator to 2022-01-01 00:00:00+00:00, run_after=2022-01-01 00:00:00+00:00
[2025-07-31T01:43:01.099+0000] {logging_mixin.py:188} INFO - [2025-07-31T01:43:01.098+0000] {dag.py:3823} INFO - Setting next_dagrun for example_subdag_operator.section-1 to None, run_after=None
[2025-07-31T01:43:01.109+0000] {logging_mixin.py:188} INFO - [2025-07-31T01:43:01.108+0000] {dag.py:3823} INFO - Setting next_dagrun for example_subdag_operator.section-2 to None, run_after=None
[2025-07-31T01:43:01.121+0000] {logging_mixin.py:188} INFO - [2025-07-31T01:43:01.121+0000] {dag.py:3036} INFO - Sync 2 DAGs
[2025-07-31T01:43:01.129+0000] {logging_mixin.py:188} INFO - [2025-07-31T01:43:01.129+0000] {dag.py:3823} INFO - Setting next_dagrun for example_subdag_operator.section-1 to None, run_after=None
[2025-07-31T01:43:01.130+0000] {logging_mixin.py:188} INFO - [2025-07-31T01:43:01.130+0000] {dag.py:3823} INFO - Setting next_dagrun for example_subdag_operator.section-2 to None, run_after=None
[2025-07-31T01:43:01.156+0000] {processor.py:183} INFO - Processing /home/airflow/.local/lib/python3.8/site-packages/airflow/example_dags/example_subdag_operator.py took 0.275 seconds
[2025-07-31T01:43:31.789+0000] {processor.py:161} INFO - Started process (PID=368) to work on /home/airflow/.local/lib/python3.8/site-packages/airflow/example_dags/example_subdag_operator.py
[2025-07-31T01:43:31.802+0000] {processor.py:830} INFO - Processing file /home/airflow/.local/lib/python3.8/site-packages/airflow/example_dags/example_subdag_operator.py for tasks to queue
[2025-07-31T01:43:31.808+0000] {logging_mixin.py:188} INFO - [2025-07-31T01:43:31.808+0000] {dagbag.py:538} INFO - Filling up the DagBag from /home/airflow/.local/lib/python3.8/site-packages/airflow/example_dags/example_subdag_operator.py
[2025-07-31T01:43:31.906+0000] {processor.py:840} INFO - DAG(s) 'example_subdag_operator.section-1', 'example_subdag_operator.section-2', 'example_subdag_operator' retrieved from /home/airflow/.local/lib/python3.8/site-packages/airflow/example_dags/example_subdag_operator.py
[2025-07-31T01:43:31.946+0000] {logging_mixin.py:188} INFO - [2025-07-31T01:43:31.945+0000] {dag.py:3036} INFO - Sync 3 DAGs
[2025-07-31T01:43:32.012+0000] {logging_mixin.py:188} INFO - [2025-07-31T01:43:32.012+0000] {dag.py:3823} INFO - Setting next_dagrun for example_subdag_operator to 2022-01-01 00:00:00+00:00, run_after=2022-01-01 00:00:00+00:00
[2025-07-31T01:43:32.023+0000] {logging_mixin.py:188} INFO - [2025-07-31T01:43:32.023+0000] {dag.py:3823} INFO - Setting next_dagrun for example_subdag_operator.section-1 to None, run_after=None
[2025-07-31T01:43:32.030+0000] {logging_mixin.py:188} INFO - [2025-07-31T01:43:32.029+0000] {dag.py:3823} INFO - Setting next_dagrun for example_subdag_operator.section-2 to None, run_after=None
[2025-07-31T01:43:32.049+0000] {logging_mixin.py:188} INFO - [2025-07-31T01:43:32.049+0000] {dag.py:3036} INFO - Sync 2 DAGs
[2025-07-31T01:43:32.076+0000] {logging_mixin.py:188} INFO - [2025-07-31T01:43:32.076+0000] {dag.py:3823} INFO - Setting next_dagrun for example_subdag_operator.section-1 to None, run_after=None
[2025-07-31T01:43:32.079+0000] {logging_mixin.py:188} INFO - [2025-07-31T01:43:32.079+0000] {dag.py:3823} INFO - Setting next_dagrun for example_subdag_operator.section-2 to None, run_after=None
[2025-07-31T01:43:32.128+0000] {processor.py:183} INFO - Processing /home/airflow/.local/lib/python3.8/site-packages/airflow/example_dags/example_subdag_operator.py took 0.357 seconds
[2025-07-31T01:44:03.075+0000] {processor.py:161} INFO - Started process (PID=423) to work on /home/airflow/.local/lib/python3.8/site-packages/airflow/example_dags/example_subdag_operator.py
[2025-07-31T01:44:03.133+0000] {processor.py:830} INFO - Processing file /home/airflow/.local/lib/python3.8/site-packages/airflow/example_dags/example_subdag_operator.py for tasks to queue
[2025-07-31T01:44:03.137+0000] {logging_mixin.py:188} INFO - [2025-07-31T01:44:03.136+0000] {dagbag.py:538} INFO - Filling up the DagBag from /home/airflow/.local/lib/python3.8/site-packages/airflow/example_dags/example_subdag_operator.py
[2025-07-31T01:44:03.314+0000] {processor.py:840} INFO - DAG(s) 'example_subdag_operator.section-1', 'example_subdag_operator.section-2', 'example_subdag_operator' retrieved from /home/airflow/.local/lib/python3.8/site-packages/airflow/example_dags/example_subdag_operator.py
[2025-07-31T01:44:03.397+0000] {logging_mixin.py:188} INFO - [2025-07-31T01:44:03.396+0000] {dag.py:3036} INFO - Sync 3 DAGs
[2025-07-31T01:44:03.530+0000] {logging_mixin.py:188} INFO - [2025-07-31T01:44:03.530+0000] {dag.py:3823} INFO - Setting next_dagrun for example_subdag_operator to 2022-01-01 00:00:00+00:00, run_after=2022-01-01 00:00:00+00:00
[2025-07-31T01:44:03.562+0000] {logging_mixin.py:188} INFO - [2025-07-31T01:44:03.561+0000] {dag.py:3823} INFO - Setting next_dagrun for example_subdag_operator.section-1 to None, run_after=None
[2025-07-31T01:44:03.575+0000] {logging_mixin.py:188} INFO - [2025-07-31T01:44:03.574+0000] {dag.py:3823} INFO - Setting next_dagrun for example_subdag_operator.section-2 to None, run_after=None
[2025-07-31T01:44:03.596+0000] {logging_mixin.py:188} INFO - [2025-07-31T01:44:03.595+0000] {dag.py:3036} INFO - Sync 2 DAGs
[2025-07-31T01:44:03.617+0000] {logging_mixin.py:188} INFO - [2025-07-31T01:44:03.617+0000] {dag.py:3823} INFO - Setting next_dagrun for example_subdag_operator.section-1 to None, run_after=None
[2025-07-31T01:44:03.618+0000] {logging_mixin.py:188} INFO - [2025-07-31T01:44:03.618+0000] {dag.py:3823} INFO - Setting next_dagrun for example_subdag_operator.section-2 to None, run_after=None
[2025-07-31T01:44:03.685+0000] {processor.py:183} INFO - Processing /home/airflow/.local/lib/python3.8/site-packages/airflow/example_dags/example_subdag_operator.py took 0.617 seconds
[2025-07-31T01:44:34.620+0000] {processor.py:161} INFO - Started process (PID=478) to work on /home/airflow/.local/lib/python3.8/site-packages/airflow/example_dags/example_subdag_operator.py
[2025-07-31T01:44:34.636+0000] {processor.py:830} INFO - Processing file /home/airflow/.local/lib/python3.8/site-packages/airflow/example_dags/example_subdag_operator.py for tasks to queue
[2025-07-31T01:44:34.657+0000] {logging_mixin.py:188} INFO - [2025-07-31T01:44:34.657+0000] {dagbag.py:538} INFO - Filling up the DagBag from /home/airflow/.local/lib/python3.8/site-packages/airflow/example_dags/example_subdag_operator.py
[2025-07-31T01:44:34.781+0000] {processor.py:840} INFO - DAG(s) 'example_subdag_operator.section-1', 'example_subdag_operator.section-2', 'example_subdag_operator' retrieved from /home/airflow/.local/lib/python3.8/site-packages/airflow/example_dags/example_subdag_operator.py
[2025-07-31T01:44:34.892+0000] {logging_mixin.py:188} INFO - [2025-07-31T01:44:34.891+0000] {dag.py:3036} INFO - Sync 3 DAGs
[2025-07-31T01:44:35.038+0000] {logging_mixin.py:188} INFO - [2025-07-31T01:44:35.027+0000] {dag.py:3823} INFO - Setting next_dagrun for example_subdag_operator to 2022-01-01 00:00:00+00:00, run_after=2022-01-01 00:00:00+00:00
[2025-07-31T01:44:35.057+0000] {logging_mixin.py:188} INFO - [2025-07-31T01:44:35.057+0000] {dag.py:3823} INFO - Setting next_dagrun for example_subdag_operator.section-1 to None, run_after=None
[2025-07-31T01:44:35.071+0000] {logging_mixin.py:188} INFO - [2025-07-31T01:44:35.071+0000] {dag.py:3823} INFO - Setting next_dagrun for example_subdag_operator.section-2 to None, run_after=None
[2025-07-31T01:44:35.107+0000] {logging_mixin.py:188} INFO - [2025-07-31T01:44:35.106+0000] {dag.py:3036} INFO - Sync 2 DAGs
[2025-07-31T01:44:35.142+0000] {logging_mixin.py:188} INFO - [2025-07-31T01:44:35.142+0000] {dag.py:3823} INFO - Setting next_dagrun for example_subdag_operator.section-1 to None, run_after=None
[2025-07-31T01:44:35.151+0000] {logging_mixin.py:188} INFO - [2025-07-31T01:44:35.150+0000] {dag.py:3823} INFO - Setting next_dagrun for example_subdag_operator.section-2 to None, run_after=None
[2025-07-31T01:44:35.208+0000] {processor.py:183} INFO - Processing /home/airflow/.local/lib/python3.8/site-packages/airflow/example_dags/example_subdag_operator.py took 0.598 seconds
[2025-07-31T01:45:05.596+0000] {processor.py:161} INFO - Started process (PID=539) to work on /home/airflow/.local/lib/python3.8/site-packages/airflow/example_dags/example_subdag_operator.py
[2025-07-31T01:45:05.599+0000] {processor.py:830} INFO - Processing file /home/airflow/.local/lib/python3.8/site-packages/airflow/example_dags/example_subdag_operator.py for tasks to queue
[2025-07-31T01:45:05.613+0000] {logging_mixin.py:188} INFO - [2025-07-31T01:45:05.612+0000] {dagbag.py:538} INFO - Filling up the DagBag from /home/airflow/.local/lib/python3.8/site-packages/airflow/example_dags/example_subdag_operator.py
[2025-07-31T01:45:05.704+0000] {processor.py:840} INFO - DAG(s) 'example_subdag_operator.section-1', 'example_subdag_operator.section-2', 'example_subdag_operator' retrieved from /home/airflow/.local/lib/python3.8/site-packages/airflow/example_dags/example_subdag_operator.py
[2025-07-31T01:45:05.798+0000] {logging_mixin.py:188} INFO - [2025-07-31T01:45:05.798+0000] {dag.py:3036} INFO - Sync 3 DAGs
[2025-07-31T01:45:05.880+0000] {logging_mixin.py:188} INFO - [2025-07-31T01:45:05.879+0000] {dag.py:3823} INFO - Setting next_dagrun for example_subdag_operator to 2022-01-01 00:00:00+00:00, run_after=2022-01-01 00:00:00+00:00
[2025-07-31T01:45:05.887+0000] {logging_mixin.py:188} INFO - [2025-07-31T01:45:05.886+0000] {dag.py:3823} INFO - Setting next_dagrun for example_subdag_operator.section-1 to None, run_after=None
[2025-07-31T01:45:05.890+0000] {logging_mixin.py:188} INFO - [2025-07-31T01:45:05.889+0000] {dag.py:3823} INFO - Setting next_dagrun for example_subdag_operator.section-2 to None, run_after=None
[2025-07-31T01:45:05.903+0000] {logging_mixin.py:188} INFO - [2025-07-31T01:45:05.902+0000] {dag.py:3036} INFO - Sync 2 DAGs
[2025-07-31T01:45:05.913+0000] {logging_mixin.py:188} INFO - [2025-07-31T01:45:05.913+0000] {dag.py:3823} INFO - Setting next_dagrun for example_subdag_operator.section-1 to None, run_after=None
[2025-07-31T01:45:05.914+0000] {logging_mixin.py:188} INFO - [2025-07-31T01:45:05.914+0000] {dag.py:3823} INFO - Setting next_dagrun for example_subdag_operator.section-2 to None, run_after=None
[2025-07-31T01:45:05.936+0000] {processor.py:183} INFO - Processing /home/airflow/.local/lib/python3.8/site-packages/airflow/example_dags/example_subdag_operator.py took 0.358 seconds
[2025-07-31T01:45:36.174+0000] {processor.py:161} INFO - Started process (PID=593) to work on /home/airflow/.local/lib/python3.8/site-packages/airflow/example_dags/example_subdag_operator.py
[2025-07-31T01:45:36.177+0000] {processor.py:830} INFO - Processing file /home/airflow/.local/lib/python3.8/site-packages/airflow/example_dags/example_subdag_operator.py for tasks to queue
[2025-07-31T01:45:36.190+0000] {logging_mixin.py:188} INFO - [2025-07-31T01:45:36.189+0000] {dagbag.py:538} INFO - Filling up the DagBag from /home/airflow/.local/lib/python3.8/site-packages/airflow/example_dags/example_subdag_operator.py
[2025-07-31T01:45:36.280+0000] {processor.py:840} INFO - DAG(s) 'example_subdag_operator.section-1', 'example_subdag_operator.section-2', 'example_subdag_operator' retrieved from /home/airflow/.local/lib/python3.8/site-packages/airflow/example_dags/example_subdag_operator.py
[2025-07-31T01:45:36.331+0000] {logging_mixin.py:188} INFO - [2025-07-31T01:45:36.331+0000] {dag.py:3036} INFO - Sync 3 DAGs
[2025-07-31T01:45:36.373+0000] {logging_mixin.py:188} INFO - [2025-07-31T01:45:36.373+0000] {dag.py:3823} INFO - Setting next_dagrun for example_subdag_operator to 2022-01-01 00:00:00+00:00, run_after=2022-01-01 00:00:00+00:00
[2025-07-31T01:45:36.381+0000] {logging_mixin.py:188} INFO - [2025-07-31T01:45:36.380+0000] {dag.py:3823} INFO - Setting next_dagrun for example_subdag_operator.section-1 to None, run_after=None
[2025-07-31T01:45:36.389+0000] {logging_mixin.py:188} INFO - [2025-07-31T01:45:36.388+0000] {dag.py:3823} INFO - Setting next_dagrun for example_subdag_operator.section-2 to None, run_after=None
[2025-07-31T01:45:36.402+0000] {logging_mixin.py:188} INFO - [2025-07-31T01:45:36.402+0000] {dag.py:3036} INFO - Sync 2 DAGs
[2025-07-31T01:45:36.414+0000] {logging_mixin.py:188} INFO - [2025-07-31T01:45:36.414+0000] {dag.py:3823} INFO - Setting next_dagrun for example_subdag_operator.section-1 to None, run_after=None
[2025-07-31T01:45:36.416+0000] {logging_mixin.py:188} INFO - [2025-07-31T01:45:36.415+0000] {dag.py:3823} INFO - Setting next_dagrun for example_subdag_operator.section-2 to None, run_after=None
[2025-07-31T01:45:36.448+0000] {processor.py:183} INFO - Processing /home/airflow/.local/lib/python3.8/site-packages/airflow/example_dags/example_subdag_operator.py took 0.283 seconds
[2025-07-31T01:46:06.620+0000] {processor.py:161} INFO - Started process (PID=649) to work on /home/airflow/.local/lib/python3.8/site-packages/airflow/example_dags/example_subdag_operator.py
[2025-07-31T01:46:06.622+0000] {processor.py:830} INFO - Processing file /home/airflow/.local/lib/python3.8/site-packages/airflow/example_dags/example_subdag_operator.py for tasks to queue
[2025-07-31T01:46:06.626+0000] {logging_mixin.py:188} INFO - [2025-07-31T01:46:06.625+0000] {dagbag.py:538} INFO - Filling up the DagBag from /home/airflow/.local/lib/python3.8/site-packages/airflow/example_dags/example_subdag_operator.py
[2025-07-31T01:46:06.667+0000] {processor.py:840} INFO - DAG(s) 'example_subdag_operator.section-1', 'example_subdag_operator.section-2', 'example_subdag_operator' retrieved from /home/airflow/.local/lib/python3.8/site-packages/airflow/example_dags/example_subdag_operator.py
[2025-07-31T01:46:06.689+0000] {logging_mixin.py:188} INFO - [2025-07-31T01:46:06.689+0000] {dag.py:3036} INFO - Sync 3 DAGs
[2025-07-31T01:46:06.718+0000] {logging_mixin.py:188} INFO - [2025-07-31T01:46:06.718+0000] {dag.py:3823} INFO - Setting next_dagrun for example_subdag_operator to 2022-01-01 00:00:00+00:00, run_after=2022-01-01 00:00:00+00:00
[2025-07-31T01:46:06.722+0000] {logging_mixin.py:188} INFO - [2025-07-31T01:46:06.722+0000] {dag.py:3823} INFO - Setting next_dagrun for example_subdag_operator.section-1 to None, run_after=None
[2025-07-31T01:46:06.724+0000] {logging_mixin.py:188} INFO - [2025-07-31T01:46:06.724+0000] {dag.py:3823} INFO - Setting next_dagrun for example_subdag_operator.section-2 to None, run_after=None
[2025-07-31T01:46:06.734+0000] {logging_mixin.py:188} INFO - [2025-07-31T01:46:06.734+0000] {dag.py:3036} INFO - Sync 2 DAGs
[2025-07-31T01:46:06.741+0000] {logging_mixin.py:188} INFO - [2025-07-31T01:46:06.740+0000] {dag.py:3823} INFO - Setting next_dagrun for example_subdag_operator.section-1 to None, run_after=None
[2025-07-31T01:46:06.742+0000] {logging_mixin.py:188} INFO - [2025-07-31T01:46:06.741+0000] {dag.py:3823} INFO - Setting next_dagrun for example_subdag_operator.section-2 to None, run_after=None
[2025-07-31T01:46:06.759+0000] {processor.py:183} INFO - Processing /home/airflow/.local/lib/python3.8/site-packages/airflow/example_dags/example_subdag_operator.py took 0.145 seconds
[2025-07-31T01:46:36.983+0000] {processor.py:161} INFO - Started process (PID=705) to work on /home/airflow/.local/lib/python3.8/site-packages/airflow/example_dags/example_subdag_operator.py
[2025-07-31T01:46:36.985+0000] {processor.py:830} INFO - Processing file /home/airflow/.local/lib/python3.8/site-packages/airflow/example_dags/example_subdag_operator.py for tasks to queue
[2025-07-31T01:46:36.988+0000] {logging_mixin.py:188} INFO - [2025-07-31T01:46:36.987+0000] {dagbag.py:538} INFO - Filling up the DagBag from /home/airflow/.local/lib/python3.8/site-packages/airflow/example_dags/example_subdag_operator.py
[2025-07-31T01:46:37.024+0000] {processor.py:840} INFO - DAG(s) 'example_subdag_operator.section-1', 'example_subdag_operator.section-2', 'example_subdag_operator' retrieved from /home/airflow/.local/lib/python3.8/site-packages/airflow/example_dags/example_subdag_operator.py
[2025-07-31T01:46:37.050+0000] {logging_mixin.py:188} INFO - [2025-07-31T01:46:37.049+0000] {dag.py:3036} INFO - Sync 3 DAGs
[2025-07-31T01:46:37.076+0000] {logging_mixin.py:188} INFO - [2025-07-31T01:46:37.075+0000] {dag.py:3823} INFO - Setting next_dagrun for example_subdag_operator to 2022-01-01 00:00:00+00:00, run_after=2022-01-01 00:00:00+00:00
[2025-07-31T01:46:37.080+0000] {logging_mixin.py:188} INFO - [2025-07-31T01:46:37.080+0000] {dag.py:3823} INFO - Setting next_dagrun for example_subdag_operator.section-1 to None, run_after=None
[2025-07-31T01:46:37.082+0000] {logging_mixin.py:188} INFO - [2025-07-31T01:46:37.082+0000] {dag.py:3823} INFO - Setting next_dagrun for example_subdag_operator.section-2 to None, run_after=None
[2025-07-31T01:46:37.093+0000] {logging_mixin.py:188} INFO - [2025-07-31T01:46:37.093+0000] {dag.py:3036} INFO - Sync 2 DAGs
[2025-07-31T01:46:37.100+0000] {logging_mixin.py:188} INFO - [2025-07-31T01:46:37.100+0000] {dag.py:3823} INFO - Setting next_dagrun for example_subdag_operator.section-1 to None, run_after=None
[2025-07-31T01:46:37.101+0000] {logging_mixin.py:188} INFO - [2025-07-31T01:46:37.101+0000] {dag.py:3823} INFO - Setting next_dagrun for example_subdag_operator.section-2 to None, run_after=None
[2025-07-31T01:46:37.118+0000] {processor.py:183} INFO - Processing /home/airflow/.local/lib/python3.8/site-packages/airflow/example_dags/example_subdag_operator.py took 0.142 seconds
[2025-07-31T01:47:07.249+0000] {processor.py:161} INFO - Started process (PID=761) to work on /home/airflow/.local/lib/python3.8/site-packages/airflow/example_dags/example_subdag_operator.py
[2025-07-31T01:47:07.252+0000] {processor.py:830} INFO - Processing file /home/airflow/.local/lib/python3.8/site-packages/airflow/example_dags/example_subdag_operator.py for tasks to queue
[2025-07-31T01:47:07.255+0000] {logging_mixin.py:188} INFO - [2025-07-31T01:47:07.254+0000] {dagbag.py:538} INFO - Filling up the DagBag from /home/airflow/.local/lib/python3.8/site-packages/airflow/example_dags/example_subdag_operator.py
[2025-07-31T01:47:07.306+0000] {processor.py:840} INFO - DAG(s) 'example_subdag_operator.section-1', 'example_subdag_operator.section-2', 'example_subdag_operator' retrieved from /home/airflow/.local/lib/python3.8/site-packages/airflow/example_dags/example_subdag_operator.py
[2025-07-31T01:47:07.338+0000] {logging_mixin.py:188} INFO - [2025-07-31T01:47:07.337+0000] {dag.py:3036} INFO - Sync 3 DAGs
[2025-07-31T01:47:07.409+0000] {logging_mixin.py:188} INFO - [2025-07-31T01:47:07.408+0000] {dag.py:3823} INFO - Setting next_dagrun for example_subdag_operator to 2022-01-01 00:00:00+00:00, run_after=2022-01-01 00:00:00+00:00
[2025-07-31T01:47:07.424+0000] {logging_mixin.py:188} INFO - [2025-07-31T01:47:07.423+0000] {dag.py:3823} INFO - Setting next_dagrun for example_subdag_operator.section-1 to None, run_after=None
[2025-07-31T01:47:07.438+0000] {logging_mixin.py:188} INFO - [2025-07-31T01:47:07.438+0000] {dag.py:3823} INFO - Setting next_dagrun for example_subdag_operator.section-2 to None, run_after=None
[2025-07-31T01:47:07.486+0000] {logging_mixin.py:188} INFO - [2025-07-31T01:47:07.486+0000] {dag.py:3036} INFO - Sync 2 DAGs
[2025-07-31T01:47:07.507+0000] {logging_mixin.py:188} INFO - [2025-07-31T01:47:07.507+0000] {dag.py:3823} INFO - Setting next_dagrun for example_subdag_operator.section-1 to None, run_after=None
[2025-07-31T01:47:07.515+0000] {logging_mixin.py:188} INFO - [2025-07-31T01:47:07.512+0000] {dag.py:3823} INFO - Setting next_dagrun for example_subdag_operator.section-2 to None, run_after=None
[2025-07-31T01:47:07.564+0000] {processor.py:183} INFO - Processing /home/airflow/.local/lib/python3.8/site-packages/airflow/example_dags/example_subdag_operator.py took 0.326 seconds
[2025-07-31T01:47:37.755+0000] {processor.py:161} INFO - Started process (PID=818) to work on /home/airflow/.local/lib/python3.8/site-packages/airflow/example_dags/example_subdag_operator.py
[2025-07-31T01:47:37.757+0000] {processor.py:830} INFO - Processing file /home/airflow/.local/lib/python3.8/site-packages/airflow/example_dags/example_subdag_operator.py for tasks to queue
[2025-07-31T01:47:37.765+0000] {logging_mixin.py:188} INFO - [2025-07-31T01:47:37.764+0000] {dagbag.py:538} INFO - Filling up the DagBag from /home/airflow/.local/lib/python3.8/site-packages/airflow/example_dags/example_subdag_operator.py
[2025-07-31T01:47:37.914+0000] {processor.py:840} INFO - DAG(s) 'example_subdag_operator.section-1', 'example_subdag_operator.section-2', 'example_subdag_operator' retrieved from /home/airflow/.local/lib/python3.8/site-packages/airflow/example_dags/example_subdag_operator.py
[2025-07-31T01:47:37.956+0000] {logging_mixin.py:188} INFO - [2025-07-31T01:47:37.955+0000] {dag.py:3036} INFO - Sync 3 DAGs
[2025-07-31T01:47:37.996+0000] {logging_mixin.py:188} INFO - [2025-07-31T01:47:37.995+0000] {dag.py:3823} INFO - Setting next_dagrun for example_subdag_operator to 2022-01-01 00:00:00+00:00, run_after=2022-01-01 00:00:00+00:00
[2025-07-31T01:47:38.003+0000] {logging_mixin.py:188} INFO - [2025-07-31T01:47:38.003+0000] {dag.py:3823} INFO - Setting next_dagrun for example_subdag_operator.section-1 to None, run_after=None
[2025-07-31T01:47:38.006+0000] {logging_mixin.py:188} INFO - [2025-07-31T01:47:38.006+0000] {dag.py:3823} INFO - Setting next_dagrun for example_subdag_operator.section-2 to None, run_after=None
[2025-07-31T01:47:38.019+0000] {logging_mixin.py:188} INFO - [2025-07-31T01:47:38.019+0000] {dag.py:3036} INFO - Sync 2 DAGs
[2025-07-31T01:47:38.030+0000] {logging_mixin.py:188} INFO - [2025-07-31T01:47:38.030+0000] {dag.py:3823} INFO - Setting next_dagrun for example_subdag_operator.section-1 to None, run_after=None
[2025-07-31T01:47:38.031+0000] {logging_mixin.py:188} INFO - [2025-07-31T01:47:38.031+0000] {dag.py:3823} INFO - Setting next_dagrun for example_subdag_operator.section-2 to None, run_after=None
[2025-07-31T01:47:38.052+0000] {processor.py:183} INFO - Processing /home/airflow/.local/lib/python3.8/site-packages/airflow/example_dags/example_subdag_operator.py took 0.305 seconds
[2025-07-31T01:48:39.165+0000] {processor.py:161} INFO - Started process (PID=93) to work on /home/airflow/.local/lib/python3.8/site-packages/airflow/example_dags/example_subdag_operator.py
[2025-07-31T01:48:39.171+0000] {processor.py:830} INFO - Processing file /home/airflow/.local/lib/python3.8/site-packages/airflow/example_dags/example_subdag_operator.py for tasks to queue
[2025-07-31T01:48:39.191+0000] {logging_mixin.py:188} INFO - [2025-07-31T01:48:39.191+0000] {dagbag.py:538} INFO - Filling up the DagBag from /home/airflow/.local/lib/python3.8/site-packages/airflow/example_dags/example_subdag_operator.py
[2025-07-31T01:48:39.313+0000] {processor.py:840} INFO - DAG(s) 'example_subdag_operator.section-1', 'example_subdag_operator.section-2', 'example_subdag_operator' retrieved from /home/airflow/.local/lib/python3.8/site-packages/airflow/example_dags/example_subdag_operator.py
[2025-07-31T01:48:39.320+0000] {logging_mixin.py:188} INFO - [2025-07-31T01:48:39.320+0000] {dag.py:3036} INFO - Sync 3 DAGs
[2025-07-31T01:48:39.366+0000] {logging_mixin.py:188} INFO - [2025-07-31T01:48:39.366+0000] {dag.py:3823} INFO - Setting next_dagrun for example_subdag_operator to 2022-01-01 00:00:00+00:00, run_after=2022-01-01 00:00:00+00:00
[2025-07-31T01:48:39.374+0000] {logging_mixin.py:188} INFO - [2025-07-31T01:48:39.373+0000] {dag.py:3823} INFO - Setting next_dagrun for example_subdag_operator.section-1 to None, run_after=None
[2025-07-31T01:48:39.377+0000] {logging_mixin.py:188} INFO - [2025-07-31T01:48:39.376+0000] {dag.py:3823} INFO - Setting next_dagrun for example_subdag_operator.section-2 to None, run_after=None
[2025-07-31T01:48:39.395+0000] {logging_mixin.py:188} INFO - [2025-07-31T01:48:39.395+0000] {dag.py:3036} INFO - Sync 2 DAGs
[2025-07-31T01:48:39.406+0000] {logging_mixin.py:188} INFO - [2025-07-31T01:48:39.405+0000] {dag.py:3823} INFO - Setting next_dagrun for example_subdag_operator.section-1 to None, run_after=None
[2025-07-31T01:48:39.410+0000] {logging_mixin.py:188} INFO - [2025-07-31T01:48:39.410+0000] {dag.py:3823} INFO - Setting next_dagrun for example_subdag_operator.section-2 to None, run_after=None
[2025-07-31T01:48:39.433+0000] {processor.py:183} INFO - Processing /home/airflow/.local/lib/python3.8/site-packages/airflow/example_dags/example_subdag_operator.py took 0.294 seconds
[2025-07-31T01:49:14.227+0000] {processor.py:161} INFO - Started process (PID=149) to work on /home/airflow/.local/lib/python3.8/site-packages/airflow/example_dags/example_subdag_operator.py
[2025-07-31T01:49:14.229+0000] {processor.py:830} INFO - Processing file /home/airflow/.local/lib/python3.8/site-packages/airflow/example_dags/example_subdag_operator.py for tasks to queue
[2025-07-31T01:49:14.233+0000] {logging_mixin.py:188} INFO - [2025-07-31T01:49:14.232+0000] {dagbag.py:538} INFO - Filling up the DagBag from /home/airflow/.local/lib/python3.8/site-packages/airflow/example_dags/example_subdag_operator.py
[2025-07-31T01:49:14.274+0000] {processor.py:840} INFO - DAG(s) 'example_subdag_operator.section-1', 'example_subdag_operator.section-2', 'example_subdag_operator' retrieved from /home/airflow/.local/lib/python3.8/site-packages/airflow/example_dags/example_subdag_operator.py
[2025-07-31T01:49:14.451+0000] {logging_mixin.py:188} INFO - [2025-07-31T01:49:14.450+0000] {dag.py:3036} INFO - Sync 3 DAGs
[2025-07-31T01:49:14.480+0000] {logging_mixin.py:188} INFO - [2025-07-31T01:49:14.479+0000] {dag.py:3823} INFO - Setting next_dagrun for example_subdag_operator to 2022-01-01 00:00:00+00:00, run_after=2022-01-01 00:00:00+00:00
[2025-07-31T01:49:14.484+0000] {logging_mixin.py:188} INFO - [2025-07-31T01:49:14.484+0000] {dag.py:3823} INFO - Setting next_dagrun for example_subdag_operator.section-1 to None, run_after=None
[2025-07-31T01:49:14.488+0000] {logging_mixin.py:188} INFO - [2025-07-31T01:49:14.487+0000] {dag.py:3823} INFO - Setting next_dagrun for example_subdag_operator.section-2 to None, run_after=None
[2025-07-31T01:49:14.503+0000] {logging_mixin.py:188} INFO - [2025-07-31T01:49:14.502+0000] {dag.py:3036} INFO - Sync 2 DAGs
[2025-07-31T01:49:14.514+0000] {logging_mixin.py:188} INFO - [2025-07-31T01:49:14.514+0000] {dag.py:3823} INFO - Setting next_dagrun for example_subdag_operator.section-1 to None, run_after=None
[2025-07-31T01:49:14.515+0000] {logging_mixin.py:188} INFO - [2025-07-31T01:49:14.515+0000] {dag.py:3823} INFO - Setting next_dagrun for example_subdag_operator.section-2 to None, run_after=None
[2025-07-31T01:49:14.556+0000] {processor.py:183} INFO - Processing /home/airflow/.local/lib/python3.8/site-packages/airflow/example_dags/example_subdag_operator.py took 0.334 seconds
[2025-07-31T01:49:44.609+0000] {processor.py:161} INFO - Started process (PID=205) to work on /home/airflow/.local/lib/python3.8/site-packages/airflow/example_dags/example_subdag_operator.py
[2025-07-31T01:49:44.610+0000] {processor.py:830} INFO - Processing file /home/airflow/.local/lib/python3.8/site-packages/airflow/example_dags/example_subdag_operator.py for tasks to queue
[2025-07-31T01:49:44.613+0000] {logging_mixin.py:188} INFO - [2025-07-31T01:49:44.613+0000] {dagbag.py:538} INFO - Filling up the DagBag from /home/airflow/.local/lib/python3.8/site-packages/airflow/example_dags/example_subdag_operator.py
[2025-07-31T01:49:44.648+0000] {processor.py:840} INFO - DAG(s) 'example_subdag_operator.section-1', 'example_subdag_operator.section-2', 'example_subdag_operator' retrieved from /home/airflow/.local/lib/python3.8/site-packages/airflow/example_dags/example_subdag_operator.py
[2025-07-31T01:49:44.669+0000] {logging_mixin.py:188} INFO - [2025-07-31T01:49:44.669+0000] {dag.py:3036} INFO - Sync 3 DAGs
[2025-07-31T01:49:44.695+0000] {logging_mixin.py:188} INFO - [2025-07-31T01:49:44.695+0000] {dag.py:3823} INFO - Setting next_dagrun for example_subdag_operator to 2022-01-01 00:00:00+00:00, run_after=2022-01-01 00:00:00+00:00
[2025-07-31T01:49:44.699+0000] {logging_mixin.py:188} INFO - [2025-07-31T01:49:44.699+0000] {dag.py:3823} INFO - Setting next_dagrun for example_subdag_operator.section-1 to None, run_after=None
[2025-07-31T01:49:44.701+0000] {logging_mixin.py:188} INFO - [2025-07-31T01:49:44.701+0000] {dag.py:3823} INFO - Setting next_dagrun for example_subdag_operator.section-2 to None, run_after=None
[2025-07-31T01:49:44.711+0000] {logging_mixin.py:188} INFO - [2025-07-31T01:49:44.711+0000] {dag.py:3036} INFO - Sync 2 DAGs
[2025-07-31T01:49:44.718+0000] {logging_mixin.py:188} INFO - [2025-07-31T01:49:44.717+0000] {dag.py:3823} INFO - Setting next_dagrun for example_subdag_operator.section-1 to None, run_after=None
[2025-07-31T01:49:44.719+0000] {logging_mixin.py:188} INFO - [2025-07-31T01:49:44.719+0000] {dag.py:3823} INFO - Setting next_dagrun for example_subdag_operator.section-2 to None, run_after=None
[2025-07-31T01:49:44.738+0000] {processor.py:183} INFO - Processing /home/airflow/.local/lib/python3.8/site-packages/airflow/example_dags/example_subdag_operator.py took 0.134 seconds
[2025-07-31T01:50:15.704+0000] {processor.py:161} INFO - Started process (PID=262) to work on /home/airflow/.local/lib/python3.8/site-packages/airflow/example_dags/example_subdag_operator.py
[2025-07-31T01:50:15.706+0000] {processor.py:830} INFO - Processing file /home/airflow/.local/lib/python3.8/site-packages/airflow/example_dags/example_subdag_operator.py for tasks to queue
[2025-07-31T01:50:15.709+0000] {logging_mixin.py:188} INFO - [2025-07-31T01:50:15.709+0000] {dagbag.py:538} INFO - Filling up the DagBag from /home/airflow/.local/lib/python3.8/site-packages/airflow/example_dags/example_subdag_operator.py
[2025-07-31T01:50:15.749+0000] {processor.py:840} INFO - DAG(s) 'example_subdag_operator.section-1', 'example_subdag_operator.section-2', 'example_subdag_operator' retrieved from /home/airflow/.local/lib/python3.8/site-packages/airflow/example_dags/example_subdag_operator.py
[2025-07-31T01:50:15.778+0000] {logging_mixin.py:188} INFO - [2025-07-31T01:50:15.778+0000] {dag.py:3036} INFO - Sync 3 DAGs
[2025-07-31T01:50:15.809+0000] {logging_mixin.py:188} INFO - [2025-07-31T01:50:15.809+0000] {dag.py:3823} INFO - Setting next_dagrun for example_subdag_operator to 2022-01-01 00:00:00+00:00, run_after=2022-01-01 00:00:00+00:00
[2025-07-31T01:50:15.817+0000] {logging_mixin.py:188} INFO - [2025-07-31T01:50:15.816+0000] {dag.py:3823} INFO - Setting next_dagrun for example_subdag_operator.section-1 to None, run_after=None
[2025-07-31T01:50:15.820+0000] {logging_mixin.py:188} INFO - [2025-07-31T01:50:15.820+0000] {dag.py:3823} INFO - Setting next_dagrun for example_subdag_operator.section-2 to None, run_after=None
[2025-07-31T01:50:15.842+0000] {logging_mixin.py:188} INFO - [2025-07-31T01:50:15.842+0000] {dag.py:3036} INFO - Sync 2 DAGs
[2025-07-31T01:50:15.849+0000] {logging_mixin.py:188} INFO - [2025-07-31T01:50:15.849+0000] {dag.py:3823} INFO - Setting next_dagrun for example_subdag_operator.section-1 to None, run_after=None
[2025-07-31T01:50:15.849+0000] {logging_mixin.py:188} INFO - [2025-07-31T01:50:15.849+0000] {dag.py:3823} INFO - Setting next_dagrun for example_subdag_operator.section-2 to None, run_after=None
[2025-07-31T01:50:15.866+0000] {processor.py:183} INFO - Processing /home/airflow/.local/lib/python3.8/site-packages/airflow/example_dags/example_subdag_operator.py took 0.168 seconds
[2025-07-31T01:50:46.638+0000] {processor.py:161} INFO - Started process (PID=318) to work on /home/airflow/.local/lib/python3.8/site-packages/airflow/example_dags/example_subdag_operator.py
[2025-07-31T01:50:46.641+0000] {processor.py:830} INFO - Processing file /home/airflow/.local/lib/python3.8/site-packages/airflow/example_dags/example_subdag_operator.py for tasks to queue
[2025-07-31T01:50:46.645+0000] {logging_mixin.py:188} INFO - [2025-07-31T01:50:46.644+0000] {dagbag.py:538} INFO - Filling up the DagBag from /home/airflow/.local/lib/python3.8/site-packages/airflow/example_dags/example_subdag_operator.py
[2025-07-31T01:50:46.704+0000] {processor.py:840} INFO - DAG(s) 'example_subdag_operator.section-1', 'example_subdag_operator.section-2', 'example_subdag_operator' retrieved from /home/airflow/.local/lib/python3.8/site-packages/airflow/example_dags/example_subdag_operator.py
[2025-07-31T01:50:46.744+0000] {logging_mixin.py:188} INFO - [2025-07-31T01:50:46.744+0000] {dag.py:3036} INFO - Sync 3 DAGs
[2025-07-31T01:50:46.800+0000] {logging_mixin.py:188} INFO - [2025-07-31T01:50:46.799+0000] {dag.py:3823} INFO - Setting next_dagrun for example_subdag_operator to 2022-01-01 00:00:00+00:00, run_after=2022-01-01 00:00:00+00:00
[2025-07-31T01:50:46.808+0000] {logging_mixin.py:188} INFO - [2025-07-31T01:50:46.808+0000] {dag.py:3823} INFO - Setting next_dagrun for example_subdag_operator.section-1 to None, run_after=None
[2025-07-31T01:50:46.812+0000] {logging_mixin.py:188} INFO - [2025-07-31T01:50:46.811+0000] {dag.py:3823} INFO - Setting next_dagrun for example_subdag_operator.section-2 to None, run_after=None
[2025-07-31T01:50:46.827+0000] {logging_mixin.py:188} INFO - [2025-07-31T01:50:46.827+0000] {dag.py:3036} INFO - Sync 2 DAGs
[2025-07-31T01:50:46.842+0000] {logging_mixin.py:188} INFO - [2025-07-31T01:50:46.841+0000] {dag.py:3823} INFO - Setting next_dagrun for example_subdag_operator.section-1 to None, run_after=None
[2025-07-31T01:50:46.843+0000] {logging_mixin.py:188} INFO - [2025-07-31T01:50:46.842+0000] {dag.py:3823} INFO - Setting next_dagrun for example_subdag_operator.section-2 to None, run_after=None
[2025-07-31T01:50:46.881+0000] {processor.py:183} INFO - Processing /home/airflow/.local/lib/python3.8/site-packages/airflow/example_dags/example_subdag_operator.py took 0.250 seconds
[2025-07-31T01:51:16.956+0000] {processor.py:161} INFO - Started process (PID=373) to work on /home/airflow/.local/lib/python3.8/site-packages/airflow/example_dags/example_subdag_operator.py
[2025-07-31T01:51:16.957+0000] {processor.py:830} INFO - Processing file /home/airflow/.local/lib/python3.8/site-packages/airflow/example_dags/example_subdag_operator.py for tasks to queue
[2025-07-31T01:51:16.960+0000] {logging_mixin.py:188} INFO - [2025-07-31T01:51:16.960+0000] {dagbag.py:538} INFO - Filling up the DagBag from /home/airflow/.local/lib/python3.8/site-packages/airflow/example_dags/example_subdag_operator.py
[2025-07-31T01:51:16.996+0000] {processor.py:840} INFO - DAG(s) 'example_subdag_operator.section-1', 'example_subdag_operator.section-2', 'example_subdag_operator' retrieved from /home/airflow/.local/lib/python3.8/site-packages/airflow/example_dags/example_subdag_operator.py
[2025-07-31T01:51:17.018+0000] {logging_mixin.py:188} INFO - [2025-07-31T01:51:17.018+0000] {dag.py:3036} INFO - Sync 3 DAGs
[2025-07-31T01:51:17.048+0000] {logging_mixin.py:188} INFO - [2025-07-31T01:51:17.047+0000] {dag.py:3823} INFO - Setting next_dagrun for example_subdag_operator to 2022-01-01 00:00:00+00:00, run_after=2022-01-01 00:00:00+00:00
[2025-07-31T01:51:17.052+0000] {logging_mixin.py:188} INFO - [2025-07-31T01:51:17.052+0000] {dag.py:3823} INFO - Setting next_dagrun for example_subdag_operator.section-1 to None, run_after=None
[2025-07-31T01:51:17.055+0000] {logging_mixin.py:188} INFO - [2025-07-31T01:51:17.055+0000] {dag.py:3823} INFO - Setting next_dagrun for example_subdag_operator.section-2 to None, run_after=None
[2025-07-31T01:51:17.065+0000] {logging_mixin.py:188} INFO - [2025-07-31T01:51:17.065+0000] {dag.py:3036} INFO - Sync 2 DAGs
[2025-07-31T01:51:17.073+0000] {logging_mixin.py:188} INFO - [2025-07-31T01:51:17.072+0000] {dag.py:3823} INFO - Setting next_dagrun for example_subdag_operator.section-1 to None, run_after=None
[2025-07-31T01:51:17.073+0000] {logging_mixin.py:188} INFO - [2025-07-31T01:51:17.073+0000] {dag.py:3823} INFO - Setting next_dagrun for example_subdag_operator.section-2 to None, run_after=None
[2025-07-31T01:51:17.097+0000] {processor.py:183} INFO - Processing /home/airflow/.local/lib/python3.8/site-packages/airflow/example_dags/example_subdag_operator.py took 0.148 seconds
[2025-07-31T01:51:47.174+0000] {processor.py:161} INFO - Started process (PID=428) to work on /home/airflow/.local/lib/python3.8/site-packages/airflow/example_dags/example_subdag_operator.py
[2025-07-31T01:51:47.175+0000] {processor.py:830} INFO - Processing file /home/airflow/.local/lib/python3.8/site-packages/airflow/example_dags/example_subdag_operator.py for tasks to queue
[2025-07-31T01:51:47.178+0000] {logging_mixin.py:188} INFO - [2025-07-31T01:51:47.177+0000] {dagbag.py:538} INFO - Filling up the DagBag from /home/airflow/.local/lib/python3.8/site-packages/airflow/example_dags/example_subdag_operator.py
[2025-07-31T01:51:47.210+0000] {processor.py:840} INFO - DAG(s) 'example_subdag_operator.section-1', 'example_subdag_operator.section-2', 'example_subdag_operator' retrieved from /home/airflow/.local/lib/python3.8/site-packages/airflow/example_dags/example_subdag_operator.py
[2025-07-31T01:51:47.229+0000] {logging_mixin.py:188} INFO - [2025-07-31T01:51:47.228+0000] {dag.py:3036} INFO - Sync 3 DAGs
[2025-07-31T01:51:47.264+0000] {logging_mixin.py:188} INFO - [2025-07-31T01:51:47.263+0000] {dag.py:3823} INFO - Setting next_dagrun for example_subdag_operator to 2022-01-01 00:00:00+00:00, run_after=2022-01-01 00:00:00+00:00
[2025-07-31T01:51:47.268+0000] {logging_mixin.py:188} INFO - [2025-07-31T01:51:47.267+0000] {dag.py:3823} INFO - Setting next_dagrun for example_subdag_operator.section-1 to None, run_after=None
[2025-07-31T01:51:47.269+0000] {logging_mixin.py:188} INFO - [2025-07-31T01:51:47.269+0000] {dag.py:3823} INFO - Setting next_dagrun for example_subdag_operator.section-2 to None, run_after=None
[2025-07-31T01:51:47.277+0000] {logging_mixin.py:188} INFO - [2025-07-31T01:51:47.277+0000] {dag.py:3036} INFO - Sync 2 DAGs
[2025-07-31T01:51:47.283+0000] {logging_mixin.py:188} INFO - [2025-07-31T01:51:47.283+0000] {dag.py:3823} INFO - Setting next_dagrun for example_subdag_operator.section-1 to None, run_after=None
[2025-07-31T01:51:47.284+0000] {logging_mixin.py:188} INFO - [2025-07-31T01:51:47.284+0000] {dag.py:3823} INFO - Setting next_dagrun for example_subdag_operator.section-2 to None, run_after=None
[2025-07-31T01:51:47.315+0000] {processor.py:183} INFO - Processing /home/airflow/.local/lib/python3.8/site-packages/airflow/example_dags/example_subdag_operator.py took 0.146 seconds
[2025-07-31T01:52:17.987+0000] {processor.py:161} INFO - Started process (PID=484) to work on /home/airflow/.local/lib/python3.8/site-packages/airflow/example_dags/example_subdag_operator.py
[2025-07-31T01:52:17.989+0000] {processor.py:830} INFO - Processing file /home/airflow/.local/lib/python3.8/site-packages/airflow/example_dags/example_subdag_operator.py for tasks to queue
[2025-07-31T01:52:17.993+0000] {logging_mixin.py:188} INFO - [2025-07-31T01:52:17.993+0000] {dagbag.py:538} INFO - Filling up the DagBag from /home/airflow/.local/lib/python3.8/site-packages/airflow/example_dags/example_subdag_operator.py
[2025-07-31T01:52:18.051+0000] {processor.py:840} INFO - DAG(s) 'example_subdag_operator.section-1', 'example_subdag_operator.section-2', 'example_subdag_operator' retrieved from /home/airflow/.local/lib/python3.8/site-packages/airflow/example_dags/example_subdag_operator.py
[2025-07-31T01:52:18.090+0000] {logging_mixin.py:188} INFO - [2025-07-31T01:52:18.089+0000] {dag.py:3036} INFO - Sync 3 DAGs
[2025-07-31T01:52:18.135+0000] {logging_mixin.py:188} INFO - [2025-07-31T01:52:18.134+0000] {dag.py:3823} INFO - Setting next_dagrun for example_subdag_operator to 2022-01-01 00:00:00+00:00, run_after=2022-01-01 00:00:00+00:00
[2025-07-31T01:52:18.185+0000] {logging_mixin.py:188} INFO - [2025-07-31T01:52:18.185+0000] {dag.py:3823} INFO - Setting next_dagrun for example_subdag_operator.section-1 to None, run_after=None
[2025-07-31T01:52:18.206+0000] {logging_mixin.py:188} INFO - [2025-07-31T01:52:18.206+0000] {dag.py:3823} INFO - Setting next_dagrun for example_subdag_operator.section-2 to None, run_after=None
[2025-07-31T01:52:18.258+0000] {logging_mixin.py:188} INFO - [2025-07-31T01:52:18.257+0000] {dag.py:3036} INFO - Sync 2 DAGs
[2025-07-31T01:52:18.278+0000] {logging_mixin.py:188} INFO - [2025-07-31T01:52:18.278+0000] {dag.py:3823} INFO - Setting next_dagrun for example_subdag_operator.section-1 to None, run_after=None
[2025-07-31T01:52:18.287+0000] {logging_mixin.py:188} INFO - [2025-07-31T01:52:18.285+0000] {dag.py:3823} INFO - Setting next_dagrun for example_subdag_operator.section-2 to None, run_after=None
[2025-07-31T01:52:18.330+0000] {processor.py:183} INFO - Processing /home/airflow/.local/lib/python3.8/site-packages/airflow/example_dags/example_subdag_operator.py took 0.351 seconds
[2025-07-31T01:52:48.471+0000] {processor.py:161} INFO - Started process (PID=540) to work on /home/airflow/.local/lib/python3.8/site-packages/airflow/example_dags/example_subdag_operator.py
[2025-07-31T01:52:48.472+0000] {processor.py:830} INFO - Processing file /home/airflow/.local/lib/python3.8/site-packages/airflow/example_dags/example_subdag_operator.py for tasks to queue
[2025-07-31T01:52:48.479+0000] {logging_mixin.py:188} INFO - [2025-07-31T01:52:48.479+0000] {dagbag.py:538} INFO - Filling up the DagBag from /home/airflow/.local/lib/python3.8/site-packages/airflow/example_dags/example_subdag_operator.py
[2025-07-31T01:52:48.515+0000] {processor.py:840} INFO - DAG(s) 'example_subdag_operator.section-1', 'example_subdag_operator.section-2', 'example_subdag_operator' retrieved from /home/airflow/.local/lib/python3.8/site-packages/airflow/example_dags/example_subdag_operator.py
[2025-07-31T01:52:48.533+0000] {logging_mixin.py:188} INFO - [2025-07-31T01:52:48.533+0000] {dag.py:3036} INFO - Sync 3 DAGs
[2025-07-31T01:52:48.561+0000] {logging_mixin.py:188} INFO - [2025-07-31T01:52:48.560+0000] {dag.py:3823} INFO - Setting next_dagrun for example_subdag_operator to 2022-01-01 00:00:00+00:00, run_after=2022-01-01 00:00:00+00:00
[2025-07-31T01:52:48.565+0000] {logging_mixin.py:188} INFO - [2025-07-31T01:52:48.565+0000] {dag.py:3823} INFO - Setting next_dagrun for example_subdag_operator.section-1 to None, run_after=None
[2025-07-31T01:52:48.567+0000] {logging_mixin.py:188} INFO - [2025-07-31T01:52:48.567+0000] {dag.py:3823} INFO - Setting next_dagrun for example_subdag_operator.section-2 to None, run_after=None
[2025-07-31T01:52:48.575+0000] {logging_mixin.py:188} INFO - [2025-07-31T01:52:48.575+0000] {dag.py:3036} INFO - Sync 2 DAGs
[2025-07-31T01:52:48.582+0000] {logging_mixin.py:188} INFO - [2025-07-31T01:52:48.582+0000] {dag.py:3823} INFO - Setting next_dagrun for example_subdag_operator.section-1 to None, run_after=None
[2025-07-31T01:52:48.582+0000] {logging_mixin.py:188} INFO - [2025-07-31T01:52:48.582+0000] {dag.py:3823} INFO - Setting next_dagrun for example_subdag_operator.section-2 to None, run_after=None
[2025-07-31T01:52:48.610+0000] {processor.py:183} INFO - Processing /home/airflow/.local/lib/python3.8/site-packages/airflow/example_dags/example_subdag_operator.py took 0.144 seconds
[2025-07-31T01:53:19.308+0000] {processor.py:161} INFO - Started process (PID=596) to work on /home/airflow/.local/lib/python3.8/site-packages/airflow/example_dags/example_subdag_operator.py
[2025-07-31T01:53:19.312+0000] {processor.py:830} INFO - Processing file /home/airflow/.local/lib/python3.8/site-packages/airflow/example_dags/example_subdag_operator.py for tasks to queue
[2025-07-31T01:53:19.317+0000] {logging_mixin.py:188} INFO - [2025-07-31T01:53:19.316+0000] {dagbag.py:538} INFO - Filling up the DagBag from /home/airflow/.local/lib/python3.8/site-packages/airflow/example_dags/example_subdag_operator.py
[2025-07-31T01:53:19.401+0000] {processor.py:840} INFO - DAG(s) 'example_subdag_operator.section-1', 'example_subdag_operator.section-2', 'example_subdag_operator' retrieved from /home/airflow/.local/lib/python3.8/site-packages/airflow/example_dags/example_subdag_operator.py
[2025-07-31T01:53:19.472+0000] {logging_mixin.py:188} INFO - [2025-07-31T01:53:19.471+0000] {dag.py:3036} INFO - Sync 3 DAGs
[2025-07-31T01:53:19.616+0000] {logging_mixin.py:188} INFO - [2025-07-31T01:53:19.615+0000] {dag.py:3823} INFO - Setting next_dagrun for example_subdag_operator to 2022-01-01 00:00:00+00:00, run_after=2022-01-01 00:00:00+00:00
[2025-07-31T01:53:19.634+0000] {logging_mixin.py:188} INFO - [2025-07-31T01:53:19.634+0000] {dag.py:3823} INFO - Setting next_dagrun for example_subdag_operator.section-1 to None, run_after=None
[2025-07-31T01:53:19.637+0000] {logging_mixin.py:188} INFO - [2025-07-31T01:53:19.636+0000] {dag.py:3823} INFO - Setting next_dagrun for example_subdag_operator.section-2 to None, run_after=None
[2025-07-31T01:53:19.653+0000] {logging_mixin.py:188} INFO - [2025-07-31T01:53:19.653+0000] {dag.py:3036} INFO - Sync 2 DAGs
[2025-07-31T01:53:19.667+0000] {logging_mixin.py:188} INFO - [2025-07-31T01:53:19.667+0000] {dag.py:3823} INFO - Setting next_dagrun for example_subdag_operator.section-1 to None, run_after=None
[2025-07-31T01:53:19.731+0000] {logging_mixin.py:188} INFO - [2025-07-31T01:53:19.730+0000] {dag.py:3823} INFO - Setting next_dagrun for example_subdag_operator.section-2 to None, run_after=None
[2025-07-31T01:53:19.838+0000] {processor.py:183} INFO - Processing /home/airflow/.local/lib/python3.8/site-packages/airflow/example_dags/example_subdag_operator.py took 0.540 seconds
[2025-07-31T01:53:49.957+0000] {processor.py:161} INFO - Started process (PID=654) to work on /home/airflow/.local/lib/python3.8/site-packages/airflow/example_dags/example_subdag_operator.py
[2025-07-31T01:53:49.963+0000] {processor.py:830} INFO - Processing file /home/airflow/.local/lib/python3.8/site-packages/airflow/example_dags/example_subdag_operator.py for tasks to queue
[2025-07-31T01:53:49.967+0000] {logging_mixin.py:188} INFO - [2025-07-31T01:53:49.966+0000] {dagbag.py:538} INFO - Filling up the DagBag from /home/airflow/.local/lib/python3.8/site-packages/airflow/example_dags/example_subdag_operator.py
[2025-07-31T01:53:50.029+0000] {processor.py:840} INFO - DAG(s) 'example_subdag_operator.section-1', 'example_subdag_operator.section-2', 'example_subdag_operator' retrieved from /home/airflow/.local/lib/python3.8/site-packages/airflow/example_dags/example_subdag_operator.py
[2025-07-31T01:53:50.069+0000] {logging_mixin.py:188} INFO - [2025-07-31T01:53:50.069+0000] {dag.py:3036} INFO - Sync 3 DAGs
[2025-07-31T01:53:50.142+0000] {logging_mixin.py:188} INFO - [2025-07-31T01:53:50.141+0000] {dag.py:3823} INFO - Setting next_dagrun for example_subdag_operator to 2022-01-01 00:00:00+00:00, run_after=2022-01-01 00:00:00+00:00
[2025-07-31T01:53:50.159+0000] {logging_mixin.py:188} INFO - [2025-07-31T01:53:50.159+0000] {dag.py:3823} INFO - Setting next_dagrun for example_subdag_operator.section-1 to None, run_after=None
[2025-07-31T01:53:50.180+0000] {logging_mixin.py:188} INFO - [2025-07-31T01:53:50.180+0000] {dag.py:3823} INFO - Setting next_dagrun for example_subdag_operator.section-2 to None, run_after=None
[2025-07-31T01:53:50.202+0000] {logging_mixin.py:188} INFO - [2025-07-31T01:53:50.202+0000] {dag.py:3036} INFO - Sync 2 DAGs
[2025-07-31T01:53:50.232+0000] {logging_mixin.py:188} INFO - [2025-07-31T01:53:50.230+0000] {dag.py:3823} INFO - Setting next_dagrun for example_subdag_operator.section-1 to None, run_after=None
[2025-07-31T01:53:50.234+0000] {logging_mixin.py:188} INFO - [2025-07-31T01:53:50.233+0000] {dag.py:3823} INFO - Setting next_dagrun for example_subdag_operator.section-2 to None, run_after=None
[2025-07-31T01:53:50.270+0000] {processor.py:183} INFO - Processing /home/airflow/.local/lib/python3.8/site-packages/airflow/example_dags/example_subdag_operator.py took 0.321 seconds
[2025-07-31T01:54:23.877+0000] {processor.py:161} INFO - Started process (PID=711) to work on /home/airflow/.local/lib/python3.8/site-packages/airflow/example_dags/example_subdag_operator.py
[2025-07-31T01:54:23.882+0000] {processor.py:830} INFO - Processing file /home/airflow/.local/lib/python3.8/site-packages/airflow/example_dags/example_subdag_operator.py for tasks to queue
[2025-07-31T01:54:23.906+0000] {logging_mixin.py:188} INFO - [2025-07-31T01:54:23.901+0000] {dagbag.py:538} INFO - Filling up the DagBag from /home/airflow/.local/lib/python3.8/site-packages/airflow/example_dags/example_subdag_operator.py
[2025-07-31T01:54:24.017+0000] {processor.py:840} INFO - DAG(s) 'example_subdag_operator.section-1', 'example_subdag_operator.section-2', 'example_subdag_operator' retrieved from /home/airflow/.local/lib/python3.8/site-packages/airflow/example_dags/example_subdag_operator.py
[2025-07-31T01:54:24.056+0000] {logging_mixin.py:188} INFO - [2025-07-31T01:54:24.055+0000] {dag.py:3036} INFO - Sync 3 DAGs
[2025-07-31T01:54:24.098+0000] {logging_mixin.py:188} INFO - [2025-07-31T01:54:24.097+0000] {dag.py:3823} INFO - Setting next_dagrun for example_subdag_operator to 2022-01-01 00:00:00+00:00, run_after=2022-01-01 00:00:00+00:00
[2025-07-31T01:54:24.105+0000] {logging_mixin.py:188} INFO - [2025-07-31T01:54:24.105+0000] {dag.py:3823} INFO - Setting next_dagrun for example_subdag_operator.section-1 to None, run_after=None
[2025-07-31T01:54:24.108+0000] {logging_mixin.py:188} INFO - [2025-07-31T01:54:24.108+0000] {dag.py:3823} INFO - Setting next_dagrun for example_subdag_operator.section-2 to None, run_after=None
[2025-07-31T01:54:24.123+0000] {logging_mixin.py:188} INFO - [2025-07-31T01:54:24.122+0000] {dag.py:3036} INFO - Sync 2 DAGs
[2025-07-31T01:54:24.133+0000] {logging_mixin.py:188} INFO - [2025-07-31T01:54:24.133+0000] {dag.py:3823} INFO - Setting next_dagrun for example_subdag_operator.section-1 to None, run_after=None
[2025-07-31T01:54:24.134+0000] {logging_mixin.py:188} INFO - [2025-07-31T01:54:24.134+0000] {dag.py:3823} INFO - Setting next_dagrun for example_subdag_operator.section-2 to None, run_after=None
[2025-07-31T01:54:24.155+0000] {processor.py:183} INFO - Processing /home/airflow/.local/lib/python3.8/site-packages/airflow/example_dags/example_subdag_operator.py took 0.293 seconds
[2025-07-31T01:54:54.509+0000] {processor.py:161} INFO - Started process (PID=768) to work on /home/airflow/.local/lib/python3.8/site-packages/airflow/example_dags/example_subdag_operator.py
[2025-07-31T01:54:54.511+0000] {processor.py:830} INFO - Processing file /home/airflow/.local/lib/python3.8/site-packages/airflow/example_dags/example_subdag_operator.py for tasks to queue
[2025-07-31T01:54:54.516+0000] {logging_mixin.py:188} INFO - [2025-07-31T01:54:54.515+0000] {dagbag.py:538} INFO - Filling up the DagBag from /home/airflow/.local/lib/python3.8/site-packages/airflow/example_dags/example_subdag_operator.py
[2025-07-31T01:54:54.574+0000] {processor.py:840} INFO - DAG(s) 'example_subdag_operator.section-1', 'example_subdag_operator.section-2', 'example_subdag_operator' retrieved from /home/airflow/.local/lib/python3.8/site-packages/airflow/example_dags/example_subdag_operator.py
[2025-07-31T01:54:54.601+0000] {logging_mixin.py:188} INFO - [2025-07-31T01:54:54.601+0000] {dag.py:3036} INFO - Sync 3 DAGs
[2025-07-31T01:54:54.658+0000] {logging_mixin.py:188} INFO - [2025-07-31T01:54:54.658+0000] {dag.py:3823} INFO - Setting next_dagrun for example_subdag_operator to 2022-01-01 00:00:00+00:00, run_after=2022-01-01 00:00:00+00:00
[2025-07-31T01:54:54.665+0000] {logging_mixin.py:188} INFO - [2025-07-31T01:54:54.664+0000] {dag.py:3823} INFO - Setting next_dagrun for example_subdag_operator.section-1 to None, run_after=None
[2025-07-31T01:54:54.667+0000] {logging_mixin.py:188} INFO - [2025-07-31T01:54:54.667+0000] {dag.py:3823} INFO - Setting next_dagrun for example_subdag_operator.section-2 to None, run_after=None
[2025-07-31T01:54:54.683+0000] {logging_mixin.py:188} INFO - [2025-07-31T01:54:54.683+0000] {dag.py:3036} INFO - Sync 2 DAGs
[2025-07-31T01:54:54.694+0000] {logging_mixin.py:188} INFO - [2025-07-31T01:54:54.694+0000] {dag.py:3823} INFO - Setting next_dagrun for example_subdag_operator.section-1 to None, run_after=None
[2025-07-31T01:54:54.695+0000] {logging_mixin.py:188} INFO - [2025-07-31T01:54:54.695+0000] {dag.py:3823} INFO - Setting next_dagrun for example_subdag_operator.section-2 to None, run_after=None
[2025-07-31T01:54:54.716+0000] {processor.py:183} INFO - Processing /home/airflow/.local/lib/python3.8/site-packages/airflow/example_dags/example_subdag_operator.py took 0.215 seconds
[2025-07-31T01:55:25.245+0000] {processor.py:161} INFO - Started process (PID=825) to work on /home/airflow/.local/lib/python3.8/site-packages/airflow/example_dags/example_subdag_operator.py
[2025-07-31T01:55:25.247+0000] {processor.py:830} INFO - Processing file /home/airflow/.local/lib/python3.8/site-packages/airflow/example_dags/example_subdag_operator.py for tasks to queue
[2025-07-31T01:55:25.251+0000] {logging_mixin.py:188} INFO - [2025-07-31T01:55:25.250+0000] {dagbag.py:538} INFO - Filling up the DagBag from /home/airflow/.local/lib/python3.8/site-packages/airflow/example_dags/example_subdag_operator.py
[2025-07-31T01:55:25.355+0000] {processor.py:840} INFO - DAG(s) 'example_subdag_operator.section-1', 'example_subdag_operator.section-2', 'example_subdag_operator' retrieved from /home/airflow/.local/lib/python3.8/site-packages/airflow/example_dags/example_subdag_operator.py
[2025-07-31T01:55:25.406+0000] {logging_mixin.py:188} INFO - [2025-07-31T01:55:25.406+0000] {dag.py:3036} INFO - Sync 3 DAGs
[2025-07-31T01:55:25.449+0000] {logging_mixin.py:188} INFO - [2025-07-31T01:55:25.448+0000] {dag.py:3823} INFO - Setting next_dagrun for example_subdag_operator to 2022-01-01 00:00:00+00:00, run_after=2022-01-01 00:00:00+00:00
[2025-07-31T01:55:25.456+0000] {logging_mixin.py:188} INFO - [2025-07-31T01:55:25.456+0000] {dag.py:3823} INFO - Setting next_dagrun for example_subdag_operator.section-1 to None, run_after=None
[2025-07-31T01:55:25.459+0000] {logging_mixin.py:188} INFO - [2025-07-31T01:55:25.459+0000] {dag.py:3823} INFO - Setting next_dagrun for example_subdag_operator.section-2 to None, run_after=None
[2025-07-31T01:55:25.473+0000] {logging_mixin.py:188} INFO - [2025-07-31T01:55:25.472+0000] {dag.py:3036} INFO - Sync 2 DAGs
[2025-07-31T01:55:25.482+0000] {logging_mixin.py:188} INFO - [2025-07-31T01:55:25.481+0000] {dag.py:3823} INFO - Setting next_dagrun for example_subdag_operator.section-1 to None, run_after=None
[2025-07-31T01:55:25.482+0000] {logging_mixin.py:188} INFO - [2025-07-31T01:55:25.482+0000] {dag.py:3823} INFO - Setting next_dagrun for example_subdag_operator.section-2 to None, run_after=None
[2025-07-31T01:55:25.511+0000] {processor.py:183} INFO - Processing /home/airflow/.local/lib/python3.8/site-packages/airflow/example_dags/example_subdag_operator.py took 0.274 seconds
[2025-07-31T01:55:55.696+0000] {processor.py:161} INFO - Started process (PID=882) to work on /home/airflow/.local/lib/python3.8/site-packages/airflow/example_dags/example_subdag_operator.py
[2025-07-31T01:55:55.698+0000] {processor.py:830} INFO - Processing file /home/airflow/.local/lib/python3.8/site-packages/airflow/example_dags/example_subdag_operator.py for tasks to queue
[2025-07-31T01:55:55.701+0000] {logging_mixin.py:188} INFO - [2025-07-31T01:55:55.700+0000] {dagbag.py:538} INFO - Filling up the DagBag from /home/airflow/.local/lib/python3.8/site-packages/airflow/example_dags/example_subdag_operator.py
[2025-07-31T01:55:55.732+0000] {processor.py:840} INFO - DAG(s) 'example_subdag_operator.section-1', 'example_subdag_operator.section-2', 'example_subdag_operator' retrieved from /home/airflow/.local/lib/python3.8/site-packages/airflow/example_dags/example_subdag_operator.py
[2025-07-31T01:55:55.749+0000] {logging_mixin.py:188} INFO - [2025-07-31T01:55:55.749+0000] {dag.py:3036} INFO - Sync 3 DAGs
[2025-07-31T01:55:55.775+0000] {logging_mixin.py:188} INFO - [2025-07-31T01:55:55.774+0000] {dag.py:3823} INFO - Setting next_dagrun for example_subdag_operator to 2022-01-01 00:00:00+00:00, run_after=2022-01-01 00:00:00+00:00
[2025-07-31T01:55:55.779+0000] {logging_mixin.py:188} INFO - [2025-07-31T01:55:55.779+0000] {dag.py:3823} INFO - Setting next_dagrun for example_subdag_operator.section-1 to None, run_after=None
[2025-07-31T01:55:55.782+0000] {logging_mixin.py:188} INFO - [2025-07-31T01:55:55.781+0000] {dag.py:3823} INFO - Setting next_dagrun for example_subdag_operator.section-2 to None, run_after=None
[2025-07-31T01:55:55.790+0000] {logging_mixin.py:188} INFO - [2025-07-31T01:55:55.790+0000] {dag.py:3036} INFO - Sync 2 DAGs
[2025-07-31T01:55:55.798+0000] {logging_mixin.py:188} INFO - [2025-07-31T01:55:55.797+0000] {dag.py:3823} INFO - Setting next_dagrun for example_subdag_operator.section-1 to None, run_after=None
[2025-07-31T01:55:55.798+0000] {logging_mixin.py:188} INFO - [2025-07-31T01:55:55.798+0000] {dag.py:3823} INFO - Setting next_dagrun for example_subdag_operator.section-2 to None, run_after=None
[2025-07-31T01:55:55.817+0000] {processor.py:183} INFO - Processing /home/airflow/.local/lib/python3.8/site-packages/airflow/example_dags/example_subdag_operator.py took 0.125 seconds
[2025-07-31T01:56:26.760+0000] {processor.py:161} INFO - Started process (PID=939) to work on /home/airflow/.local/lib/python3.8/site-packages/airflow/example_dags/example_subdag_operator.py
[2025-07-31T01:56:26.768+0000] {processor.py:830} INFO - Processing file /home/airflow/.local/lib/python3.8/site-packages/airflow/example_dags/example_subdag_operator.py for tasks to queue
[2025-07-31T01:56:26.771+0000] {logging_mixin.py:188} INFO - [2025-07-31T01:56:26.771+0000] {dagbag.py:538} INFO - Filling up the DagBag from /home/airflow/.local/lib/python3.8/site-packages/airflow/example_dags/example_subdag_operator.py
[2025-07-31T01:56:26.857+0000] {processor.py:840} INFO - DAG(s) 'example_subdag_operator.section-1', 'example_subdag_operator.section-2', 'example_subdag_operator' retrieved from /home/airflow/.local/lib/python3.8/site-packages/airflow/example_dags/example_subdag_operator.py
[2025-07-31T01:56:26.917+0000] {logging_mixin.py:188} INFO - [2025-07-31T01:56:26.916+0000] {dag.py:3036} INFO - Sync 3 DAGs
[2025-07-31T01:56:26.962+0000] {logging_mixin.py:188} INFO - [2025-07-31T01:56:26.961+0000] {dag.py:3823} INFO - Setting next_dagrun for example_subdag_operator to 2022-01-01 00:00:00+00:00, run_after=2022-01-01 00:00:00+00:00
[2025-07-31T01:56:26.969+0000] {logging_mixin.py:188} INFO - [2025-07-31T01:56:26.968+0000] {dag.py:3823} INFO - Setting next_dagrun for example_subdag_operator.section-1 to None, run_after=None
[2025-07-31T01:56:26.973+0000] {logging_mixin.py:188} INFO - [2025-07-31T01:56:26.973+0000] {dag.py:3823} INFO - Setting next_dagrun for example_subdag_operator.section-2 to None, run_after=None
[2025-07-31T01:56:26.990+0000] {logging_mixin.py:188} INFO - [2025-07-31T01:56:26.989+0000] {dag.py:3036} INFO - Sync 2 DAGs
[2025-07-31T01:56:27.003+0000] {logging_mixin.py:188} INFO - [2025-07-31T01:56:27.003+0000] {dag.py:3823} INFO - Setting next_dagrun for example_subdag_operator.section-1 to None, run_after=None
[2025-07-31T01:56:27.004+0000] {logging_mixin.py:188} INFO - [2025-07-31T01:56:27.004+0000] {dag.py:3823} INFO - Setting next_dagrun for example_subdag_operator.section-2 to None, run_after=None
[2025-07-31T01:56:27.026+0000] {processor.py:183} INFO - Processing /home/airflow/.local/lib/python3.8/site-packages/airflow/example_dags/example_subdag_operator.py took 0.276 seconds
