[2025-07-31T01:40:52.056+0000] {processor.py:161} INFO - Started process (PID=76) to work on /home/airflow/.local/lib/python3.8/site-packages/airflow/example_dags/example_datasets.py
[2025-07-31T01:40:52.058+0000] {processor.py:830} INFO - Processing file /home/airflow/.local/lib/python3.8/site-packages/airflow/example_dags/example_datasets.py for tasks to queue
[2025-07-31T01:40:52.062+0000] {logging_mixin.py:188} INFO - [2025-07-31T01:40:52.061+0000] {dagbag.py:538} INFO - Filling up the DagBag from /home/airflow/.local/lib/python3.8/site-packages/airflow/example_dags/example_datasets.py
[2025-07-31T01:40:52.089+0000] {processor.py:840} INFO - DAG(s) 'dataset_consumes_1', 'dataset_consumes_unknown_never_scheduled', 'dataset_consumes_1_and_2', 'dataset_produces_1', 'dataset_produces_2', 'dataset_consumes_1_never_scheduled' retrieved from /home/airflow/.local/lib/python3.8/site-packages/airflow/example_dags/example_datasets.py
[2025-07-31T01:40:52.444+0000] {logging_mixin.py:188} INFO - [2025-07-31T01:40:52.443+0000] {dag.py:3036} INFO - Sync 6 DAGs
[2025-07-31T01:40:52.485+0000] {logging_mixin.py:188} INFO - [2025-07-31T01:40:52.485+0000] {dag.py:3823} INFO - Setting next_dagrun for dataset_consumes_1 to None, run_after=None
[2025-07-31T01:40:52.492+0000] {logging_mixin.py:188} INFO - [2025-07-31T01:40:52.491+0000] {dag.py:3823} INFO - Setting next_dagrun for dataset_consumes_1_and_2 to None, run_after=None
[2025-07-31T01:40:52.495+0000] {logging_mixin.py:188} INFO - [2025-07-31T01:40:52.494+0000] {dag.py:3823} INFO - Setting next_dagrun for dataset_consumes_1_never_scheduled to None, run_after=None
[2025-07-31T01:40:52.497+0000] {logging_mixin.py:188} INFO - [2025-07-31T01:40:52.497+0000] {dag.py:3823} INFO - Setting next_dagrun for dataset_consumes_unknown_never_scheduled to None, run_after=None
[2025-07-31T01:40:52.510+0000] {logging_mixin.py:188} INFO - [2025-07-31T01:40:52.509+0000] {dag.py:3823} INFO - Setting next_dagrun for dataset_produces_1 to 2025-07-30 00:00:00+00:00, run_after=2025-07-31 00:00:00+00:00
[2025-07-31T01:40:52.513+0000] {logging_mixin.py:188} INFO - [2025-07-31T01:40:52.512+0000] {dag.py:3823} INFO - Setting next_dagrun for dataset_produces_2 to None, run_after=None
[2025-07-31T01:40:52.590+0000] {processor.py:183} INFO - Processing /home/airflow/.local/lib/python3.8/site-packages/airflow/example_dags/example_datasets.py took 0.541 seconds
[2025-07-31T01:41:22.994+0000] {processor.py:161} INFO - Started process (PID=131) to work on /home/airflow/.local/lib/python3.8/site-packages/airflow/example_dags/example_datasets.py
[2025-07-31T01:41:22.995+0000] {processor.py:830} INFO - Processing file /home/airflow/.local/lib/python3.8/site-packages/airflow/example_dags/example_datasets.py for tasks to queue
[2025-07-31T01:41:22.998+0000] {logging_mixin.py:188} INFO - [2025-07-31T01:41:22.997+0000] {dagbag.py:538} INFO - Filling up the DagBag from /home/airflow/.local/lib/python3.8/site-packages/airflow/example_dags/example_datasets.py
[2025-07-31T01:41:23.010+0000] {processor.py:840} INFO - DAG(s) 'dataset_consumes_1_never_scheduled', 'dataset_consumes_unknown_never_scheduled', 'dataset_consumes_1_and_2', 'dataset_produces_2', 'dataset_consumes_1', 'dataset_produces_1' retrieved from /home/airflow/.local/lib/python3.8/site-packages/airflow/example_dags/example_datasets.py
[2025-07-31T01:41:23.057+0000] {logging_mixin.py:188} INFO - [2025-07-31T01:41:23.057+0000] {dag.py:3036} INFO - Sync 6 DAGs
[2025-07-31T01:41:23.084+0000] {logging_mixin.py:188} INFO - [2025-07-31T01:41:23.083+0000] {dag.py:3823} INFO - Setting next_dagrun for dataset_consumes_1 to None, run_after=None
[2025-07-31T01:41:23.088+0000] {logging_mixin.py:188} INFO - [2025-07-31T01:41:23.088+0000] {dag.py:3823} INFO - Setting next_dagrun for dataset_consumes_1_and_2 to None, run_after=None
[2025-07-31T01:41:23.090+0000] {logging_mixin.py:188} INFO - [2025-07-31T01:41:23.090+0000] {dag.py:3823} INFO - Setting next_dagrun for dataset_consumes_1_never_scheduled to None, run_after=None
[2025-07-31T01:41:23.092+0000] {logging_mixin.py:188} INFO - [2025-07-31T01:41:23.092+0000] {dag.py:3823} INFO - Setting next_dagrun for dataset_consumes_unknown_never_scheduled to None, run_after=None
[2025-07-31T01:41:23.096+0000] {logging_mixin.py:188} INFO - [2025-07-31T01:41:23.096+0000] {dag.py:3823} INFO - Setting next_dagrun for dataset_produces_1 to 2025-07-30 00:00:00+00:00, run_after=2025-07-31 00:00:00+00:00
[2025-07-31T01:41:23.098+0000] {logging_mixin.py:188} INFO - [2025-07-31T01:41:23.098+0000] {dag.py:3823} INFO - Setting next_dagrun for dataset_produces_2 to None, run_after=None
[2025-07-31T01:41:23.137+0000] {processor.py:183} INFO - Processing /home/airflow/.local/lib/python3.8/site-packages/airflow/example_dags/example_datasets.py took 0.149 seconds
[2025-07-31T01:41:54.027+0000] {processor.py:161} INFO - Started process (PID=186) to work on /home/airflow/.local/lib/python3.8/site-packages/airflow/example_dags/example_datasets.py
[2025-07-31T01:41:54.030+0000] {processor.py:830} INFO - Processing file /home/airflow/.local/lib/python3.8/site-packages/airflow/example_dags/example_datasets.py for tasks to queue
[2025-07-31T01:41:54.033+0000] {logging_mixin.py:188} INFO - [2025-07-31T01:41:54.033+0000] {dagbag.py:538} INFO - Filling up the DagBag from /home/airflow/.local/lib/python3.8/site-packages/airflow/example_dags/example_datasets.py
[2025-07-31T01:41:54.052+0000] {processor.py:840} INFO - DAG(s) 'dataset_consumes_1', 'dataset_consumes_1_never_scheduled', 'dataset_consumes_1_and_2', 'dataset_consumes_unknown_never_scheduled', 'dataset_produces_2', 'dataset_produces_1' retrieved from /home/airflow/.local/lib/python3.8/site-packages/airflow/example_dags/example_datasets.py
[2025-07-31T01:41:54.111+0000] {logging_mixin.py:188} INFO - [2025-07-31T01:41:54.110+0000] {dag.py:3036} INFO - Sync 6 DAGs
[2025-07-31T01:41:54.135+0000] {logging_mixin.py:188} INFO - [2025-07-31T01:41:54.135+0000] {dag.py:3823} INFO - Setting next_dagrun for dataset_consumes_1 to None, run_after=None
[2025-07-31T01:41:54.144+0000] {logging_mixin.py:188} INFO - [2025-07-31T01:41:54.143+0000] {dag.py:3823} INFO - Setting next_dagrun for dataset_consumes_1_and_2 to None, run_after=None
[2025-07-31T01:41:54.146+0000] {logging_mixin.py:188} INFO - [2025-07-31T01:41:54.146+0000] {dag.py:3823} INFO - Setting next_dagrun for dataset_consumes_1_never_scheduled to None, run_after=None
[2025-07-31T01:41:54.148+0000] {logging_mixin.py:188} INFO - [2025-07-31T01:41:54.148+0000] {dag.py:3823} INFO - Setting next_dagrun for dataset_consumes_unknown_never_scheduled to None, run_after=None
[2025-07-31T01:41:54.153+0000] {logging_mixin.py:188} INFO - [2025-07-31T01:41:54.153+0000] {dag.py:3823} INFO - Setting next_dagrun for dataset_produces_1 to 2025-07-30 00:00:00+00:00, run_after=2025-07-31 00:00:00+00:00
[2025-07-31T01:41:54.156+0000] {logging_mixin.py:188} INFO - [2025-07-31T01:41:54.155+0000] {dag.py:3823} INFO - Setting next_dagrun for dataset_produces_2 to None, run_after=None
[2025-07-31T01:41:54.214+0000] {processor.py:183} INFO - Processing /home/airflow/.local/lib/python3.8/site-packages/airflow/example_dags/example_datasets.py took 0.192 seconds
[2025-07-31T01:42:24.692+0000] {processor.py:161} INFO - Started process (PID=242) to work on /home/airflow/.local/lib/python3.8/site-packages/airflow/example_dags/example_datasets.py
[2025-07-31T01:42:24.695+0000] {processor.py:830} INFO - Processing file /home/airflow/.local/lib/python3.8/site-packages/airflow/example_dags/example_datasets.py for tasks to queue
[2025-07-31T01:42:24.701+0000] {logging_mixin.py:188} INFO - [2025-07-31T01:42:24.700+0000] {dagbag.py:538} INFO - Filling up the DagBag from /home/airflow/.local/lib/python3.8/site-packages/airflow/example_dags/example_datasets.py
[2025-07-31T01:42:24.725+0000] {processor.py:840} INFO - DAG(s) 'dataset_consumes_1', 'dataset_consumes_1_and_2', 'dataset_produces_1', 'dataset_consumes_unknown_never_scheduled', 'dataset_consumes_1_never_scheduled', 'dataset_produces_2' retrieved from /home/airflow/.local/lib/python3.8/site-packages/airflow/example_dags/example_datasets.py
[2025-07-31T01:42:24.781+0000] {logging_mixin.py:188} INFO - [2025-07-31T01:42:24.781+0000] {dag.py:3036} INFO - Sync 6 DAGs
[2025-07-31T01:42:24.813+0000] {logging_mixin.py:188} INFO - [2025-07-31T01:42:24.812+0000] {dag.py:3823} INFO - Setting next_dagrun for dataset_consumes_1 to None, run_after=None
[2025-07-31T01:42:24.819+0000] {logging_mixin.py:188} INFO - [2025-07-31T01:42:24.818+0000] {dag.py:3823} INFO - Setting next_dagrun for dataset_consumes_1_and_2 to None, run_after=None
[2025-07-31T01:42:24.822+0000] {logging_mixin.py:188} INFO - [2025-07-31T01:42:24.822+0000] {dag.py:3823} INFO - Setting next_dagrun for dataset_consumes_1_never_scheduled to None, run_after=None
[2025-07-31T01:42:24.824+0000] {logging_mixin.py:188} INFO - [2025-07-31T01:42:24.824+0000] {dag.py:3823} INFO - Setting next_dagrun for dataset_consumes_unknown_never_scheduled to None, run_after=None
[2025-07-31T01:42:24.828+0000] {logging_mixin.py:188} INFO - [2025-07-31T01:42:24.827+0000] {dag.py:3823} INFO - Setting next_dagrun for dataset_produces_1 to 2025-07-30 00:00:00+00:00, run_after=2025-07-31 00:00:00+00:00
[2025-07-31T01:42:24.831+0000] {logging_mixin.py:188} INFO - [2025-07-31T01:42:24.830+0000] {dag.py:3823} INFO - Setting next_dagrun for dataset_produces_2 to None, run_after=None
[2025-07-31T01:42:24.911+0000] {processor.py:183} INFO - Processing /home/airflow/.local/lib/python3.8/site-packages/airflow/example_dags/example_datasets.py took 0.227 seconds
[2025-07-31T01:42:55.175+0000] {processor.py:161} INFO - Started process (PID=297) to work on /home/airflow/.local/lib/python3.8/site-packages/airflow/example_dags/example_datasets.py
[2025-07-31T01:42:55.177+0000] {processor.py:830} INFO - Processing file /home/airflow/.local/lib/python3.8/site-packages/airflow/example_dags/example_datasets.py for tasks to queue
[2025-07-31T01:42:55.182+0000] {logging_mixin.py:188} INFO - [2025-07-31T01:42:55.181+0000] {dagbag.py:538} INFO - Filling up the DagBag from /home/airflow/.local/lib/python3.8/site-packages/airflow/example_dags/example_datasets.py
[2025-07-31T01:42:55.213+0000] {processor.py:840} INFO - DAG(s) 'dataset_consumes_1_never_scheduled', 'dataset_consumes_unknown_never_scheduled', 'dataset_consumes_1_and_2', 'dataset_produces_2', 'dataset_consumes_1', 'dataset_produces_1' retrieved from /home/airflow/.local/lib/python3.8/site-packages/airflow/example_dags/example_datasets.py
[2025-07-31T01:42:55.314+0000] {logging_mixin.py:188} INFO - [2025-07-31T01:42:55.314+0000] {dag.py:3036} INFO - Sync 6 DAGs
[2025-07-31T01:42:55.382+0000] {logging_mixin.py:188} INFO - [2025-07-31T01:42:55.381+0000] {dag.py:3823} INFO - Setting next_dagrun for dataset_consumes_1 to None, run_after=None
[2025-07-31T01:42:55.396+0000] {logging_mixin.py:188} INFO - [2025-07-31T01:42:55.396+0000] {dag.py:3823} INFO - Setting next_dagrun for dataset_consumes_1_and_2 to None, run_after=None
[2025-07-31T01:42:55.399+0000] {logging_mixin.py:188} INFO - [2025-07-31T01:42:55.399+0000] {dag.py:3823} INFO - Setting next_dagrun for dataset_consumes_1_never_scheduled to None, run_after=None
[2025-07-31T01:42:55.402+0000] {logging_mixin.py:188} INFO - [2025-07-31T01:42:55.402+0000] {dag.py:3823} INFO - Setting next_dagrun for dataset_consumes_unknown_never_scheduled to None, run_after=None
[2025-07-31T01:42:55.414+0000] {logging_mixin.py:188} INFO - [2025-07-31T01:42:55.413+0000] {dag.py:3823} INFO - Setting next_dagrun for dataset_produces_1 to 2025-07-30 00:00:00+00:00, run_after=2025-07-31 00:00:00+00:00
[2025-07-31T01:42:55.417+0000] {logging_mixin.py:188} INFO - [2025-07-31T01:42:55.417+0000] {dag.py:3823} INFO - Setting next_dagrun for dataset_produces_2 to None, run_after=None
[2025-07-31T01:42:55.505+0000] {processor.py:183} INFO - Processing /home/airflow/.local/lib/python3.8/site-packages/airflow/example_dags/example_datasets.py took 0.339 seconds
[2025-07-31T01:43:26.368+0000] {processor.py:161} INFO - Started process (PID=352) to work on /home/airflow/.local/lib/python3.8/site-packages/airflow/example_dags/example_datasets.py
[2025-07-31T01:43:26.372+0000] {processor.py:830} INFO - Processing file /home/airflow/.local/lib/python3.8/site-packages/airflow/example_dags/example_datasets.py for tasks to queue
[2025-07-31T01:43:26.380+0000] {logging_mixin.py:188} INFO - [2025-07-31T01:43:26.380+0000] {dagbag.py:538} INFO - Filling up the DagBag from /home/airflow/.local/lib/python3.8/site-packages/airflow/example_dags/example_datasets.py
[2025-07-31T01:43:26.399+0000] {processor.py:840} INFO - DAG(s) 'dataset_consumes_1_and_2', 'dataset_produces_1', 'dataset_consumes_unknown_never_scheduled', 'dataset_consumes_1', 'dataset_consumes_1_never_scheduled', 'dataset_produces_2' retrieved from /home/airflow/.local/lib/python3.8/site-packages/airflow/example_dags/example_datasets.py
[2025-07-31T01:43:26.458+0000] {logging_mixin.py:188} INFO - [2025-07-31T01:43:26.458+0000] {dag.py:3036} INFO - Sync 6 DAGs
[2025-07-31T01:43:26.502+0000] {logging_mixin.py:188} INFO - [2025-07-31T01:43:26.501+0000] {dag.py:3823} INFO - Setting next_dagrun for dataset_consumes_1 to None, run_after=None
[2025-07-31T01:43:26.510+0000] {logging_mixin.py:188} INFO - [2025-07-31T01:43:26.510+0000] {dag.py:3823} INFO - Setting next_dagrun for dataset_consumes_1_and_2 to None, run_after=None
[2025-07-31T01:43:26.513+0000] {logging_mixin.py:188} INFO - [2025-07-31T01:43:26.513+0000] {dag.py:3823} INFO - Setting next_dagrun for dataset_consumes_1_never_scheduled to None, run_after=None
[2025-07-31T01:43:26.515+0000] {logging_mixin.py:188} INFO - [2025-07-31T01:43:26.515+0000] {dag.py:3823} INFO - Setting next_dagrun for dataset_consumes_unknown_never_scheduled to None, run_after=None
[2025-07-31T01:43:26.522+0000] {logging_mixin.py:188} INFO - [2025-07-31T01:43:26.521+0000] {dag.py:3823} INFO - Setting next_dagrun for dataset_produces_1 to 2025-07-30 00:00:00+00:00, run_after=2025-07-31 00:00:00+00:00
[2025-07-31T01:43:26.524+0000] {logging_mixin.py:188} INFO - [2025-07-31T01:43:26.523+0000] {dag.py:3823} INFO - Setting next_dagrun for dataset_produces_2 to None, run_after=None
[2025-07-31T01:43:26.603+0000] {processor.py:183} INFO - Processing /home/airflow/.local/lib/python3.8/site-packages/airflow/example_dags/example_datasets.py took 0.242 seconds
[2025-07-31T01:43:56.973+0000] {processor.py:161} INFO - Started process (PID=407) to work on /home/airflow/.local/lib/python3.8/site-packages/airflow/example_dags/example_datasets.py
[2025-07-31T01:43:56.976+0000] {processor.py:830} INFO - Processing file /home/airflow/.local/lib/python3.8/site-packages/airflow/example_dags/example_datasets.py for tasks to queue
[2025-07-31T01:43:56.978+0000] {logging_mixin.py:188} INFO - [2025-07-31T01:43:56.978+0000] {dagbag.py:538} INFO - Filling up the DagBag from /home/airflow/.local/lib/python3.8/site-packages/airflow/example_dags/example_datasets.py
[2025-07-31T01:43:57.005+0000] {processor.py:840} INFO - DAG(s) 'dataset_produces_2', 'dataset_consumes_1_and_2', 'dataset_consumes_1_never_scheduled', 'dataset_produces_1', 'dataset_consumes_1', 'dataset_consumes_unknown_never_scheduled' retrieved from /home/airflow/.local/lib/python3.8/site-packages/airflow/example_dags/example_datasets.py
[2025-07-31T01:43:57.085+0000] {logging_mixin.py:188} INFO - [2025-07-31T01:43:57.085+0000] {dag.py:3036} INFO - Sync 6 DAGs
[2025-07-31T01:43:57.131+0000] {logging_mixin.py:188} INFO - [2025-07-31T01:43:57.130+0000] {dag.py:3823} INFO - Setting next_dagrun for dataset_consumes_1 to None, run_after=None
[2025-07-31T01:43:57.140+0000] {logging_mixin.py:188} INFO - [2025-07-31T01:43:57.139+0000] {dag.py:3823} INFO - Setting next_dagrun for dataset_consumes_1_and_2 to None, run_after=None
[2025-07-31T01:43:57.142+0000] {logging_mixin.py:188} INFO - [2025-07-31T01:43:57.142+0000] {dag.py:3823} INFO - Setting next_dagrun for dataset_consumes_1_never_scheduled to None, run_after=None
[2025-07-31T01:43:57.146+0000] {logging_mixin.py:188} INFO - [2025-07-31T01:43:57.145+0000] {dag.py:3823} INFO - Setting next_dagrun for dataset_consumes_unknown_never_scheduled to None, run_after=None
[2025-07-31T01:43:57.154+0000] {logging_mixin.py:188} INFO - [2025-07-31T01:43:57.154+0000] {dag.py:3823} INFO - Setting next_dagrun for dataset_produces_1 to 2025-07-30 00:00:00+00:00, run_after=2025-07-31 00:00:00+00:00
[2025-07-31T01:43:57.157+0000] {logging_mixin.py:188} INFO - [2025-07-31T01:43:57.157+0000] {dag.py:3823} INFO - Setting next_dagrun for dataset_produces_2 to None, run_after=None
[2025-07-31T01:43:57.241+0000] {processor.py:183} INFO - Processing /home/airflow/.local/lib/python3.8/site-packages/airflow/example_dags/example_datasets.py took 0.279 seconds
[2025-07-31T01:44:27.926+0000] {processor.py:161} INFO - Started process (PID=462) to work on /home/airflow/.local/lib/python3.8/site-packages/airflow/example_dags/example_datasets.py
[2025-07-31T01:44:27.928+0000] {processor.py:830} INFO - Processing file /home/airflow/.local/lib/python3.8/site-packages/airflow/example_dags/example_datasets.py for tasks to queue
[2025-07-31T01:44:27.932+0000] {logging_mixin.py:188} INFO - [2025-07-31T01:44:27.931+0000] {dagbag.py:538} INFO - Filling up the DagBag from /home/airflow/.local/lib/python3.8/site-packages/airflow/example_dags/example_datasets.py
[2025-07-31T01:44:27.947+0000] {processor.py:840} INFO - DAG(s) 'dataset_produces_2', 'dataset_consumes_1', 'dataset_consumes_1_never_scheduled', 'dataset_consumes_1_and_2', 'dataset_produces_1', 'dataset_consumes_unknown_never_scheduled' retrieved from /home/airflow/.local/lib/python3.8/site-packages/airflow/example_dags/example_datasets.py
[2025-07-31T01:44:28.052+0000] {logging_mixin.py:188} INFO - [2025-07-31T01:44:28.052+0000] {dag.py:3036} INFO - Sync 6 DAGs
[2025-07-31T01:44:28.118+0000] {logging_mixin.py:188} INFO - [2025-07-31T01:44:28.117+0000] {dag.py:3823} INFO - Setting next_dagrun for dataset_consumes_1 to None, run_after=None
[2025-07-31T01:44:28.129+0000] {logging_mixin.py:188} INFO - [2025-07-31T01:44:28.129+0000] {dag.py:3823} INFO - Setting next_dagrun for dataset_consumes_1_and_2 to None, run_after=None
[2025-07-31T01:44:28.133+0000] {logging_mixin.py:188} INFO - [2025-07-31T01:44:28.133+0000] {dag.py:3823} INFO - Setting next_dagrun for dataset_consumes_1_never_scheduled to None, run_after=None
[2025-07-31T01:44:28.139+0000] {logging_mixin.py:188} INFO - [2025-07-31T01:44:28.138+0000] {dag.py:3823} INFO - Setting next_dagrun for dataset_consumes_unknown_never_scheduled to None, run_after=None
[2025-07-31T01:44:28.149+0000] {logging_mixin.py:188} INFO - [2025-07-31T01:44:28.148+0000] {dag.py:3823} INFO - Setting next_dagrun for dataset_produces_1 to 2025-07-30 00:00:00+00:00, run_after=2025-07-31 00:00:00+00:00
[2025-07-31T01:44:28.153+0000] {logging_mixin.py:188} INFO - [2025-07-31T01:44:28.152+0000] {dag.py:3823} INFO - Setting next_dagrun for dataset_produces_2 to None, run_after=None
[2025-07-31T01:44:28.226+0000] {processor.py:183} INFO - Processing /home/airflow/.local/lib/python3.8/site-packages/airflow/example_dags/example_datasets.py took 0.307 seconds
[2025-07-31T01:44:58.505+0000] {processor.py:161} INFO - Started process (PID=518) to work on /home/airflow/.local/lib/python3.8/site-packages/airflow/example_dags/example_datasets.py
[2025-07-31T01:44:58.509+0000] {processor.py:830} INFO - Processing file /home/airflow/.local/lib/python3.8/site-packages/airflow/example_dags/example_datasets.py for tasks to queue
[2025-07-31T01:44:58.512+0000] {logging_mixin.py:188} INFO - [2025-07-31T01:44:58.511+0000] {dagbag.py:538} INFO - Filling up the DagBag from /home/airflow/.local/lib/python3.8/site-packages/airflow/example_dags/example_datasets.py
[2025-07-31T01:44:58.532+0000] {processor.py:840} INFO - DAG(s) 'dataset_consumes_unknown_never_scheduled', 'dataset_consumes_1_and_2', 'dataset_produces_2', 'dataset_produces_1', 'dataset_consumes_1_never_scheduled', 'dataset_consumes_1' retrieved from /home/airflow/.local/lib/python3.8/site-packages/airflow/example_dags/example_datasets.py
[2025-07-31T01:44:58.698+0000] {logging_mixin.py:188} INFO - [2025-07-31T01:44:58.694+0000] {dag.py:3036} INFO - Sync 6 DAGs
[2025-07-31T01:44:58.762+0000] {logging_mixin.py:188} INFO - [2025-07-31T01:44:58.761+0000] {dag.py:3823} INFO - Setting next_dagrun for dataset_consumes_1 to None, run_after=None
[2025-07-31T01:44:58.767+0000] {logging_mixin.py:188} INFO - [2025-07-31T01:44:58.767+0000] {dag.py:3823} INFO - Setting next_dagrun for dataset_consumes_1_and_2 to None, run_after=None
[2025-07-31T01:44:58.774+0000] {logging_mixin.py:188} INFO - [2025-07-31T01:44:58.774+0000] {dag.py:3823} INFO - Setting next_dagrun for dataset_consumes_1_never_scheduled to None, run_after=None
[2025-07-31T01:44:58.777+0000] {logging_mixin.py:188} INFO - [2025-07-31T01:44:58.777+0000] {dag.py:3823} INFO - Setting next_dagrun for dataset_consumes_unknown_never_scheduled to None, run_after=None
[2025-07-31T01:44:58.784+0000] {logging_mixin.py:188} INFO - [2025-07-31T01:44:58.784+0000] {dag.py:3823} INFO - Setting next_dagrun for dataset_produces_1 to 2025-07-30 00:00:00+00:00, run_after=2025-07-31 00:00:00+00:00
[2025-07-31T01:44:58.790+0000] {logging_mixin.py:188} INFO - [2025-07-31T01:44:58.790+0000] {dag.py:3823} INFO - Setting next_dagrun for dataset_produces_2 to None, run_after=None
[2025-07-31T01:44:58.859+0000] {processor.py:183} INFO - Processing /home/airflow/.local/lib/python3.8/site-packages/airflow/example_dags/example_datasets.py took 0.370 seconds
[2025-07-31T01:45:28.998+0000] {processor.py:161} INFO - Started process (PID=573) to work on /home/airflow/.local/lib/python3.8/site-packages/airflow/example_dags/example_datasets.py
[2025-07-31T01:45:29.001+0000] {processor.py:830} INFO - Processing file /home/airflow/.local/lib/python3.8/site-packages/airflow/example_dags/example_datasets.py for tasks to queue
[2025-07-31T01:45:29.006+0000] {logging_mixin.py:188} INFO - [2025-07-31T01:45:29.005+0000] {dagbag.py:538} INFO - Filling up the DagBag from /home/airflow/.local/lib/python3.8/site-packages/airflow/example_dags/example_datasets.py
[2025-07-31T01:45:29.027+0000] {processor.py:840} INFO - DAG(s) 'dataset_produces_1', 'dataset_consumes_unknown_never_scheduled', 'dataset_consumes_1_never_scheduled', 'dataset_consumes_1_and_2', 'dataset_produces_2', 'dataset_consumes_1' retrieved from /home/airflow/.local/lib/python3.8/site-packages/airflow/example_dags/example_datasets.py
[2025-07-31T01:45:29.135+0000] {logging_mixin.py:188} INFO - [2025-07-31T01:45:29.134+0000] {dag.py:3036} INFO - Sync 6 DAGs
[2025-07-31T01:45:29.226+0000] {logging_mixin.py:188} INFO - [2025-07-31T01:45:29.226+0000] {dag.py:3823} INFO - Setting next_dagrun for dataset_consumes_1 to None, run_after=None
[2025-07-31T01:45:29.239+0000] {logging_mixin.py:188} INFO - [2025-07-31T01:45:29.238+0000] {dag.py:3823} INFO - Setting next_dagrun for dataset_consumes_1_and_2 to None, run_after=None
[2025-07-31T01:45:29.243+0000] {logging_mixin.py:188} INFO - [2025-07-31T01:45:29.243+0000] {dag.py:3823} INFO - Setting next_dagrun for dataset_consumes_1_never_scheduled to None, run_after=None
[2025-07-31T01:45:29.252+0000] {logging_mixin.py:188} INFO - [2025-07-31T01:45:29.252+0000] {dag.py:3823} INFO - Setting next_dagrun for dataset_consumes_unknown_never_scheduled to None, run_after=None
[2025-07-31T01:45:29.259+0000] {logging_mixin.py:188} INFO - [2025-07-31T01:45:29.259+0000] {dag.py:3823} INFO - Setting next_dagrun for dataset_produces_1 to 2025-07-30 00:00:00+00:00, run_after=2025-07-31 00:00:00+00:00
[2025-07-31T01:45:29.267+0000] {logging_mixin.py:188} INFO - [2025-07-31T01:45:29.267+0000] {dag.py:3823} INFO - Setting next_dagrun for dataset_produces_2 to None, run_after=None
[2025-07-31T01:45:29.338+0000] {processor.py:183} INFO - Processing /home/airflow/.local/lib/python3.8/site-packages/airflow/example_dags/example_datasets.py took 0.348 seconds
[2025-07-31T01:46:00.324+0000] {processor.py:161} INFO - Started process (PID=629) to work on /home/airflow/.local/lib/python3.8/site-packages/airflow/example_dags/example_datasets.py
[2025-07-31T01:46:00.326+0000] {processor.py:830} INFO - Processing file /home/airflow/.local/lib/python3.8/site-packages/airflow/example_dags/example_datasets.py for tasks to queue
[2025-07-31T01:46:00.330+0000] {logging_mixin.py:188} INFO - [2025-07-31T01:46:00.329+0000] {dagbag.py:538} INFO - Filling up the DagBag from /home/airflow/.local/lib/python3.8/site-packages/airflow/example_dags/example_datasets.py
[2025-07-31T01:46:00.345+0000] {processor.py:840} INFO - DAG(s) 'dataset_consumes_1_never_scheduled', 'dataset_consumes_1_and_2', 'dataset_consumes_1', 'dataset_consumes_unknown_never_scheduled', 'dataset_produces_2', 'dataset_produces_1' retrieved from /home/airflow/.local/lib/python3.8/site-packages/airflow/example_dags/example_datasets.py
[2025-07-31T01:46:00.412+0000] {logging_mixin.py:188} INFO - [2025-07-31T01:46:00.412+0000] {dag.py:3036} INFO - Sync 6 DAGs
[2025-07-31T01:46:00.452+0000] {logging_mixin.py:188} INFO - [2025-07-31T01:46:00.452+0000] {dag.py:3823} INFO - Setting next_dagrun for dataset_consumes_1 to None, run_after=None
[2025-07-31T01:46:00.459+0000] {logging_mixin.py:188} INFO - [2025-07-31T01:46:00.459+0000] {dag.py:3823} INFO - Setting next_dagrun for dataset_consumes_1_and_2 to None, run_after=None
[2025-07-31T01:46:00.472+0000] {logging_mixin.py:188} INFO - [2025-07-31T01:46:00.472+0000] {dag.py:3823} INFO - Setting next_dagrun for dataset_consumes_1_never_scheduled to None, run_after=None
[2025-07-31T01:46:00.475+0000] {logging_mixin.py:188} INFO - [2025-07-31T01:46:00.474+0000] {dag.py:3823} INFO - Setting next_dagrun for dataset_consumes_unknown_never_scheduled to None, run_after=None
[2025-07-31T01:46:00.481+0000] {logging_mixin.py:188} INFO - [2025-07-31T01:46:00.480+0000] {dag.py:3823} INFO - Setting next_dagrun for dataset_produces_1 to 2025-07-30 00:00:00+00:00, run_after=2025-07-31 00:00:00+00:00
[2025-07-31T01:46:00.484+0000] {logging_mixin.py:188} INFO - [2025-07-31T01:46:00.483+0000] {dag.py:3823} INFO - Setting next_dagrun for dataset_produces_2 to None, run_after=None
[2025-07-31T01:46:00.558+0000] {processor.py:183} INFO - Processing /home/airflow/.local/lib/python3.8/site-packages/airflow/example_dags/example_datasets.py took 0.241 seconds
[2025-07-31T01:46:30.951+0000] {processor.py:161} INFO - Started process (PID=685) to work on /home/airflow/.local/lib/python3.8/site-packages/airflow/example_dags/example_datasets.py
[2025-07-31T01:46:30.953+0000] {processor.py:830} INFO - Processing file /home/airflow/.local/lib/python3.8/site-packages/airflow/example_dags/example_datasets.py for tasks to queue
[2025-07-31T01:46:30.956+0000] {logging_mixin.py:188} INFO - [2025-07-31T01:46:30.955+0000] {dagbag.py:538} INFO - Filling up the DagBag from /home/airflow/.local/lib/python3.8/site-packages/airflow/example_dags/example_datasets.py
[2025-07-31T01:46:30.971+0000] {processor.py:840} INFO - DAG(s) 'dataset_consumes_unknown_never_scheduled', 'dataset_consumes_1_never_scheduled', 'dataset_produces_2', 'dataset_produces_1', 'dataset_consumes_1', 'dataset_consumes_1_and_2' retrieved from /home/airflow/.local/lib/python3.8/site-packages/airflow/example_dags/example_datasets.py
[2025-07-31T01:46:31.018+0000] {logging_mixin.py:188} INFO - [2025-07-31T01:46:31.017+0000] {dag.py:3036} INFO - Sync 6 DAGs
[2025-07-31T01:46:31.046+0000] {logging_mixin.py:188} INFO - [2025-07-31T01:46:31.045+0000] {dag.py:3823} INFO - Setting next_dagrun for dataset_consumes_1 to None, run_after=None
[2025-07-31T01:46:31.050+0000] {logging_mixin.py:188} INFO - [2025-07-31T01:46:31.050+0000] {dag.py:3823} INFO - Setting next_dagrun for dataset_consumes_1_and_2 to None, run_after=None
[2025-07-31T01:46:31.052+0000] {logging_mixin.py:188} INFO - [2025-07-31T01:46:31.052+0000] {dag.py:3823} INFO - Setting next_dagrun for dataset_consumes_1_never_scheduled to None, run_after=None
[2025-07-31T01:46:31.054+0000] {logging_mixin.py:188} INFO - [2025-07-31T01:46:31.054+0000] {dag.py:3823} INFO - Setting next_dagrun for dataset_consumes_unknown_never_scheduled to None, run_after=None
[2025-07-31T01:46:31.057+0000] {logging_mixin.py:188} INFO - [2025-07-31T01:46:31.057+0000] {dag.py:3823} INFO - Setting next_dagrun for dataset_produces_1 to 2025-07-30 00:00:00+00:00, run_after=2025-07-31 00:00:00+00:00
[2025-07-31T01:46:31.060+0000] {logging_mixin.py:188} INFO - [2025-07-31T01:46:31.059+0000] {dag.py:3823} INFO - Setting next_dagrun for dataset_produces_2 to None, run_after=None
[2025-07-31T01:46:31.125+0000] {processor.py:183} INFO - Processing /home/airflow/.local/lib/python3.8/site-packages/airflow/example_dags/example_datasets.py took 0.181 seconds
[2025-07-31T01:47:01.274+0000] {processor.py:161} INFO - Started process (PID=741) to work on /home/airflow/.local/lib/python3.8/site-packages/airflow/example_dags/example_datasets.py
[2025-07-31T01:47:01.275+0000] {processor.py:830} INFO - Processing file /home/airflow/.local/lib/python3.8/site-packages/airflow/example_dags/example_datasets.py for tasks to queue
[2025-07-31T01:47:01.284+0000] {logging_mixin.py:188} INFO - [2025-07-31T01:47:01.283+0000] {dagbag.py:538} INFO - Filling up the DagBag from /home/airflow/.local/lib/python3.8/site-packages/airflow/example_dags/example_datasets.py
[2025-07-31T01:47:01.325+0000] {processor.py:840} INFO - DAG(s) 'dataset_produces_1', 'dataset_consumes_1_and_2', 'dataset_produces_2', 'dataset_consumes_unknown_never_scheduled', 'dataset_consumes_1_never_scheduled', 'dataset_consumes_1' retrieved from /home/airflow/.local/lib/python3.8/site-packages/airflow/example_dags/example_datasets.py
[2025-07-31T01:47:01.487+0000] {logging_mixin.py:188} INFO - [2025-07-31T01:47:01.487+0000] {dag.py:3036} INFO - Sync 6 DAGs
[2025-07-31T01:47:01.533+0000] {logging_mixin.py:188} INFO - [2025-07-31T01:47:01.532+0000] {dag.py:3823} INFO - Setting next_dagrun for dataset_consumes_1 to None, run_after=None
[2025-07-31T01:47:01.537+0000] {logging_mixin.py:188} INFO - [2025-07-31T01:47:01.537+0000] {dag.py:3823} INFO - Setting next_dagrun for dataset_consumes_1_and_2 to None, run_after=None
[2025-07-31T01:47:01.540+0000] {logging_mixin.py:188} INFO - [2025-07-31T01:47:01.540+0000] {dag.py:3823} INFO - Setting next_dagrun for dataset_consumes_1_never_scheduled to None, run_after=None
[2025-07-31T01:47:01.542+0000] {logging_mixin.py:188} INFO - [2025-07-31T01:47:01.542+0000] {dag.py:3823} INFO - Setting next_dagrun for dataset_consumes_unknown_never_scheduled to None, run_after=None
[2025-07-31T01:47:01.549+0000] {logging_mixin.py:188} INFO - [2025-07-31T01:47:01.549+0000] {dag.py:3823} INFO - Setting next_dagrun for dataset_produces_1 to 2025-07-30 00:00:00+00:00, run_after=2025-07-31 00:00:00+00:00
[2025-07-31T01:47:01.553+0000] {logging_mixin.py:188} INFO - [2025-07-31T01:47:01.552+0000] {dag.py:3823} INFO - Setting next_dagrun for dataset_produces_2 to None, run_after=None
[2025-07-31T01:47:01.656+0000] {processor.py:183} INFO - Processing /home/airflow/.local/lib/python3.8/site-packages/airflow/example_dags/example_datasets.py took 0.393 seconds
[2025-07-31T01:47:32.063+0000] {processor.py:161} INFO - Started process (PID=797) to work on /home/airflow/.local/lib/python3.8/site-packages/airflow/example_dags/example_datasets.py
[2025-07-31T01:47:32.065+0000] {processor.py:830} INFO - Processing file /home/airflow/.local/lib/python3.8/site-packages/airflow/example_dags/example_datasets.py for tasks to queue
[2025-07-31T01:47:32.068+0000] {logging_mixin.py:188} INFO - [2025-07-31T01:47:32.067+0000] {dagbag.py:538} INFO - Filling up the DagBag from /home/airflow/.local/lib/python3.8/site-packages/airflow/example_dags/example_datasets.py
[2025-07-31T01:47:32.081+0000] {processor.py:840} INFO - DAG(s) 'dataset_consumes_1_never_scheduled', 'dataset_produces_1', 'dataset_consumes_1', 'dataset_consumes_1_and_2', 'dataset_produces_2', 'dataset_consumes_unknown_never_scheduled' retrieved from /home/airflow/.local/lib/python3.8/site-packages/airflow/example_dags/example_datasets.py
[2025-07-31T01:47:32.144+0000] {logging_mixin.py:188} INFO - [2025-07-31T01:47:32.143+0000] {dag.py:3036} INFO - Sync 6 DAGs
[2025-07-31T01:47:32.173+0000] {logging_mixin.py:188} INFO - [2025-07-31T01:47:32.172+0000] {dag.py:3823} INFO - Setting next_dagrun for dataset_consumes_1 to None, run_after=None
[2025-07-31T01:47:32.179+0000] {logging_mixin.py:188} INFO - [2025-07-31T01:47:32.179+0000] {dag.py:3823} INFO - Setting next_dagrun for dataset_consumes_1_and_2 to None, run_after=None
[2025-07-31T01:47:32.185+0000] {logging_mixin.py:188} INFO - [2025-07-31T01:47:32.185+0000] {dag.py:3823} INFO - Setting next_dagrun for dataset_consumes_1_never_scheduled to None, run_after=None
[2025-07-31T01:47:32.188+0000] {logging_mixin.py:188} INFO - [2025-07-31T01:47:32.188+0000] {dag.py:3823} INFO - Setting next_dagrun for dataset_consumes_unknown_never_scheduled to None, run_after=None
[2025-07-31T01:47:32.193+0000] {logging_mixin.py:188} INFO - [2025-07-31T01:47:32.193+0000] {dag.py:3823} INFO - Setting next_dagrun for dataset_produces_1 to 2025-07-30 00:00:00+00:00, run_after=2025-07-31 00:00:00+00:00
[2025-07-31T01:47:32.200+0000] {logging_mixin.py:188} INFO - [2025-07-31T01:47:32.200+0000] {dag.py:3823} INFO - Setting next_dagrun for dataset_produces_2 to None, run_after=None
[2025-07-31T01:47:32.252+0000] {processor.py:183} INFO - Processing /home/airflow/.local/lib/python3.8/site-packages/airflow/example_dags/example_datasets.py took 0.193 seconds
[2025-07-31T01:48:36.184+0000] {processor.py:161} INFO - Started process (PID=76) to work on /home/airflow/.local/lib/python3.8/site-packages/airflow/example_dags/example_datasets.py
[2025-07-31T01:48:36.186+0000] {processor.py:830} INFO - Processing file /home/airflow/.local/lib/python3.8/site-packages/airflow/example_dags/example_datasets.py for tasks to queue
[2025-07-31T01:48:36.190+0000] {logging_mixin.py:188} INFO - [2025-07-31T01:48:36.189+0000] {dagbag.py:538} INFO - Filling up the DagBag from /home/airflow/.local/lib/python3.8/site-packages/airflow/example_dags/example_datasets.py
[2025-07-31T01:48:36.224+0000] {processor.py:840} INFO - DAG(s) 'dataset_consumes_unknown_never_scheduled', 'dataset_produces_1', 'dataset_consumes_1_and_2', 'dataset_consumes_1_never_scheduled', 'dataset_produces_2', 'dataset_consumes_1' retrieved from /home/airflow/.local/lib/python3.8/site-packages/airflow/example_dags/example_datasets.py
[2025-07-31T01:48:36.278+0000] {logging_mixin.py:188} INFO - [2025-07-31T01:48:36.278+0000] {dag.py:3036} INFO - Sync 6 DAGs
[2025-07-31T01:48:36.336+0000] {logging_mixin.py:188} INFO - [2025-07-31T01:48:36.334+0000] {dag.py:3823} INFO - Setting next_dagrun for dataset_consumes_1 to None, run_after=None
[2025-07-31T01:48:36.343+0000] {logging_mixin.py:188} INFO - [2025-07-31T01:48:36.343+0000] {dag.py:3823} INFO - Setting next_dagrun for dataset_consumes_1_and_2 to None, run_after=None
[2025-07-31T01:48:36.347+0000] {logging_mixin.py:188} INFO - [2025-07-31T01:48:36.346+0000] {dag.py:3823} INFO - Setting next_dagrun for dataset_consumes_1_never_scheduled to None, run_after=None
[2025-07-31T01:48:36.350+0000] {logging_mixin.py:188} INFO - [2025-07-31T01:48:36.349+0000] {dag.py:3823} INFO - Setting next_dagrun for dataset_consumes_unknown_never_scheduled to None, run_after=None
[2025-07-31T01:48:36.358+0000] {logging_mixin.py:188} INFO - [2025-07-31T01:48:36.358+0000] {dag.py:3823} INFO - Setting next_dagrun for dataset_produces_1 to 2025-07-30 00:00:00+00:00, run_after=2025-07-31 00:00:00+00:00
[2025-07-31T01:48:36.362+0000] {logging_mixin.py:188} INFO - [2025-07-31T01:48:36.362+0000] {dag.py:3823} INFO - Setting next_dagrun for dataset_produces_2 to None, run_after=None
[2025-07-31T01:48:36.440+0000] {processor.py:183} INFO - Processing /home/airflow/.local/lib/python3.8/site-packages/airflow/example_dags/example_datasets.py took 0.262 seconds
[2025-07-31T01:49:08.059+0000] {processor.py:161} INFO - Started process (PID=132) to work on /home/airflow/.local/lib/python3.8/site-packages/airflow/example_dags/example_datasets.py
[2025-07-31T01:49:08.061+0000] {processor.py:830} INFO - Processing file /home/airflow/.local/lib/python3.8/site-packages/airflow/example_dags/example_datasets.py for tasks to queue
[2025-07-31T01:49:08.066+0000] {logging_mixin.py:188} INFO - [2025-07-31T01:49:08.065+0000] {dagbag.py:538} INFO - Filling up the DagBag from /home/airflow/.local/lib/python3.8/site-packages/airflow/example_dags/example_datasets.py
[2025-07-31T01:49:08.105+0000] {processor.py:840} INFO - DAG(s) 'dataset_consumes_1_never_scheduled', 'dataset_produces_2', 'dataset_consumes_unknown_never_scheduled', 'dataset_produces_1', 'dataset_consumes_1_and_2', 'dataset_consumes_1' retrieved from /home/airflow/.local/lib/python3.8/site-packages/airflow/example_dags/example_datasets.py
[2025-07-31T01:49:08.546+0000] {logging_mixin.py:188} INFO - [2025-07-31T01:49:08.545+0000] {dag.py:3036} INFO - Sync 6 DAGs
[2025-07-31T01:49:08.586+0000] {logging_mixin.py:188} INFO - [2025-07-31T01:49:08.586+0000] {dag.py:3823} INFO - Setting next_dagrun for dataset_consumes_1 to None, run_after=None
[2025-07-31T01:49:08.593+0000] {logging_mixin.py:188} INFO - [2025-07-31T01:49:08.592+0000] {dag.py:3823} INFO - Setting next_dagrun for dataset_consumes_1_and_2 to None, run_after=None
[2025-07-31T01:49:08.595+0000] {logging_mixin.py:188} INFO - [2025-07-31T01:49:08.595+0000] {dag.py:3823} INFO - Setting next_dagrun for dataset_consumes_1_never_scheduled to None, run_after=None
[2025-07-31T01:49:08.598+0000] {logging_mixin.py:188} INFO - [2025-07-31T01:49:08.598+0000] {dag.py:3823} INFO - Setting next_dagrun for dataset_consumes_unknown_never_scheduled to None, run_after=None
[2025-07-31T01:49:08.603+0000] {logging_mixin.py:188} INFO - [2025-07-31T01:49:08.602+0000] {dag.py:3823} INFO - Setting next_dagrun for dataset_produces_1 to 2025-07-30 00:00:00+00:00, run_after=2025-07-31 00:00:00+00:00
[2025-07-31T01:49:08.606+0000] {logging_mixin.py:188} INFO - [2025-07-31T01:49:08.605+0000] {dag.py:3823} INFO - Setting next_dagrun for dataset_produces_2 to None, run_after=None
[2025-07-31T01:49:08.656+0000] {processor.py:183} INFO - Processing /home/airflow/.local/lib/python3.8/site-packages/airflow/example_dags/example_datasets.py took 0.611 seconds
[2025-07-31T01:49:39.645+0000] {processor.py:161} INFO - Started process (PID=188) to work on /home/airflow/.local/lib/python3.8/site-packages/airflow/example_dags/example_datasets.py
[2025-07-31T01:49:39.647+0000] {processor.py:830} INFO - Processing file /home/airflow/.local/lib/python3.8/site-packages/airflow/example_dags/example_datasets.py for tasks to queue
[2025-07-31T01:49:39.654+0000] {logging_mixin.py:188} INFO - [2025-07-31T01:49:39.653+0000] {dagbag.py:538} INFO - Filling up the DagBag from /home/airflow/.local/lib/python3.8/site-packages/airflow/example_dags/example_datasets.py
[2025-07-31T01:49:39.692+0000] {processor.py:840} INFO - DAG(s) 'dataset_produces_2', 'dataset_produces_1', 'dataset_consumes_1', 'dataset_consumes_1_and_2', 'dataset_consumes_1_never_scheduled', 'dataset_consumes_unknown_never_scheduled' retrieved from /home/airflow/.local/lib/python3.8/site-packages/airflow/example_dags/example_datasets.py
[2025-07-31T01:49:39.879+0000] {logging_mixin.py:188} INFO - [2025-07-31T01:49:39.876+0000] {dag.py:3036} INFO - Sync 6 DAGs
[2025-07-31T01:49:39.994+0000] {logging_mixin.py:188} INFO - [2025-07-31T01:49:39.993+0000] {dag.py:3823} INFO - Setting next_dagrun for dataset_consumes_1 to None, run_after=None
[2025-07-31T01:49:40.005+0000] {logging_mixin.py:188} INFO - [2025-07-31T01:49:40.004+0000] {dag.py:3823} INFO - Setting next_dagrun for dataset_consumes_1_and_2 to None, run_after=None
[2025-07-31T01:49:40.013+0000] {logging_mixin.py:188} INFO - [2025-07-31T01:49:40.012+0000] {dag.py:3823} INFO - Setting next_dagrun for dataset_consumes_1_never_scheduled to None, run_after=None
[2025-07-31T01:49:40.017+0000] {logging_mixin.py:188} INFO - [2025-07-31T01:49:40.017+0000] {dag.py:3823} INFO - Setting next_dagrun for dataset_consumes_unknown_never_scheduled to None, run_after=None
[2025-07-31T01:49:40.028+0000] {logging_mixin.py:188} INFO - [2025-07-31T01:49:40.027+0000] {dag.py:3823} INFO - Setting next_dagrun for dataset_produces_1 to 2025-07-30 00:00:00+00:00, run_after=2025-07-31 00:00:00+00:00
[2025-07-31T01:49:40.032+0000] {logging_mixin.py:188} INFO - [2025-07-31T01:49:40.031+0000] {dag.py:3823} INFO - Setting next_dagrun for dataset_produces_2 to None, run_after=None
[2025-07-31T01:49:40.154+0000] {processor.py:183} INFO - Processing /home/airflow/.local/lib/python3.8/site-packages/airflow/example_dags/example_datasets.py took 0.524 seconds
[2025-07-31T01:50:10.538+0000] {processor.py:161} INFO - Started process (PID=246) to work on /home/airflow/.local/lib/python3.8/site-packages/airflow/example_dags/example_datasets.py
[2025-07-31T01:50:10.541+0000] {processor.py:830} INFO - Processing file /home/airflow/.local/lib/python3.8/site-packages/airflow/example_dags/example_datasets.py for tasks to queue
[2025-07-31T01:50:10.545+0000] {logging_mixin.py:188} INFO - [2025-07-31T01:50:10.544+0000] {dagbag.py:538} INFO - Filling up the DagBag from /home/airflow/.local/lib/python3.8/site-packages/airflow/example_dags/example_datasets.py
[2025-07-31T01:50:10.569+0000] {processor.py:840} INFO - DAG(s) 'dataset_consumes_unknown_never_scheduled', 'dataset_consumes_1', 'dataset_consumes_1_and_2', 'dataset_produces_2', 'dataset_produces_1', 'dataset_consumes_1_never_scheduled' retrieved from /home/airflow/.local/lib/python3.8/site-packages/airflow/example_dags/example_datasets.py
[2025-07-31T01:50:10.670+0000] {logging_mixin.py:188} INFO - [2025-07-31T01:50:10.669+0000] {dag.py:3036} INFO - Sync 6 DAGs
[2025-07-31T01:50:10.770+0000] {logging_mixin.py:188} INFO - [2025-07-31T01:50:10.758+0000] {dag.py:3823} INFO - Setting next_dagrun for dataset_consumes_1 to None, run_after=None
[2025-07-31T01:50:10.789+0000] {logging_mixin.py:188} INFO - [2025-07-31T01:50:10.788+0000] {dag.py:3823} INFO - Setting next_dagrun for dataset_consumes_1_and_2 to None, run_after=None
[2025-07-31T01:50:10.797+0000] {logging_mixin.py:188} INFO - [2025-07-31T01:50:10.796+0000] {dag.py:3823} INFO - Setting next_dagrun for dataset_consumes_1_never_scheduled to None, run_after=None
[2025-07-31T01:50:10.806+0000] {logging_mixin.py:188} INFO - [2025-07-31T01:50:10.805+0000] {dag.py:3823} INFO - Setting next_dagrun for dataset_consumes_unknown_never_scheduled to None, run_after=None
[2025-07-31T01:50:10.813+0000] {logging_mixin.py:188} INFO - [2025-07-31T01:50:10.813+0000] {dag.py:3823} INFO - Setting next_dagrun for dataset_produces_1 to 2025-07-30 00:00:00+00:00, run_after=2025-07-31 00:00:00+00:00
[2025-07-31T01:50:10.826+0000] {logging_mixin.py:188} INFO - [2025-07-31T01:50:10.826+0000] {dag.py:3823} INFO - Setting next_dagrun for dataset_produces_2 to None, run_after=None
[2025-07-31T01:50:11.023+0000] {processor.py:183} INFO - Processing /home/airflow/.local/lib/python3.8/site-packages/airflow/example_dags/example_datasets.py took 0.493 seconds
[2025-07-31T01:50:41.215+0000] {processor.py:161} INFO - Started process (PID=301) to work on /home/airflow/.local/lib/python3.8/site-packages/airflow/example_dags/example_datasets.py
[2025-07-31T01:50:41.217+0000] {processor.py:830} INFO - Processing file /home/airflow/.local/lib/python3.8/site-packages/airflow/example_dags/example_datasets.py for tasks to queue
[2025-07-31T01:50:41.220+0000] {logging_mixin.py:188} INFO - [2025-07-31T01:50:41.220+0000] {dagbag.py:538} INFO - Filling up the DagBag from /home/airflow/.local/lib/python3.8/site-packages/airflow/example_dags/example_datasets.py
[2025-07-31T01:50:41.267+0000] {processor.py:840} INFO - DAG(s) 'dataset_consumes_unknown_never_scheduled', 'dataset_produces_1', 'dataset_consumes_1_never_scheduled', 'dataset_consumes_1_and_2', 'dataset_consumes_1', 'dataset_produces_2' retrieved from /home/airflow/.local/lib/python3.8/site-packages/airflow/example_dags/example_datasets.py
[2025-07-31T01:50:41.413+0000] {logging_mixin.py:188} INFO - [2025-07-31T01:50:41.412+0000] {dag.py:3036} INFO - Sync 6 DAGs
[2025-07-31T01:50:41.463+0000] {logging_mixin.py:188} INFO - [2025-07-31T01:50:41.462+0000] {dag.py:3823} INFO - Setting next_dagrun for dataset_consumes_1 to None, run_after=None
[2025-07-31T01:50:41.469+0000] {logging_mixin.py:188} INFO - [2025-07-31T01:50:41.469+0000] {dag.py:3823} INFO - Setting next_dagrun for dataset_consumes_1_and_2 to None, run_after=None
[2025-07-31T01:50:41.473+0000] {logging_mixin.py:188} INFO - [2025-07-31T01:50:41.472+0000] {dag.py:3823} INFO - Setting next_dagrun for dataset_consumes_1_never_scheduled to None, run_after=None
[2025-07-31T01:50:41.478+0000] {logging_mixin.py:188} INFO - [2025-07-31T01:50:41.478+0000] {dag.py:3823} INFO - Setting next_dagrun for dataset_consumes_unknown_never_scheduled to None, run_after=None
[2025-07-31T01:50:41.486+0000] {logging_mixin.py:188} INFO - [2025-07-31T01:50:41.485+0000] {dag.py:3823} INFO - Setting next_dagrun for dataset_produces_1 to 2025-07-30 00:00:00+00:00, run_after=2025-07-31 00:00:00+00:00
[2025-07-31T01:50:41.489+0000] {logging_mixin.py:188} INFO - [2025-07-31T01:50:41.489+0000] {dag.py:3823} INFO - Setting next_dagrun for dataset_produces_2 to None, run_after=None
[2025-07-31T01:50:41.673+0000] {processor.py:183} INFO - Processing /home/airflow/.local/lib/python3.8/site-packages/airflow/example_dags/example_datasets.py took 0.474 seconds
[2025-07-31T01:51:12.152+0000] {processor.py:161} INFO - Started process (PID=357) to work on /home/airflow/.local/lib/python3.8/site-packages/airflow/example_dags/example_datasets.py
[2025-07-31T01:51:12.153+0000] {processor.py:830} INFO - Processing file /home/airflow/.local/lib/python3.8/site-packages/airflow/example_dags/example_datasets.py for tasks to queue
[2025-07-31T01:51:12.158+0000] {logging_mixin.py:188} INFO - [2025-07-31T01:51:12.157+0000] {dagbag.py:538} INFO - Filling up the DagBag from /home/airflow/.local/lib/python3.8/site-packages/airflow/example_dags/example_datasets.py
[2025-07-31T01:51:12.170+0000] {processor.py:840} INFO - DAG(s) 'dataset_consumes_1_never_scheduled', 'dataset_consumes_1', 'dataset_produces_1', 'dataset_consumes_unknown_never_scheduled', 'dataset_consumes_1_and_2', 'dataset_produces_2' retrieved from /home/airflow/.local/lib/python3.8/site-packages/airflow/example_dags/example_datasets.py
[2025-07-31T01:51:12.265+0000] {logging_mixin.py:188} INFO - [2025-07-31T01:51:12.264+0000] {dag.py:3036} INFO - Sync 6 DAGs
[2025-07-31T01:51:12.354+0000] {logging_mixin.py:188} INFO - [2025-07-31T01:51:12.354+0000] {dag.py:3823} INFO - Setting next_dagrun for dataset_consumes_1 to None, run_after=None
[2025-07-31T01:51:12.361+0000] {logging_mixin.py:188} INFO - [2025-07-31T01:51:12.361+0000] {dag.py:3823} INFO - Setting next_dagrun for dataset_consumes_1_and_2 to None, run_after=None
[2025-07-31T01:51:12.365+0000] {logging_mixin.py:188} INFO - [2025-07-31T01:51:12.364+0000] {dag.py:3823} INFO - Setting next_dagrun for dataset_consumes_1_never_scheduled to None, run_after=None
[2025-07-31T01:51:12.369+0000] {logging_mixin.py:188} INFO - [2025-07-31T01:51:12.369+0000] {dag.py:3823} INFO - Setting next_dagrun for dataset_consumes_unknown_never_scheduled to None, run_after=None
[2025-07-31T01:51:12.377+0000] {logging_mixin.py:188} INFO - [2025-07-31T01:51:12.376+0000] {dag.py:3823} INFO - Setting next_dagrun for dataset_produces_1 to 2025-07-30 00:00:00+00:00, run_after=2025-07-31 00:00:00+00:00
[2025-07-31T01:51:12.380+0000] {logging_mixin.py:188} INFO - [2025-07-31T01:51:12.379+0000] {dag.py:3823} INFO - Setting next_dagrun for dataset_produces_2 to None, run_after=None
[2025-07-31T01:51:12.471+0000] {processor.py:183} INFO - Processing /home/airflow/.local/lib/python3.8/site-packages/airflow/example_dags/example_datasets.py took 0.325 seconds
[2025-07-31T01:51:42.593+0000] {processor.py:161} INFO - Started process (PID=412) to work on /home/airflow/.local/lib/python3.8/site-packages/airflow/example_dags/example_datasets.py
[2025-07-31T01:51:42.595+0000] {processor.py:830} INFO - Processing file /home/airflow/.local/lib/python3.8/site-packages/airflow/example_dags/example_datasets.py for tasks to queue
[2025-07-31T01:51:42.605+0000] {logging_mixin.py:188} INFO - [2025-07-31T01:51:42.604+0000] {dagbag.py:538} INFO - Filling up the DagBag from /home/airflow/.local/lib/python3.8/site-packages/airflow/example_dags/example_datasets.py
[2025-07-31T01:51:42.623+0000] {processor.py:840} INFO - DAG(s) 'dataset_produces_2', 'dataset_consumes_unknown_never_scheduled', 'dataset_consumes_1_never_scheduled', 'dataset_consumes_1_and_2', 'dataset_consumes_1', 'dataset_produces_1' retrieved from /home/airflow/.local/lib/python3.8/site-packages/airflow/example_dags/example_datasets.py
[2025-07-31T01:51:42.697+0000] {logging_mixin.py:188} INFO - [2025-07-31T01:51:42.697+0000] {dag.py:3036} INFO - Sync 6 DAGs
[2025-07-31T01:51:42.732+0000] {logging_mixin.py:188} INFO - [2025-07-31T01:51:42.732+0000] {dag.py:3823} INFO - Setting next_dagrun for dataset_consumes_1 to None, run_after=None
[2025-07-31T01:51:42.739+0000] {logging_mixin.py:188} INFO - [2025-07-31T01:51:42.738+0000] {dag.py:3823} INFO - Setting next_dagrun for dataset_consumes_1_and_2 to None, run_after=None
[2025-07-31T01:51:42.741+0000] {logging_mixin.py:188} INFO - [2025-07-31T01:51:42.741+0000] {dag.py:3823} INFO - Setting next_dagrun for dataset_consumes_1_never_scheduled to None, run_after=None
[2025-07-31T01:51:42.743+0000] {logging_mixin.py:188} INFO - [2025-07-31T01:51:42.743+0000] {dag.py:3823} INFO - Setting next_dagrun for dataset_consumes_unknown_never_scheduled to None, run_after=None
[2025-07-31T01:51:42.747+0000] {logging_mixin.py:188} INFO - [2025-07-31T01:51:42.747+0000] {dag.py:3823} INFO - Setting next_dagrun for dataset_produces_1 to 2025-07-30 00:00:00+00:00, run_after=2025-07-31 00:00:00+00:00
[2025-07-31T01:51:42.750+0000] {logging_mixin.py:188} INFO - [2025-07-31T01:51:42.749+0000] {dag.py:3823} INFO - Setting next_dagrun for dataset_produces_2 to None, run_after=None
[2025-07-31T01:51:42.809+0000] {processor.py:183} INFO - Processing /home/airflow/.local/lib/python3.8/site-packages/airflow/example_dags/example_datasets.py took 0.222 seconds
[2025-07-31T01:52:13.072+0000] {processor.py:161} INFO - Started process (PID=468) to work on /home/airflow/.local/lib/python3.8/site-packages/airflow/example_dags/example_datasets.py
[2025-07-31T01:52:13.073+0000] {processor.py:830} INFO - Processing file /home/airflow/.local/lib/python3.8/site-packages/airflow/example_dags/example_datasets.py for tasks to queue
[2025-07-31T01:52:13.079+0000] {logging_mixin.py:188} INFO - [2025-07-31T01:52:13.078+0000] {dagbag.py:538} INFO - Filling up the DagBag from /home/airflow/.local/lib/python3.8/site-packages/airflow/example_dags/example_datasets.py
[2025-07-31T01:52:13.098+0000] {processor.py:840} INFO - DAG(s) 'dataset_consumes_1_and_2', 'dataset_consumes_1_never_scheduled', 'dataset_consumes_unknown_never_scheduled', 'dataset_consumes_1', 'dataset_produces_1', 'dataset_produces_2' retrieved from /home/airflow/.local/lib/python3.8/site-packages/airflow/example_dags/example_datasets.py
[2025-07-31T01:52:13.185+0000] {logging_mixin.py:188} INFO - [2025-07-31T01:52:13.184+0000] {dag.py:3036} INFO - Sync 6 DAGs
[2025-07-31T01:52:13.227+0000] {logging_mixin.py:188} INFO - [2025-07-31T01:52:13.227+0000] {dag.py:3823} INFO - Setting next_dagrun for dataset_consumes_1 to None, run_after=None
[2025-07-31T01:52:13.235+0000] {logging_mixin.py:188} INFO - [2025-07-31T01:52:13.235+0000] {dag.py:3823} INFO - Setting next_dagrun for dataset_consumes_1_and_2 to None, run_after=None
[2025-07-31T01:52:13.238+0000] {logging_mixin.py:188} INFO - [2025-07-31T01:52:13.238+0000] {dag.py:3823} INFO - Setting next_dagrun for dataset_consumes_1_never_scheduled to None, run_after=None
[2025-07-31T01:52:13.241+0000] {logging_mixin.py:188} INFO - [2025-07-31T01:52:13.241+0000] {dag.py:3823} INFO - Setting next_dagrun for dataset_consumes_unknown_never_scheduled to None, run_after=None
[2025-07-31T01:52:13.248+0000] {logging_mixin.py:188} INFO - [2025-07-31T01:52:13.247+0000] {dag.py:3823} INFO - Setting next_dagrun for dataset_produces_1 to 2025-07-30 00:00:00+00:00, run_after=2025-07-31 00:00:00+00:00
[2025-07-31T01:52:13.252+0000] {logging_mixin.py:188} INFO - [2025-07-31T01:52:13.251+0000] {dag.py:3823} INFO - Setting next_dagrun for dataset_produces_2 to None, run_after=None
[2025-07-31T01:52:13.334+0000] {processor.py:183} INFO - Processing /home/airflow/.local/lib/python3.8/site-packages/airflow/example_dags/example_datasets.py took 0.268 seconds
[2025-07-31T01:52:43.650+0000] {processor.py:161} INFO - Started process (PID=524) to work on /home/airflow/.local/lib/python3.8/site-packages/airflow/example_dags/example_datasets.py
[2025-07-31T01:52:43.651+0000] {processor.py:830} INFO - Processing file /home/airflow/.local/lib/python3.8/site-packages/airflow/example_dags/example_datasets.py for tasks to queue
[2025-07-31T01:52:43.654+0000] {logging_mixin.py:188} INFO - [2025-07-31T01:52:43.654+0000] {dagbag.py:538} INFO - Filling up the DagBag from /home/airflow/.local/lib/python3.8/site-packages/airflow/example_dags/example_datasets.py
[2025-07-31T01:52:43.667+0000] {processor.py:840} INFO - DAG(s) 'dataset_consumes_1', 'dataset_consumes_unknown_never_scheduled', 'dataset_consumes_1_never_scheduled', 'dataset_produces_2', 'dataset_consumes_1_and_2', 'dataset_produces_1' retrieved from /home/airflow/.local/lib/python3.8/site-packages/airflow/example_dags/example_datasets.py
[2025-07-31T01:52:43.726+0000] {logging_mixin.py:188} INFO - [2025-07-31T01:52:43.725+0000] {dag.py:3036} INFO - Sync 6 DAGs
[2025-07-31T01:52:43.760+0000] {logging_mixin.py:188} INFO - [2025-07-31T01:52:43.760+0000] {dag.py:3823} INFO - Setting next_dagrun for dataset_consumes_1 to None, run_after=None
[2025-07-31T01:52:43.765+0000] {logging_mixin.py:188} INFO - [2025-07-31T01:52:43.764+0000] {dag.py:3823} INFO - Setting next_dagrun for dataset_consumes_1_and_2 to None, run_after=None
[2025-07-31T01:52:43.767+0000] {logging_mixin.py:188} INFO - [2025-07-31T01:52:43.767+0000] {dag.py:3823} INFO - Setting next_dagrun for dataset_consumes_1_never_scheduled to None, run_after=None
[2025-07-31T01:52:43.769+0000] {logging_mixin.py:188} INFO - [2025-07-31T01:52:43.769+0000] {dag.py:3823} INFO - Setting next_dagrun for dataset_consumes_unknown_never_scheduled to None, run_after=None
[2025-07-31T01:52:43.775+0000] {logging_mixin.py:188} INFO - [2025-07-31T01:52:43.775+0000] {dag.py:3823} INFO - Setting next_dagrun for dataset_produces_1 to 2025-07-30 00:00:00+00:00, run_after=2025-07-31 00:00:00+00:00
[2025-07-31T01:52:43.778+0000] {logging_mixin.py:188} INFO - [2025-07-31T01:52:43.777+0000] {dag.py:3823} INFO - Setting next_dagrun for dataset_produces_2 to None, run_after=None
[2025-07-31T01:52:43.840+0000] {processor.py:183} INFO - Processing /home/airflow/.local/lib/python3.8/site-packages/airflow/example_dags/example_datasets.py took 0.195 seconds
[2025-07-31T01:53:14.011+0000] {processor.py:161} INFO - Started process (PID=580) to work on /home/airflow/.local/lib/python3.8/site-packages/airflow/example_dags/example_datasets.py
[2025-07-31T01:53:14.017+0000] {processor.py:830} INFO - Processing file /home/airflow/.local/lib/python3.8/site-packages/airflow/example_dags/example_datasets.py for tasks to queue
[2025-07-31T01:53:14.023+0000] {logging_mixin.py:188} INFO - [2025-07-31T01:53:14.022+0000] {dagbag.py:538} INFO - Filling up the DagBag from /home/airflow/.local/lib/python3.8/site-packages/airflow/example_dags/example_datasets.py
[2025-07-31T01:53:14.068+0000] {processor.py:840} INFO - DAG(s) 'dataset_produces_2', 'dataset_consumes_unknown_never_scheduled', 'dataset_produces_1', 'dataset_consumes_1_and_2', 'dataset_consumes_1', 'dataset_consumes_1_never_scheduled' retrieved from /home/airflow/.local/lib/python3.8/site-packages/airflow/example_dags/example_datasets.py
[2025-07-31T01:53:14.168+0000] {logging_mixin.py:188} INFO - [2025-07-31T01:53:14.168+0000] {dag.py:3036} INFO - Sync 6 DAGs
[2025-07-31T01:53:14.227+0000] {logging_mixin.py:188} INFO - [2025-07-31T01:53:14.227+0000] {dag.py:3823} INFO - Setting next_dagrun for dataset_consumes_1 to None, run_after=None
[2025-07-31T01:53:14.236+0000] {logging_mixin.py:188} INFO - [2025-07-31T01:53:14.235+0000] {dag.py:3823} INFO - Setting next_dagrun for dataset_consumes_1_and_2 to None, run_after=None
[2025-07-31T01:53:14.239+0000] {logging_mixin.py:188} INFO - [2025-07-31T01:53:14.238+0000] {dag.py:3823} INFO - Setting next_dagrun for dataset_consumes_1_never_scheduled to None, run_after=None
[2025-07-31T01:53:14.241+0000] {logging_mixin.py:188} INFO - [2025-07-31T01:53:14.241+0000] {dag.py:3823} INFO - Setting next_dagrun for dataset_consumes_unknown_never_scheduled to None, run_after=None
[2025-07-31T01:53:14.248+0000] {logging_mixin.py:188} INFO - [2025-07-31T01:53:14.247+0000] {dag.py:3823} INFO - Setting next_dagrun for dataset_produces_1 to 2025-07-30 00:00:00+00:00, run_after=2025-07-31 00:00:00+00:00
[2025-07-31T01:53:14.251+0000] {logging_mixin.py:188} INFO - [2025-07-31T01:53:14.251+0000] {dag.py:3823} INFO - Setting next_dagrun for dataset_produces_2 to None, run_after=None
[2025-07-31T01:53:14.366+0000] {processor.py:183} INFO - Processing /home/airflow/.local/lib/python3.8/site-packages/airflow/example_dags/example_datasets.py took 0.364 seconds
[2025-07-31T01:53:44.654+0000] {processor.py:161} INFO - Started process (PID=638) to work on /home/airflow/.local/lib/python3.8/site-packages/airflow/example_dags/example_datasets.py
[2025-07-31T01:53:44.656+0000] {processor.py:830} INFO - Processing file /home/airflow/.local/lib/python3.8/site-packages/airflow/example_dags/example_datasets.py for tasks to queue
[2025-07-31T01:53:44.660+0000] {logging_mixin.py:188} INFO - [2025-07-31T01:53:44.659+0000] {dagbag.py:538} INFO - Filling up the DagBag from /home/airflow/.local/lib/python3.8/site-packages/airflow/example_dags/example_datasets.py
[2025-07-31T01:53:44.676+0000] {processor.py:840} INFO - DAG(s) 'dataset_produces_2', 'dataset_consumes_1_and_2', 'dataset_consumes_unknown_never_scheduled', 'dataset_consumes_1_never_scheduled', 'dataset_produces_1', 'dataset_consumes_1' retrieved from /home/airflow/.local/lib/python3.8/site-packages/airflow/example_dags/example_datasets.py
[2025-07-31T01:53:44.747+0000] {logging_mixin.py:188} INFO - [2025-07-31T01:53:44.746+0000] {dag.py:3036} INFO - Sync 6 DAGs
[2025-07-31T01:53:44.790+0000] {logging_mixin.py:188} INFO - [2025-07-31T01:53:44.789+0000] {dag.py:3823} INFO - Setting next_dagrun for dataset_consumes_1 to None, run_after=None
[2025-07-31T01:53:44.796+0000] {logging_mixin.py:188} INFO - [2025-07-31T01:53:44.795+0000] {dag.py:3823} INFO - Setting next_dagrun for dataset_consumes_1_and_2 to None, run_after=None
[2025-07-31T01:53:44.799+0000] {logging_mixin.py:188} INFO - [2025-07-31T01:53:44.798+0000] {dag.py:3823} INFO - Setting next_dagrun for dataset_consumes_1_never_scheduled to None, run_after=None
[2025-07-31T01:53:44.802+0000] {logging_mixin.py:188} INFO - [2025-07-31T01:53:44.802+0000] {dag.py:3823} INFO - Setting next_dagrun for dataset_consumes_unknown_never_scheduled to None, run_after=None
[2025-07-31T01:53:44.806+0000] {logging_mixin.py:188} INFO - [2025-07-31T01:53:44.805+0000] {dag.py:3823} INFO - Setting next_dagrun for dataset_produces_1 to 2025-07-30 00:00:00+00:00, run_after=2025-07-31 00:00:00+00:00
[2025-07-31T01:53:44.809+0000] {logging_mixin.py:188} INFO - [2025-07-31T01:53:44.808+0000] {dag.py:3823} INFO - Setting next_dagrun for dataset_produces_2 to None, run_after=None
[2025-07-31T01:53:44.887+0000] {processor.py:183} INFO - Processing /home/airflow/.local/lib/python3.8/site-packages/airflow/example_dags/example_datasets.py took 0.239 seconds
[2025-07-31T01:54:16.215+0000] {processor.py:161} INFO - Started process (PID=695) to work on /home/airflow/.local/lib/python3.8/site-packages/airflow/example_dags/example_datasets.py
[2025-07-31T01:54:16.218+0000] {processor.py:830} INFO - Processing file /home/airflow/.local/lib/python3.8/site-packages/airflow/example_dags/example_datasets.py for tasks to queue
[2025-07-31T01:54:16.235+0000] {logging_mixin.py:188} INFO - [2025-07-31T01:54:16.234+0000] {dagbag.py:538} INFO - Filling up the DagBag from /home/airflow/.local/lib/python3.8/site-packages/airflow/example_dags/example_datasets.py
[2025-07-31T01:54:16.287+0000] {processor.py:840} INFO - DAG(s) 'dataset_produces_2', 'dataset_consumes_unknown_never_scheduled', 'dataset_produces_1', 'dataset_consumes_1_never_scheduled', 'dataset_consumes_1', 'dataset_consumes_1_and_2' retrieved from /home/airflow/.local/lib/python3.8/site-packages/airflow/example_dags/example_datasets.py
[2025-07-31T01:54:16.417+0000] {logging_mixin.py:188} INFO - [2025-07-31T01:54:16.415+0000] {dag.py:3036} INFO - Sync 6 DAGs
[2025-07-31T01:54:16.549+0000] {logging_mixin.py:188} INFO - [2025-07-31T01:54:16.549+0000] {dag.py:3823} INFO - Setting next_dagrun for dataset_consumes_1 to None, run_after=None
[2025-07-31T01:54:16.582+0000] {logging_mixin.py:188} INFO - [2025-07-31T01:54:16.581+0000] {dag.py:3823} INFO - Setting next_dagrun for dataset_consumes_1_and_2 to None, run_after=None
[2025-07-31T01:54:16.612+0000] {logging_mixin.py:188} INFO - [2025-07-31T01:54:16.611+0000] {dag.py:3823} INFO - Setting next_dagrun for dataset_consumes_1_never_scheduled to None, run_after=None
[2025-07-31T01:54:16.646+0000] {logging_mixin.py:188} INFO - [2025-07-31T01:54:16.646+0000] {dag.py:3823} INFO - Setting next_dagrun for dataset_consumes_unknown_never_scheduled to None, run_after=None
[2025-07-31T01:54:16.849+0000] {logging_mixin.py:188} INFO - [2025-07-31T01:54:16.849+0000] {dag.py:3823} INFO - Setting next_dagrun for dataset_produces_1 to 2025-07-30 00:00:00+00:00, run_after=2025-07-31 00:00:00+00:00
[2025-07-31T01:54:17.000+0000] {logging_mixin.py:188} INFO - [2025-07-31T01:54:17.000+0000] {dag.py:3823} INFO - Setting next_dagrun for dataset_produces_2 to None, run_after=None
[2025-07-31T01:54:17.329+0000] {processor.py:183} INFO - Processing /home/airflow/.local/lib/python3.8/site-packages/airflow/example_dags/example_datasets.py took 1.130 seconds
[2025-07-31T01:54:47.990+0000] {processor.py:161} INFO - Started process (PID=752) to work on /home/airflow/.local/lib/python3.8/site-packages/airflow/example_dags/example_datasets.py
[2025-07-31T01:54:47.993+0000] {processor.py:830} INFO - Processing file /home/airflow/.local/lib/python3.8/site-packages/airflow/example_dags/example_datasets.py for tasks to queue
[2025-07-31T01:54:47.997+0000] {logging_mixin.py:188} INFO - [2025-07-31T01:54:47.996+0000] {dagbag.py:538} INFO - Filling up the DagBag from /home/airflow/.local/lib/python3.8/site-packages/airflow/example_dags/example_datasets.py
[2025-07-31T01:54:48.045+0000] {processor.py:840} INFO - DAG(s) 'dataset_consumes_1_and_2', 'dataset_consumes_unknown_never_scheduled', 'dataset_consumes_1', 'dataset_produces_1', 'dataset_consumes_1_never_scheduled', 'dataset_produces_2' retrieved from /home/airflow/.local/lib/python3.8/site-packages/airflow/example_dags/example_datasets.py
[2025-07-31T01:54:48.175+0000] {logging_mixin.py:188} INFO - [2025-07-31T01:54:48.175+0000] {dag.py:3036} INFO - Sync 6 DAGs
[2025-07-31T01:54:48.208+0000] {logging_mixin.py:188} INFO - [2025-07-31T01:54:48.208+0000] {dag.py:3823} INFO - Setting next_dagrun for dataset_consumes_1 to None, run_after=None
[2025-07-31T01:54:48.214+0000] {logging_mixin.py:188} INFO - [2025-07-31T01:54:48.214+0000] {dag.py:3823} INFO - Setting next_dagrun for dataset_consumes_1_and_2 to None, run_after=None
[2025-07-31T01:54:48.216+0000] {logging_mixin.py:188} INFO - [2025-07-31T01:54:48.216+0000] {dag.py:3823} INFO - Setting next_dagrun for dataset_consumes_1_never_scheduled to None, run_after=None
[2025-07-31T01:54:48.219+0000] {logging_mixin.py:188} INFO - [2025-07-31T01:54:48.218+0000] {dag.py:3823} INFO - Setting next_dagrun for dataset_consumes_unknown_never_scheduled to None, run_after=None
[2025-07-31T01:54:48.225+0000] {logging_mixin.py:188} INFO - [2025-07-31T01:54:48.224+0000] {dag.py:3823} INFO - Setting next_dagrun for dataset_produces_1 to 2025-07-30 00:00:00+00:00, run_after=2025-07-31 00:00:00+00:00
[2025-07-31T01:54:48.228+0000] {logging_mixin.py:188} INFO - [2025-07-31T01:54:48.227+0000] {dag.py:3823} INFO - Setting next_dagrun for dataset_produces_2 to None, run_after=None
[2025-07-31T01:54:48.344+0000] {processor.py:183} INFO - Processing /home/airflow/.local/lib/python3.8/site-packages/airflow/example_dags/example_datasets.py took 0.365 seconds
[2025-07-31T01:55:18.763+0000] {processor.py:161} INFO - Started process (PID=809) to work on /home/airflow/.local/lib/python3.8/site-packages/airflow/example_dags/example_datasets.py
[2025-07-31T01:55:18.765+0000] {processor.py:830} INFO - Processing file /home/airflow/.local/lib/python3.8/site-packages/airflow/example_dags/example_datasets.py for tasks to queue
[2025-07-31T01:55:18.768+0000] {logging_mixin.py:188} INFO - [2025-07-31T01:55:18.767+0000] {dagbag.py:538} INFO - Filling up the DagBag from /home/airflow/.local/lib/python3.8/site-packages/airflow/example_dags/example_datasets.py
[2025-07-31T01:55:18.781+0000] {processor.py:840} INFO - DAG(s) 'dataset_consumes_unknown_never_scheduled', 'dataset_consumes_1', 'dataset_consumes_1_never_scheduled', 'dataset_consumes_1_and_2', 'dataset_produces_1', 'dataset_produces_2' retrieved from /home/airflow/.local/lib/python3.8/site-packages/airflow/example_dags/example_datasets.py
[2025-07-31T01:55:18.836+0000] {logging_mixin.py:188} INFO - [2025-07-31T01:55:18.836+0000] {dag.py:3036} INFO - Sync 6 DAGs
[2025-07-31T01:55:18.873+0000] {logging_mixin.py:188} INFO - [2025-07-31T01:55:18.873+0000] {dag.py:3823} INFO - Setting next_dagrun for dataset_consumes_1 to None, run_after=None
[2025-07-31T01:55:18.879+0000] {logging_mixin.py:188} INFO - [2025-07-31T01:55:18.878+0000] {dag.py:3823} INFO - Setting next_dagrun for dataset_consumes_1_and_2 to None, run_after=None
[2025-07-31T01:55:18.882+0000] {logging_mixin.py:188} INFO - [2025-07-31T01:55:18.882+0000] {dag.py:3823} INFO - Setting next_dagrun for dataset_consumes_1_never_scheduled to None, run_after=None
[2025-07-31T01:55:18.885+0000] {logging_mixin.py:188} INFO - [2025-07-31T01:55:18.884+0000] {dag.py:3823} INFO - Setting next_dagrun for dataset_consumes_unknown_never_scheduled to None, run_after=None
[2025-07-31T01:55:18.892+0000] {logging_mixin.py:188} INFO - [2025-07-31T01:55:18.890+0000] {dag.py:3823} INFO - Setting next_dagrun for dataset_produces_1 to 2025-07-30 00:00:00+00:00, run_after=2025-07-31 00:00:00+00:00
[2025-07-31T01:55:18.896+0000] {logging_mixin.py:188} INFO - [2025-07-31T01:55:18.895+0000] {dag.py:3823} INFO - Setting next_dagrun for dataset_produces_2 to None, run_after=None
[2025-07-31T01:55:18.956+0000] {processor.py:183} INFO - Processing /home/airflow/.local/lib/python3.8/site-packages/airflow/example_dags/example_datasets.py took 0.199 seconds
[2025-07-31T01:55:49.568+0000] {processor.py:161} INFO - Started process (PID=866) to work on /home/airflow/.local/lib/python3.8/site-packages/airflow/example_dags/example_datasets.py
[2025-07-31T01:55:49.569+0000] {processor.py:830} INFO - Processing file /home/airflow/.local/lib/python3.8/site-packages/airflow/example_dags/example_datasets.py for tasks to queue
[2025-07-31T01:55:49.583+0000] {logging_mixin.py:188} INFO - [2025-07-31T01:55:49.582+0000] {dagbag.py:538} INFO - Filling up the DagBag from /home/airflow/.local/lib/python3.8/site-packages/airflow/example_dags/example_datasets.py
[2025-07-31T01:55:49.635+0000] {processor.py:840} INFO - DAG(s) 'dataset_consumes_1', 'dataset_consumes_1_never_scheduled', 'dataset_produces_1', 'dataset_produces_2', 'dataset_consumes_1_and_2', 'dataset_consumes_unknown_never_scheduled' retrieved from /home/airflow/.local/lib/python3.8/site-packages/airflow/example_dags/example_datasets.py
[2025-07-31T01:55:49.818+0000] {logging_mixin.py:188} INFO - [2025-07-31T01:55:49.818+0000] {dag.py:3036} INFO - Sync 6 DAGs
[2025-07-31T01:55:49.927+0000] {logging_mixin.py:188} INFO - [2025-07-31T01:55:49.927+0000] {dag.py:3823} INFO - Setting next_dagrun for dataset_consumes_1 to None, run_after=None
[2025-07-31T01:55:49.944+0000] {logging_mixin.py:188} INFO - [2025-07-31T01:55:49.943+0000] {dag.py:3823} INFO - Setting next_dagrun for dataset_consumes_1_and_2 to None, run_after=None
[2025-07-31T01:55:49.949+0000] {logging_mixin.py:188} INFO - [2025-07-31T01:55:49.949+0000] {dag.py:3823} INFO - Setting next_dagrun for dataset_consumes_1_never_scheduled to None, run_after=None
[2025-07-31T01:55:49.960+0000] {logging_mixin.py:188} INFO - [2025-07-31T01:55:49.959+0000] {dag.py:3823} INFO - Setting next_dagrun for dataset_consumes_unknown_never_scheduled to None, run_after=None
[2025-07-31T01:55:49.991+0000] {logging_mixin.py:188} INFO - [2025-07-31T01:55:49.991+0000] {dag.py:3823} INFO - Setting next_dagrun for dataset_produces_1 to 2025-07-30 00:00:00+00:00, run_after=2025-07-31 00:00:00+00:00
[2025-07-31T01:55:49.995+0000] {logging_mixin.py:188} INFO - [2025-07-31T01:55:49.994+0000] {dag.py:3823} INFO - Setting next_dagrun for dataset_produces_2 to None, run_after=None
[2025-07-31T01:55:50.138+0000] {processor.py:183} INFO - Processing /home/airflow/.local/lib/python3.8/site-packages/airflow/example_dags/example_datasets.py took 0.577 seconds
[2025-07-31T01:56:20.332+0000] {processor.py:161} INFO - Started process (PID=923) to work on /home/airflow/.local/lib/python3.8/site-packages/airflow/example_dags/example_datasets.py
[2025-07-31T01:56:20.335+0000] {processor.py:830} INFO - Processing file /home/airflow/.local/lib/python3.8/site-packages/airflow/example_dags/example_datasets.py for tasks to queue
[2025-07-31T01:56:20.348+0000] {logging_mixin.py:188} INFO - [2025-07-31T01:56:20.347+0000] {dagbag.py:538} INFO - Filling up the DagBag from /home/airflow/.local/lib/python3.8/site-packages/airflow/example_dags/example_datasets.py
[2025-07-31T01:56:20.385+0000] {processor.py:840} INFO - DAG(s) 'dataset_consumes_unknown_never_scheduled', 'dataset_consumes_1', 'dataset_consumes_1_and_2', 'dataset_produces_2', 'dataset_consumes_1_never_scheduled', 'dataset_produces_1' retrieved from /home/airflow/.local/lib/python3.8/site-packages/airflow/example_dags/example_datasets.py
[2025-07-31T01:56:20.520+0000] {logging_mixin.py:188} INFO - [2025-07-31T01:56:20.520+0000] {dag.py:3036} INFO - Sync 6 DAGs
[2025-07-31T01:56:20.578+0000] {logging_mixin.py:188} INFO - [2025-07-31T01:56:20.578+0000] {dag.py:3823} INFO - Setting next_dagrun for dataset_consumes_1 to None, run_after=None
[2025-07-31T01:56:20.589+0000] {logging_mixin.py:188} INFO - [2025-07-31T01:56:20.587+0000] {dag.py:3823} INFO - Setting next_dagrun for dataset_consumes_1_and_2 to None, run_after=None
[2025-07-31T01:56:20.592+0000] {logging_mixin.py:188} INFO - [2025-07-31T01:56:20.592+0000] {dag.py:3823} INFO - Setting next_dagrun for dataset_consumes_1_never_scheduled to None, run_after=None
[2025-07-31T01:56:20.597+0000] {logging_mixin.py:188} INFO - [2025-07-31T01:56:20.596+0000] {dag.py:3823} INFO - Setting next_dagrun for dataset_consumes_unknown_never_scheduled to None, run_after=None
[2025-07-31T01:56:20.613+0000] {logging_mixin.py:188} INFO - [2025-07-31T01:56:20.612+0000] {dag.py:3823} INFO - Setting next_dagrun for dataset_produces_1 to 2025-07-30 00:00:00+00:00, run_after=2025-07-31 00:00:00+00:00
[2025-07-31T01:56:20.620+0000] {logging_mixin.py:188} INFO - [2025-07-31T01:56:20.619+0000] {dag.py:3823} INFO - Setting next_dagrun for dataset_produces_2 to None, run_after=None
[2025-07-31T01:56:20.747+0000] {processor.py:183} INFO - Processing /home/airflow/.local/lib/python3.8/site-packages/airflow/example_dags/example_datasets.py took 0.425 seconds
