[2025-07-31T01:40:51.742+0000] {processor.py:161} INFO - Started process (PID=75) to work on /home/airflow/.local/lib/python3.8/site-packages/airflow/example_dags/example_short_circuit_operator.py
[2025-07-31T01:40:51.744+0000] {processor.py:830} INFO - Processing file /home/airflow/.local/lib/python3.8/site-packages/airflow/example_dags/example_short_circuit_operator.py for tasks to queue
[2025-07-31T01:40:51.748+0000] {logging_mixin.py:188} INFO - [2025-07-31T01:40:51.747+0000] {dagbag.py:538} INFO - Filling up the DagBag from /home/airflow/.local/lib/python3.8/site-packages/airflow/example_dags/example_short_circuit_operator.py
[2025-07-31T01:40:51.769+0000] {processor.py:840} INFO - DAG(s) 'example_short_circuit_operator' retrieved from /home/airflow/.local/lib/python3.8/site-packages/airflow/example_dags/example_short_circuit_operator.py
[2025-07-31T01:40:51.992+0000] {logging_mixin.py:188} INFO - [2025-07-31T01:40:51.992+0000] {dag.py:3036} INFO - Sync 1 DAGs
[2025-07-31T01:40:52.043+0000] {logging_mixin.py:188} INFO - [2025-07-31T01:40:52.042+0000] {dag.py:3823} INFO - Setting next_dagrun for example_short_circuit_operator to 2025-07-30 00:00:00+00:00, run_after=2025-07-31 00:00:00+00:00
[2025-07-31T01:40:52.083+0000] {processor.py:183} INFO - Processing /home/airflow/.local/lib/python3.8/site-packages/airflow/example_dags/example_short_circuit_operator.py took 0.349 seconds
[2025-07-31T01:41:22.836+0000] {processor.py:161} INFO - Started process (PID=130) to work on /home/airflow/.local/lib/python3.8/site-packages/airflow/example_dags/example_short_circuit_operator.py
[2025-07-31T01:41:22.837+0000] {processor.py:830} INFO - Processing file /home/airflow/.local/lib/python3.8/site-packages/airflow/example_dags/example_short_circuit_operator.py for tasks to queue
[2025-07-31T01:41:22.840+0000] {logging_mixin.py:188} INFO - [2025-07-31T01:41:22.839+0000] {dagbag.py:538} INFO - Filling up the DagBag from /home/airflow/.local/lib/python3.8/site-packages/airflow/example_dags/example_short_circuit_operator.py
[2025-07-31T01:41:22.853+0000] {processor.py:840} INFO - DAG(s) 'example_short_circuit_operator' retrieved from /home/airflow/.local/lib/python3.8/site-packages/airflow/example_dags/example_short_circuit_operator.py
[2025-07-31T01:41:22.891+0000] {logging_mixin.py:188} INFO - [2025-07-31T01:41:22.890+0000] {dag.py:3036} INFO - Sync 1 DAGs
[2025-07-31T01:41:22.921+0000] {logging_mixin.py:188} INFO - [2025-07-31T01:41:22.921+0000] {dag.py:3823} INFO - Setting next_dagrun for example_short_circuit_operator to 2025-07-30 00:00:00+00:00, run_after=2025-07-31 00:00:00+00:00
[2025-07-31T01:41:22.950+0000] {processor.py:183} INFO - Processing /home/airflow/.local/lib/python3.8/site-packages/airflow/example_dags/example_short_circuit_operator.py took 0.119 seconds
[2025-07-31T01:41:53.849+0000] {processor.py:161} INFO - Started process (PID=185) to work on /home/airflow/.local/lib/python3.8/site-packages/airflow/example_dags/example_short_circuit_operator.py
[2025-07-31T01:41:53.853+0000] {processor.py:830} INFO - Processing file /home/airflow/.local/lib/python3.8/site-packages/airflow/example_dags/example_short_circuit_operator.py for tasks to queue
[2025-07-31T01:41:53.864+0000] {logging_mixin.py:188} INFO - [2025-07-31T01:41:53.863+0000] {dagbag.py:538} INFO - Filling up the DagBag from /home/airflow/.local/lib/python3.8/site-packages/airflow/example_dags/example_short_circuit_operator.py
[2025-07-31T01:41:53.880+0000] {processor.py:840} INFO - DAG(s) 'example_short_circuit_operator' retrieved from /home/airflow/.local/lib/python3.8/site-packages/airflow/example_dags/example_short_circuit_operator.py
[2025-07-31T01:41:53.909+0000] {logging_mixin.py:188} INFO - [2025-07-31T01:41:53.909+0000] {dag.py:3036} INFO - Sync 1 DAGs
[2025-07-31T01:41:53.941+0000] {logging_mixin.py:188} INFO - [2025-07-31T01:41:53.940+0000] {dag.py:3823} INFO - Setting next_dagrun for example_short_circuit_operator to 2025-07-30 00:00:00+00:00, run_after=2025-07-31 00:00:00+00:00
[2025-07-31T01:41:53.982+0000] {processor.py:183} INFO - Processing /home/airflow/.local/lib/python3.8/site-packages/airflow/example_dags/example_short_circuit_operator.py took 0.142 seconds
[2025-07-31T01:42:24.423+0000] {processor.py:161} INFO - Started process (PID=241) to work on /home/airflow/.local/lib/python3.8/site-packages/airflow/example_dags/example_short_circuit_operator.py
[2025-07-31T01:42:24.426+0000] {processor.py:830} INFO - Processing file /home/airflow/.local/lib/python3.8/site-packages/airflow/example_dags/example_short_circuit_operator.py for tasks to queue
[2025-07-31T01:42:24.433+0000] {logging_mixin.py:188} INFO - [2025-07-31T01:42:24.433+0000] {dagbag.py:538} INFO - Filling up the DagBag from /home/airflow/.local/lib/python3.8/site-packages/airflow/example_dags/example_short_circuit_operator.py
[2025-07-31T01:42:24.453+0000] {processor.py:840} INFO - DAG(s) 'example_short_circuit_operator' retrieved from /home/airflow/.local/lib/python3.8/site-packages/airflow/example_dags/example_short_circuit_operator.py
[2025-07-31T01:42:24.513+0000] {logging_mixin.py:188} INFO - [2025-07-31T01:42:24.512+0000] {dag.py:3036} INFO - Sync 1 DAGs
[2025-07-31T01:42:24.569+0000] {logging_mixin.py:188} INFO - [2025-07-31T01:42:24.568+0000] {dag.py:3823} INFO - Setting next_dagrun for example_short_circuit_operator to 2025-07-30 00:00:00+00:00, run_after=2025-07-31 00:00:00+00:00
[2025-07-31T01:42:24.615+0000] {processor.py:183} INFO - Processing /home/airflow/.local/lib/python3.8/site-packages/airflow/example_dags/example_short_circuit_operator.py took 0.200 seconds
[2025-07-31T01:42:54.829+0000] {processor.py:161} INFO - Started process (PID=296) to work on /home/airflow/.local/lib/python3.8/site-packages/airflow/example_dags/example_short_circuit_operator.py
[2025-07-31T01:42:54.832+0000] {processor.py:830} INFO - Processing file /home/airflow/.local/lib/python3.8/site-packages/airflow/example_dags/example_short_circuit_operator.py for tasks to queue
[2025-07-31T01:42:54.838+0000] {logging_mixin.py:188} INFO - [2025-07-31T01:42:54.837+0000] {dagbag.py:538} INFO - Filling up the DagBag from /home/airflow/.local/lib/python3.8/site-packages/airflow/example_dags/example_short_circuit_operator.py
[2025-07-31T01:42:54.866+0000] {processor.py:840} INFO - DAG(s) 'example_short_circuit_operator' retrieved from /home/airflow/.local/lib/python3.8/site-packages/airflow/example_dags/example_short_circuit_operator.py
[2025-07-31T01:42:54.943+0000] {logging_mixin.py:188} INFO - [2025-07-31T01:42:54.942+0000] {dag.py:3036} INFO - Sync 1 DAGs
[2025-07-31T01:42:55.031+0000] {logging_mixin.py:188} INFO - [2025-07-31T01:42:55.031+0000] {dag.py:3823} INFO - Setting next_dagrun for example_short_circuit_operator to 2025-07-30 00:00:00+00:00, run_after=2025-07-31 00:00:00+00:00
[2025-07-31T01:42:55.125+0000] {processor.py:183} INFO - Processing /home/airflow/.local/lib/python3.8/site-packages/airflow/example_dags/example_short_circuit_operator.py took 0.307 seconds
[2025-07-31T01:43:25.347+0000] {processor.py:161} INFO - Started process (PID=351) to work on /home/airflow/.local/lib/python3.8/site-packages/airflow/example_dags/example_short_circuit_operator.py
[2025-07-31T01:43:25.349+0000] {processor.py:830} INFO - Processing file /home/airflow/.local/lib/python3.8/site-packages/airflow/example_dags/example_short_circuit_operator.py for tasks to queue
[2025-07-31T01:43:25.353+0000] {logging_mixin.py:188} INFO - [2025-07-31T01:43:25.352+0000] {dagbag.py:538} INFO - Filling up the DagBag from /home/airflow/.local/lib/python3.8/site-packages/airflow/example_dags/example_short_circuit_operator.py
[2025-07-31T01:43:25.364+0000] {processor.py:840} INFO - DAG(s) 'example_short_circuit_operator' retrieved from /home/airflow/.local/lib/python3.8/site-packages/airflow/example_dags/example_short_circuit_operator.py
[2025-07-31T01:43:25.413+0000] {logging_mixin.py:188} INFO - [2025-07-31T01:43:25.413+0000] {dag.py:3036} INFO - Sync 1 DAGs
[2025-07-31T01:43:25.449+0000] {logging_mixin.py:188} INFO - [2025-07-31T01:43:25.448+0000] {dag.py:3823} INFO - Setting next_dagrun for example_short_circuit_operator to 2025-07-30 00:00:00+00:00, run_after=2025-07-31 00:00:00+00:00
[2025-07-31T01:43:25.483+0000] {processor.py:183} INFO - Processing /home/airflow/.local/lib/python3.8/site-packages/airflow/example_dags/example_short_circuit_operator.py took 0.142 seconds
[2025-07-31T01:43:55.800+0000] {processor.py:161} INFO - Started process (PID=406) to work on /home/airflow/.local/lib/python3.8/site-packages/airflow/example_dags/example_short_circuit_operator.py
[2025-07-31T01:43:55.802+0000] {processor.py:830} INFO - Processing file /home/airflow/.local/lib/python3.8/site-packages/airflow/example_dags/example_short_circuit_operator.py for tasks to queue
[2025-07-31T01:43:55.805+0000] {logging_mixin.py:188} INFO - [2025-07-31T01:43:55.805+0000] {dagbag.py:538} INFO - Filling up the DagBag from /home/airflow/.local/lib/python3.8/site-packages/airflow/example_dags/example_short_circuit_operator.py
[2025-07-31T01:43:55.815+0000] {processor.py:840} INFO - DAG(s) 'example_short_circuit_operator' retrieved from /home/airflow/.local/lib/python3.8/site-packages/airflow/example_dags/example_short_circuit_operator.py
[2025-07-31T01:43:55.846+0000] {logging_mixin.py:188} INFO - [2025-07-31T01:43:55.846+0000] {dag.py:3036} INFO - Sync 1 DAGs
[2025-07-31T01:43:55.879+0000] {logging_mixin.py:188} INFO - [2025-07-31T01:43:55.879+0000] {dag.py:3823} INFO - Setting next_dagrun for example_short_circuit_operator to 2025-07-30 00:00:00+00:00, run_after=2025-07-31 00:00:00+00:00
[2025-07-31T01:43:55.910+0000] {processor.py:183} INFO - Processing /home/airflow/.local/lib/python3.8/site-packages/airflow/example_dags/example_short_circuit_operator.py took 0.116 seconds
[2025-07-31T01:44:26.626+0000] {processor.py:161} INFO - Started process (PID=461) to work on /home/airflow/.local/lib/python3.8/site-packages/airflow/example_dags/example_short_circuit_operator.py
[2025-07-31T01:44:26.637+0000] {processor.py:830} INFO - Processing file /home/airflow/.local/lib/python3.8/site-packages/airflow/example_dags/example_short_circuit_operator.py for tasks to queue
[2025-07-31T01:44:26.641+0000] {logging_mixin.py:188} INFO - [2025-07-31T01:44:26.640+0000] {dagbag.py:538} INFO - Filling up the DagBag from /home/airflow/.local/lib/python3.8/site-packages/airflow/example_dags/example_short_circuit_operator.py
[2025-07-31T01:44:26.664+0000] {processor.py:840} INFO - DAG(s) 'example_short_circuit_operator' retrieved from /home/airflow/.local/lib/python3.8/site-packages/airflow/example_dags/example_short_circuit_operator.py
[2025-07-31T01:44:26.797+0000] {logging_mixin.py:188} INFO - [2025-07-31T01:44:26.796+0000] {dag.py:3036} INFO - Sync 1 DAGs
[2025-07-31T01:44:26.858+0000] {logging_mixin.py:188} INFO - [2025-07-31T01:44:26.857+0000] {dag.py:3823} INFO - Setting next_dagrun for example_short_circuit_operator to 2025-07-30 00:00:00+00:00, run_after=2025-07-31 00:00:00+00:00
[2025-07-31T01:44:26.892+0000] {processor.py:183} INFO - Processing /home/airflow/.local/lib/python3.8/site-packages/airflow/example_dags/example_short_circuit_operator.py took 0.273 seconds
[2025-07-31T01:44:57.202+0000] {processor.py:161} INFO - Started process (PID=516) to work on /home/airflow/.local/lib/python3.8/site-packages/airflow/example_dags/example_short_circuit_operator.py
[2025-07-31T01:44:57.203+0000] {processor.py:830} INFO - Processing file /home/airflow/.local/lib/python3.8/site-packages/airflow/example_dags/example_short_circuit_operator.py for tasks to queue
[2025-07-31T01:44:57.206+0000] {logging_mixin.py:188} INFO - [2025-07-31T01:44:57.206+0000] {dagbag.py:538} INFO - Filling up the DagBag from /home/airflow/.local/lib/python3.8/site-packages/airflow/example_dags/example_short_circuit_operator.py
[2025-07-31T01:44:57.216+0000] {processor.py:840} INFO - DAG(s) 'example_short_circuit_operator' retrieved from /home/airflow/.local/lib/python3.8/site-packages/airflow/example_dags/example_short_circuit_operator.py
[2025-07-31T01:44:57.249+0000] {logging_mixin.py:188} INFO - [2025-07-31T01:44:57.248+0000] {dag.py:3036} INFO - Sync 1 DAGs
[2025-07-31T01:44:57.293+0000] {logging_mixin.py:188} INFO - [2025-07-31T01:44:57.293+0000] {dag.py:3823} INFO - Setting next_dagrun for example_short_circuit_operator to 2025-07-30 00:00:00+00:00, run_after=2025-07-31 00:00:00+00:00
[2025-07-31T01:44:57.392+0000] {processor.py:183} INFO - Processing /home/airflow/.local/lib/python3.8/site-packages/airflow/example_dags/example_short_circuit_operator.py took 0.195 seconds
[2025-07-31T01:45:27.617+0000] {processor.py:161} INFO - Started process (PID=571) to work on /home/airflow/.local/lib/python3.8/site-packages/airflow/example_dags/example_short_circuit_operator.py
[2025-07-31T01:45:27.619+0000] {processor.py:830} INFO - Processing file /home/airflow/.local/lib/python3.8/site-packages/airflow/example_dags/example_short_circuit_operator.py for tasks to queue
[2025-07-31T01:45:27.633+0000] {logging_mixin.py:188} INFO - [2025-07-31T01:45:27.627+0000] {dagbag.py:538} INFO - Filling up the DagBag from /home/airflow/.local/lib/python3.8/site-packages/airflow/example_dags/example_short_circuit_operator.py
[2025-07-31T01:45:27.672+0000] {processor.py:840} INFO - DAG(s) 'example_short_circuit_operator' retrieved from /home/airflow/.local/lib/python3.8/site-packages/airflow/example_dags/example_short_circuit_operator.py
[2025-07-31T01:45:27.767+0000] {logging_mixin.py:188} INFO - [2025-07-31T01:45:27.767+0000] {dag.py:3036} INFO - Sync 1 DAGs
[2025-07-31T01:45:27.843+0000] {logging_mixin.py:188} INFO - [2025-07-31T01:45:27.843+0000] {dag.py:3823} INFO - Setting next_dagrun for example_short_circuit_operator to 2025-07-30 00:00:00+00:00, run_after=2025-07-31 00:00:00+00:00
[2025-07-31T01:45:27.900+0000] {processor.py:183} INFO - Processing /home/airflow/.local/lib/python3.8/site-packages/airflow/example_dags/example_short_circuit_operator.py took 0.295 seconds
[2025-07-31T01:45:58.096+0000] {processor.py:161} INFO - Started process (PID=626) to work on /home/airflow/.local/lib/python3.8/site-packages/airflow/example_dags/example_short_circuit_operator.py
[2025-07-31T01:45:58.098+0000] {processor.py:830} INFO - Processing file /home/airflow/.local/lib/python3.8/site-packages/airflow/example_dags/example_short_circuit_operator.py for tasks to queue
[2025-07-31T01:45:58.100+0000] {logging_mixin.py:188} INFO - [2025-07-31T01:45:58.100+0000] {dagbag.py:538} INFO - Filling up the DagBag from /home/airflow/.local/lib/python3.8/site-packages/airflow/example_dags/example_short_circuit_operator.py
[2025-07-31T01:45:58.109+0000] {processor.py:840} INFO - DAG(s) 'example_short_circuit_operator' retrieved from /home/airflow/.local/lib/python3.8/site-packages/airflow/example_dags/example_short_circuit_operator.py
[2025-07-31T01:45:58.136+0000] {logging_mixin.py:188} INFO - [2025-07-31T01:45:58.136+0000] {dag.py:3036} INFO - Sync 1 DAGs
[2025-07-31T01:45:58.161+0000] {logging_mixin.py:188} INFO - [2025-07-31T01:45:58.160+0000] {dag.py:3823} INFO - Setting next_dagrun for example_short_circuit_operator to 2025-07-30 00:00:00+00:00, run_after=2025-07-31 00:00:00+00:00
[2025-07-31T01:45:58.185+0000] {processor.py:183} INFO - Processing /home/airflow/.local/lib/python3.8/site-packages/airflow/example_dags/example_short_circuit_operator.py took 0.093 seconds
[2025-07-31T01:46:28.715+0000] {processor.py:161} INFO - Started process (PID=682) to work on /home/airflow/.local/lib/python3.8/site-packages/airflow/example_dags/example_short_circuit_operator.py
[2025-07-31T01:46:28.716+0000] {processor.py:830} INFO - Processing file /home/airflow/.local/lib/python3.8/site-packages/airflow/example_dags/example_short_circuit_operator.py for tasks to queue
[2025-07-31T01:46:28.719+0000] {logging_mixin.py:188} INFO - [2025-07-31T01:46:28.718+0000] {dagbag.py:538} INFO - Filling up the DagBag from /home/airflow/.local/lib/python3.8/site-packages/airflow/example_dags/example_short_circuit_operator.py
[2025-07-31T01:46:28.728+0000] {processor.py:840} INFO - DAG(s) 'example_short_circuit_operator' retrieved from /home/airflow/.local/lib/python3.8/site-packages/airflow/example_dags/example_short_circuit_operator.py
[2025-07-31T01:46:28.762+0000] {logging_mixin.py:188} INFO - [2025-07-31T01:46:28.761+0000] {dag.py:3036} INFO - Sync 1 DAGs
[2025-07-31T01:46:28.804+0000] {logging_mixin.py:188} INFO - [2025-07-31T01:46:28.804+0000] {dag.py:3823} INFO - Setting next_dagrun for example_short_circuit_operator to 2025-07-30 00:00:00+00:00, run_after=2025-07-31 00:00:00+00:00
[2025-07-31T01:46:28.842+0000] {processor.py:183} INFO - Processing /home/airflow/.local/lib/python3.8/site-packages/airflow/example_dags/example_short_circuit_operator.py took 0.132 seconds
[2025-07-31T01:46:59.805+0000] {processor.py:161} INFO - Started process (PID=738) to work on /home/airflow/.local/lib/python3.8/site-packages/airflow/example_dags/example_short_circuit_operator.py
[2025-07-31T01:46:59.815+0000] {processor.py:830} INFO - Processing file /home/airflow/.local/lib/python3.8/site-packages/airflow/example_dags/example_short_circuit_operator.py for tasks to queue
[2025-07-31T01:46:59.821+0000] {logging_mixin.py:188} INFO - [2025-07-31T01:46:59.820+0000] {dagbag.py:538} INFO - Filling up the DagBag from /home/airflow/.local/lib/python3.8/site-packages/airflow/example_dags/example_short_circuit_operator.py
[2025-07-31T01:46:59.850+0000] {processor.py:840} INFO - DAG(s) 'example_short_circuit_operator' retrieved from /home/airflow/.local/lib/python3.8/site-packages/airflow/example_dags/example_short_circuit_operator.py
[2025-07-31T01:46:59.899+0000] {logging_mixin.py:188} INFO - [2025-07-31T01:46:59.899+0000] {dag.py:3036} INFO - Sync 1 DAGs
[2025-07-31T01:46:59.932+0000] {logging_mixin.py:188} INFO - [2025-07-31T01:46:59.931+0000] {dag.py:3823} INFO - Setting next_dagrun for example_short_circuit_operator to 2025-07-30 00:00:00+00:00, run_after=2025-07-31 00:00:00+00:00
[2025-07-31T01:46:59.961+0000] {processor.py:183} INFO - Processing /home/airflow/.local/lib/python3.8/site-packages/airflow/example_dags/example_short_circuit_operator.py took 0.162 seconds
[2025-07-31T01:47:30.744+0000] {processor.py:161} INFO - Started process (PID=794) to work on /home/airflow/.local/lib/python3.8/site-packages/airflow/example_dags/example_short_circuit_operator.py
[2025-07-31T01:47:30.745+0000] {processor.py:830} INFO - Processing file /home/airflow/.local/lib/python3.8/site-packages/airflow/example_dags/example_short_circuit_operator.py for tasks to queue
[2025-07-31T01:47:30.747+0000] {logging_mixin.py:188} INFO - [2025-07-31T01:47:30.747+0000] {dagbag.py:538} INFO - Filling up the DagBag from /home/airflow/.local/lib/python3.8/site-packages/airflow/example_dags/example_short_circuit_operator.py
[2025-07-31T01:47:30.757+0000] {processor.py:840} INFO - DAG(s) 'example_short_circuit_operator' retrieved from /home/airflow/.local/lib/python3.8/site-packages/airflow/example_dags/example_short_circuit_operator.py
[2025-07-31T01:47:30.785+0000] {logging_mixin.py:188} INFO - [2025-07-31T01:47:30.784+0000] {dag.py:3036} INFO - Sync 1 DAGs
[2025-07-31T01:47:30.810+0000] {logging_mixin.py:188} INFO - [2025-07-31T01:47:30.810+0000] {dag.py:3823} INFO - Setting next_dagrun for example_short_circuit_operator to 2025-07-30 00:00:00+00:00, run_after=2025-07-31 00:00:00+00:00
[2025-07-31T01:47:30.836+0000] {processor.py:183} INFO - Processing /home/airflow/.local/lib/python3.8/site-packages/airflow/example_dags/example_short_circuit_operator.py took 0.097 seconds
[2025-07-31T01:48:35.908+0000] {processor.py:161} INFO - Started process (PID=75) to work on /home/airflow/.local/lib/python3.8/site-packages/airflow/example_dags/example_short_circuit_operator.py
[2025-07-31T01:48:35.911+0000] {processor.py:830} INFO - Processing file /home/airflow/.local/lib/python3.8/site-packages/airflow/example_dags/example_short_circuit_operator.py for tasks to queue
[2025-07-31T01:48:35.915+0000] {logging_mixin.py:188} INFO - [2025-07-31T01:48:35.914+0000] {dagbag.py:538} INFO - Filling up the DagBag from /home/airflow/.local/lib/python3.8/site-packages/airflow/example_dags/example_short_circuit_operator.py
[2025-07-31T01:48:35.940+0000] {processor.py:840} INFO - DAG(s) 'example_short_circuit_operator' retrieved from /home/airflow/.local/lib/python3.8/site-packages/airflow/example_dags/example_short_circuit_operator.py
[2025-07-31T01:48:35.971+0000] {logging_mixin.py:188} INFO - [2025-07-31T01:48:35.970+0000] {dag.py:3036} INFO - Sync 1 DAGs
[2025-07-31T01:48:36.017+0000] {logging_mixin.py:188} INFO - [2025-07-31T01:48:36.016+0000] {dag.py:3823} INFO - Setting next_dagrun for example_short_circuit_operator to 2025-07-30 00:00:00+00:00, run_after=2025-07-31 00:00:00+00:00
[2025-07-31T01:48:36.102+0000] {processor.py:183} INFO - Processing /home/airflow/.local/lib/python3.8/site-packages/airflow/example_dags/example_short_circuit_operator.py took 0.202 seconds
[2025-07-31T01:49:07.452+0000] {processor.py:161} INFO - Started process (PID=131) to work on /home/airflow/.local/lib/python3.8/site-packages/airflow/example_dags/example_short_circuit_operator.py
[2025-07-31T01:49:07.456+0000] {processor.py:830} INFO - Processing file /home/airflow/.local/lib/python3.8/site-packages/airflow/example_dags/example_short_circuit_operator.py for tasks to queue
[2025-07-31T01:49:07.463+0000] {logging_mixin.py:188} INFO - [2025-07-31T01:49:07.462+0000] {dagbag.py:538} INFO - Filling up the DagBag from /home/airflow/.local/lib/python3.8/site-packages/airflow/example_dags/example_short_circuit_operator.py
[2025-07-31T01:49:07.498+0000] {processor.py:840} INFO - DAG(s) 'example_short_circuit_operator' retrieved from /home/airflow/.local/lib/python3.8/site-packages/airflow/example_dags/example_short_circuit_operator.py
[2025-07-31T01:49:07.964+0000] {logging_mixin.py:188} INFO - [2025-07-31T01:49:07.959+0000] {dag.py:3036} INFO - Sync 1 DAGs
[2025-07-31T01:49:08.061+0000] {logging_mixin.py:188} INFO - [2025-07-31T01:49:08.060+0000] {dag.py:3823} INFO - Setting next_dagrun for example_short_circuit_operator to 2025-07-30 00:00:00+00:00, run_after=2025-07-31 00:00:00+00:00
[2025-07-31T01:49:08.118+0000] {processor.py:183} INFO - Processing /home/airflow/.local/lib/python3.8/site-packages/airflow/example_dags/example_short_circuit_operator.py took 0.677 seconds
[2025-07-31T01:49:38.364+0000] {processor.py:161} INFO - Started process (PID=187) to work on /home/airflow/.local/lib/python3.8/site-packages/airflow/example_dags/example_short_circuit_operator.py
[2025-07-31T01:49:38.366+0000] {processor.py:830} INFO - Processing file /home/airflow/.local/lib/python3.8/site-packages/airflow/example_dags/example_short_circuit_operator.py for tasks to queue
[2025-07-31T01:49:38.369+0000] {logging_mixin.py:188} INFO - [2025-07-31T01:49:38.369+0000] {dagbag.py:538} INFO - Filling up the DagBag from /home/airflow/.local/lib/python3.8/site-packages/airflow/example_dags/example_short_circuit_operator.py
[2025-07-31T01:49:38.386+0000] {processor.py:840} INFO - DAG(s) 'example_short_circuit_operator' retrieved from /home/airflow/.local/lib/python3.8/site-packages/airflow/example_dags/example_short_circuit_operator.py
[2025-07-31T01:49:38.437+0000] {logging_mixin.py:188} INFO - [2025-07-31T01:49:38.436+0000] {dag.py:3036} INFO - Sync 1 DAGs
[2025-07-31T01:49:38.476+0000] {logging_mixin.py:188} INFO - [2025-07-31T01:49:38.475+0000] {dag.py:3823} INFO - Setting next_dagrun for example_short_circuit_operator to 2025-07-30 00:00:00+00:00, run_after=2025-07-31 00:00:00+00:00
[2025-07-31T01:49:38.518+0000] {processor.py:183} INFO - Processing /home/airflow/.local/lib/python3.8/site-packages/airflow/example_dags/example_short_circuit_operator.py took 0.160 seconds
[2025-07-31T01:50:09.607+0000] {processor.py:161} INFO - Started process (PID=244) to work on /home/airflow/.local/lib/python3.8/site-packages/airflow/example_dags/example_short_circuit_operator.py
[2025-07-31T01:50:09.616+0000] {processor.py:830} INFO - Processing file /home/airflow/.local/lib/python3.8/site-packages/airflow/example_dags/example_short_circuit_operator.py for tasks to queue
[2025-07-31T01:50:09.641+0000] {logging_mixin.py:188} INFO - [2025-07-31T01:50:09.640+0000] {dagbag.py:538} INFO - Filling up the DagBag from /home/airflow/.local/lib/python3.8/site-packages/airflow/example_dags/example_short_circuit_operator.py
[2025-07-31T01:50:09.694+0000] {processor.py:840} INFO - DAG(s) 'example_short_circuit_operator' retrieved from /home/airflow/.local/lib/python3.8/site-packages/airflow/example_dags/example_short_circuit_operator.py
[2025-07-31T01:50:09.911+0000] {logging_mixin.py:188} INFO - [2025-07-31T01:50:09.910+0000] {dag.py:3036} INFO - Sync 1 DAGs
[2025-07-31T01:50:10.000+0000] {logging_mixin.py:188} INFO - [2025-07-31T01:50:10.000+0000] {dag.py:3823} INFO - Setting next_dagrun for example_short_circuit_operator to 2025-07-30 00:00:00+00:00, run_after=2025-07-31 00:00:00+00:00
[2025-07-31T01:50:10.050+0000] {processor.py:183} INFO - Processing /home/airflow/.local/lib/python3.8/site-packages/airflow/example_dags/example_short_circuit_operator.py took 0.492 seconds
[2025-07-31T01:50:40.163+0000] {processor.py:161} INFO - Started process (PID=300) to work on /home/airflow/.local/lib/python3.8/site-packages/airflow/example_dags/example_short_circuit_operator.py
[2025-07-31T01:50:40.165+0000] {processor.py:830} INFO - Processing file /home/airflow/.local/lib/python3.8/site-packages/airflow/example_dags/example_short_circuit_operator.py for tasks to queue
[2025-07-31T01:50:40.169+0000] {logging_mixin.py:188} INFO - [2025-07-31T01:50:40.168+0000] {dagbag.py:538} INFO - Filling up the DagBag from /home/airflow/.local/lib/python3.8/site-packages/airflow/example_dags/example_short_circuit_operator.py
[2025-07-31T01:50:40.207+0000] {processor.py:840} INFO - DAG(s) 'example_short_circuit_operator' retrieved from /home/airflow/.local/lib/python3.8/site-packages/airflow/example_dags/example_short_circuit_operator.py
[2025-07-31T01:50:40.331+0000] {logging_mixin.py:188} INFO - [2025-07-31T01:50:40.331+0000] {dag.py:3036} INFO - Sync 1 DAGs
[2025-07-31T01:50:40.380+0000] {logging_mixin.py:188} INFO - [2025-07-31T01:50:40.380+0000] {dag.py:3823} INFO - Setting next_dagrun for example_short_circuit_operator to 2025-07-30 00:00:00+00:00, run_after=2025-07-31 00:00:00+00:00
[2025-07-31T01:50:40.422+0000] {processor.py:183} INFO - Processing /home/airflow/.local/lib/python3.8/site-packages/airflow/example_dags/example_short_circuit_operator.py took 0.285 seconds
[2025-07-31T01:51:11.116+0000] {processor.py:161} INFO - Started process (PID=356) to work on /home/airflow/.local/lib/python3.8/site-packages/airflow/example_dags/example_short_circuit_operator.py
[2025-07-31T01:51:11.120+0000] {processor.py:830} INFO - Processing file /home/airflow/.local/lib/python3.8/site-packages/airflow/example_dags/example_short_circuit_operator.py for tasks to queue
[2025-07-31T01:51:11.124+0000] {logging_mixin.py:188} INFO - [2025-07-31T01:51:11.123+0000] {dagbag.py:538} INFO - Filling up the DagBag from /home/airflow/.local/lib/python3.8/site-packages/airflow/example_dags/example_short_circuit_operator.py
[2025-07-31T01:51:11.139+0000] {processor.py:840} INFO - DAG(s) 'example_short_circuit_operator' retrieved from /home/airflow/.local/lib/python3.8/site-packages/airflow/example_dags/example_short_circuit_operator.py
[2025-07-31T01:51:11.171+0000] {logging_mixin.py:188} INFO - [2025-07-31T01:51:11.170+0000] {dag.py:3036} INFO - Sync 1 DAGs
[2025-07-31T01:51:11.215+0000] {logging_mixin.py:188} INFO - [2025-07-31T01:51:11.215+0000] {dag.py:3823} INFO - Setting next_dagrun for example_short_circuit_operator to 2025-07-30 00:00:00+00:00, run_after=2025-07-31 00:00:00+00:00
[2025-07-31T01:51:11.261+0000] {processor.py:183} INFO - Processing /home/airflow/.local/lib/python3.8/site-packages/airflow/example_dags/example_short_circuit_operator.py took 0.154 seconds
[2025-07-31T01:51:41.408+0000] {processor.py:161} INFO - Started process (PID=411) to work on /home/airflow/.local/lib/python3.8/site-packages/airflow/example_dags/example_short_circuit_operator.py
[2025-07-31T01:51:41.410+0000] {processor.py:830} INFO - Processing file /home/airflow/.local/lib/python3.8/site-packages/airflow/example_dags/example_short_circuit_operator.py for tasks to queue
[2025-07-31T01:51:41.412+0000] {logging_mixin.py:188} INFO - [2025-07-31T01:51:41.412+0000] {dagbag.py:538} INFO - Filling up the DagBag from /home/airflow/.local/lib/python3.8/site-packages/airflow/example_dags/example_short_circuit_operator.py
[2025-07-31T01:51:41.423+0000] {processor.py:840} INFO - DAG(s) 'example_short_circuit_operator' retrieved from /home/airflow/.local/lib/python3.8/site-packages/airflow/example_dags/example_short_circuit_operator.py
[2025-07-31T01:51:41.453+0000] {logging_mixin.py:188} INFO - [2025-07-31T01:51:41.452+0000] {dag.py:3036} INFO - Sync 1 DAGs
[2025-07-31T01:51:41.479+0000] {logging_mixin.py:188} INFO - [2025-07-31T01:51:41.479+0000] {dag.py:3823} INFO - Setting next_dagrun for example_short_circuit_operator to 2025-07-30 00:00:00+00:00, run_after=2025-07-31 00:00:00+00:00
[2025-07-31T01:51:41.519+0000] {processor.py:183} INFO - Processing /home/airflow/.local/lib/python3.8/site-packages/airflow/example_dags/example_short_circuit_operator.py took 0.116 seconds
[2025-07-31T01:52:12.045+0000] {processor.py:161} INFO - Started process (PID=467) to work on /home/airflow/.local/lib/python3.8/site-packages/airflow/example_dags/example_short_circuit_operator.py
[2025-07-31T01:52:12.047+0000] {processor.py:830} INFO - Processing file /home/airflow/.local/lib/python3.8/site-packages/airflow/example_dags/example_short_circuit_operator.py for tasks to queue
[2025-07-31T01:52:12.051+0000] {logging_mixin.py:188} INFO - [2025-07-31T01:52:12.050+0000] {dagbag.py:538} INFO - Filling up the DagBag from /home/airflow/.local/lib/python3.8/site-packages/airflow/example_dags/example_short_circuit_operator.py
[2025-07-31T01:52:12.066+0000] {processor.py:840} INFO - DAG(s) 'example_short_circuit_operator' retrieved from /home/airflow/.local/lib/python3.8/site-packages/airflow/example_dags/example_short_circuit_operator.py
[2025-07-31T01:52:12.104+0000] {logging_mixin.py:188} INFO - [2025-07-31T01:52:12.104+0000] {dag.py:3036} INFO - Sync 1 DAGs
[2025-07-31T01:52:12.144+0000] {logging_mixin.py:188} INFO - [2025-07-31T01:52:12.144+0000] {dag.py:3823} INFO - Setting next_dagrun for example_short_circuit_operator to 2025-07-30 00:00:00+00:00, run_after=2025-07-31 00:00:00+00:00
[2025-07-31T01:52:12.175+0000] {processor.py:183} INFO - Processing /home/airflow/.local/lib/python3.8/site-packages/airflow/example_dags/example_short_circuit_operator.py took 0.136 seconds
[2025-07-31T01:52:42.619+0000] {processor.py:161} INFO - Started process (PID=523) to work on /home/airflow/.local/lib/python3.8/site-packages/airflow/example_dags/example_short_circuit_operator.py
[2025-07-31T01:52:42.620+0000] {processor.py:830} INFO - Processing file /home/airflow/.local/lib/python3.8/site-packages/airflow/example_dags/example_short_circuit_operator.py for tasks to queue
[2025-07-31T01:52:42.625+0000] {logging_mixin.py:188} INFO - [2025-07-31T01:52:42.624+0000] {dagbag.py:538} INFO - Filling up the DagBag from /home/airflow/.local/lib/python3.8/site-packages/airflow/example_dags/example_short_circuit_operator.py
[2025-07-31T01:52:42.635+0000] {processor.py:840} INFO - DAG(s) 'example_short_circuit_operator' retrieved from /home/airflow/.local/lib/python3.8/site-packages/airflow/example_dags/example_short_circuit_operator.py
[2025-07-31T01:52:42.666+0000] {logging_mixin.py:188} INFO - [2025-07-31T01:52:42.666+0000] {dag.py:3036} INFO - Sync 1 DAGs
[2025-07-31T01:52:42.695+0000] {logging_mixin.py:188} INFO - [2025-07-31T01:52:42.695+0000] {dag.py:3823} INFO - Setting next_dagrun for example_short_circuit_operator to 2025-07-30 00:00:00+00:00, run_after=2025-07-31 00:00:00+00:00
[2025-07-31T01:52:42.721+0000] {processor.py:183} INFO - Processing /home/airflow/.local/lib/python3.8/site-packages/airflow/example_dags/example_short_circuit_operator.py took 0.107 seconds
[2025-07-31T01:53:12.916+0000] {processor.py:161} INFO - Started process (PID=579) to work on /home/airflow/.local/lib/python3.8/site-packages/airflow/example_dags/example_short_circuit_operator.py
[2025-07-31T01:53:12.917+0000] {processor.py:830} INFO - Processing file /home/airflow/.local/lib/python3.8/site-packages/airflow/example_dags/example_short_circuit_operator.py for tasks to queue
[2025-07-31T01:53:12.920+0000] {logging_mixin.py:188} INFO - [2025-07-31T01:53:12.919+0000] {dagbag.py:538} INFO - Filling up the DagBag from /home/airflow/.local/lib/python3.8/site-packages/airflow/example_dags/example_short_circuit_operator.py
[2025-07-31T01:53:12.929+0000] {processor.py:840} INFO - DAG(s) 'example_short_circuit_operator' retrieved from /home/airflow/.local/lib/python3.8/site-packages/airflow/example_dags/example_short_circuit_operator.py
[2025-07-31T01:53:12.960+0000] {logging_mixin.py:188} INFO - [2025-07-31T01:53:12.960+0000] {dag.py:3036} INFO - Sync 1 DAGs
[2025-07-31T01:53:12.987+0000] {logging_mixin.py:188} INFO - [2025-07-31T01:53:12.987+0000] {dag.py:3823} INFO - Setting next_dagrun for example_short_circuit_operator to 2025-07-30 00:00:00+00:00, run_after=2025-07-31 00:00:00+00:00
[2025-07-31T01:53:13.012+0000] {processor.py:183} INFO - Processing /home/airflow/.local/lib/python3.8/site-packages/airflow/example_dags/example_short_circuit_operator.py took 0.101 seconds
[2025-07-31T01:53:43.534+0000] {processor.py:161} INFO - Started process (PID=637) to work on /home/airflow/.local/lib/python3.8/site-packages/airflow/example_dags/example_short_circuit_operator.py
[2025-07-31T01:53:43.535+0000] {processor.py:830} INFO - Processing file /home/airflow/.local/lib/python3.8/site-packages/airflow/example_dags/example_short_circuit_operator.py for tasks to queue
[2025-07-31T01:53:43.538+0000] {logging_mixin.py:188} INFO - [2025-07-31T01:53:43.537+0000] {dagbag.py:538} INFO - Filling up the DagBag from /home/airflow/.local/lib/python3.8/site-packages/airflow/example_dags/example_short_circuit_operator.py
[2025-07-31T01:53:43.547+0000] {processor.py:840} INFO - DAG(s) 'example_short_circuit_operator' retrieved from /home/airflow/.local/lib/python3.8/site-packages/airflow/example_dags/example_short_circuit_operator.py
[2025-07-31T01:53:43.577+0000] {logging_mixin.py:188} INFO - [2025-07-31T01:53:43.576+0000] {dag.py:3036} INFO - Sync 1 DAGs
[2025-07-31T01:53:43.602+0000] {logging_mixin.py:188} INFO - [2025-07-31T01:53:43.601+0000] {dag.py:3823} INFO - Setting next_dagrun for example_short_circuit_operator to 2025-07-30 00:00:00+00:00, run_after=2025-07-31 00:00:00+00:00
[2025-07-31T01:53:43.626+0000] {processor.py:183} INFO - Processing /home/airflow/.local/lib/python3.8/site-packages/airflow/example_dags/example_short_circuit_operator.py took 0.097 seconds
[2025-07-31T01:54:16.132+0000] {processor.py:161} INFO - Started process (PID=694) to work on /home/airflow/.local/lib/python3.8/site-packages/airflow/example_dags/example_short_circuit_operator.py
[2025-07-31T01:54:16.136+0000] {processor.py:830} INFO - Processing file /home/airflow/.local/lib/python3.8/site-packages/airflow/example_dags/example_short_circuit_operator.py for tasks to queue
[2025-07-31T01:54:16.143+0000] {logging_mixin.py:188} INFO - [2025-07-31T01:54:16.141+0000] {dagbag.py:538} INFO - Filling up the DagBag from /home/airflow/.local/lib/python3.8/site-packages/airflow/example_dags/example_short_circuit_operator.py
[2025-07-31T01:54:16.164+0000] {processor.py:840} INFO - DAG(s) 'example_short_circuit_operator' retrieved from /home/airflow/.local/lib/python3.8/site-packages/airflow/example_dags/example_short_circuit_operator.py
[2025-07-31T01:54:16.236+0000] {logging_mixin.py:188} INFO - [2025-07-31T01:54:16.236+0000] {dag.py:3036} INFO - Sync 1 DAGs
[2025-07-31T01:54:16.338+0000] {logging_mixin.py:188} INFO - [2025-07-31T01:54:16.338+0000] {dag.py:3823} INFO - Setting next_dagrun for example_short_circuit_operator to 2025-07-30 00:00:00+00:00, run_after=2025-07-31 00:00:00+00:00
[2025-07-31T01:54:16.417+0000] {processor.py:183} INFO - Processing /home/airflow/.local/lib/python3.8/site-packages/airflow/example_dags/example_short_circuit_operator.py took 0.307 seconds
[2025-07-31T01:54:46.935+0000] {processor.py:161} INFO - Started process (PID=751) to work on /home/airflow/.local/lib/python3.8/site-packages/airflow/example_dags/example_short_circuit_operator.py
[2025-07-31T01:54:46.936+0000] {processor.py:830} INFO - Processing file /home/airflow/.local/lib/python3.8/site-packages/airflow/example_dags/example_short_circuit_operator.py for tasks to queue
[2025-07-31T01:54:46.939+0000] {logging_mixin.py:188} INFO - [2025-07-31T01:54:46.939+0000] {dagbag.py:538} INFO - Filling up the DagBag from /home/airflow/.local/lib/python3.8/site-packages/airflow/example_dags/example_short_circuit_operator.py
[2025-07-31T01:54:46.951+0000] {processor.py:840} INFO - DAG(s) 'example_short_circuit_operator' retrieved from /home/airflow/.local/lib/python3.8/site-packages/airflow/example_dags/example_short_circuit_operator.py
[2025-07-31T01:54:46.984+0000] {logging_mixin.py:188} INFO - [2025-07-31T01:54:46.984+0000] {dag.py:3036} INFO - Sync 1 DAGs
[2025-07-31T01:54:47.021+0000] {logging_mixin.py:188} INFO - [2025-07-31T01:54:47.020+0000] {dag.py:3823} INFO - Setting next_dagrun for example_short_circuit_operator to 2025-07-30 00:00:00+00:00, run_after=2025-07-31 00:00:00+00:00
[2025-07-31T01:54:47.059+0000] {processor.py:183} INFO - Processing /home/airflow/.local/lib/python3.8/site-packages/airflow/example_dags/example_short_circuit_operator.py took 0.130 seconds
[2025-07-31T01:55:17.731+0000] {processor.py:161} INFO - Started process (PID=808) to work on /home/airflow/.local/lib/python3.8/site-packages/airflow/example_dags/example_short_circuit_operator.py
[2025-07-31T01:55:17.733+0000] {processor.py:830} INFO - Processing file /home/airflow/.local/lib/python3.8/site-packages/airflow/example_dags/example_short_circuit_operator.py for tasks to queue
[2025-07-31T01:55:17.736+0000] {logging_mixin.py:188} INFO - [2025-07-31T01:55:17.735+0000] {dagbag.py:538} INFO - Filling up the DagBag from /home/airflow/.local/lib/python3.8/site-packages/airflow/example_dags/example_short_circuit_operator.py
[2025-07-31T01:55:17.749+0000] {processor.py:840} INFO - DAG(s) 'example_short_circuit_operator' retrieved from /home/airflow/.local/lib/python3.8/site-packages/airflow/example_dags/example_short_circuit_operator.py
[2025-07-31T01:55:17.784+0000] {logging_mixin.py:188} INFO - [2025-07-31T01:55:17.783+0000] {dag.py:3036} INFO - Sync 1 DAGs
[2025-07-31T01:55:17.812+0000] {logging_mixin.py:188} INFO - [2025-07-31T01:55:17.811+0000] {dag.py:3823} INFO - Setting next_dagrun for example_short_circuit_operator to 2025-07-30 00:00:00+00:00, run_after=2025-07-31 00:00:00+00:00
[2025-07-31T01:55:17.840+0000] {processor.py:183} INFO - Processing /home/airflow/.local/lib/python3.8/site-packages/airflow/example_dags/example_short_circuit_operator.py took 0.113 seconds
[2025-07-31T01:55:49.136+0000] {processor.py:161} INFO - Started process (PID=865) to work on /home/airflow/.local/lib/python3.8/site-packages/airflow/example_dags/example_short_circuit_operator.py
[2025-07-31T01:55:49.149+0000] {processor.py:830} INFO - Processing file /home/airflow/.local/lib/python3.8/site-packages/airflow/example_dags/example_short_circuit_operator.py for tasks to queue
[2025-07-31T01:55:49.154+0000] {logging_mixin.py:188} INFO - [2025-07-31T01:55:49.153+0000] {dagbag.py:538} INFO - Filling up the DagBag from /home/airflow/.local/lib/python3.8/site-packages/airflow/example_dags/example_short_circuit_operator.py
[2025-07-31T01:55:49.190+0000] {processor.py:840} INFO - DAG(s) 'example_short_circuit_operator' retrieved from /home/airflow/.local/lib/python3.8/site-packages/airflow/example_dags/example_short_circuit_operator.py
[2025-07-31T01:55:49.281+0000] {logging_mixin.py:188} INFO - [2025-07-31T01:55:49.281+0000] {dag.py:3036} INFO - Sync 1 DAGs
[2025-07-31T01:55:49.358+0000] {logging_mixin.py:188} INFO - [2025-07-31T01:55:49.358+0000] {dag.py:3823} INFO - Setting next_dagrun for example_short_circuit_operator to 2025-07-30 00:00:00+00:00, run_after=2025-07-31 00:00:00+00:00
[2025-07-31T01:55:49.429+0000] {processor.py:183} INFO - Processing /home/airflow/.local/lib/python3.8/site-packages/airflow/example_dags/example_short_circuit_operator.py took 0.308 seconds
[2025-07-31T01:56:20.294+0000] {processor.py:161} INFO - Started process (PID=922) to work on /home/airflow/.local/lib/python3.8/site-packages/airflow/example_dags/example_short_circuit_operator.py
[2025-07-31T01:56:20.303+0000] {processor.py:830} INFO - Processing file /home/airflow/.local/lib/python3.8/site-packages/airflow/example_dags/example_short_circuit_operator.py for tasks to queue
[2025-07-31T01:56:20.319+0000] {logging_mixin.py:188} INFO - [2025-07-31T01:56:20.317+0000] {dagbag.py:538} INFO - Filling up the DagBag from /home/airflow/.local/lib/python3.8/site-packages/airflow/example_dags/example_short_circuit_operator.py
[2025-07-31T01:56:20.353+0000] {processor.py:840} INFO - DAG(s) 'example_short_circuit_operator' retrieved from /home/airflow/.local/lib/python3.8/site-packages/airflow/example_dags/example_short_circuit_operator.py
[2025-07-31T01:56:20.464+0000] {logging_mixin.py:188} INFO - [2025-07-31T01:56:20.463+0000] {dag.py:3036} INFO - Sync 1 DAGs
[2025-07-31T01:56:20.534+0000] {logging_mixin.py:188} INFO - [2025-07-31T01:56:20.533+0000] {dag.py:3823} INFO - Setting next_dagrun for example_short_circuit_operator to 2025-07-30 00:00:00+00:00, run_after=2025-07-31 00:00:00+00:00
[2025-07-31T01:56:20.616+0000] {processor.py:183} INFO - Processing /home/airflow/.local/lib/python3.8/site-packages/airflow/example_dags/example_short_circuit_operator.py took 0.334 seconds
