[2025-07-31T01:40:53.498+0000] {processor.py:161} INFO - Started process (PID=83) to work on /home/airflow/.local/lib/python3.8/site-packages/airflow/example_dags/example_time_delta_sensor_async.py
[2025-07-31T01:40:53.500+0000] {processor.py:830} INFO - Processing file /home/airflow/.local/lib/python3.8/site-packages/airflow/example_dags/example_time_delta_sensor_async.py for tasks to queue
[2025-07-31T01:40:53.506+0000] {logging_mixin.py:188} INFO - [2025-07-31T01:40:53.505+0000] {dagbag.py:538} INFO - Filling up the DagBag from /home/airflow/.local/lib/python3.8/site-packages/airflow/example_dags/example_time_delta_sensor_async.py
[2025-07-31T01:40:53.526+0000] {processor.py:840} INFO - DAG(s) 'example_time_delta_sensor_async' retrieved from /home/airflow/.local/lib/python3.8/site-packages/airflow/example_dags/example_time_delta_sensor_async.py
[2025-07-31T01:40:53.763+0000] {logging_mixin.py:188} INFO - [2025-07-31T01:40:53.762+0000] {dag.py:3036} INFO - Sync 1 DAGs
[2025-07-31T01:40:53.793+0000] {logging_mixin.py:188} INFO - [2025-07-31T01:40:53.793+0000] {dag.py:3823} INFO - Setting next_dagrun for example_time_delta_sensor_async to None, run_after=None
[2025-07-31T01:40:53.829+0000] {processor.py:183} INFO - Processing /home/airflow/.local/lib/python3.8/site-packages/airflow/example_dags/example_time_delta_sensor_async.py took 0.338 seconds
[2025-07-31T01:41:24.021+0000] {processor.py:161} INFO - Started process (PID=138) to work on /home/airflow/.local/lib/python3.8/site-packages/airflow/example_dags/example_time_delta_sensor_async.py
[2025-07-31T01:41:24.023+0000] {processor.py:830} INFO - Processing file /home/airflow/.local/lib/python3.8/site-packages/airflow/example_dags/example_time_delta_sensor_async.py for tasks to queue
[2025-07-31T01:41:24.032+0000] {logging_mixin.py:188} INFO - [2025-07-31T01:41:24.031+0000] {dagbag.py:538} INFO - Filling up the DagBag from /home/airflow/.local/lib/python3.8/site-packages/airflow/example_dags/example_time_delta_sensor_async.py
[2025-07-31T01:41:24.052+0000] {processor.py:840} INFO - DAG(s) 'example_time_delta_sensor_async' retrieved from /home/airflow/.local/lib/python3.8/site-packages/airflow/example_dags/example_time_delta_sensor_async.py
[2025-07-31T01:41:24.123+0000] {logging_mixin.py:188} INFO - [2025-07-31T01:41:24.123+0000] {dag.py:3036} INFO - Sync 1 DAGs
[2025-07-31T01:41:24.170+0000] {logging_mixin.py:188} INFO - [2025-07-31T01:41:24.170+0000] {dag.py:3823} INFO - Setting next_dagrun for example_time_delta_sensor_async to None, run_after=None
[2025-07-31T01:41:24.232+0000] {processor.py:183} INFO - Processing /home/airflow/.local/lib/python3.8/site-packages/airflow/example_dags/example_time_delta_sensor_async.py took 0.225 seconds
[2025-07-31T01:41:55.261+0000] {processor.py:161} INFO - Started process (PID=193) to work on /home/airflow/.local/lib/python3.8/site-packages/airflow/example_dags/example_time_delta_sensor_async.py
[2025-07-31T01:41:55.268+0000] {processor.py:830} INFO - Processing file /home/airflow/.local/lib/python3.8/site-packages/airflow/example_dags/example_time_delta_sensor_async.py for tasks to queue
[2025-07-31T01:41:55.272+0000] {logging_mixin.py:188} INFO - [2025-07-31T01:41:55.271+0000] {dagbag.py:538} INFO - Filling up the DagBag from /home/airflow/.local/lib/python3.8/site-packages/airflow/example_dags/example_time_delta_sensor_async.py
[2025-07-31T01:41:55.289+0000] {processor.py:840} INFO - DAG(s) 'example_time_delta_sensor_async' retrieved from /home/airflow/.local/lib/python3.8/site-packages/airflow/example_dags/example_time_delta_sensor_async.py
[2025-07-31T01:41:55.419+0000] {logging_mixin.py:188} INFO - [2025-07-31T01:41:55.409+0000] {dag.py:3036} INFO - Sync 1 DAGs
[2025-07-31T01:41:55.493+0000] {logging_mixin.py:188} INFO - [2025-07-31T01:41:55.492+0000] {dag.py:3823} INFO - Setting next_dagrun for example_time_delta_sensor_async to None, run_after=None
[2025-07-31T01:41:55.577+0000] {processor.py:183} INFO - Processing /home/airflow/.local/lib/python3.8/site-packages/airflow/example_dags/example_time_delta_sensor_async.py took 0.323 seconds
[2025-07-31T01:42:25.791+0000] {processor.py:161} INFO - Started process (PID=249) to work on /home/airflow/.local/lib/python3.8/site-packages/airflow/example_dags/example_time_delta_sensor_async.py
[2025-07-31T01:42:25.805+0000] {processor.py:830} INFO - Processing file /home/airflow/.local/lib/python3.8/site-packages/airflow/example_dags/example_time_delta_sensor_async.py for tasks to queue
[2025-07-31T01:42:25.811+0000] {logging_mixin.py:188} INFO - [2025-07-31T01:42:25.810+0000] {dagbag.py:538} INFO - Filling up the DagBag from /home/airflow/.local/lib/python3.8/site-packages/airflow/example_dags/example_time_delta_sensor_async.py
[2025-07-31T01:42:25.839+0000] {processor.py:840} INFO - DAG(s) 'example_time_delta_sensor_async' retrieved from /home/airflow/.local/lib/python3.8/site-packages/airflow/example_dags/example_time_delta_sensor_async.py
[2025-07-31T01:42:25.934+0000] {logging_mixin.py:188} INFO - [2025-07-31T01:42:25.933+0000] {dag.py:3036} INFO - Sync 1 DAGs
[2025-07-31T01:42:25.955+0000] {logging_mixin.py:188} INFO - [2025-07-31T01:42:25.954+0000] {dag.py:3823} INFO - Setting next_dagrun for example_time_delta_sensor_async to None, run_after=None
[2025-07-31T01:42:25.987+0000] {processor.py:183} INFO - Processing /home/airflow/.local/lib/python3.8/site-packages/airflow/example_dags/example_time_delta_sensor_async.py took 0.203 seconds
[2025-07-31T01:42:56.983+0000] {processor.py:161} INFO - Started process (PID=304) to work on /home/airflow/.local/lib/python3.8/site-packages/airflow/example_dags/example_time_delta_sensor_async.py
[2025-07-31T01:42:56.985+0000] {processor.py:830} INFO - Processing file /home/airflow/.local/lib/python3.8/site-packages/airflow/example_dags/example_time_delta_sensor_async.py for tasks to queue
[2025-07-31T01:42:56.992+0000] {logging_mixin.py:188} INFO - [2025-07-31T01:42:56.992+0000] {dagbag.py:538} INFO - Filling up the DagBag from /home/airflow/.local/lib/python3.8/site-packages/airflow/example_dags/example_time_delta_sensor_async.py
[2025-07-31T01:42:57.005+0000] {processor.py:840} INFO - DAG(s) 'example_time_delta_sensor_async' retrieved from /home/airflow/.local/lib/python3.8/site-packages/airflow/example_dags/example_time_delta_sensor_async.py
[2025-07-31T01:42:57.080+0000] {logging_mixin.py:188} INFO - [2025-07-31T01:42:57.079+0000] {dag.py:3036} INFO - Sync 1 DAGs
[2025-07-31T01:42:57.141+0000] {logging_mixin.py:188} INFO - [2025-07-31T01:42:57.140+0000] {dag.py:3823} INFO - Setting next_dagrun for example_time_delta_sensor_async to None, run_after=None
[2025-07-31T01:42:57.210+0000] {processor.py:183} INFO - Processing /home/airflow/.local/lib/python3.8/site-packages/airflow/example_dags/example_time_delta_sensor_async.py took 0.235 seconds
[2025-07-31T01:43:27.511+0000] {processor.py:161} INFO - Started process (PID=359) to work on /home/airflow/.local/lib/python3.8/site-packages/airflow/example_dags/example_time_delta_sensor_async.py
[2025-07-31T01:43:27.521+0000] {processor.py:830} INFO - Processing file /home/airflow/.local/lib/python3.8/site-packages/airflow/example_dags/example_time_delta_sensor_async.py for tasks to queue
[2025-07-31T01:43:27.532+0000] {logging_mixin.py:188} INFO - [2025-07-31T01:43:27.532+0000] {dagbag.py:538} INFO - Filling up the DagBag from /home/airflow/.local/lib/python3.8/site-packages/airflow/example_dags/example_time_delta_sensor_async.py
[2025-07-31T01:43:27.577+0000] {processor.py:840} INFO - DAG(s) 'example_time_delta_sensor_async' retrieved from /home/airflow/.local/lib/python3.8/site-packages/airflow/example_dags/example_time_delta_sensor_async.py
[2025-07-31T01:43:27.708+0000] {logging_mixin.py:188} INFO - [2025-07-31T01:43:27.707+0000] {dag.py:3036} INFO - Sync 1 DAGs
[2025-07-31T01:43:27.765+0000] {logging_mixin.py:188} INFO - [2025-07-31T01:43:27.765+0000] {dag.py:3823} INFO - Setting next_dagrun for example_time_delta_sensor_async to None, run_after=None
[2025-07-31T01:43:27.804+0000] {processor.py:183} INFO - Processing /home/airflow/.local/lib/python3.8/site-packages/airflow/example_dags/example_time_delta_sensor_async.py took 0.317 seconds
[2025-07-31T01:43:58.163+0000] {processor.py:161} INFO - Started process (PID=414) to work on /home/airflow/.local/lib/python3.8/site-packages/airflow/example_dags/example_time_delta_sensor_async.py
[2025-07-31T01:43:58.173+0000] {processor.py:830} INFO - Processing file /home/airflow/.local/lib/python3.8/site-packages/airflow/example_dags/example_time_delta_sensor_async.py for tasks to queue
[2025-07-31T01:43:58.179+0000] {logging_mixin.py:188} INFO - [2025-07-31T01:43:58.179+0000] {dagbag.py:538} INFO - Filling up the DagBag from /home/airflow/.local/lib/python3.8/site-packages/airflow/example_dags/example_time_delta_sensor_async.py
[2025-07-31T01:43:58.213+0000] {processor.py:840} INFO - DAG(s) 'example_time_delta_sensor_async' retrieved from /home/airflow/.local/lib/python3.8/site-packages/airflow/example_dags/example_time_delta_sensor_async.py
[2025-07-31T01:43:58.315+0000] {logging_mixin.py:188} INFO - [2025-07-31T01:43:58.303+0000] {dag.py:3036} INFO - Sync 1 DAGs
[2025-07-31T01:43:58.365+0000] {logging_mixin.py:188} INFO - [2025-07-31T01:43:58.365+0000] {dag.py:3823} INFO - Setting next_dagrun for example_time_delta_sensor_async to None, run_after=None
[2025-07-31T01:43:58.428+0000] {processor.py:183} INFO - Processing /home/airflow/.local/lib/python3.8/site-packages/airflow/example_dags/example_time_delta_sensor_async.py took 0.273 seconds
[2025-07-31T01:44:28.770+0000] {processor.py:161} INFO - Started process (PID=469) to work on /home/airflow/.local/lib/python3.8/site-packages/airflow/example_dags/example_time_delta_sensor_async.py
[2025-07-31T01:44:28.772+0000] {processor.py:830} INFO - Processing file /home/airflow/.local/lib/python3.8/site-packages/airflow/example_dags/example_time_delta_sensor_async.py for tasks to queue
[2025-07-31T01:44:28.776+0000] {logging_mixin.py:188} INFO - [2025-07-31T01:44:28.775+0000] {dagbag.py:538} INFO - Filling up the DagBag from /home/airflow/.local/lib/python3.8/site-packages/airflow/example_dags/example_time_delta_sensor_async.py
[2025-07-31T01:44:28.792+0000] {processor.py:840} INFO - DAG(s) 'example_time_delta_sensor_async' retrieved from /home/airflow/.local/lib/python3.8/site-packages/airflow/example_dags/example_time_delta_sensor_async.py
[2025-07-31T01:44:28.834+0000] {logging_mixin.py:188} INFO - [2025-07-31T01:44:28.834+0000] {dag.py:3036} INFO - Sync 1 DAGs
[2025-07-31T01:44:28.849+0000] {logging_mixin.py:188} INFO - [2025-07-31T01:44:28.849+0000] {dag.py:3823} INFO - Setting next_dagrun for example_time_delta_sensor_async to None, run_after=None
[2025-07-31T01:44:28.873+0000] {processor.py:183} INFO - Processing /home/airflow/.local/lib/python3.8/site-packages/airflow/example_dags/example_time_delta_sensor_async.py took 0.110 seconds
[2025-07-31T01:44:59.280+0000] {processor.py:161} INFO - Started process (PID=524) to work on /home/airflow/.local/lib/python3.8/site-packages/airflow/example_dags/example_time_delta_sensor_async.py
[2025-07-31T01:44:59.282+0000] {processor.py:830} INFO - Processing file /home/airflow/.local/lib/python3.8/site-packages/airflow/example_dags/example_time_delta_sensor_async.py for tasks to queue
[2025-07-31T01:44:59.285+0000] {logging_mixin.py:188} INFO - [2025-07-31T01:44:59.285+0000] {dagbag.py:538} INFO - Filling up the DagBag from /home/airflow/.local/lib/python3.8/site-packages/airflow/example_dags/example_time_delta_sensor_async.py
[2025-07-31T01:44:59.295+0000] {processor.py:840} INFO - DAG(s) 'example_time_delta_sensor_async' retrieved from /home/airflow/.local/lib/python3.8/site-packages/airflow/example_dags/example_time_delta_sensor_async.py
[2025-07-31T01:44:59.337+0000] {logging_mixin.py:188} INFO - [2025-07-31T01:44:59.336+0000] {dag.py:3036} INFO - Sync 1 DAGs
[2025-07-31T01:44:59.364+0000] {logging_mixin.py:188} INFO - [2025-07-31T01:44:59.363+0000] {dag.py:3823} INFO - Setting next_dagrun for example_time_delta_sensor_async to None, run_after=None
[2025-07-31T01:44:59.410+0000] {processor.py:183} INFO - Processing /home/airflow/.local/lib/python3.8/site-packages/airflow/example_dags/example_time_delta_sensor_async.py took 0.136 seconds
[2025-07-31T01:45:29.912+0000] {processor.py:161} INFO - Started process (PID=579) to work on /home/airflow/.local/lib/python3.8/site-packages/airflow/example_dags/example_time_delta_sensor_async.py
[2025-07-31T01:45:29.915+0000] {processor.py:830} INFO - Processing file /home/airflow/.local/lib/python3.8/site-packages/airflow/example_dags/example_time_delta_sensor_async.py for tasks to queue
[2025-07-31T01:45:29.924+0000] {logging_mixin.py:188} INFO - [2025-07-31T01:45:29.923+0000] {dagbag.py:538} INFO - Filling up the DagBag from /home/airflow/.local/lib/python3.8/site-packages/airflow/example_dags/example_time_delta_sensor_async.py
[2025-07-31T01:45:29.936+0000] {processor.py:840} INFO - DAG(s) 'example_time_delta_sensor_async' retrieved from /home/airflow/.local/lib/python3.8/site-packages/airflow/example_dags/example_time_delta_sensor_async.py
[2025-07-31T01:45:29.976+0000] {logging_mixin.py:188} INFO - [2025-07-31T01:45:29.976+0000] {dag.py:3036} INFO - Sync 1 DAGs
[2025-07-31T01:45:29.997+0000] {logging_mixin.py:188} INFO - [2025-07-31T01:45:29.997+0000] {dag.py:3823} INFO - Setting next_dagrun for example_time_delta_sensor_async to None, run_after=None
[2025-07-31T01:45:30.035+0000] {processor.py:183} INFO - Processing /home/airflow/.local/lib/python3.8/site-packages/airflow/example_dags/example_time_delta_sensor_async.py took 0.132 seconds
[2025-07-31T01:46:00.759+0000] {processor.py:161} INFO - Started process (PID=634) to work on /home/airflow/.local/lib/python3.8/site-packages/airflow/example_dags/example_time_delta_sensor_async.py
[2025-07-31T01:46:00.760+0000] {processor.py:830} INFO - Processing file /home/airflow/.local/lib/python3.8/site-packages/airflow/example_dags/example_time_delta_sensor_async.py for tasks to queue
[2025-07-31T01:46:00.764+0000] {logging_mixin.py:188} INFO - [2025-07-31T01:46:00.764+0000] {dagbag.py:538} INFO - Filling up the DagBag from /home/airflow/.local/lib/python3.8/site-packages/airflow/example_dags/example_time_delta_sensor_async.py
[2025-07-31T01:46:00.770+0000] {processor.py:840} INFO - DAG(s) 'example_time_delta_sensor_async' retrieved from /home/airflow/.local/lib/python3.8/site-packages/airflow/example_dags/example_time_delta_sensor_async.py
[2025-07-31T01:46:00.800+0000] {logging_mixin.py:188} INFO - [2025-07-31T01:46:00.800+0000] {dag.py:3036} INFO - Sync 1 DAGs
[2025-07-31T01:46:00.818+0000] {logging_mixin.py:188} INFO - [2025-07-31T01:46:00.817+0000] {dag.py:3823} INFO - Setting next_dagrun for example_time_delta_sensor_async to None, run_after=None
[2025-07-31T01:46:00.849+0000] {processor.py:183} INFO - Processing /home/airflow/.local/lib/python3.8/site-packages/airflow/example_dags/example_time_delta_sensor_async.py took 0.097 seconds
[2025-07-31T01:46:31.330+0000] {processor.py:161} INFO - Started process (PID=690) to work on /home/airflow/.local/lib/python3.8/site-packages/airflow/example_dags/example_time_delta_sensor_async.py
[2025-07-31T01:46:31.331+0000] {processor.py:830} INFO - Processing file /home/airflow/.local/lib/python3.8/site-packages/airflow/example_dags/example_time_delta_sensor_async.py for tasks to queue
[2025-07-31T01:46:31.335+0000] {logging_mixin.py:188} INFO - [2025-07-31T01:46:31.334+0000] {dagbag.py:538} INFO - Filling up the DagBag from /home/airflow/.local/lib/python3.8/site-packages/airflow/example_dags/example_time_delta_sensor_async.py
[2025-07-31T01:46:31.341+0000] {processor.py:840} INFO - DAG(s) 'example_time_delta_sensor_async' retrieved from /home/airflow/.local/lib/python3.8/site-packages/airflow/example_dags/example_time_delta_sensor_async.py
[2025-07-31T01:46:31.373+0000] {logging_mixin.py:188} INFO - [2025-07-31T01:46:31.373+0000] {dag.py:3036} INFO - Sync 1 DAGs
[2025-07-31T01:46:31.388+0000] {logging_mixin.py:188} INFO - [2025-07-31T01:46:31.387+0000] {dag.py:3823} INFO - Setting next_dagrun for example_time_delta_sensor_async to None, run_after=None
[2025-07-31T01:46:31.412+0000] {processor.py:183} INFO - Processing /home/airflow/.local/lib/python3.8/site-packages/airflow/example_dags/example_time_delta_sensor_async.py took 0.086 seconds
[2025-07-31T01:47:02.220+0000] {processor.py:161} INFO - Started process (PID=746) to work on /home/airflow/.local/lib/python3.8/site-packages/airflow/example_dags/example_time_delta_sensor_async.py
[2025-07-31T01:47:02.222+0000] {processor.py:830} INFO - Processing file /home/airflow/.local/lib/python3.8/site-packages/airflow/example_dags/example_time_delta_sensor_async.py for tasks to queue
[2025-07-31T01:47:02.228+0000] {logging_mixin.py:188} INFO - [2025-07-31T01:47:02.227+0000] {dagbag.py:538} INFO - Filling up the DagBag from /home/airflow/.local/lib/python3.8/site-packages/airflow/example_dags/example_time_delta_sensor_async.py
[2025-07-31T01:47:02.266+0000] {processor.py:840} INFO - DAG(s) 'example_time_delta_sensor_async' retrieved from /home/airflow/.local/lib/python3.8/site-packages/airflow/example_dags/example_time_delta_sensor_async.py
[2025-07-31T01:47:02.328+0000] {logging_mixin.py:188} INFO - [2025-07-31T01:47:02.328+0000] {dag.py:3036} INFO - Sync 1 DAGs
[2025-07-31T01:47:02.358+0000] {logging_mixin.py:188} INFO - [2025-07-31T01:47:02.357+0000] {dag.py:3823} INFO - Setting next_dagrun for example_time_delta_sensor_async to None, run_after=None
[2025-07-31T01:47:02.393+0000] {processor.py:183} INFO - Processing /home/airflow/.local/lib/python3.8/site-packages/airflow/example_dags/example_time_delta_sensor_async.py took 0.189 seconds
[2025-07-31T01:47:32.472+0000] {processor.py:161} INFO - Started process (PID=802) to work on /home/airflow/.local/lib/python3.8/site-packages/airflow/example_dags/example_time_delta_sensor_async.py
[2025-07-31T01:47:32.473+0000] {processor.py:830} INFO - Processing file /home/airflow/.local/lib/python3.8/site-packages/airflow/example_dags/example_time_delta_sensor_async.py for tasks to queue
[2025-07-31T01:47:32.477+0000] {logging_mixin.py:188} INFO - [2025-07-31T01:47:32.476+0000] {dagbag.py:538} INFO - Filling up the DagBag from /home/airflow/.local/lib/python3.8/site-packages/airflow/example_dags/example_time_delta_sensor_async.py
[2025-07-31T01:47:32.486+0000] {processor.py:840} INFO - DAG(s) 'example_time_delta_sensor_async' retrieved from /home/airflow/.local/lib/python3.8/site-packages/airflow/example_dags/example_time_delta_sensor_async.py
[2025-07-31T01:47:32.515+0000] {logging_mixin.py:188} INFO - [2025-07-31T01:47:32.514+0000] {dag.py:3036} INFO - Sync 1 DAGs
[2025-07-31T01:47:32.532+0000] {logging_mixin.py:188} INFO - [2025-07-31T01:47:32.532+0000] {dag.py:3823} INFO - Setting next_dagrun for example_time_delta_sensor_async to None, run_after=None
[2025-07-31T01:47:32.555+0000] {processor.py:183} INFO - Processing /home/airflow/.local/lib/python3.8/site-packages/airflow/example_dags/example_time_delta_sensor_async.py took 0.088 seconds
[2025-07-31T01:48:37.132+0000] {processor.py:161} INFO - Started process (PID=83) to work on /home/airflow/.local/lib/python3.8/site-packages/airflow/example_dags/example_time_delta_sensor_async.py
[2025-07-31T01:48:37.134+0000] {processor.py:830} INFO - Processing file /home/airflow/.local/lib/python3.8/site-packages/airflow/example_dags/example_time_delta_sensor_async.py for tasks to queue
[2025-07-31T01:48:37.143+0000] {logging_mixin.py:188} INFO - [2025-07-31T01:48:37.143+0000] {dagbag.py:538} INFO - Filling up the DagBag from /home/airflow/.local/lib/python3.8/site-packages/airflow/example_dags/example_time_delta_sensor_async.py
[2025-07-31T01:48:37.158+0000] {processor.py:840} INFO - DAG(s) 'example_time_delta_sensor_async' retrieved from /home/airflow/.local/lib/python3.8/site-packages/airflow/example_dags/example_time_delta_sensor_async.py
[2025-07-31T01:48:37.184+0000] {logging_mixin.py:188} INFO - [2025-07-31T01:48:37.183+0000] {dag.py:3036} INFO - Sync 1 DAGs
[2025-07-31T01:48:37.214+0000] {logging_mixin.py:188} INFO - [2025-07-31T01:48:37.214+0000] {dag.py:3823} INFO - Setting next_dagrun for example_time_delta_sensor_async to None, run_after=None
[2025-07-31T01:48:37.252+0000] {processor.py:183} INFO - Processing /home/airflow/.local/lib/python3.8/site-packages/airflow/example_dags/example_time_delta_sensor_async.py took 0.128 seconds
[2025-07-31T01:49:10.635+0000] {processor.py:161} INFO - Started process (PID=139) to work on /home/airflow/.local/lib/python3.8/site-packages/airflow/example_dags/example_time_delta_sensor_async.py
[2025-07-31T01:49:10.675+0000] {processor.py:830} INFO - Processing file /home/airflow/.local/lib/python3.8/site-packages/airflow/example_dags/example_time_delta_sensor_async.py for tasks to queue
[2025-07-31T01:49:10.741+0000] {logging_mixin.py:188} INFO - [2025-07-31T01:49:10.740+0000] {dagbag.py:538} INFO - Filling up the DagBag from /home/airflow/.local/lib/python3.8/site-packages/airflow/example_dags/example_time_delta_sensor_async.py
[2025-07-31T01:49:10.801+0000] {processor.py:840} INFO - DAG(s) 'example_time_delta_sensor_async' retrieved from /home/airflow/.local/lib/python3.8/site-packages/airflow/example_dags/example_time_delta_sensor_async.py
[2025-07-31T01:49:11.347+0000] {logging_mixin.py:188} INFO - [2025-07-31T01:49:11.347+0000] {dag.py:3036} INFO - Sync 1 DAGs
[2025-07-31T01:49:11.436+0000] {logging_mixin.py:188} INFO - [2025-07-31T01:49:11.436+0000] {dag.py:3823} INFO - Setting next_dagrun for example_time_delta_sensor_async to None, run_after=None
[2025-07-31T01:49:11.521+0000] {processor.py:183} INFO - Processing /home/airflow/.local/lib/python3.8/site-packages/airflow/example_dags/example_time_delta_sensor_async.py took 0.892 seconds
[2025-07-31T01:49:41.781+0000] {processor.py:161} INFO - Started process (PID=195) to work on /home/airflow/.local/lib/python3.8/site-packages/airflow/example_dags/example_time_delta_sensor_async.py
[2025-07-31T01:49:41.783+0000] {processor.py:830} INFO - Processing file /home/airflow/.local/lib/python3.8/site-packages/airflow/example_dags/example_time_delta_sensor_async.py for tasks to queue
[2025-07-31T01:49:41.790+0000] {logging_mixin.py:188} INFO - [2025-07-31T01:49:41.789+0000] {dagbag.py:538} INFO - Filling up the DagBag from /home/airflow/.local/lib/python3.8/site-packages/airflow/example_dags/example_time_delta_sensor_async.py
[2025-07-31T01:49:41.800+0000] {processor.py:840} INFO - DAG(s) 'example_time_delta_sensor_async' retrieved from /home/airflow/.local/lib/python3.8/site-packages/airflow/example_dags/example_time_delta_sensor_async.py
[2025-07-31T01:49:41.838+0000] {logging_mixin.py:188} INFO - [2025-07-31T01:49:41.837+0000] {dag.py:3036} INFO - Sync 1 DAGs
[2025-07-31T01:49:41.859+0000] {logging_mixin.py:188} INFO - [2025-07-31T01:49:41.859+0000] {dag.py:3823} INFO - Setting next_dagrun for example_time_delta_sensor_async to None, run_after=None
[2025-07-31T01:49:41.898+0000] {processor.py:183} INFO - Processing /home/airflow/.local/lib/python3.8/site-packages/airflow/example_dags/example_time_delta_sensor_async.py took 0.124 seconds
[2025-07-31T01:50:12.660+0000] {processor.py:161} INFO - Started process (PID=252) to work on /home/airflow/.local/lib/python3.8/site-packages/airflow/example_dags/example_time_delta_sensor_async.py
[2025-07-31T01:50:12.663+0000] {processor.py:830} INFO - Processing file /home/airflow/.local/lib/python3.8/site-packages/airflow/example_dags/example_time_delta_sensor_async.py for tasks to queue
[2025-07-31T01:50:12.666+0000] {logging_mixin.py:188} INFO - [2025-07-31T01:50:12.666+0000] {dagbag.py:538} INFO - Filling up the DagBag from /home/airflow/.local/lib/python3.8/site-packages/airflow/example_dags/example_time_delta_sensor_async.py
[2025-07-31T01:50:12.676+0000] {processor.py:840} INFO - DAG(s) 'example_time_delta_sensor_async' retrieved from /home/airflow/.local/lib/python3.8/site-packages/airflow/example_dags/example_time_delta_sensor_async.py
[2025-07-31T01:50:12.716+0000] {logging_mixin.py:188} INFO - [2025-07-31T01:50:12.715+0000] {dag.py:3036} INFO - Sync 1 DAGs
[2025-07-31T01:50:12.739+0000] {logging_mixin.py:188} INFO - [2025-07-31T01:50:12.739+0000] {dag.py:3823} INFO - Setting next_dagrun for example_time_delta_sensor_async to None, run_after=None
[2025-07-31T01:50:12.773+0000] {processor.py:183} INFO - Processing /home/airflow/.local/lib/python3.8/site-packages/airflow/example_dags/example_time_delta_sensor_async.py took 0.119 seconds
[2025-07-31T01:50:42.883+0000] {processor.py:161} INFO - Started process (PID=308) to work on /home/airflow/.local/lib/python3.8/site-packages/airflow/example_dags/example_time_delta_sensor_async.py
[2025-07-31T01:50:42.891+0000] {processor.py:830} INFO - Processing file /home/airflow/.local/lib/python3.8/site-packages/airflow/example_dags/example_time_delta_sensor_async.py for tasks to queue
[2025-07-31T01:50:42.895+0000] {logging_mixin.py:188} INFO - [2025-07-31T01:50:42.895+0000] {dagbag.py:538} INFO - Filling up the DagBag from /home/airflow/.local/lib/python3.8/site-packages/airflow/example_dags/example_time_delta_sensor_async.py
[2025-07-31T01:50:42.915+0000] {processor.py:840} INFO - DAG(s) 'example_time_delta_sensor_async' retrieved from /home/airflow/.local/lib/python3.8/site-packages/airflow/example_dags/example_time_delta_sensor_async.py
[2025-07-31T01:50:42.968+0000] {logging_mixin.py:188} INFO - [2025-07-31T01:50:42.967+0000] {dag.py:3036} INFO - Sync 1 DAGs
[2025-07-31T01:50:43.048+0000] {logging_mixin.py:188} INFO - [2025-07-31T01:50:43.048+0000] {dag.py:3823} INFO - Setting next_dagrun for example_time_delta_sensor_async to None, run_after=None
[2025-07-31T01:50:43.174+0000] {processor.py:183} INFO - Processing /home/airflow/.local/lib/python3.8/site-packages/airflow/example_dags/example_time_delta_sensor_async.py took 0.307 seconds
[2025-07-31T01:51:14.036+0000] {processor.py:161} INFO - Started process (PID=364) to work on /home/airflow/.local/lib/python3.8/site-packages/airflow/example_dags/example_time_delta_sensor_async.py
[2025-07-31T01:51:14.038+0000] {processor.py:830} INFO - Processing file /home/airflow/.local/lib/python3.8/site-packages/airflow/example_dags/example_time_delta_sensor_async.py for tasks to queue
[2025-07-31T01:51:14.042+0000] {logging_mixin.py:188} INFO - [2025-07-31T01:51:14.041+0000] {dagbag.py:538} INFO - Filling up the DagBag from /home/airflow/.local/lib/python3.8/site-packages/airflow/example_dags/example_time_delta_sensor_async.py
[2025-07-31T01:51:14.048+0000] {processor.py:840} INFO - DAG(s) 'example_time_delta_sensor_async' retrieved from /home/airflow/.local/lib/python3.8/site-packages/airflow/example_dags/example_time_delta_sensor_async.py
[2025-07-31T01:51:14.075+0000] {logging_mixin.py:188} INFO - [2025-07-31T01:51:14.075+0000] {dag.py:3036} INFO - Sync 1 DAGs
[2025-07-31T01:51:14.089+0000] {logging_mixin.py:188} INFO - [2025-07-31T01:51:14.089+0000] {dag.py:3823} INFO - Setting next_dagrun for example_time_delta_sensor_async to None, run_after=None
[2025-07-31T01:51:14.116+0000] {processor.py:183} INFO - Processing /home/airflow/.local/lib/python3.8/site-packages/airflow/example_dags/example_time_delta_sensor_async.py took 0.085 seconds
[2025-07-31T01:51:44.343+0000] {processor.py:161} INFO - Started process (PID=419) to work on /home/airflow/.local/lib/python3.8/site-packages/airflow/example_dags/example_time_delta_sensor_async.py
[2025-07-31T01:51:44.345+0000] {processor.py:830} INFO - Processing file /home/airflow/.local/lib/python3.8/site-packages/airflow/example_dags/example_time_delta_sensor_async.py for tasks to queue
[2025-07-31T01:51:44.351+0000] {logging_mixin.py:188} INFO - [2025-07-31T01:51:44.351+0000] {dagbag.py:538} INFO - Filling up the DagBag from /home/airflow/.local/lib/python3.8/site-packages/airflow/example_dags/example_time_delta_sensor_async.py
[2025-07-31T01:51:44.358+0000] {processor.py:840} INFO - DAG(s) 'example_time_delta_sensor_async' retrieved from /home/airflow/.local/lib/python3.8/site-packages/airflow/example_dags/example_time_delta_sensor_async.py
[2025-07-31T01:51:44.393+0000] {logging_mixin.py:188} INFO - [2025-07-31T01:51:44.392+0000] {dag.py:3036} INFO - Sync 1 DAGs
[2025-07-31T01:51:44.409+0000] {logging_mixin.py:188} INFO - [2025-07-31T01:51:44.409+0000] {dag.py:3823} INFO - Setting next_dagrun for example_time_delta_sensor_async to None, run_after=None
[2025-07-31T01:51:44.436+0000] {processor.py:183} INFO - Processing /home/airflow/.local/lib/python3.8/site-packages/airflow/example_dags/example_time_delta_sensor_async.py took 0.099 seconds
[2025-07-31T01:52:14.858+0000] {processor.py:161} INFO - Started process (PID=475) to work on /home/airflow/.local/lib/python3.8/site-packages/airflow/example_dags/example_time_delta_sensor_async.py
[2025-07-31T01:52:14.860+0000] {processor.py:830} INFO - Processing file /home/airflow/.local/lib/python3.8/site-packages/airflow/example_dags/example_time_delta_sensor_async.py for tasks to queue
[2025-07-31T01:52:14.865+0000] {logging_mixin.py:188} INFO - [2025-07-31T01:52:14.864+0000] {dagbag.py:538} INFO - Filling up the DagBag from /home/airflow/.local/lib/python3.8/site-packages/airflow/example_dags/example_time_delta_sensor_async.py
[2025-07-31T01:52:14.874+0000] {processor.py:840} INFO - DAG(s) 'example_time_delta_sensor_async' retrieved from /home/airflow/.local/lib/python3.8/site-packages/airflow/example_dags/example_time_delta_sensor_async.py
[2025-07-31T01:52:14.918+0000] {logging_mixin.py:188} INFO - [2025-07-31T01:52:14.918+0000] {dag.py:3036} INFO - Sync 1 DAGs
[2025-07-31T01:52:14.932+0000] {logging_mixin.py:188} INFO - [2025-07-31T01:52:14.931+0000] {dag.py:3823} INFO - Setting next_dagrun for example_time_delta_sensor_async to None, run_after=None
[2025-07-31T01:52:14.974+0000] {processor.py:183} INFO - Processing /home/airflow/.local/lib/python3.8/site-packages/airflow/example_dags/example_time_delta_sensor_async.py took 0.124 seconds
[2025-07-31T01:52:45.254+0000] {processor.py:161} INFO - Started process (PID=531) to work on /home/airflow/.local/lib/python3.8/site-packages/airflow/example_dags/example_time_delta_sensor_async.py
[2025-07-31T01:52:45.256+0000] {processor.py:830} INFO - Processing file /home/airflow/.local/lib/python3.8/site-packages/airflow/example_dags/example_time_delta_sensor_async.py for tasks to queue
[2025-07-31T01:52:45.259+0000] {logging_mixin.py:188} INFO - [2025-07-31T01:52:45.259+0000] {dagbag.py:538} INFO - Filling up the DagBag from /home/airflow/.local/lib/python3.8/site-packages/airflow/example_dags/example_time_delta_sensor_async.py
[2025-07-31T01:52:45.266+0000] {processor.py:840} INFO - DAG(s) 'example_time_delta_sensor_async' retrieved from /home/airflow/.local/lib/python3.8/site-packages/airflow/example_dags/example_time_delta_sensor_async.py
[2025-07-31T01:52:45.292+0000] {logging_mixin.py:188} INFO - [2025-07-31T01:52:45.291+0000] {dag.py:3036} INFO - Sync 1 DAGs
[2025-07-31T01:52:45.308+0000] {logging_mixin.py:188} INFO - [2025-07-31T01:52:45.307+0000] {dag.py:3823} INFO - Setting next_dagrun for example_time_delta_sensor_async to None, run_after=None
[2025-07-31T01:52:45.333+0000] {processor.py:183} INFO - Processing /home/airflow/.local/lib/python3.8/site-packages/airflow/example_dags/example_time_delta_sensor_async.py took 0.083 seconds
[2025-07-31T01:53:15.872+0000] {processor.py:161} INFO - Started process (PID=587) to work on /home/airflow/.local/lib/python3.8/site-packages/airflow/example_dags/example_time_delta_sensor_async.py
[2025-07-31T01:53:15.873+0000] {processor.py:830} INFO - Processing file /home/airflow/.local/lib/python3.8/site-packages/airflow/example_dags/example_time_delta_sensor_async.py for tasks to queue
[2025-07-31T01:53:15.876+0000] {logging_mixin.py:188} INFO - [2025-07-31T01:53:15.875+0000] {dagbag.py:538} INFO - Filling up the DagBag from /home/airflow/.local/lib/python3.8/site-packages/airflow/example_dags/example_time_delta_sensor_async.py
[2025-07-31T01:53:15.884+0000] {processor.py:840} INFO - DAG(s) 'example_time_delta_sensor_async' retrieved from /home/airflow/.local/lib/python3.8/site-packages/airflow/example_dags/example_time_delta_sensor_async.py
[2025-07-31T01:53:15.919+0000] {logging_mixin.py:188} INFO - [2025-07-31T01:53:15.918+0000] {dag.py:3036} INFO - Sync 1 DAGs
[2025-07-31T01:53:15.942+0000] {logging_mixin.py:188} INFO - [2025-07-31T01:53:15.941+0000] {dag.py:3823} INFO - Setting next_dagrun for example_time_delta_sensor_async to None, run_after=None
[2025-07-31T01:53:15.985+0000] {processor.py:183} INFO - Processing /home/airflow/.local/lib/python3.8/site-packages/airflow/example_dags/example_time_delta_sensor_async.py took 0.118 seconds
[2025-07-31T01:53:46.313+0000] {processor.py:161} INFO - Started process (PID=645) to work on /home/airflow/.local/lib/python3.8/site-packages/airflow/example_dags/example_time_delta_sensor_async.py
[2025-07-31T01:53:46.317+0000] {processor.py:830} INFO - Processing file /home/airflow/.local/lib/python3.8/site-packages/airflow/example_dags/example_time_delta_sensor_async.py for tasks to queue
[2025-07-31T01:53:46.320+0000] {logging_mixin.py:188} INFO - [2025-07-31T01:53:46.320+0000] {dagbag.py:538} INFO - Filling up the DagBag from /home/airflow/.local/lib/python3.8/site-packages/airflow/example_dags/example_time_delta_sensor_async.py
[2025-07-31T01:53:46.330+0000] {processor.py:840} INFO - DAG(s) 'example_time_delta_sensor_async' retrieved from /home/airflow/.local/lib/python3.8/site-packages/airflow/example_dags/example_time_delta_sensor_async.py
[2025-07-31T01:53:46.411+0000] {logging_mixin.py:188} INFO - [2025-07-31T01:53:46.411+0000] {dag.py:3036} INFO - Sync 1 DAGs
[2025-07-31T01:53:46.444+0000] {logging_mixin.py:188} INFO - [2025-07-31T01:53:46.444+0000] {dag.py:3823} INFO - Setting next_dagrun for example_time_delta_sensor_async to None, run_after=None
[2025-07-31T01:53:46.515+0000] {processor.py:183} INFO - Processing /home/airflow/.local/lib/python3.8/site-packages/airflow/example_dags/example_time_delta_sensor_async.py took 0.207 seconds
[2025-07-31T01:54:21.550+0000] {processor.py:161} INFO - Started process (PID=702) to work on /home/airflow/.local/lib/python3.8/site-packages/airflow/example_dags/example_time_delta_sensor_async.py
[2025-07-31T01:54:21.559+0000] {processor.py:830} INFO - Processing file /home/airflow/.local/lib/python3.8/site-packages/airflow/example_dags/example_time_delta_sensor_async.py for tasks to queue
[2025-07-31T01:54:21.564+0000] {logging_mixin.py:188} INFO - [2025-07-31T01:54:21.564+0000] {dagbag.py:538} INFO - Filling up the DagBag from /home/airflow/.local/lib/python3.8/site-packages/airflow/example_dags/example_time_delta_sensor_async.py
[2025-07-31T01:54:21.590+0000] {processor.py:840} INFO - DAG(s) 'example_time_delta_sensor_async' retrieved from /home/airflow/.local/lib/python3.8/site-packages/airflow/example_dags/example_time_delta_sensor_async.py
[2025-07-31T01:54:21.677+0000] {logging_mixin.py:188} INFO - [2025-07-31T01:54:21.677+0000] {dag.py:3036} INFO - Sync 1 DAGs
[2025-07-31T01:54:21.698+0000] {logging_mixin.py:188} INFO - [2025-07-31T01:54:21.697+0000] {dag.py:3823} INFO - Setting next_dagrun for example_time_delta_sensor_async to None, run_after=None
[2025-07-31T01:54:21.747+0000] {processor.py:183} INFO - Processing /home/airflow/.local/lib/python3.8/site-packages/airflow/example_dags/example_time_delta_sensor_async.py took 0.206 seconds
[2025-07-31T01:54:52.231+0000] {processor.py:161} INFO - Started process (PID=759) to work on /home/airflow/.local/lib/python3.8/site-packages/airflow/example_dags/example_time_delta_sensor_async.py
[2025-07-31T01:54:52.238+0000] {processor.py:830} INFO - Processing file /home/airflow/.local/lib/python3.8/site-packages/airflow/example_dags/example_time_delta_sensor_async.py for tasks to queue
[2025-07-31T01:54:52.255+0000] {logging_mixin.py:188} INFO - [2025-07-31T01:54:52.255+0000] {dagbag.py:538} INFO - Filling up the DagBag from /home/airflow/.local/lib/python3.8/site-packages/airflow/example_dags/example_time_delta_sensor_async.py
[2025-07-31T01:54:52.276+0000] {processor.py:840} INFO - DAG(s) 'example_time_delta_sensor_async' retrieved from /home/airflow/.local/lib/python3.8/site-packages/airflow/example_dags/example_time_delta_sensor_async.py
[2025-07-31T01:54:52.370+0000] {logging_mixin.py:188} INFO - [2025-07-31T01:54:52.370+0000] {dag.py:3036} INFO - Sync 1 DAGs
[2025-07-31T01:54:52.388+0000] {logging_mixin.py:188} INFO - [2025-07-31T01:54:52.388+0000] {dag.py:3823} INFO - Setting next_dagrun for example_time_delta_sensor_async to None, run_after=None
[2025-07-31T01:54:52.426+0000] {processor.py:183} INFO - Processing /home/airflow/.local/lib/python3.8/site-packages/airflow/example_dags/example_time_delta_sensor_async.py took 0.207 seconds
[2025-07-31T01:55:23.642+0000] {processor.py:161} INFO - Started process (PID=816) to work on /home/airflow/.local/lib/python3.8/site-packages/airflow/example_dags/example_time_delta_sensor_async.py
[2025-07-31T01:55:23.645+0000] {processor.py:830} INFO - Processing file /home/airflow/.local/lib/python3.8/site-packages/airflow/example_dags/example_time_delta_sensor_async.py for tasks to queue
[2025-07-31T01:55:23.648+0000] {logging_mixin.py:188} INFO - [2025-07-31T01:55:23.647+0000] {dagbag.py:538} INFO - Filling up the DagBag from /home/airflow/.local/lib/python3.8/site-packages/airflow/example_dags/example_time_delta_sensor_async.py
[2025-07-31T01:55:23.659+0000] {processor.py:840} INFO - DAG(s) 'example_time_delta_sensor_async' retrieved from /home/airflow/.local/lib/python3.8/site-packages/airflow/example_dags/example_time_delta_sensor_async.py
[2025-07-31T01:55:23.696+0000] {logging_mixin.py:188} INFO - [2025-07-31T01:55:23.696+0000] {dag.py:3036} INFO - Sync 1 DAGs
[2025-07-31T01:55:23.738+0000] {logging_mixin.py:188} INFO - [2025-07-31T01:55:23.738+0000] {dag.py:3823} INFO - Setting next_dagrun for example_time_delta_sensor_async to None, run_after=None
[2025-07-31T01:55:23.838+0000] {processor.py:183} INFO - Processing /home/airflow/.local/lib/python3.8/site-packages/airflow/example_dags/example_time_delta_sensor_async.py took 0.201 seconds
[2025-07-31T01:55:54.741+0000] {processor.py:161} INFO - Started process (PID=873) to work on /home/airflow/.local/lib/python3.8/site-packages/airflow/example_dags/example_time_delta_sensor_async.py
[2025-07-31T01:55:54.743+0000] {processor.py:830} INFO - Processing file /home/airflow/.local/lib/python3.8/site-packages/airflow/example_dags/example_time_delta_sensor_async.py for tasks to queue
[2025-07-31T01:55:54.748+0000] {logging_mixin.py:188} INFO - [2025-07-31T01:55:54.747+0000] {dagbag.py:538} INFO - Filling up the DagBag from /home/airflow/.local/lib/python3.8/site-packages/airflow/example_dags/example_time_delta_sensor_async.py
[2025-07-31T01:55:54.755+0000] {processor.py:840} INFO - DAG(s) 'example_time_delta_sensor_async' retrieved from /home/airflow/.local/lib/python3.8/site-packages/airflow/example_dags/example_time_delta_sensor_async.py
[2025-07-31T01:55:54.784+0000] {logging_mixin.py:188} INFO - [2025-07-31T01:55:54.784+0000] {dag.py:3036} INFO - Sync 1 DAGs
[2025-07-31T01:55:54.803+0000] {logging_mixin.py:188} INFO - [2025-07-31T01:55:54.802+0000] {dag.py:3823} INFO - Setting next_dagrun for example_time_delta_sensor_async to None, run_after=None
[2025-07-31T01:55:54.831+0000] {processor.py:183} INFO - Processing /home/airflow/.local/lib/python3.8/site-packages/airflow/example_dags/example_time_delta_sensor_async.py took 0.099 seconds
[2025-07-31T01:56:25.111+0000] {processor.py:161} INFO - Started process (PID=930) to work on /home/airflow/.local/lib/python3.8/site-packages/airflow/example_dags/example_time_delta_sensor_async.py
[2025-07-31T01:56:25.114+0000] {processor.py:830} INFO - Processing file /home/airflow/.local/lib/python3.8/site-packages/airflow/example_dags/example_time_delta_sensor_async.py for tasks to queue
[2025-07-31T01:56:25.124+0000] {logging_mixin.py:188} INFO - [2025-07-31T01:56:25.118+0000] {dagbag.py:538} INFO - Filling up the DagBag from /home/airflow/.local/lib/python3.8/site-packages/airflow/example_dags/example_time_delta_sensor_async.py
[2025-07-31T01:56:25.133+0000] {processor.py:840} INFO - DAG(s) 'example_time_delta_sensor_async' retrieved from /home/airflow/.local/lib/python3.8/site-packages/airflow/example_dags/example_time_delta_sensor_async.py
[2025-07-31T01:56:25.182+0000] {logging_mixin.py:188} INFO - [2025-07-31T01:56:25.182+0000] {dag.py:3036} INFO - Sync 1 DAGs
[2025-07-31T01:56:25.227+0000] {logging_mixin.py:188} INFO - [2025-07-31T01:56:25.226+0000] {dag.py:3823} INFO - Setting next_dagrun for example_time_delta_sensor_async to None, run_after=None
[2025-07-31T01:56:25.281+0000] {processor.py:183} INFO - Processing /home/airflow/.local/lib/python3.8/site-packages/airflow/example_dags/example_time_delta_sensor_async.py took 0.186 seconds
