[2025-07-31T01:40:54.429+0000] {processor.py:161} INFO - Started process (PID=86) to work on /home/airflow/.local/lib/python3.8/site-packages/airflow/example_dags/example_sensor_decorator.py
[2025-07-31T01:40:54.431+0000] {processor.py:830} INFO - Processing file /home/airflow/.local/lib/python3.8/site-packages/airflow/example_dags/example_sensor_decorator.py for tasks to queue
[2025-07-31T01:40:54.435+0000] {logging_mixin.py:188} INFO - [2025-07-31T01:40:54.434+0000] {dagbag.py:538} INFO - Filling up the DagBag from /home/airflow/.local/lib/python3.8/site-packages/airflow/example_dags/example_sensor_decorator.py
[2025-07-31T01:40:54.454+0000] {processor.py:840} INFO - DAG(s) 'example_sensor_decorator' retrieved from /home/airflow/.local/lib/python3.8/site-packages/airflow/example_dags/example_sensor_decorator.py
[2025-07-31T01:40:54.735+0000] {logging_mixin.py:188} INFO - [2025-07-31T01:40:54.735+0000] {dag.py:3036} INFO - Sync 1 DAGs
[2025-07-31T01:40:54.759+0000] {logging_mixin.py:188} INFO - [2025-07-31T01:40:54.758+0000] {dag.py:3823} INFO - Setting next_dagrun for example_sensor_decorator to None, run_after=None
[2025-07-31T01:40:54.841+0000] {processor.py:183} INFO - Processing /home/airflow/.local/lib/python3.8/site-packages/airflow/example_dags/example_sensor_decorator.py took 0.420 seconds
[2025-07-31T01:41:25.559+0000] {processor.py:161} INFO - Started process (PID=141) to work on /home/airflow/.local/lib/python3.8/site-packages/airflow/example_dags/example_sensor_decorator.py
[2025-07-31T01:41:25.561+0000] {processor.py:830} INFO - Processing file /home/airflow/.local/lib/python3.8/site-packages/airflow/example_dags/example_sensor_decorator.py for tasks to queue
[2025-07-31T01:41:25.565+0000] {logging_mixin.py:188} INFO - [2025-07-31T01:41:25.565+0000] {dagbag.py:538} INFO - Filling up the DagBag from /home/airflow/.local/lib/python3.8/site-packages/airflow/example_dags/example_sensor_decorator.py
[2025-07-31T01:41:25.578+0000] {processor.py:840} INFO - DAG(s) 'example_sensor_decorator' retrieved from /home/airflow/.local/lib/python3.8/site-packages/airflow/example_dags/example_sensor_decorator.py
[2025-07-31T01:41:25.615+0000] {logging_mixin.py:188} INFO - [2025-07-31T01:41:25.615+0000] {dag.py:3036} INFO - Sync 1 DAGs
[2025-07-31T01:41:25.638+0000] {logging_mixin.py:188} INFO - [2025-07-31T01:41:25.638+0000] {dag.py:3823} INFO - Setting next_dagrun for example_sensor_decorator to None, run_after=None
[2025-07-31T01:41:25.672+0000] {processor.py:183} INFO - Processing /home/airflow/.local/lib/python3.8/site-packages/airflow/example_dags/example_sensor_decorator.py took 0.117 seconds
[2025-07-31T01:41:56.450+0000] {processor.py:161} INFO - Started process (PID=196) to work on /home/airflow/.local/lib/python3.8/site-packages/airflow/example_dags/example_sensor_decorator.py
[2025-07-31T01:41:56.452+0000] {processor.py:830} INFO - Processing file /home/airflow/.local/lib/python3.8/site-packages/airflow/example_dags/example_sensor_decorator.py for tasks to queue
[2025-07-31T01:41:56.455+0000] {logging_mixin.py:188} INFO - [2025-07-31T01:41:56.454+0000] {dagbag.py:538} INFO - Filling up the DagBag from /home/airflow/.local/lib/python3.8/site-packages/airflow/example_dags/example_sensor_decorator.py
[2025-07-31T01:41:56.472+0000] {processor.py:840} INFO - DAG(s) 'example_sensor_decorator' retrieved from /home/airflow/.local/lib/python3.8/site-packages/airflow/example_dags/example_sensor_decorator.py
[2025-07-31T01:41:56.516+0000] {logging_mixin.py:188} INFO - [2025-07-31T01:41:56.516+0000] {dag.py:3036} INFO - Sync 1 DAGs
[2025-07-31T01:41:56.537+0000] {logging_mixin.py:188} INFO - [2025-07-31T01:41:56.536+0000] {dag.py:3823} INFO - Setting next_dagrun for example_sensor_decorator to None, run_after=None
[2025-07-31T01:41:56.571+0000] {processor.py:183} INFO - Processing /home/airflow/.local/lib/python3.8/site-packages/airflow/example_dags/example_sensor_decorator.py took 0.129 seconds
[2025-07-31T01:42:27.491+0000] {processor.py:161} INFO - Started process (PID=252) to work on /home/airflow/.local/lib/python3.8/site-packages/airflow/example_dags/example_sensor_decorator.py
[2025-07-31T01:42:27.492+0000] {processor.py:830} INFO - Processing file /home/airflow/.local/lib/python3.8/site-packages/airflow/example_dags/example_sensor_decorator.py for tasks to queue
[2025-07-31T01:42:27.499+0000] {logging_mixin.py:188} INFO - [2025-07-31T01:42:27.498+0000] {dagbag.py:538} INFO - Filling up the DagBag from /home/airflow/.local/lib/python3.8/site-packages/airflow/example_dags/example_sensor_decorator.py
[2025-07-31T01:42:27.512+0000] {processor.py:840} INFO - DAG(s) 'example_sensor_decorator' retrieved from /home/airflow/.local/lib/python3.8/site-packages/airflow/example_dags/example_sensor_decorator.py
[2025-07-31T01:42:27.564+0000] {logging_mixin.py:188} INFO - [2025-07-31T01:42:27.563+0000] {dag.py:3036} INFO - Sync 1 DAGs
[2025-07-31T01:42:27.597+0000] {logging_mixin.py:188} INFO - [2025-07-31T01:42:27.596+0000] {dag.py:3823} INFO - Setting next_dagrun for example_sensor_decorator to None, run_after=None
[2025-07-31T01:42:27.637+0000] {processor.py:183} INFO - Processing /home/airflow/.local/lib/python3.8/site-packages/airflow/example_dags/example_sensor_decorator.py took 0.156 seconds
[2025-07-31T01:42:58.262+0000] {processor.py:161} INFO - Started process (PID=307) to work on /home/airflow/.local/lib/python3.8/site-packages/airflow/example_dags/example_sensor_decorator.py
[2025-07-31T01:42:58.264+0000] {processor.py:830} INFO - Processing file /home/airflow/.local/lib/python3.8/site-packages/airflow/example_dags/example_sensor_decorator.py for tasks to queue
[2025-07-31T01:42:58.267+0000] {logging_mixin.py:188} INFO - [2025-07-31T01:42:58.266+0000] {dagbag.py:538} INFO - Filling up the DagBag from /home/airflow/.local/lib/python3.8/site-packages/airflow/example_dags/example_sensor_decorator.py
[2025-07-31T01:42:58.274+0000] {processor.py:840} INFO - DAG(s) 'example_sensor_decorator' retrieved from /home/airflow/.local/lib/python3.8/site-packages/airflow/example_dags/example_sensor_decorator.py
[2025-07-31T01:42:58.299+0000] {logging_mixin.py:188} INFO - [2025-07-31T01:42:58.299+0000] {dag.py:3036} INFO - Sync 1 DAGs
[2025-07-31T01:42:58.313+0000] {logging_mixin.py:188} INFO - [2025-07-31T01:42:58.312+0000] {dag.py:3823} INFO - Setting next_dagrun for example_sensor_decorator to None, run_after=None
[2025-07-31T01:42:58.337+0000] {processor.py:183} INFO - Processing /home/airflow/.local/lib/python3.8/site-packages/airflow/example_dags/example_sensor_decorator.py took 0.079 seconds
[2025-07-31T01:43:29.011+0000] {processor.py:161} INFO - Started process (PID=362) to work on /home/airflow/.local/lib/python3.8/site-packages/airflow/example_dags/example_sensor_decorator.py
[2025-07-31T01:43:29.012+0000] {processor.py:830} INFO - Processing file /home/airflow/.local/lib/python3.8/site-packages/airflow/example_dags/example_sensor_decorator.py for tasks to queue
[2025-07-31T01:43:29.016+0000] {logging_mixin.py:188} INFO - [2025-07-31T01:43:29.015+0000] {dagbag.py:538} INFO - Filling up the DagBag from /home/airflow/.local/lib/python3.8/site-packages/airflow/example_dags/example_sensor_decorator.py
[2025-07-31T01:43:29.026+0000] {processor.py:840} INFO - DAG(s) 'example_sensor_decorator' retrieved from /home/airflow/.local/lib/python3.8/site-packages/airflow/example_dags/example_sensor_decorator.py
[2025-07-31T01:43:29.055+0000] {logging_mixin.py:188} INFO - [2025-07-31T01:43:29.055+0000] {dag.py:3036} INFO - Sync 1 DAGs
[2025-07-31T01:43:29.070+0000] {logging_mixin.py:188} INFO - [2025-07-31T01:43:29.070+0000] {dag.py:3823} INFO - Setting next_dagrun for example_sensor_decorator to None, run_after=None
[2025-07-31T01:43:29.095+0000] {processor.py:183} INFO - Processing /home/airflow/.local/lib/python3.8/site-packages/airflow/example_dags/example_sensor_decorator.py took 0.090 seconds
[2025-07-31T01:43:59.719+0000] {processor.py:161} INFO - Started process (PID=417) to work on /home/airflow/.local/lib/python3.8/site-packages/airflow/example_dags/example_sensor_decorator.py
[2025-07-31T01:43:59.721+0000] {processor.py:830} INFO - Processing file /home/airflow/.local/lib/python3.8/site-packages/airflow/example_dags/example_sensor_decorator.py for tasks to queue
[2025-07-31T01:43:59.729+0000] {logging_mixin.py:188} INFO - [2025-07-31T01:43:59.725+0000] {dagbag.py:538} INFO - Filling up the DagBag from /home/airflow/.local/lib/python3.8/site-packages/airflow/example_dags/example_sensor_decorator.py
[2025-07-31T01:43:59.757+0000] {processor.py:840} INFO - DAG(s) 'example_sensor_decorator' retrieved from /home/airflow/.local/lib/python3.8/site-packages/airflow/example_dags/example_sensor_decorator.py
[2025-07-31T01:43:59.806+0000] {logging_mixin.py:188} INFO - [2025-07-31T01:43:59.806+0000] {dag.py:3036} INFO - Sync 1 DAGs
[2025-07-31T01:43:59.827+0000] {logging_mixin.py:188} INFO - [2025-07-31T01:43:59.827+0000] {dag.py:3823} INFO - Setting next_dagrun for example_sensor_decorator to None, run_after=None
[2025-07-31T01:43:59.872+0000] {processor.py:183} INFO - Processing /home/airflow/.local/lib/python3.8/site-packages/airflow/example_dags/example_sensor_decorator.py took 0.171 seconds
[2025-07-31T01:44:30.073+0000] {processor.py:161} INFO - Started process (PID=472) to work on /home/airflow/.local/lib/python3.8/site-packages/airflow/example_dags/example_sensor_decorator.py
[2025-07-31T01:44:30.075+0000] {processor.py:830} INFO - Processing file /home/airflow/.local/lib/python3.8/site-packages/airflow/example_dags/example_sensor_decorator.py for tasks to queue
[2025-07-31T01:44:30.078+0000] {logging_mixin.py:188} INFO - [2025-07-31T01:44:30.077+0000] {dagbag.py:538} INFO - Filling up the DagBag from /home/airflow/.local/lib/python3.8/site-packages/airflow/example_dags/example_sensor_decorator.py
[2025-07-31T01:44:30.088+0000] {processor.py:840} INFO - DAG(s) 'example_sensor_decorator' retrieved from /home/airflow/.local/lib/python3.8/site-packages/airflow/example_dags/example_sensor_decorator.py
[2025-07-31T01:44:30.124+0000] {logging_mixin.py:188} INFO - [2025-07-31T01:44:30.124+0000] {dag.py:3036} INFO - Sync 1 DAGs
[2025-07-31T01:44:30.141+0000] {logging_mixin.py:188} INFO - [2025-07-31T01:44:30.141+0000] {dag.py:3823} INFO - Setting next_dagrun for example_sensor_decorator to None, run_after=None
[2025-07-31T01:44:30.165+0000] {processor.py:183} INFO - Processing /home/airflow/.local/lib/python3.8/site-packages/airflow/example_dags/example_sensor_decorator.py took 0.098 seconds
[2025-07-31T01:45:00.920+0000] {processor.py:161} INFO - Started process (PID=527) to work on /home/airflow/.local/lib/python3.8/site-packages/airflow/example_dags/example_sensor_decorator.py
[2025-07-31T01:45:00.921+0000] {processor.py:830} INFO - Processing file /home/airflow/.local/lib/python3.8/site-packages/airflow/example_dags/example_sensor_decorator.py for tasks to queue
[2025-07-31T01:45:00.924+0000] {logging_mixin.py:188} INFO - [2025-07-31T01:45:00.923+0000] {dagbag.py:538} INFO - Filling up the DagBag from /home/airflow/.local/lib/python3.8/site-packages/airflow/example_dags/example_sensor_decorator.py
[2025-07-31T01:45:00.932+0000] {processor.py:840} INFO - DAG(s) 'example_sensor_decorator' retrieved from /home/airflow/.local/lib/python3.8/site-packages/airflow/example_dags/example_sensor_decorator.py
[2025-07-31T01:45:00.957+0000] {logging_mixin.py:188} INFO - [2025-07-31T01:45:00.956+0000] {dag.py:3036} INFO - Sync 1 DAGs
[2025-07-31T01:45:00.970+0000] {logging_mixin.py:188} INFO - [2025-07-31T01:45:00.970+0000] {dag.py:3823} INFO - Setting next_dagrun for example_sensor_decorator to None, run_after=None
[2025-07-31T01:45:00.993+0000] {processor.py:183} INFO - Processing /home/airflow/.local/lib/python3.8/site-packages/airflow/example_dags/example_sensor_decorator.py took 0.079 seconds
[2025-07-31T01:45:32.757+0000] {processor.py:161} INFO - Started process (PID=582) to work on /home/airflow/.local/lib/python3.8/site-packages/airflow/example_dags/example_sensor_decorator.py
[2025-07-31T01:45:32.761+0000] {processor.py:830} INFO - Processing file /home/airflow/.local/lib/python3.8/site-packages/airflow/example_dags/example_sensor_decorator.py for tasks to queue
[2025-07-31T01:45:32.769+0000] {logging_mixin.py:188} INFO - [2025-07-31T01:45:32.768+0000] {dagbag.py:538} INFO - Filling up the DagBag from /home/airflow/.local/lib/python3.8/site-packages/airflow/example_dags/example_sensor_decorator.py
[2025-07-31T01:45:32.783+0000] {processor.py:840} INFO - DAG(s) 'example_sensor_decorator' retrieved from /home/airflow/.local/lib/python3.8/site-packages/airflow/example_dags/example_sensor_decorator.py
[2025-07-31T01:45:32.826+0000] {logging_mixin.py:188} INFO - [2025-07-31T01:45:32.825+0000] {dag.py:3036} INFO - Sync 1 DAGs
[2025-07-31T01:45:32.885+0000] {logging_mixin.py:188} INFO - [2025-07-31T01:45:32.885+0000] {dag.py:3823} INFO - Setting next_dagrun for example_sensor_decorator to None, run_after=None
[2025-07-31T01:45:33.057+0000] {processor.py:183} INFO - Processing /home/airflow/.local/lib/python3.8/site-packages/airflow/example_dags/example_sensor_decorator.py took 0.314 seconds
[2025-07-31T01:46:04.038+0000] {processor.py:161} INFO - Started process (PID=637) to work on /home/airflow/.local/lib/python3.8/site-packages/airflow/example_dags/example_sensor_decorator.py
[2025-07-31T01:46:04.039+0000] {processor.py:830} INFO - Processing file /home/airflow/.local/lib/python3.8/site-packages/airflow/example_dags/example_sensor_decorator.py for tasks to queue
[2025-07-31T01:46:04.043+0000] {logging_mixin.py:188} INFO - [2025-07-31T01:46:04.042+0000] {dagbag.py:538} INFO - Filling up the DagBag from /home/airflow/.local/lib/python3.8/site-packages/airflow/example_dags/example_sensor_decorator.py
[2025-07-31T01:46:04.052+0000] {processor.py:840} INFO - DAG(s) 'example_sensor_decorator' retrieved from /home/airflow/.local/lib/python3.8/site-packages/airflow/example_dags/example_sensor_decorator.py
[2025-07-31T01:46:04.085+0000] {logging_mixin.py:188} INFO - [2025-07-31T01:46:04.084+0000] {dag.py:3036} INFO - Sync 1 DAGs
[2025-07-31T01:46:04.100+0000] {logging_mixin.py:188} INFO - [2025-07-31T01:46:04.100+0000] {dag.py:3823} INFO - Setting next_dagrun for example_sensor_decorator to None, run_after=None
[2025-07-31T01:46:04.130+0000] {processor.py:183} INFO - Processing /home/airflow/.local/lib/python3.8/site-packages/airflow/example_dags/example_sensor_decorator.py took 0.097 seconds
[2025-07-31T01:46:34.529+0000] {processor.py:161} INFO - Started process (PID=693) to work on /home/airflow/.local/lib/python3.8/site-packages/airflow/example_dags/example_sensor_decorator.py
[2025-07-31T01:46:34.531+0000] {processor.py:830} INFO - Processing file /home/airflow/.local/lib/python3.8/site-packages/airflow/example_dags/example_sensor_decorator.py for tasks to queue
[2025-07-31T01:46:34.535+0000] {logging_mixin.py:188} INFO - [2025-07-31T01:46:34.535+0000] {dagbag.py:538} INFO - Filling up the DagBag from /home/airflow/.local/lib/python3.8/site-packages/airflow/example_dags/example_sensor_decorator.py
[2025-07-31T01:46:34.546+0000] {processor.py:840} INFO - DAG(s) 'example_sensor_decorator' retrieved from /home/airflow/.local/lib/python3.8/site-packages/airflow/example_dags/example_sensor_decorator.py
[2025-07-31T01:46:34.579+0000] {logging_mixin.py:188} INFO - [2025-07-31T01:46:34.579+0000] {dag.py:3036} INFO - Sync 1 DAGs
[2025-07-31T01:46:34.595+0000] {logging_mixin.py:188} INFO - [2025-07-31T01:46:34.595+0000] {dag.py:3823} INFO - Setting next_dagrun for example_sensor_decorator to None, run_after=None
[2025-07-31T01:46:34.626+0000] {processor.py:183} INFO - Processing /home/airflow/.local/lib/python3.8/site-packages/airflow/example_dags/example_sensor_decorator.py took 0.102 seconds
[2025-07-31T01:47:05.483+0000] {processor.py:161} INFO - Started process (PID=749) to work on /home/airflow/.local/lib/python3.8/site-packages/airflow/example_dags/example_sensor_decorator.py
[2025-07-31T01:47:05.486+0000] {processor.py:830} INFO - Processing file /home/airflow/.local/lib/python3.8/site-packages/airflow/example_dags/example_sensor_decorator.py for tasks to queue
[2025-07-31T01:47:05.490+0000] {logging_mixin.py:188} INFO - [2025-07-31T01:47:05.489+0000] {dagbag.py:538} INFO - Filling up the DagBag from /home/airflow/.local/lib/python3.8/site-packages/airflow/example_dags/example_sensor_decorator.py
[2025-07-31T01:47:05.499+0000] {processor.py:840} INFO - DAG(s) 'example_sensor_decorator' retrieved from /home/airflow/.local/lib/python3.8/site-packages/airflow/example_dags/example_sensor_decorator.py
[2025-07-31T01:47:05.537+0000] {logging_mixin.py:188} INFO - [2025-07-31T01:47:05.537+0000] {dag.py:3036} INFO - Sync 1 DAGs
[2025-07-31T01:47:05.564+0000] {logging_mixin.py:188} INFO - [2025-07-31T01:47:05.563+0000] {dag.py:3823} INFO - Setting next_dagrun for example_sensor_decorator to None, run_after=None
[2025-07-31T01:47:05.611+0000] {processor.py:183} INFO - Processing /home/airflow/.local/lib/python3.8/site-packages/airflow/example_dags/example_sensor_decorator.py took 0.133 seconds
[2025-07-31T01:47:35.803+0000] {processor.py:161} INFO - Started process (PID=805) to work on /home/airflow/.local/lib/python3.8/site-packages/airflow/example_dags/example_sensor_decorator.py
[2025-07-31T01:47:35.805+0000] {processor.py:830} INFO - Processing file /home/airflow/.local/lib/python3.8/site-packages/airflow/example_dags/example_sensor_decorator.py for tasks to queue
[2025-07-31T01:47:35.808+0000] {logging_mixin.py:188} INFO - [2025-07-31T01:47:35.808+0000] {dagbag.py:538} INFO - Filling up the DagBag from /home/airflow/.local/lib/python3.8/site-packages/airflow/example_dags/example_sensor_decorator.py
[2025-07-31T01:47:35.820+0000] {processor.py:840} INFO - DAG(s) 'example_sensor_decorator' retrieved from /home/airflow/.local/lib/python3.8/site-packages/airflow/example_dags/example_sensor_decorator.py
[2025-07-31T01:47:35.871+0000] {logging_mixin.py:188} INFO - [2025-07-31T01:47:35.870+0000] {dag.py:3036} INFO - Sync 1 DAGs
[2025-07-31T01:47:35.914+0000] {logging_mixin.py:188} INFO - [2025-07-31T01:47:35.913+0000] {dag.py:3823} INFO - Setting next_dagrun for example_sensor_decorator to None, run_after=None
[2025-07-31T01:47:36.009+0000] {processor.py:183} INFO - Processing /home/airflow/.local/lib/python3.8/site-packages/airflow/example_dags/example_sensor_decorator.py took 0.214 seconds
[2025-07-31T01:48:37.536+0000] {processor.py:161} INFO - Started process (PID=86) to work on /home/airflow/.local/lib/python3.8/site-packages/airflow/example_dags/example_sensor_decorator.py
[2025-07-31T01:48:37.539+0000] {processor.py:830} INFO - Processing file /home/airflow/.local/lib/python3.8/site-packages/airflow/example_dags/example_sensor_decorator.py for tasks to queue
[2025-07-31T01:48:37.543+0000] {logging_mixin.py:188} INFO - [2025-07-31T01:48:37.543+0000] {dagbag.py:538} INFO - Filling up the DagBag from /home/airflow/.local/lib/python3.8/site-packages/airflow/example_dags/example_sensor_decorator.py
[2025-07-31T01:48:37.581+0000] {processor.py:840} INFO - DAG(s) 'example_sensor_decorator' retrieved from /home/airflow/.local/lib/python3.8/site-packages/airflow/example_dags/example_sensor_decorator.py
[2025-07-31T01:48:37.696+0000] {logging_mixin.py:188} INFO - [2025-07-31T01:48:37.696+0000] {dag.py:3036} INFO - Sync 1 DAGs
[2025-07-31T01:48:37.733+0000] {logging_mixin.py:188} INFO - [2025-07-31T01:48:37.733+0000] {dag.py:3823} INFO - Setting next_dagrun for example_sensor_decorator to None, run_after=None
[2025-07-31T01:48:37.891+0000] {processor.py:183} INFO - Processing /home/airflow/.local/lib/python3.8/site-packages/airflow/example_dags/example_sensor_decorator.py took 0.367 seconds
[2025-07-31T01:49:12.642+0000] {processor.py:161} INFO - Started process (PID=142) to work on /home/airflow/.local/lib/python3.8/site-packages/airflow/example_dags/example_sensor_decorator.py
[2025-07-31T01:49:12.644+0000] {processor.py:830} INFO - Processing file /home/airflow/.local/lib/python3.8/site-packages/airflow/example_dags/example_sensor_decorator.py for tasks to queue
[2025-07-31T01:49:12.652+0000] {logging_mixin.py:188} INFO - [2025-07-31T01:49:12.651+0000] {dagbag.py:538} INFO - Filling up the DagBag from /home/airflow/.local/lib/python3.8/site-packages/airflow/example_dags/example_sensor_decorator.py
[2025-07-31T01:49:12.697+0000] {processor.py:840} INFO - DAG(s) 'example_sensor_decorator' retrieved from /home/airflow/.local/lib/python3.8/site-packages/airflow/example_dags/example_sensor_decorator.py
[2025-07-31T01:49:12.982+0000] {logging_mixin.py:188} INFO - [2025-07-31T01:49:12.982+0000] {dag.py:3036} INFO - Sync 1 DAGs
[2025-07-31T01:49:13.001+0000] {logging_mixin.py:188} INFO - [2025-07-31T01:49:13.001+0000] {dag.py:3823} INFO - Setting next_dagrun for example_sensor_decorator to None, run_after=None
[2025-07-31T01:49:13.040+0000] {processor.py:183} INFO - Processing /home/airflow/.local/lib/python3.8/site-packages/airflow/example_dags/example_sensor_decorator.py took 0.411 seconds
[2025-07-31T01:49:43.997+0000] {processor.py:161} INFO - Started process (PID=198) to work on /home/airflow/.local/lib/python3.8/site-packages/airflow/example_dags/example_sensor_decorator.py
[2025-07-31T01:49:43.999+0000] {processor.py:830} INFO - Processing file /home/airflow/.local/lib/python3.8/site-packages/airflow/example_dags/example_sensor_decorator.py for tasks to queue
[2025-07-31T01:49:44.005+0000] {logging_mixin.py:188} INFO - [2025-07-31T01:49:44.004+0000] {dagbag.py:538} INFO - Filling up the DagBag from /home/airflow/.local/lib/python3.8/site-packages/airflow/example_dags/example_sensor_decorator.py
[2025-07-31T01:49:44.016+0000] {processor.py:840} INFO - DAG(s) 'example_sensor_decorator' retrieved from /home/airflow/.local/lib/python3.8/site-packages/airflow/example_dags/example_sensor_decorator.py
[2025-07-31T01:49:44.049+0000] {logging_mixin.py:188} INFO - [2025-07-31T01:49:44.048+0000] {dag.py:3036} INFO - Sync 1 DAGs
[2025-07-31T01:49:44.068+0000] {logging_mixin.py:188} INFO - [2025-07-31T01:49:44.068+0000] {dag.py:3823} INFO - Setting next_dagrun for example_sensor_decorator to None, run_after=None
[2025-07-31T01:49:44.101+0000] {processor.py:183} INFO - Processing /home/airflow/.local/lib/python3.8/site-packages/airflow/example_dags/example_sensor_decorator.py took 0.110 seconds
[2025-07-31T01:50:15.026+0000] {processor.py:161} INFO - Started process (PID=255) to work on /home/airflow/.local/lib/python3.8/site-packages/airflow/example_dags/example_sensor_decorator.py
[2025-07-31T01:50:15.027+0000] {processor.py:830} INFO - Processing file /home/airflow/.local/lib/python3.8/site-packages/airflow/example_dags/example_sensor_decorator.py for tasks to queue
[2025-07-31T01:50:15.030+0000] {logging_mixin.py:188} INFO - [2025-07-31T01:50:15.030+0000] {dagbag.py:538} INFO - Filling up the DagBag from /home/airflow/.local/lib/python3.8/site-packages/airflow/example_dags/example_sensor_decorator.py
[2025-07-31T01:50:15.039+0000] {processor.py:840} INFO - DAG(s) 'example_sensor_decorator' retrieved from /home/airflow/.local/lib/python3.8/site-packages/airflow/example_dags/example_sensor_decorator.py
[2025-07-31T01:50:15.071+0000] {logging_mixin.py:188} INFO - [2025-07-31T01:50:15.070+0000] {dag.py:3036} INFO - Sync 1 DAGs
[2025-07-31T01:50:15.087+0000] {logging_mixin.py:188} INFO - [2025-07-31T01:50:15.087+0000] {dag.py:3823} INFO - Setting next_dagrun for example_sensor_decorator to None, run_after=None
[2025-07-31T01:50:15.118+0000] {processor.py:183} INFO - Processing /home/airflow/.local/lib/python3.8/site-packages/airflow/example_dags/example_sensor_decorator.py took 0.098 seconds
[2025-07-31T01:50:45.638+0000] {processor.py:161} INFO - Started process (PID=311) to work on /home/airflow/.local/lib/python3.8/site-packages/airflow/example_dags/example_sensor_decorator.py
[2025-07-31T01:50:45.641+0000] {processor.py:830} INFO - Processing file /home/airflow/.local/lib/python3.8/site-packages/airflow/example_dags/example_sensor_decorator.py for tasks to queue
[2025-07-31T01:50:45.647+0000] {logging_mixin.py:188} INFO - [2025-07-31T01:50:45.646+0000] {dagbag.py:538} INFO - Filling up the DagBag from /home/airflow/.local/lib/python3.8/site-packages/airflow/example_dags/example_sensor_decorator.py
[2025-07-31T01:50:45.661+0000] {processor.py:840} INFO - DAG(s) 'example_sensor_decorator' retrieved from /home/airflow/.local/lib/python3.8/site-packages/airflow/example_dags/example_sensor_decorator.py
[2025-07-31T01:50:45.718+0000] {logging_mixin.py:188} INFO - [2025-07-31T01:50:45.717+0000] {dag.py:3036} INFO - Sync 1 DAGs
[2025-07-31T01:50:45.753+0000] {logging_mixin.py:188} INFO - [2025-07-31T01:50:45.752+0000] {dag.py:3823} INFO - Setting next_dagrun for example_sensor_decorator to None, run_after=None
[2025-07-31T01:50:45.826+0000] {processor.py:183} INFO - Processing /home/airflow/.local/lib/python3.8/site-packages/airflow/example_dags/example_sensor_decorator.py took 0.202 seconds
[2025-07-31T01:51:16.183+0000] {processor.py:161} INFO - Started process (PID=367) to work on /home/airflow/.local/lib/python3.8/site-packages/airflow/example_dags/example_sensor_decorator.py
[2025-07-31T01:51:16.189+0000] {processor.py:830} INFO - Processing file /home/airflow/.local/lib/python3.8/site-packages/airflow/example_dags/example_sensor_decorator.py for tasks to queue
[2025-07-31T01:51:16.195+0000] {logging_mixin.py:188} INFO - [2025-07-31T01:51:16.195+0000] {dagbag.py:538} INFO - Filling up the DagBag from /home/airflow/.local/lib/python3.8/site-packages/airflow/example_dags/example_sensor_decorator.py
[2025-07-31T01:51:16.210+0000] {processor.py:840} INFO - DAG(s) 'example_sensor_decorator' retrieved from /home/airflow/.local/lib/python3.8/site-packages/airflow/example_dags/example_sensor_decorator.py
[2025-07-31T01:51:16.256+0000] {logging_mixin.py:188} INFO - [2025-07-31T01:51:16.255+0000] {dag.py:3036} INFO - Sync 1 DAGs
[2025-07-31T01:51:16.305+0000] {logging_mixin.py:188} INFO - [2025-07-31T01:51:16.302+0000] {dag.py:3823} INFO - Setting next_dagrun for example_sensor_decorator to None, run_after=None
[2025-07-31T01:51:16.343+0000] {processor.py:183} INFO - Processing /home/airflow/.local/lib/python3.8/site-packages/airflow/example_dags/example_sensor_decorator.py took 0.167 seconds
[2025-07-31T01:51:46.655+0000] {processor.py:161} INFO - Started process (PID=422) to work on /home/airflow/.local/lib/python3.8/site-packages/airflow/example_dags/example_sensor_decorator.py
[2025-07-31T01:51:46.657+0000] {processor.py:830} INFO - Processing file /home/airflow/.local/lib/python3.8/site-packages/airflow/example_dags/example_sensor_decorator.py for tasks to queue
[2025-07-31T01:51:46.661+0000] {logging_mixin.py:188} INFO - [2025-07-31T01:51:46.660+0000] {dagbag.py:538} INFO - Filling up the DagBag from /home/airflow/.local/lib/python3.8/site-packages/airflow/example_dags/example_sensor_decorator.py
[2025-07-31T01:51:46.672+0000] {processor.py:840} INFO - DAG(s) 'example_sensor_decorator' retrieved from /home/airflow/.local/lib/python3.8/site-packages/airflow/example_dags/example_sensor_decorator.py
[2025-07-31T01:51:46.714+0000] {logging_mixin.py:188} INFO - [2025-07-31T01:51:46.713+0000] {dag.py:3036} INFO - Sync 1 DAGs
[2025-07-31T01:51:46.731+0000] {logging_mixin.py:188} INFO - [2025-07-31T01:51:46.731+0000] {dag.py:3823} INFO - Setting next_dagrun for example_sensor_decorator to None, run_after=None
[2025-07-31T01:51:46.762+0000] {processor.py:183} INFO - Processing /home/airflow/.local/lib/python3.8/site-packages/airflow/example_dags/example_sensor_decorator.py took 0.114 seconds
[2025-07-31T01:52:17.300+0000] {processor.py:161} INFO - Started process (PID=478) to work on /home/airflow/.local/lib/python3.8/site-packages/airflow/example_dags/example_sensor_decorator.py
[2025-07-31T01:52:17.303+0000] {processor.py:830} INFO - Processing file /home/airflow/.local/lib/python3.8/site-packages/airflow/example_dags/example_sensor_decorator.py for tasks to queue
[2025-07-31T01:52:17.307+0000] {logging_mixin.py:188} INFO - [2025-07-31T01:52:17.307+0000] {dagbag.py:538} INFO - Filling up the DagBag from /home/airflow/.local/lib/python3.8/site-packages/airflow/example_dags/example_sensor_decorator.py
[2025-07-31T01:52:17.324+0000] {processor.py:840} INFO - DAG(s) 'example_sensor_decorator' retrieved from /home/airflow/.local/lib/python3.8/site-packages/airflow/example_dags/example_sensor_decorator.py
[2025-07-31T01:52:17.364+0000] {logging_mixin.py:188} INFO - [2025-07-31T01:52:17.364+0000] {dag.py:3036} INFO - Sync 1 DAGs
[2025-07-31T01:52:17.384+0000] {logging_mixin.py:188} INFO - [2025-07-31T01:52:17.383+0000] {dag.py:3823} INFO - Setting next_dagrun for example_sensor_decorator to None, run_after=None
[2025-07-31T01:52:17.410+0000] {processor.py:183} INFO - Processing /home/airflow/.local/lib/python3.8/site-packages/airflow/example_dags/example_sensor_decorator.py took 0.118 seconds
[2025-07-31T01:52:47.735+0000] {processor.py:161} INFO - Started process (PID=534) to work on /home/airflow/.local/lib/python3.8/site-packages/airflow/example_dags/example_sensor_decorator.py
[2025-07-31T01:52:47.737+0000] {processor.py:830} INFO - Processing file /home/airflow/.local/lib/python3.8/site-packages/airflow/example_dags/example_sensor_decorator.py for tasks to queue
[2025-07-31T01:52:47.759+0000] {logging_mixin.py:188} INFO - [2025-07-31T01:52:47.758+0000] {dagbag.py:538} INFO - Filling up the DagBag from /home/airflow/.local/lib/python3.8/site-packages/airflow/example_dags/example_sensor_decorator.py
[2025-07-31T01:52:47.783+0000] {processor.py:840} INFO - DAG(s) 'example_sensor_decorator' retrieved from /home/airflow/.local/lib/python3.8/site-packages/airflow/example_dags/example_sensor_decorator.py
[2025-07-31T01:52:47.864+0000] {logging_mixin.py:188} INFO - [2025-07-31T01:52:47.864+0000] {dag.py:3036} INFO - Sync 1 DAGs
[2025-07-31T01:52:47.908+0000] {logging_mixin.py:188} INFO - [2025-07-31T01:52:47.907+0000] {dag.py:3823} INFO - Setting next_dagrun for example_sensor_decorator to None, run_after=None
[2025-07-31T01:52:47.954+0000] {processor.py:183} INFO - Processing /home/airflow/.local/lib/python3.8/site-packages/airflow/example_dags/example_sensor_decorator.py took 0.223 seconds
[2025-07-31T01:53:18.129+0000] {processor.py:161} INFO - Started process (PID=590) to work on /home/airflow/.local/lib/python3.8/site-packages/airflow/example_dags/example_sensor_decorator.py
[2025-07-31T01:53:18.135+0000] {processor.py:830} INFO - Processing file /home/airflow/.local/lib/python3.8/site-packages/airflow/example_dags/example_sensor_decorator.py for tasks to queue
[2025-07-31T01:53:18.145+0000] {logging_mixin.py:188} INFO - [2025-07-31T01:53:18.144+0000] {dagbag.py:538} INFO - Filling up the DagBag from /home/airflow/.local/lib/python3.8/site-packages/airflow/example_dags/example_sensor_decorator.py
[2025-07-31T01:53:18.186+0000] {processor.py:840} INFO - DAG(s) 'example_sensor_decorator' retrieved from /home/airflow/.local/lib/python3.8/site-packages/airflow/example_dags/example_sensor_decorator.py
[2025-07-31T01:53:18.327+0000] {logging_mixin.py:188} INFO - [2025-07-31T01:53:18.326+0000] {dag.py:3036} INFO - Sync 1 DAGs
[2025-07-31T01:53:18.401+0000] {logging_mixin.py:188} INFO - [2025-07-31T01:53:18.401+0000] {dag.py:3823} INFO - Setting next_dagrun for example_sensor_decorator to None, run_after=None
[2025-07-31T01:53:18.551+0000] {processor.py:183} INFO - Processing /home/airflow/.local/lib/python3.8/site-packages/airflow/example_dags/example_sensor_decorator.py took 0.443 seconds
[2025-07-31T01:53:48.668+0000] {processor.py:161} INFO - Started process (PID=648) to work on /home/airflow/.local/lib/python3.8/site-packages/airflow/example_dags/example_sensor_decorator.py
[2025-07-31T01:53:48.669+0000] {processor.py:830} INFO - Processing file /home/airflow/.local/lib/python3.8/site-packages/airflow/example_dags/example_sensor_decorator.py for tasks to queue
[2025-07-31T01:53:48.673+0000] {logging_mixin.py:188} INFO - [2025-07-31T01:53:48.672+0000] {dagbag.py:538} INFO - Filling up the DagBag from /home/airflow/.local/lib/python3.8/site-packages/airflow/example_dags/example_sensor_decorator.py
[2025-07-31T01:53:48.685+0000] {processor.py:840} INFO - DAG(s) 'example_sensor_decorator' retrieved from /home/airflow/.local/lib/python3.8/site-packages/airflow/example_dags/example_sensor_decorator.py
[2025-07-31T01:53:48.718+0000] {logging_mixin.py:188} INFO - [2025-07-31T01:53:48.717+0000] {dag.py:3036} INFO - Sync 1 DAGs
[2025-07-31T01:53:48.736+0000] {logging_mixin.py:188} INFO - [2025-07-31T01:53:48.736+0000] {dag.py:3823} INFO - Setting next_dagrun for example_sensor_decorator to None, run_after=None
[2025-07-31T01:53:48.772+0000] {processor.py:183} INFO - Processing /home/airflow/.local/lib/python3.8/site-packages/airflow/example_dags/example_sensor_decorator.py took 0.112 seconds
[2025-07-31T01:54:22.388+0000] {processor.py:161} INFO - Started process (PID=705) to work on /home/airflow/.local/lib/python3.8/site-packages/airflow/example_dags/example_sensor_decorator.py
[2025-07-31T01:54:22.390+0000] {processor.py:830} INFO - Processing file /home/airflow/.local/lib/python3.8/site-packages/airflow/example_dags/example_sensor_decorator.py for tasks to queue
[2025-07-31T01:54:22.394+0000] {logging_mixin.py:188} INFO - [2025-07-31T01:54:22.393+0000] {dagbag.py:538} INFO - Filling up the DagBag from /home/airflow/.local/lib/python3.8/site-packages/airflow/example_dags/example_sensor_decorator.py
[2025-07-31T01:54:22.407+0000] {processor.py:840} INFO - DAG(s) 'example_sensor_decorator' retrieved from /home/airflow/.local/lib/python3.8/site-packages/airflow/example_dags/example_sensor_decorator.py
[2025-07-31T01:54:22.470+0000] {logging_mixin.py:188} INFO - [2025-07-31T01:54:22.469+0000] {dag.py:3036} INFO - Sync 1 DAGs
[2025-07-31T01:54:22.548+0000] {logging_mixin.py:188} INFO - [2025-07-31T01:54:22.547+0000] {dag.py:3823} INFO - Setting next_dagrun for example_sensor_decorator to None, run_after=None
[2025-07-31T01:54:22.633+0000] {processor.py:183} INFO - Processing /home/airflow/.local/lib/python3.8/site-packages/airflow/example_dags/example_sensor_decorator.py took 0.253 seconds
[2025-07-31T01:54:52.873+0000] {processor.py:161} INFO - Started process (PID=762) to work on /home/airflow/.local/lib/python3.8/site-packages/airflow/example_dags/example_sensor_decorator.py
[2025-07-31T01:54:52.874+0000] {processor.py:830} INFO - Processing file /home/airflow/.local/lib/python3.8/site-packages/airflow/example_dags/example_sensor_decorator.py for tasks to queue
[2025-07-31T01:54:52.878+0000] {logging_mixin.py:188} INFO - [2025-07-31T01:54:52.877+0000] {dagbag.py:538} INFO - Filling up the DagBag from /home/airflow/.local/lib/python3.8/site-packages/airflow/example_dags/example_sensor_decorator.py
[2025-07-31T01:54:52.894+0000] {processor.py:840} INFO - DAG(s) 'example_sensor_decorator' retrieved from /home/airflow/.local/lib/python3.8/site-packages/airflow/example_dags/example_sensor_decorator.py
[2025-07-31T01:54:52.967+0000] {logging_mixin.py:188} INFO - [2025-07-31T01:54:52.966+0000] {dag.py:3036} INFO - Sync 1 DAGs
[2025-07-31T01:54:53.061+0000] {logging_mixin.py:188} INFO - [2025-07-31T01:54:53.061+0000] {dag.py:3823} INFO - Setting next_dagrun for example_sensor_decorator to None, run_after=None
[2025-07-31T01:54:53.183+0000] {processor.py:183} INFO - Processing /home/airflow/.local/lib/python3.8/site-packages/airflow/example_dags/example_sensor_decorator.py took 0.316 seconds
[2025-07-31T01:55:24.256+0000] {processor.py:161} INFO - Started process (PID=819) to work on /home/airflow/.local/lib/python3.8/site-packages/airflow/example_dags/example_sensor_decorator.py
[2025-07-31T01:55:24.259+0000] {processor.py:830} INFO - Processing file /home/airflow/.local/lib/python3.8/site-packages/airflow/example_dags/example_sensor_decorator.py for tasks to queue
[2025-07-31T01:55:24.273+0000] {logging_mixin.py:188} INFO - [2025-07-31T01:55:24.272+0000] {dagbag.py:538} INFO - Filling up the DagBag from /home/airflow/.local/lib/python3.8/site-packages/airflow/example_dags/example_sensor_decorator.py
[2025-07-31T01:55:24.303+0000] {processor.py:840} INFO - DAG(s) 'example_sensor_decorator' retrieved from /home/airflow/.local/lib/python3.8/site-packages/airflow/example_dags/example_sensor_decorator.py
[2025-07-31T01:55:24.352+0000] {logging_mixin.py:188} INFO - [2025-07-31T01:55:24.352+0000] {dag.py:3036} INFO - Sync 1 DAGs
[2025-07-31T01:55:24.374+0000] {logging_mixin.py:188} INFO - [2025-07-31T01:55:24.374+0000] {dag.py:3823} INFO - Setting next_dagrun for example_sensor_decorator to None, run_after=None
[2025-07-31T01:55:24.411+0000] {processor.py:183} INFO - Processing /home/airflow/.local/lib/python3.8/site-packages/airflow/example_dags/example_sensor_decorator.py took 0.163 seconds
[2025-07-31T01:55:54.906+0000] {processor.py:161} INFO - Started process (PID=876) to work on /home/airflow/.local/lib/python3.8/site-packages/airflow/example_dags/example_sensor_decorator.py
[2025-07-31T01:55:54.908+0000] {processor.py:830} INFO - Processing file /home/airflow/.local/lib/python3.8/site-packages/airflow/example_dags/example_sensor_decorator.py for tasks to queue
[2025-07-31T01:55:54.911+0000] {logging_mixin.py:188} INFO - [2025-07-31T01:55:54.910+0000] {dagbag.py:538} INFO - Filling up the DagBag from /home/airflow/.local/lib/python3.8/site-packages/airflow/example_dags/example_sensor_decorator.py
[2025-07-31T01:55:54.920+0000] {processor.py:840} INFO - DAG(s) 'example_sensor_decorator' retrieved from /home/airflow/.local/lib/python3.8/site-packages/airflow/example_dags/example_sensor_decorator.py
[2025-07-31T01:55:54.949+0000] {logging_mixin.py:188} INFO - [2025-07-31T01:55:54.949+0000] {dag.py:3036} INFO - Sync 1 DAGs
[2025-07-31T01:55:54.967+0000] {logging_mixin.py:188} INFO - [2025-07-31T01:55:54.966+0000] {dag.py:3823} INFO - Setting next_dagrun for example_sensor_decorator to None, run_after=None
[2025-07-31T01:55:55.005+0000] {processor.py:183} INFO - Processing /home/airflow/.local/lib/python3.8/site-packages/airflow/example_dags/example_sensor_decorator.py took 0.103 seconds
[2025-07-31T01:56:25.613+0000] {processor.py:161} INFO - Started process (PID=933) to work on /home/airflow/.local/lib/python3.8/site-packages/airflow/example_dags/example_sensor_decorator.py
[2025-07-31T01:56:25.619+0000] {processor.py:830} INFO - Processing file /home/airflow/.local/lib/python3.8/site-packages/airflow/example_dags/example_sensor_decorator.py for tasks to queue
[2025-07-31T01:56:25.628+0000] {logging_mixin.py:188} INFO - [2025-07-31T01:56:25.627+0000] {dagbag.py:538} INFO - Filling up the DagBag from /home/airflow/.local/lib/python3.8/site-packages/airflow/example_dags/example_sensor_decorator.py
[2025-07-31T01:56:25.656+0000] {processor.py:840} INFO - DAG(s) 'example_sensor_decorator' retrieved from /home/airflow/.local/lib/python3.8/site-packages/airflow/example_dags/example_sensor_decorator.py
[2025-07-31T01:56:25.739+0000] {logging_mixin.py:188} INFO - [2025-07-31T01:56:25.738+0000] {dag.py:3036} INFO - Sync 1 DAGs
[2025-07-31T01:56:25.780+0000] {logging_mixin.py:188} INFO - [2025-07-31T01:56:25.779+0000] {dag.py:3823} INFO - Setting next_dagrun for example_sensor_decorator to None, run_after=None
[2025-07-31T01:56:25.864+0000] {processor.py:183} INFO - Processing /home/airflow/.local/lib/python3.8/site-packages/airflow/example_dags/example_sensor_decorator.py took 0.286 seconds
