[2025-07-31T01:41:01.220+0000] {processor.py:161} INFO - Started process (PID=104) to work on /home/airflow/.local/lib/python3.8/site-packages/airflow/example_dags/example_branch_operator_decorator.py
[2025-07-31T01:41:01.236+0000] {processor.py:830} INFO - Processing file /home/airflow/.local/lib/python3.8/site-packages/airflow/example_dags/example_branch_operator_decorator.py for tasks to queue
[2025-07-31T01:41:01.253+0000] {logging_mixin.py:188} INFO - [2025-07-31T01:41:01.252+0000] {dagbag.py:538} INFO - Filling up the DagBag from /home/airflow/.local/lib/python3.8/site-packages/airflow/example_dags/example_branch_operator_decorator.py
[2025-07-31T01:41:01.353+0000] {processor.py:840} INFO - DAG(s) 'example_branch_python_operator_decorator' retrieved from /home/airflow/.local/lib/python3.8/site-packages/airflow/example_dags/example_branch_operator_decorator.py
[2025-07-31T01:41:01.797+0000] {logging_mixin.py:188} INFO - [2025-07-31T01:41:01.796+0000] {dag.py:3036} INFO - Sync 1 DAGs
[2025-07-31T01:41:01.974+0000] {logging_mixin.py:188} INFO - [2025-07-31T01:41:01.974+0000] {dag.py:3823} INFO - Setting next_dagrun for example_branch_python_operator_decorator to 2025-07-30 00:00:00+00:00, run_after=2025-07-31 00:00:00+00:00
[2025-07-31T01:41:02.078+0000] {processor.py:183} INFO - Processing /home/airflow/.local/lib/python3.8/site-packages/airflow/example_dags/example_branch_operator_decorator.py took 0.877 seconds
[2025-07-31T01:41:33.028+0000] {processor.py:161} INFO - Started process (PID=159) to work on /home/airflow/.local/lib/python3.8/site-packages/airflow/example_dags/example_branch_operator_decorator.py
[2025-07-31T01:41:33.061+0000] {processor.py:830} INFO - Processing file /home/airflow/.local/lib/python3.8/site-packages/airflow/example_dags/example_branch_operator_decorator.py for tasks to queue
[2025-07-31T01:41:33.077+0000] {logging_mixin.py:188} INFO - [2025-07-31T01:41:33.076+0000] {dagbag.py:538} INFO - Filling up the DagBag from /home/airflow/.local/lib/python3.8/site-packages/airflow/example_dags/example_branch_operator_decorator.py
[2025-07-31T01:41:33.207+0000] {processor.py:840} INFO - DAG(s) 'example_branch_python_operator_decorator' retrieved from /home/airflow/.local/lib/python3.8/site-packages/airflow/example_dags/example_branch_operator_decorator.py
[2025-07-31T01:41:33.426+0000] {logging_mixin.py:188} INFO - [2025-07-31T01:41:33.425+0000] {dag.py:3036} INFO - Sync 1 DAGs
[2025-07-31T01:41:33.639+0000] {logging_mixin.py:188} INFO - [2025-07-31T01:41:33.639+0000] {dag.py:3823} INFO - Setting next_dagrun for example_branch_python_operator_decorator to 2025-07-30 00:00:00+00:00, run_after=2025-07-31 00:00:00+00:00
[2025-07-31T01:41:33.825+0000] {processor.py:183} INFO - Processing /home/airflow/.local/lib/python3.8/site-packages/airflow/example_dags/example_branch_operator_decorator.py took 0.804 seconds
[2025-07-31T01:42:04.660+0000] {processor.py:161} INFO - Started process (PID=222) to work on /home/airflow/.local/lib/python3.8/site-packages/airflow/example_dags/example_branch_operator_decorator.py
[2025-07-31T01:42:04.704+0000] {processor.py:830} INFO - Processing file /home/airflow/.local/lib/python3.8/site-packages/airflow/example_dags/example_branch_operator_decorator.py for tasks to queue
[2025-07-31T01:42:04.764+0000] {logging_mixin.py:188} INFO - [2025-07-31T01:42:04.764+0000] {dagbag.py:538} INFO - Filling up the DagBag from /home/airflow/.local/lib/python3.8/site-packages/airflow/example_dags/example_branch_operator_decorator.py
[2025-07-31T01:42:04.957+0000] {processor.py:840} INFO - DAG(s) 'example_branch_python_operator_decorator' retrieved from /home/airflow/.local/lib/python3.8/site-packages/airflow/example_dags/example_branch_operator_decorator.py
[2025-07-31T01:42:05.207+0000] {logging_mixin.py:188} INFO - [2025-07-31T01:42:05.207+0000] {dag.py:3036} INFO - Sync 1 DAGs
[2025-07-31T01:42:05.343+0000] {logging_mixin.py:188} INFO - [2025-07-31T01:42:05.343+0000] {dag.py:3823} INFO - Setting next_dagrun for example_branch_python_operator_decorator to 2025-07-30 00:00:00+00:00, run_after=2025-07-31 00:00:00+00:00
[2025-07-31T01:42:05.558+0000] {processor.py:183} INFO - Processing /home/airflow/.local/lib/python3.8/site-packages/airflow/example_dags/example_branch_operator_decorator.py took 0.905 seconds
[2025-07-31T01:42:36.130+0000] {processor.py:161} INFO - Started process (PID=276) to work on /home/airflow/.local/lib/python3.8/site-packages/airflow/example_dags/example_branch_operator_decorator.py
[2025-07-31T01:42:36.132+0000] {processor.py:830} INFO - Processing file /home/airflow/.local/lib/python3.8/site-packages/airflow/example_dags/example_branch_operator_decorator.py for tasks to queue
[2025-07-31T01:42:36.135+0000] {logging_mixin.py:188} INFO - [2025-07-31T01:42:36.135+0000] {dagbag.py:538} INFO - Filling up the DagBag from /home/airflow/.local/lib/python3.8/site-packages/airflow/example_dags/example_branch_operator_decorator.py
[2025-07-31T01:42:36.168+0000] {processor.py:840} INFO - DAG(s) 'example_branch_python_operator_decorator' retrieved from /home/airflow/.local/lib/python3.8/site-packages/airflow/example_dags/example_branch_operator_decorator.py
[2025-07-31T01:42:36.215+0000] {logging_mixin.py:188} INFO - [2025-07-31T01:42:36.214+0000] {dag.py:3036} INFO - Sync 1 DAGs
[2025-07-31T01:42:36.267+0000] {logging_mixin.py:188} INFO - [2025-07-31T01:42:36.266+0000] {dag.py:3823} INFO - Setting next_dagrun for example_branch_python_operator_decorator to 2025-07-30 00:00:00+00:00, run_after=2025-07-31 00:00:00+00:00
[2025-07-31T01:42:36.328+0000] {processor.py:183} INFO - Processing /home/airflow/.local/lib/python3.8/site-packages/airflow/example_dags/example_branch_operator_decorator.py took 0.204 seconds
[2025-07-31T01:43:06.560+0000] {processor.py:161} INFO - Started process (PID=331) to work on /home/airflow/.local/lib/python3.8/site-packages/airflow/example_dags/example_branch_operator_decorator.py
[2025-07-31T01:43:06.562+0000] {processor.py:830} INFO - Processing file /home/airflow/.local/lib/python3.8/site-packages/airflow/example_dags/example_branch_operator_decorator.py for tasks to queue
[2025-07-31T01:43:06.566+0000] {logging_mixin.py:188} INFO - [2025-07-31T01:43:06.565+0000] {dagbag.py:538} INFO - Filling up the DagBag from /home/airflow/.local/lib/python3.8/site-packages/airflow/example_dags/example_branch_operator_decorator.py
[2025-07-31T01:43:06.611+0000] {processor.py:840} INFO - DAG(s) 'example_branch_python_operator_decorator' retrieved from /home/airflow/.local/lib/python3.8/site-packages/airflow/example_dags/example_branch_operator_decorator.py
[2025-07-31T01:43:06.657+0000] {logging_mixin.py:188} INFO - [2025-07-31T01:43:06.656+0000] {dag.py:3036} INFO - Sync 1 DAGs
[2025-07-31T01:43:06.699+0000] {logging_mixin.py:188} INFO - [2025-07-31T01:43:06.699+0000] {dag.py:3823} INFO - Setting next_dagrun for example_branch_python_operator_decorator to 2025-07-30 00:00:00+00:00, run_after=2025-07-31 00:00:00+00:00
[2025-07-31T01:43:06.738+0000] {processor.py:183} INFO - Processing /home/airflow/.local/lib/python3.8/site-packages/airflow/example_dags/example_branch_operator_decorator.py took 0.185 seconds
[2025-07-31T01:43:37.278+0000] {processor.py:161} INFO - Started process (PID=386) to work on /home/airflow/.local/lib/python3.8/site-packages/airflow/example_dags/example_branch_operator_decorator.py
[2025-07-31T01:43:37.294+0000] {processor.py:830} INFO - Processing file /home/airflow/.local/lib/python3.8/site-packages/airflow/example_dags/example_branch_operator_decorator.py for tasks to queue
[2025-07-31T01:43:37.302+0000] {logging_mixin.py:188} INFO - [2025-07-31T01:43:37.302+0000] {dagbag.py:538} INFO - Filling up the DagBag from /home/airflow/.local/lib/python3.8/site-packages/airflow/example_dags/example_branch_operator_decorator.py
[2025-07-31T01:43:37.410+0000] {processor.py:840} INFO - DAG(s) 'example_branch_python_operator_decorator' retrieved from /home/airflow/.local/lib/python3.8/site-packages/airflow/example_dags/example_branch_operator_decorator.py
[2025-07-31T01:43:37.499+0000] {logging_mixin.py:188} INFO - [2025-07-31T01:43:37.498+0000] {dag.py:3036} INFO - Sync 1 DAGs
[2025-07-31T01:43:37.554+0000] {logging_mixin.py:188} INFO - [2025-07-31T01:43:37.554+0000] {dag.py:3823} INFO - Setting next_dagrun for example_branch_python_operator_decorator to 2025-07-30 00:00:00+00:00, run_after=2025-07-31 00:00:00+00:00
[2025-07-31T01:43:37.613+0000] {processor.py:183} INFO - Processing /home/airflow/.local/lib/python3.8/site-packages/airflow/example_dags/example_branch_operator_decorator.py took 0.342 seconds
[2025-07-31T01:44:09.878+0000] {processor.py:161} INFO - Started process (PID=441) to work on /home/airflow/.local/lib/python3.8/site-packages/airflow/example_dags/example_branch_operator_decorator.py
[2025-07-31T01:44:09.891+0000] {processor.py:830} INFO - Processing file /home/airflow/.local/lib/python3.8/site-packages/airflow/example_dags/example_branch_operator_decorator.py for tasks to queue
[2025-07-31T01:44:09.896+0000] {logging_mixin.py:188} INFO - [2025-07-31T01:44:09.895+0000] {dagbag.py:538} INFO - Filling up the DagBag from /home/airflow/.local/lib/python3.8/site-packages/airflow/example_dags/example_branch_operator_decorator.py
[2025-07-31T01:44:10.035+0000] {processor.py:840} INFO - DAG(s) 'example_branch_python_operator_decorator' retrieved from /home/airflow/.local/lib/python3.8/site-packages/airflow/example_dags/example_branch_operator_decorator.py
[2025-07-31T01:44:10.148+0000] {logging_mixin.py:188} INFO - [2025-07-31T01:44:10.148+0000] {dag.py:3036} INFO - Sync 1 DAGs
[2025-07-31T01:44:10.233+0000] {logging_mixin.py:188} INFO - [2025-07-31T01:44:10.233+0000] {dag.py:3823} INFO - Setting next_dagrun for example_branch_python_operator_decorator to 2025-07-30 00:00:00+00:00, run_after=2025-07-31 00:00:00+00:00
[2025-07-31T01:44:10.330+0000] {processor.py:183} INFO - Processing /home/airflow/.local/lib/python3.8/site-packages/airflow/example_dags/example_branch_operator_decorator.py took 0.466 seconds
[2025-07-31T01:44:41.546+0000] {processor.py:161} INFO - Started process (PID=496) to work on /home/airflow/.local/lib/python3.8/site-packages/airflow/example_dags/example_branch_operator_decorator.py
[2025-07-31T01:44:41.551+0000] {processor.py:830} INFO - Processing file /home/airflow/.local/lib/python3.8/site-packages/airflow/example_dags/example_branch_operator_decorator.py for tasks to queue
[2025-07-31T01:44:41.560+0000] {logging_mixin.py:188} INFO - [2025-07-31T01:44:41.557+0000] {dagbag.py:538} INFO - Filling up the DagBag from /home/airflow/.local/lib/python3.8/site-packages/airflow/example_dags/example_branch_operator_decorator.py
[2025-07-31T01:44:41.642+0000] {processor.py:840} INFO - DAG(s) 'example_branch_python_operator_decorator' retrieved from /home/airflow/.local/lib/python3.8/site-packages/airflow/example_dags/example_branch_operator_decorator.py
[2025-07-31T01:44:41.736+0000] {logging_mixin.py:188} INFO - [2025-07-31T01:44:41.735+0000] {dag.py:3036} INFO - Sync 1 DAGs
[2025-07-31T01:44:41.898+0000] {logging_mixin.py:188} INFO - [2025-07-31T01:44:41.897+0000] {dag.py:3823} INFO - Setting next_dagrun for example_branch_python_operator_decorator to 2025-07-30 00:00:00+00:00, run_after=2025-07-31 00:00:00+00:00
[2025-07-31T01:44:41.943+0000] {processor.py:183} INFO - Processing /home/airflow/.local/lib/python3.8/site-packages/airflow/example_dags/example_branch_operator_decorator.py took 0.409 seconds
[2025-07-31T01:45:12.023+0000] {processor.py:161} INFO - Started process (PID=551) to work on /home/airflow/.local/lib/python3.8/site-packages/airflow/example_dags/example_branch_operator_decorator.py
[2025-07-31T01:45:12.024+0000] {processor.py:830} INFO - Processing file /home/airflow/.local/lib/python3.8/site-packages/airflow/example_dags/example_branch_operator_decorator.py for tasks to queue
[2025-07-31T01:45:12.027+0000] {logging_mixin.py:188} INFO - [2025-07-31T01:45:12.026+0000] {dagbag.py:538} INFO - Filling up the DagBag from /home/airflow/.local/lib/python3.8/site-packages/airflow/example_dags/example_branch_operator_decorator.py
[2025-07-31T01:45:12.053+0000] {processor.py:840} INFO - DAG(s) 'example_branch_python_operator_decorator' retrieved from /home/airflow/.local/lib/python3.8/site-packages/airflow/example_dags/example_branch_operator_decorator.py
[2025-07-31T01:45:12.086+0000] {logging_mixin.py:188} INFO - [2025-07-31T01:45:12.086+0000] {dag.py:3036} INFO - Sync 1 DAGs
[2025-07-31T01:45:12.111+0000] {logging_mixin.py:188} INFO - [2025-07-31T01:45:12.111+0000] {dag.py:3823} INFO - Setting next_dagrun for example_branch_python_operator_decorator to 2025-07-30 00:00:00+00:00, run_after=2025-07-31 00:00:00+00:00
[2025-07-31T01:45:12.137+0000] {processor.py:183} INFO - Processing /home/airflow/.local/lib/python3.8/site-packages/airflow/example_dags/example_branch_operator_decorator.py took 0.119 seconds
[2025-07-31T01:45:42.714+0000] {processor.py:161} INFO - Started process (PID=605) to work on /home/airflow/.local/lib/python3.8/site-packages/airflow/example_dags/example_branch_operator_decorator.py
[2025-07-31T01:45:42.716+0000] {processor.py:830} INFO - Processing file /home/airflow/.local/lib/python3.8/site-packages/airflow/example_dags/example_branch_operator_decorator.py for tasks to queue
[2025-07-31T01:45:42.724+0000] {logging_mixin.py:188} INFO - [2025-07-31T01:45:42.724+0000] {dagbag.py:538} INFO - Filling up the DagBag from /home/airflow/.local/lib/python3.8/site-packages/airflow/example_dags/example_branch_operator_decorator.py
[2025-07-31T01:45:42.775+0000] {processor.py:840} INFO - DAG(s) 'example_branch_python_operator_decorator' retrieved from /home/airflow/.local/lib/python3.8/site-packages/airflow/example_dags/example_branch_operator_decorator.py
[2025-07-31T01:45:42.838+0000] {logging_mixin.py:188} INFO - [2025-07-31T01:45:42.837+0000] {dag.py:3036} INFO - Sync 1 DAGs
[2025-07-31T01:45:42.880+0000] {logging_mixin.py:188} INFO - [2025-07-31T01:45:42.880+0000] {dag.py:3823} INFO - Setting next_dagrun for example_branch_python_operator_decorator to 2025-07-30 00:00:00+00:00, run_after=2025-07-31 00:00:00+00:00
[2025-07-31T01:45:42.911+0000] {processor.py:183} INFO - Processing /home/airflow/.local/lib/python3.8/site-packages/airflow/example_dags/example_branch_operator_decorator.py took 0.202 seconds
[2025-07-31T01:46:13.781+0000] {processor.py:161} INFO - Started process (PID=661) to work on /home/airflow/.local/lib/python3.8/site-packages/airflow/example_dags/example_branch_operator_decorator.py
[2025-07-31T01:46:13.783+0000] {processor.py:830} INFO - Processing file /home/airflow/.local/lib/python3.8/site-packages/airflow/example_dags/example_branch_operator_decorator.py for tasks to queue
[2025-07-31T01:46:13.786+0000] {logging_mixin.py:188} INFO - [2025-07-31T01:46:13.786+0000] {dagbag.py:538} INFO - Filling up the DagBag from /home/airflow/.local/lib/python3.8/site-packages/airflow/example_dags/example_branch_operator_decorator.py
[2025-07-31T01:46:13.821+0000] {processor.py:840} INFO - DAG(s) 'example_branch_python_operator_decorator' retrieved from /home/airflow/.local/lib/python3.8/site-packages/airflow/example_dags/example_branch_operator_decorator.py
[2025-07-31T01:46:13.857+0000] {logging_mixin.py:188} INFO - [2025-07-31T01:46:13.856+0000] {dag.py:3036} INFO - Sync 1 DAGs
[2025-07-31T01:46:13.887+0000] {logging_mixin.py:188} INFO - [2025-07-31T01:46:13.887+0000] {dag.py:3823} INFO - Setting next_dagrun for example_branch_python_operator_decorator to 2025-07-30 00:00:00+00:00, run_after=2025-07-31 00:00:00+00:00
[2025-07-31T01:46:13.919+0000] {processor.py:183} INFO - Processing /home/airflow/.local/lib/python3.8/site-packages/airflow/example_dags/example_branch_operator_decorator.py took 0.143 seconds
[2025-07-31T01:46:44.151+0000] {processor.py:161} INFO - Started process (PID=717) to work on /home/airflow/.local/lib/python3.8/site-packages/airflow/example_dags/example_branch_operator_decorator.py
[2025-07-31T01:46:44.154+0000] {processor.py:830} INFO - Processing file /home/airflow/.local/lib/python3.8/site-packages/airflow/example_dags/example_branch_operator_decorator.py for tasks to queue
[2025-07-31T01:46:44.160+0000] {logging_mixin.py:188} INFO - [2025-07-31T01:46:44.159+0000] {dagbag.py:538} INFO - Filling up the DagBag from /home/airflow/.local/lib/python3.8/site-packages/airflow/example_dags/example_branch_operator_decorator.py
[2025-07-31T01:46:44.230+0000] {processor.py:840} INFO - DAG(s) 'example_branch_python_operator_decorator' retrieved from /home/airflow/.local/lib/python3.8/site-packages/airflow/example_dags/example_branch_operator_decorator.py
[2025-07-31T01:46:44.368+0000] {logging_mixin.py:188} INFO - [2025-07-31T01:46:44.366+0000] {dag.py:3036} INFO - Sync 1 DAGs
[2025-07-31T01:46:44.421+0000] {logging_mixin.py:188} INFO - [2025-07-31T01:46:44.420+0000] {dag.py:3823} INFO - Setting next_dagrun for example_branch_python_operator_decorator to 2025-07-30 00:00:00+00:00, run_after=2025-07-31 00:00:00+00:00
[2025-07-31T01:46:44.474+0000] {processor.py:183} INFO - Processing /home/airflow/.local/lib/python3.8/site-packages/airflow/example_dags/example_branch_operator_decorator.py took 0.334 seconds
[2025-07-31T01:47:14.906+0000] {processor.py:161} INFO - Started process (PID=773) to work on /home/airflow/.local/lib/python3.8/site-packages/airflow/example_dags/example_branch_operator_decorator.py
[2025-07-31T01:47:14.909+0000] {processor.py:830} INFO - Processing file /home/airflow/.local/lib/python3.8/site-packages/airflow/example_dags/example_branch_operator_decorator.py for tasks to queue
[2025-07-31T01:47:14.912+0000] {logging_mixin.py:188} INFO - [2025-07-31T01:47:14.911+0000] {dagbag.py:538} INFO - Filling up the DagBag from /home/airflow/.local/lib/python3.8/site-packages/airflow/example_dags/example_branch_operator_decorator.py
[2025-07-31T01:47:14.962+0000] {processor.py:840} INFO - DAG(s) 'example_branch_python_operator_decorator' retrieved from /home/airflow/.local/lib/python3.8/site-packages/airflow/example_dags/example_branch_operator_decorator.py
[2025-07-31T01:47:15.000+0000] {logging_mixin.py:188} INFO - [2025-07-31T01:47:14.999+0000] {dag.py:3036} INFO - Sync 1 DAGs
[2025-07-31T01:47:15.034+0000] {logging_mixin.py:188} INFO - [2025-07-31T01:47:15.033+0000] {dag.py:3823} INFO - Setting next_dagrun for example_branch_python_operator_decorator to 2025-07-30 00:00:00+00:00, run_after=2025-07-31 00:00:00+00:00
[2025-07-31T01:47:15.060+0000] {processor.py:183} INFO - Processing /home/airflow/.local/lib/python3.8/site-packages/airflow/example_dags/example_branch_operator_decorator.py took 0.161 seconds
[2025-07-31T01:47:45.122+0000] {processor.py:161} INFO - Started process (PID=830) to work on /home/airflow/.local/lib/python3.8/site-packages/airflow/example_dags/example_branch_operator_decorator.py
[2025-07-31T01:47:45.124+0000] {processor.py:830} INFO - Processing file /home/airflow/.local/lib/python3.8/site-packages/airflow/example_dags/example_branch_operator_decorator.py for tasks to queue
[2025-07-31T01:47:45.127+0000] {logging_mixin.py:188} INFO - [2025-07-31T01:47:45.126+0000] {dagbag.py:538} INFO - Filling up the DagBag from /home/airflow/.local/lib/python3.8/site-packages/airflow/example_dags/example_branch_operator_decorator.py
[2025-07-31T01:47:45.165+0000] {processor.py:840} INFO - DAG(s) 'example_branch_python_operator_decorator' retrieved from /home/airflow/.local/lib/python3.8/site-packages/airflow/example_dags/example_branch_operator_decorator.py
[2025-07-31T01:47:45.206+0000] {logging_mixin.py:188} INFO - [2025-07-31T01:47:45.206+0000] {dag.py:3036} INFO - Sync 1 DAGs
[2025-07-31T01:47:45.237+0000] {logging_mixin.py:188} INFO - [2025-07-31T01:47:45.236+0000] {dag.py:3823} INFO - Setting next_dagrun for example_branch_python_operator_decorator to 2025-07-30 00:00:00+00:00, run_after=2025-07-31 00:00:00+00:00
[2025-07-31T01:47:45.262+0000] {processor.py:183} INFO - Processing /home/airflow/.local/lib/python3.8/site-packages/airflow/example_dags/example_branch_operator_decorator.py took 0.145 seconds
[2025-07-31T01:48:40.863+0000] {processor.py:161} INFO - Started process (PID=104) to work on /home/airflow/.local/lib/python3.8/site-packages/airflow/example_dags/example_branch_operator_decorator.py
[2025-07-31T01:48:40.870+0000] {processor.py:830} INFO - Processing file /home/airflow/.local/lib/python3.8/site-packages/airflow/example_dags/example_branch_operator_decorator.py for tasks to queue
[2025-07-31T01:48:40.876+0000] {logging_mixin.py:188} INFO - [2025-07-31T01:48:40.875+0000] {dagbag.py:538} INFO - Filling up the DagBag from /home/airflow/.local/lib/python3.8/site-packages/airflow/example_dags/example_branch_operator_decorator.py
[2025-07-31T01:48:40.926+0000] {processor.py:840} INFO - DAG(s) 'example_branch_python_operator_decorator' retrieved from /home/airflow/.local/lib/python3.8/site-packages/airflow/example_dags/example_branch_operator_decorator.py
[2025-07-31T01:48:40.949+0000] {logging_mixin.py:188} INFO - [2025-07-31T01:48:40.949+0000] {dag.py:3036} INFO - Sync 1 DAGs
[2025-07-31T01:48:41.000+0000] {logging_mixin.py:188} INFO - [2025-07-31T01:48:40.999+0000] {dag.py:3823} INFO - Setting next_dagrun for example_branch_python_operator_decorator to 2025-07-30 00:00:00+00:00, run_after=2025-07-31 00:00:00+00:00
[2025-07-31T01:48:41.042+0000] {processor.py:183} INFO - Processing /home/airflow/.local/lib/python3.8/site-packages/airflow/example_dags/example_branch_operator_decorator.py took 0.186 seconds
[2025-07-31T01:49:16.590+0000] {processor.py:161} INFO - Started process (PID=160) to work on /home/airflow/.local/lib/python3.8/site-packages/airflow/example_dags/example_branch_operator_decorator.py
[2025-07-31T01:49:16.592+0000] {processor.py:830} INFO - Processing file /home/airflow/.local/lib/python3.8/site-packages/airflow/example_dags/example_branch_operator_decorator.py for tasks to queue
[2025-07-31T01:49:16.596+0000] {logging_mixin.py:188} INFO - [2025-07-31T01:49:16.595+0000] {dagbag.py:538} INFO - Filling up the DagBag from /home/airflow/.local/lib/python3.8/site-packages/airflow/example_dags/example_branch_operator_decorator.py
[2025-07-31T01:49:16.659+0000] {processor.py:840} INFO - DAG(s) 'example_branch_python_operator_decorator' retrieved from /home/airflow/.local/lib/python3.8/site-packages/airflow/example_dags/example_branch_operator_decorator.py
[2025-07-31T01:49:16.859+0000] {logging_mixin.py:188} INFO - [2025-07-31T01:49:16.858+0000] {dag.py:3036} INFO - Sync 1 DAGs
[2025-07-31T01:49:16.901+0000] {logging_mixin.py:188} INFO - [2025-07-31T01:49:16.901+0000] {dag.py:3823} INFO - Setting next_dagrun for example_branch_python_operator_decorator to 2025-07-30 00:00:00+00:00, run_after=2025-07-31 00:00:00+00:00
[2025-07-31T01:49:16.946+0000] {processor.py:183} INFO - Processing /home/airflow/.local/lib/python3.8/site-packages/airflow/example_dags/example_branch_operator_decorator.py took 0.364 seconds
[2025-07-31T01:49:47.845+0000] {processor.py:161} INFO - Started process (PID=216) to work on /home/airflow/.local/lib/python3.8/site-packages/airflow/example_dags/example_branch_operator_decorator.py
[2025-07-31T01:49:47.848+0000] {processor.py:830} INFO - Processing file /home/airflow/.local/lib/python3.8/site-packages/airflow/example_dags/example_branch_operator_decorator.py for tasks to queue
[2025-07-31T01:49:47.855+0000] {logging_mixin.py:188} INFO - [2025-07-31T01:49:47.854+0000] {dagbag.py:538} INFO - Filling up the DagBag from /home/airflow/.local/lib/python3.8/site-packages/airflow/example_dags/example_branch_operator_decorator.py
[2025-07-31T01:49:47.969+0000] {processor.py:840} INFO - DAG(s) 'example_branch_python_operator_decorator' retrieved from /home/airflow/.local/lib/python3.8/site-packages/airflow/example_dags/example_branch_operator_decorator.py
[2025-07-31T01:49:48.012+0000] {logging_mixin.py:188} INFO - [2025-07-31T01:49:48.012+0000] {dag.py:3036} INFO - Sync 1 DAGs
[2025-07-31T01:49:48.046+0000] {logging_mixin.py:188} INFO - [2025-07-31T01:49:48.046+0000] {dag.py:3823} INFO - Setting next_dagrun for example_branch_python_operator_decorator to 2025-07-30 00:00:00+00:00, run_after=2025-07-31 00:00:00+00:00
[2025-07-31T01:49:48.089+0000] {processor.py:183} INFO - Processing /home/airflow/.local/lib/python3.8/site-packages/airflow/example_dags/example_branch_operator_decorator.py took 0.257 seconds
[2025-07-31T01:50:18.165+0000] {processor.py:161} INFO - Started process (PID=273) to work on /home/airflow/.local/lib/python3.8/site-packages/airflow/example_dags/example_branch_operator_decorator.py
[2025-07-31T01:50:18.167+0000] {processor.py:830} INFO - Processing file /home/airflow/.local/lib/python3.8/site-packages/airflow/example_dags/example_branch_operator_decorator.py for tasks to queue
[2025-07-31T01:50:18.169+0000] {logging_mixin.py:188} INFO - [2025-07-31T01:50:18.169+0000] {dagbag.py:538} INFO - Filling up the DagBag from /home/airflow/.local/lib/python3.8/site-packages/airflow/example_dags/example_branch_operator_decorator.py
[2025-07-31T01:50:18.205+0000] {processor.py:840} INFO - DAG(s) 'example_branch_python_operator_decorator' retrieved from /home/airflow/.local/lib/python3.8/site-packages/airflow/example_dags/example_branch_operator_decorator.py
[2025-07-31T01:50:18.242+0000] {logging_mixin.py:188} INFO - [2025-07-31T01:50:18.241+0000] {dag.py:3036} INFO - Sync 1 DAGs
[2025-07-31T01:50:18.276+0000] {logging_mixin.py:188} INFO - [2025-07-31T01:50:18.275+0000] {dag.py:3823} INFO - Setting next_dagrun for example_branch_python_operator_decorator to 2025-07-30 00:00:00+00:00, run_after=2025-07-31 00:00:00+00:00
[2025-07-31T01:50:18.313+0000] {processor.py:183} INFO - Processing /home/airflow/.local/lib/python3.8/site-packages/airflow/example_dags/example_branch_operator_decorator.py took 0.154 seconds
[2025-07-31T01:50:49.138+0000] {processor.py:161} INFO - Started process (PID=329) to work on /home/airflow/.local/lib/python3.8/site-packages/airflow/example_dags/example_branch_operator_decorator.py
[2025-07-31T01:50:49.140+0000] {processor.py:830} INFO - Processing file /home/airflow/.local/lib/python3.8/site-packages/airflow/example_dags/example_branch_operator_decorator.py for tasks to queue
[2025-07-31T01:50:49.148+0000] {logging_mixin.py:188} INFO - [2025-07-31T01:50:49.144+0000] {dagbag.py:538} INFO - Filling up the DagBag from /home/airflow/.local/lib/python3.8/site-packages/airflow/example_dags/example_branch_operator_decorator.py
[2025-07-31T01:50:49.219+0000] {processor.py:840} INFO - DAG(s) 'example_branch_python_operator_decorator' retrieved from /home/airflow/.local/lib/python3.8/site-packages/airflow/example_dags/example_branch_operator_decorator.py
[2025-07-31T01:50:49.263+0000] {logging_mixin.py:188} INFO - [2025-07-31T01:50:49.263+0000] {dag.py:3036} INFO - Sync 1 DAGs
[2025-07-31T01:50:49.305+0000] {logging_mixin.py:188} INFO - [2025-07-31T01:50:49.305+0000] {dag.py:3823} INFO - Setting next_dagrun for example_branch_python_operator_decorator to 2025-07-30 00:00:00+00:00, run_after=2025-07-31 00:00:00+00:00
[2025-07-31T01:50:49.334+0000] {processor.py:183} INFO - Processing /home/airflow/.local/lib/python3.8/site-packages/airflow/example_dags/example_branch_operator_decorator.py took 0.204 seconds
[2025-07-31T01:51:20.154+0000] {processor.py:161} INFO - Started process (PID=385) to work on /home/airflow/.local/lib/python3.8/site-packages/airflow/example_dags/example_branch_operator_decorator.py
[2025-07-31T01:51:20.156+0000] {processor.py:830} INFO - Processing file /home/airflow/.local/lib/python3.8/site-packages/airflow/example_dags/example_branch_operator_decorator.py for tasks to queue
[2025-07-31T01:51:20.160+0000] {logging_mixin.py:188} INFO - [2025-07-31T01:51:20.159+0000] {dagbag.py:538} INFO - Filling up the DagBag from /home/airflow/.local/lib/python3.8/site-packages/airflow/example_dags/example_branch_operator_decorator.py
[2025-07-31T01:51:20.210+0000] {processor.py:840} INFO - DAG(s) 'example_branch_python_operator_decorator' retrieved from /home/airflow/.local/lib/python3.8/site-packages/airflow/example_dags/example_branch_operator_decorator.py
[2025-07-31T01:51:20.274+0000] {logging_mixin.py:188} INFO - [2025-07-31T01:51:20.274+0000] {dag.py:3036} INFO - Sync 1 DAGs
[2025-07-31T01:51:20.325+0000] {logging_mixin.py:188} INFO - [2025-07-31T01:51:20.324+0000] {dag.py:3823} INFO - Setting next_dagrun for example_branch_python_operator_decorator to 2025-07-30 00:00:00+00:00, run_after=2025-07-31 00:00:00+00:00
[2025-07-31T01:51:20.376+0000] {processor.py:183} INFO - Processing /home/airflow/.local/lib/python3.8/site-packages/airflow/example_dags/example_branch_operator_decorator.py took 0.230 seconds
[2025-07-31T01:51:51.348+0000] {processor.py:161} INFO - Started process (PID=440) to work on /home/airflow/.local/lib/python3.8/site-packages/airflow/example_dags/example_branch_operator_decorator.py
[2025-07-31T01:51:51.350+0000] {processor.py:830} INFO - Processing file /home/airflow/.local/lib/python3.8/site-packages/airflow/example_dags/example_branch_operator_decorator.py for tasks to queue
[2025-07-31T01:51:51.354+0000] {logging_mixin.py:188} INFO - [2025-07-31T01:51:51.353+0000] {dagbag.py:538} INFO - Filling up the DagBag from /home/airflow/.local/lib/python3.8/site-packages/airflow/example_dags/example_branch_operator_decorator.py
[2025-07-31T01:51:51.399+0000] {processor.py:840} INFO - DAG(s) 'example_branch_python_operator_decorator' retrieved from /home/airflow/.local/lib/python3.8/site-packages/airflow/example_dags/example_branch_operator_decorator.py
[2025-07-31T01:51:51.457+0000] {logging_mixin.py:188} INFO - [2025-07-31T01:51:51.457+0000] {dag.py:3036} INFO - Sync 1 DAGs
[2025-07-31T01:51:51.495+0000] {logging_mixin.py:188} INFO - [2025-07-31T01:51:51.494+0000] {dag.py:3823} INFO - Setting next_dagrun for example_branch_python_operator_decorator to 2025-07-30 00:00:00+00:00, run_after=2025-07-31 00:00:00+00:00
[2025-07-31T01:51:51.534+0000] {processor.py:183} INFO - Processing /home/airflow/.local/lib/python3.8/site-packages/airflow/example_dags/example_branch_operator_decorator.py took 0.192 seconds
[2025-07-31T01:52:21.719+0000] {processor.py:161} INFO - Started process (PID=496) to work on /home/airflow/.local/lib/python3.8/site-packages/airflow/example_dags/example_branch_operator_decorator.py
[2025-07-31T01:52:21.721+0000] {processor.py:830} INFO - Processing file /home/airflow/.local/lib/python3.8/site-packages/airflow/example_dags/example_branch_operator_decorator.py for tasks to queue
[2025-07-31T01:52:21.725+0000] {logging_mixin.py:188} INFO - [2025-07-31T01:52:21.725+0000] {dagbag.py:538} INFO - Filling up the DagBag from /home/airflow/.local/lib/python3.8/site-packages/airflow/example_dags/example_branch_operator_decorator.py
[2025-07-31T01:52:21.789+0000] {processor.py:840} INFO - DAG(s) 'example_branch_python_operator_decorator' retrieved from /home/airflow/.local/lib/python3.8/site-packages/airflow/example_dags/example_branch_operator_decorator.py
[2025-07-31T01:52:21.844+0000] {logging_mixin.py:188} INFO - [2025-07-31T01:52:21.843+0000] {dag.py:3036} INFO - Sync 1 DAGs
[2025-07-31T01:52:21.915+0000] {logging_mixin.py:188} INFO - [2025-07-31T01:52:21.915+0000] {dag.py:3823} INFO - Setting next_dagrun for example_branch_python_operator_decorator to 2025-07-30 00:00:00+00:00, run_after=2025-07-31 00:00:00+00:00
[2025-07-31T01:52:21.992+0000] {processor.py:183} INFO - Processing /home/airflow/.local/lib/python3.8/site-packages/airflow/example_dags/example_branch_operator_decorator.py took 0.284 seconds
[2025-07-31T01:52:52.762+0000] {processor.py:161} INFO - Started process (PID=552) to work on /home/airflow/.local/lib/python3.8/site-packages/airflow/example_dags/example_branch_operator_decorator.py
[2025-07-31T01:52:52.764+0000] {processor.py:830} INFO - Processing file /home/airflow/.local/lib/python3.8/site-packages/airflow/example_dags/example_branch_operator_decorator.py for tasks to queue
[2025-07-31T01:52:52.766+0000] {logging_mixin.py:188} INFO - [2025-07-31T01:52:52.766+0000] {dagbag.py:538} INFO - Filling up the DagBag from /home/airflow/.local/lib/python3.8/site-packages/airflow/example_dags/example_branch_operator_decorator.py
[2025-07-31T01:52:52.799+0000] {processor.py:840} INFO - DAG(s) 'example_branch_python_operator_decorator' retrieved from /home/airflow/.local/lib/python3.8/site-packages/airflow/example_dags/example_branch_operator_decorator.py
[2025-07-31T01:52:52.840+0000] {logging_mixin.py:188} INFO - [2025-07-31T01:52:52.840+0000] {dag.py:3036} INFO - Sync 1 DAGs
[2025-07-31T01:52:52.874+0000] {logging_mixin.py:188} INFO - [2025-07-31T01:52:52.874+0000] {dag.py:3823} INFO - Setting next_dagrun for example_branch_python_operator_decorator to 2025-07-30 00:00:00+00:00, run_after=2025-07-31 00:00:00+00:00
[2025-07-31T01:52:52.920+0000] {processor.py:183} INFO - Processing /home/airflow/.local/lib/python3.8/site-packages/airflow/example_dags/example_branch_operator_decorator.py took 0.162 seconds
[2025-07-31T01:53:24.408+0000] {processor.py:161} INFO - Started process (PID=608) to work on /home/airflow/.local/lib/python3.8/site-packages/airflow/example_dags/example_branch_operator_decorator.py
[2025-07-31T01:53:24.411+0000] {processor.py:830} INFO - Processing file /home/airflow/.local/lib/python3.8/site-packages/airflow/example_dags/example_branch_operator_decorator.py for tasks to queue
[2025-07-31T01:53:24.416+0000] {logging_mixin.py:188} INFO - [2025-07-31T01:53:24.416+0000] {dagbag.py:538} INFO - Filling up the DagBag from /home/airflow/.local/lib/python3.8/site-packages/airflow/example_dags/example_branch_operator_decorator.py
[2025-07-31T01:53:24.506+0000] {processor.py:840} INFO - DAG(s) 'example_branch_python_operator_decorator' retrieved from /home/airflow/.local/lib/python3.8/site-packages/airflow/example_dags/example_branch_operator_decorator.py
[2025-07-31T01:53:24.612+0000] {logging_mixin.py:188} INFO - [2025-07-31T01:53:24.611+0000] {dag.py:3036} INFO - Sync 1 DAGs
[2025-07-31T01:53:24.707+0000] {logging_mixin.py:188} INFO - [2025-07-31T01:53:24.707+0000] {dag.py:3823} INFO - Setting next_dagrun for example_branch_python_operator_decorator to 2025-07-30 00:00:00+00:00, run_after=2025-07-31 00:00:00+00:00
[2025-07-31T01:53:24.774+0000] {processor.py:183} INFO - Processing /home/airflow/.local/lib/python3.8/site-packages/airflow/example_dags/example_branch_operator_decorator.py took 0.391 seconds
[2025-07-31T01:53:55.317+0000] {processor.py:161} INFO - Started process (PID=666) to work on /home/airflow/.local/lib/python3.8/site-packages/airflow/example_dags/example_branch_operator_decorator.py
[2025-07-31T01:53:55.319+0000] {processor.py:830} INFO - Processing file /home/airflow/.local/lib/python3.8/site-packages/airflow/example_dags/example_branch_operator_decorator.py for tasks to queue
[2025-07-31T01:53:55.323+0000] {logging_mixin.py:188} INFO - [2025-07-31T01:53:55.322+0000] {dagbag.py:538} INFO - Filling up the DagBag from /home/airflow/.local/lib/python3.8/site-packages/airflow/example_dags/example_branch_operator_decorator.py
[2025-07-31T01:53:55.385+0000] {processor.py:840} INFO - DAG(s) 'example_branch_python_operator_decorator' retrieved from /home/airflow/.local/lib/python3.8/site-packages/airflow/example_dags/example_branch_operator_decorator.py
[2025-07-31T01:53:55.454+0000] {logging_mixin.py:188} INFO - [2025-07-31T01:53:55.453+0000] {dag.py:3036} INFO - Sync 1 DAGs
[2025-07-31T01:53:55.547+0000] {logging_mixin.py:188} INFO - [2025-07-31T01:53:55.547+0000] {dag.py:3823} INFO - Setting next_dagrun for example_branch_python_operator_decorator to 2025-07-30 00:00:00+00:00, run_after=2025-07-31 00:00:00+00:00
[2025-07-31T01:53:55.608+0000] {processor.py:183} INFO - Processing /home/airflow/.local/lib/python3.8/site-packages/airflow/example_dags/example_branch_operator_decorator.py took 0.304 seconds
[2025-07-31T01:54:25.900+0000] {processor.py:161} INFO - Started process (PID=723) to work on /home/airflow/.local/lib/python3.8/site-packages/airflow/example_dags/example_branch_operator_decorator.py
[2025-07-31T01:54:25.903+0000] {processor.py:830} INFO - Processing file /home/airflow/.local/lib/python3.8/site-packages/airflow/example_dags/example_branch_operator_decorator.py for tasks to queue
[2025-07-31T01:54:25.908+0000] {logging_mixin.py:188} INFO - [2025-07-31T01:54:25.907+0000] {dagbag.py:538} INFO - Filling up the DagBag from /home/airflow/.local/lib/python3.8/site-packages/airflow/example_dags/example_branch_operator_decorator.py
[2025-07-31T01:54:25.971+0000] {processor.py:840} INFO - DAG(s) 'example_branch_python_operator_decorator' retrieved from /home/airflow/.local/lib/python3.8/site-packages/airflow/example_dags/example_branch_operator_decorator.py
[2025-07-31T01:54:26.037+0000] {logging_mixin.py:188} INFO - [2025-07-31T01:54:26.037+0000] {dag.py:3036} INFO - Sync 1 DAGs
[2025-07-31T01:54:26.067+0000] {logging_mixin.py:188} INFO - [2025-07-31T01:54:26.067+0000] {dag.py:3823} INFO - Setting next_dagrun for example_branch_python_operator_decorator to 2025-07-30 00:00:00+00:00, run_after=2025-07-31 00:00:00+00:00
[2025-07-31T01:54:26.097+0000] {processor.py:183} INFO - Processing /home/airflow/.local/lib/python3.8/site-packages/airflow/example_dags/example_branch_operator_decorator.py took 0.206 seconds
[2025-07-31T01:54:56.674+0000] {processor.py:161} INFO - Started process (PID=780) to work on /home/airflow/.local/lib/python3.8/site-packages/airflow/example_dags/example_branch_operator_decorator.py
[2025-07-31T01:54:56.677+0000] {processor.py:830} INFO - Processing file /home/airflow/.local/lib/python3.8/site-packages/airflow/example_dags/example_branch_operator_decorator.py for tasks to queue
[2025-07-31T01:54:56.680+0000] {logging_mixin.py:188} INFO - [2025-07-31T01:54:56.680+0000] {dagbag.py:538} INFO - Filling up the DagBag from /home/airflow/.local/lib/python3.8/site-packages/airflow/example_dags/example_branch_operator_decorator.py
[2025-07-31T01:54:56.743+0000] {processor.py:840} INFO - DAG(s) 'example_branch_python_operator_decorator' retrieved from /home/airflow/.local/lib/python3.8/site-packages/airflow/example_dags/example_branch_operator_decorator.py
[2025-07-31T01:54:56.809+0000] {logging_mixin.py:188} INFO - [2025-07-31T01:54:56.808+0000] {dag.py:3036} INFO - Sync 1 DAGs
[2025-07-31T01:54:56.908+0000] {logging_mixin.py:188} INFO - [2025-07-31T01:54:56.907+0000] {dag.py:3823} INFO - Setting next_dagrun for example_branch_python_operator_decorator to 2025-07-30 00:00:00+00:00, run_after=2025-07-31 00:00:00+00:00
[2025-07-31T01:54:57.006+0000] {processor.py:183} INFO - Processing /home/airflow/.local/lib/python3.8/site-packages/airflow/example_dags/example_branch_operator_decorator.py took 0.344 seconds
[2025-07-31T01:55:27.345+0000] {processor.py:161} INFO - Started process (PID=837) to work on /home/airflow/.local/lib/python3.8/site-packages/airflow/example_dags/example_branch_operator_decorator.py
[2025-07-31T01:55:27.347+0000] {processor.py:830} INFO - Processing file /home/airflow/.local/lib/python3.8/site-packages/airflow/example_dags/example_branch_operator_decorator.py for tasks to queue
[2025-07-31T01:55:27.350+0000] {logging_mixin.py:188} INFO - [2025-07-31T01:55:27.350+0000] {dagbag.py:538} INFO - Filling up the DagBag from /home/airflow/.local/lib/python3.8/site-packages/airflow/example_dags/example_branch_operator_decorator.py
[2025-07-31T01:55:27.397+0000] {processor.py:840} INFO - DAG(s) 'example_branch_python_operator_decorator' retrieved from /home/airflow/.local/lib/python3.8/site-packages/airflow/example_dags/example_branch_operator_decorator.py
[2025-07-31T01:55:27.462+0000] {logging_mixin.py:188} INFO - [2025-07-31T01:55:27.461+0000] {dag.py:3036} INFO - Sync 1 DAGs
[2025-07-31T01:55:27.518+0000] {logging_mixin.py:188} INFO - [2025-07-31T01:55:27.517+0000] {dag.py:3823} INFO - Setting next_dagrun for example_branch_python_operator_decorator to 2025-07-30 00:00:00+00:00, run_after=2025-07-31 00:00:00+00:00
[2025-07-31T01:55:27.549+0000] {processor.py:183} INFO - Processing /home/airflow/.local/lib/python3.8/site-packages/airflow/example_dags/example_branch_operator_decorator.py took 0.210 seconds
[2025-07-31T01:55:58.338+0000] {processor.py:161} INFO - Started process (PID=894) to work on /home/airflow/.local/lib/python3.8/site-packages/airflow/example_dags/example_branch_operator_decorator.py
[2025-07-31T01:55:58.340+0000] {processor.py:830} INFO - Processing file /home/airflow/.local/lib/python3.8/site-packages/airflow/example_dags/example_branch_operator_decorator.py for tasks to queue
[2025-07-31T01:55:58.344+0000] {logging_mixin.py:188} INFO - [2025-07-31T01:55:58.344+0000] {dagbag.py:538} INFO - Filling up the DagBag from /home/airflow/.local/lib/python3.8/site-packages/airflow/example_dags/example_branch_operator_decorator.py
[2025-07-31T01:55:58.387+0000] {processor.py:840} INFO - DAG(s) 'example_branch_python_operator_decorator' retrieved from /home/airflow/.local/lib/python3.8/site-packages/airflow/example_dags/example_branch_operator_decorator.py
[2025-07-31T01:55:58.447+0000] {logging_mixin.py:188} INFO - [2025-07-31T01:55:58.447+0000] {dag.py:3036} INFO - Sync 1 DAGs
[2025-07-31T01:55:58.492+0000] {logging_mixin.py:188} INFO - [2025-07-31T01:55:58.492+0000] {dag.py:3823} INFO - Setting next_dagrun for example_branch_python_operator_decorator to 2025-07-30 00:00:00+00:00, run_after=2025-07-31 00:00:00+00:00
[2025-07-31T01:55:58.543+0000] {processor.py:183} INFO - Processing /home/airflow/.local/lib/python3.8/site-packages/airflow/example_dags/example_branch_operator_decorator.py took 0.210 seconds
[2025-07-31T01:56:29.357+0000] {processor.py:161} INFO - Started process (PID=951) to work on /home/airflow/.local/lib/python3.8/site-packages/airflow/example_dags/example_branch_operator_decorator.py
[2025-07-31T01:56:29.359+0000] {processor.py:830} INFO - Processing file /home/airflow/.local/lib/python3.8/site-packages/airflow/example_dags/example_branch_operator_decorator.py for tasks to queue
[2025-07-31T01:56:29.366+0000] {logging_mixin.py:188} INFO - [2025-07-31T01:56:29.363+0000] {dagbag.py:538} INFO - Filling up the DagBag from /home/airflow/.local/lib/python3.8/site-packages/airflow/example_dags/example_branch_operator_decorator.py
[2025-07-31T01:56:29.426+0000] {processor.py:840} INFO - DAG(s) 'example_branch_python_operator_decorator' retrieved from /home/airflow/.local/lib/python3.8/site-packages/airflow/example_dags/example_branch_operator_decorator.py
[2025-07-31T01:56:29.511+0000] {logging_mixin.py:188} INFO - [2025-07-31T01:56:29.511+0000] {dag.py:3036} INFO - Sync 1 DAGs
[2025-07-31T01:56:29.573+0000] {logging_mixin.py:188} INFO - [2025-07-31T01:56:29.572+0000] {dag.py:3823} INFO - Setting next_dagrun for example_branch_python_operator_decorator to 2025-07-30 00:00:00+00:00, run_after=2025-07-31 00:00:00+00:00
[2025-07-31T01:56:29.604+0000] {processor.py:183} INFO - Processing /home/airflow/.local/lib/python3.8/site-packages/airflow/example_dags/example_branch_operator_decorator.py took 0.257 seconds
