[2025-07-31T01:41:00.016+0000] {processor.py:161} INFO - Started process (PID=100) to work on /home/airflow/.local/lib/python3.8/site-packages/airflow/example_dags/example_python_operator.py
[2025-07-31T01:41:00.020+0000] {processor.py:830} INFO - Processing file /home/airflow/.local/lib/python3.8/site-packages/airflow/example_dags/example_python_operator.py for tasks to queue
[2025-07-31T01:41:00.038+0000] {logging_mixin.py:188} INFO - [2025-07-31T01:41:00.037+0000] {dagbag.py:538} INFO - Filling up the DagBag from /home/airflow/.local/lib/python3.8/site-packages/airflow/example_dags/example_python_operator.py
[2025-07-31T01:41:00.099+0000] {processor.py:840} INFO - DAG(s) 'example_python_operator' retrieved from /home/airflow/.local/lib/python3.8/site-packages/airflow/example_dags/example_python_operator.py
[2025-07-31T01:41:00.580+0000] {logging_mixin.py:188} INFO - [2025-07-31T01:41:00.580+0000] {dag.py:3036} INFO - Sync 1 DAGs
[2025-07-31T01:41:00.605+0000] {logging_mixin.py:188} INFO - [2025-07-31T01:41:00.604+0000] {dag.py:3823} INFO - Setting next_dagrun for example_python_operator to None, run_after=None
[2025-07-31T01:41:00.686+0000] {processor.py:183} INFO - Processing /home/airflow/.local/lib/python3.8/site-packages/airflow/example_dags/example_python_operator.py took 0.689 seconds
[2025-07-31T01:41:30.897+0000] {processor.py:161} INFO - Started process (PID=155) to work on /home/airflow/.local/lib/python3.8/site-packages/airflow/example_dags/example_python_operator.py
[2025-07-31T01:41:30.899+0000] {processor.py:830} INFO - Processing file /home/airflow/.local/lib/python3.8/site-packages/airflow/example_dags/example_python_operator.py for tasks to queue
[2025-07-31T01:41:30.903+0000] {logging_mixin.py:188} INFO - [2025-07-31T01:41:30.902+0000] {dagbag.py:538} INFO - Filling up the DagBag from /home/airflow/.local/lib/python3.8/site-packages/airflow/example_dags/example_python_operator.py
[2025-07-31T01:41:30.925+0000] {processor.py:840} INFO - DAG(s) 'example_python_operator' retrieved from /home/airflow/.local/lib/python3.8/site-packages/airflow/example_dags/example_python_operator.py
[2025-07-31T01:41:30.965+0000] {logging_mixin.py:188} INFO - [2025-07-31T01:41:30.964+0000] {dag.py:3036} INFO - Sync 1 DAGs
[2025-07-31T01:41:30.985+0000] {logging_mixin.py:188} INFO - [2025-07-31T01:41:30.984+0000] {dag.py:3823} INFO - Setting next_dagrun for example_python_operator to None, run_after=None
[2025-07-31T01:41:31.018+0000] {processor.py:183} INFO - Processing /home/airflow/.local/lib/python3.8/site-packages/airflow/example_dags/example_python_operator.py took 0.127 seconds
[2025-07-31T01:42:01.270+0000] {processor.py:161} INFO - Started process (PID=210) to work on /home/airflow/.local/lib/python3.8/site-packages/airflow/example_dags/example_python_operator.py
[2025-07-31T01:42:01.273+0000] {processor.py:830} INFO - Processing file /home/airflow/.local/lib/python3.8/site-packages/airflow/example_dags/example_python_operator.py for tasks to queue
[2025-07-31T01:42:01.280+0000] {logging_mixin.py:188} INFO - [2025-07-31T01:42:01.280+0000] {dagbag.py:538} INFO - Filling up the DagBag from /home/airflow/.local/lib/python3.8/site-packages/airflow/example_dags/example_python_operator.py
[2025-07-31T01:42:01.304+0000] {processor.py:840} INFO - DAG(s) 'example_python_operator' retrieved from /home/airflow/.local/lib/python3.8/site-packages/airflow/example_dags/example_python_operator.py
[2025-07-31T01:42:01.366+0000] {logging_mixin.py:188} INFO - [2025-07-31T01:42:01.366+0000] {dag.py:3036} INFO - Sync 1 DAGs
[2025-07-31T01:42:01.391+0000] {logging_mixin.py:188} INFO - [2025-07-31T01:42:01.391+0000] {dag.py:3823} INFO - Setting next_dagrun for example_python_operator to None, run_after=None
[2025-07-31T01:42:01.438+0000] {processor.py:183} INFO - Processing /home/airflow/.local/lib/python3.8/site-packages/airflow/example_dags/example_python_operator.py took 0.174 seconds
[2025-07-31T01:42:31.535+0000] {processor.py:161} INFO - Started process (PID=266) to work on /home/airflow/.local/lib/python3.8/site-packages/airflow/example_dags/example_python_operator.py
[2025-07-31T01:42:31.537+0000] {processor.py:830} INFO - Processing file /home/airflow/.local/lib/python3.8/site-packages/airflow/example_dags/example_python_operator.py for tasks to queue
[2025-07-31T01:42:31.540+0000] {logging_mixin.py:188} INFO - [2025-07-31T01:42:31.539+0000] {dagbag.py:538} INFO - Filling up the DagBag from /home/airflow/.local/lib/python3.8/site-packages/airflow/example_dags/example_python_operator.py
[2025-07-31T01:42:31.554+0000] {processor.py:840} INFO - DAG(s) 'example_python_operator' retrieved from /home/airflow/.local/lib/python3.8/site-packages/airflow/example_dags/example_python_operator.py
[2025-07-31T01:42:31.581+0000] {logging_mixin.py:188} INFO - [2025-07-31T01:42:31.581+0000] {dag.py:3036} INFO - Sync 1 DAGs
[2025-07-31T01:42:31.595+0000] {logging_mixin.py:188} INFO - [2025-07-31T01:42:31.595+0000] {dag.py:3823} INFO - Setting next_dagrun for example_python_operator to None, run_after=None
[2025-07-31T01:42:31.622+0000] {processor.py:183} INFO - Processing /home/airflow/.local/lib/python3.8/site-packages/airflow/example_dags/example_python_operator.py took 0.092 seconds
[2025-07-31T01:43:02.121+0000] {processor.py:161} INFO - Started process (PID=321) to work on /home/airflow/.local/lib/python3.8/site-packages/airflow/example_dags/example_python_operator.py
[2025-07-31T01:43:02.124+0000] {processor.py:830} INFO - Processing file /home/airflow/.local/lib/python3.8/site-packages/airflow/example_dags/example_python_operator.py for tasks to queue
[2025-07-31T01:43:02.127+0000] {logging_mixin.py:188} INFO - [2025-07-31T01:43:02.127+0000] {dagbag.py:538} INFO - Filling up the DagBag from /home/airflow/.local/lib/python3.8/site-packages/airflow/example_dags/example_python_operator.py
[2025-07-31T01:43:02.154+0000] {processor.py:840} INFO - DAG(s) 'example_python_operator' retrieved from /home/airflow/.local/lib/python3.8/site-packages/airflow/example_dags/example_python_operator.py
[2025-07-31T01:43:02.194+0000] {logging_mixin.py:188} INFO - [2025-07-31T01:43:02.194+0000] {dag.py:3036} INFO - Sync 1 DAGs
[2025-07-31T01:43:02.215+0000] {logging_mixin.py:188} INFO - [2025-07-31T01:43:02.215+0000] {dag.py:3823} INFO - Setting next_dagrun for example_python_operator to None, run_after=None
[2025-07-31T01:43:02.258+0000] {processor.py:183} INFO - Processing /home/airflow/.local/lib/python3.8/site-packages/airflow/example_dags/example_python_operator.py took 0.141 seconds
[2025-07-31T01:43:33.575+0000] {processor.py:161} INFO - Started process (PID=376) to work on /home/airflow/.local/lib/python3.8/site-packages/airflow/example_dags/example_python_operator.py
[2025-07-31T01:43:33.578+0000] {processor.py:830} INFO - Processing file /home/airflow/.local/lib/python3.8/site-packages/airflow/example_dags/example_python_operator.py for tasks to queue
[2025-07-31T01:43:33.582+0000] {logging_mixin.py:188} INFO - [2025-07-31T01:43:33.582+0000] {dagbag.py:538} INFO - Filling up the DagBag from /home/airflow/.local/lib/python3.8/site-packages/airflow/example_dags/example_python_operator.py
[2025-07-31T01:43:33.610+0000] {processor.py:840} INFO - DAG(s) 'example_python_operator' retrieved from /home/airflow/.local/lib/python3.8/site-packages/airflow/example_dags/example_python_operator.py
[2025-07-31T01:43:33.648+0000] {logging_mixin.py:188} INFO - [2025-07-31T01:43:33.648+0000] {dag.py:3036} INFO - Sync 1 DAGs
[2025-07-31T01:43:33.695+0000] {logging_mixin.py:188} INFO - [2025-07-31T01:43:33.695+0000] {dag.py:3823} INFO - Setting next_dagrun for example_python_operator to None, run_after=None
[2025-07-31T01:43:33.746+0000] {processor.py:183} INFO - Processing /home/airflow/.local/lib/python3.8/site-packages/airflow/example_dags/example_python_operator.py took 0.179 seconds
[2025-07-31T01:44:07.217+0000] {processor.py:161} INFO - Started process (PID=437) to work on /home/airflow/.local/lib/python3.8/site-packages/airflow/example_dags/example_python_operator.py
[2025-07-31T01:44:07.227+0000] {processor.py:830} INFO - Processing file /home/airflow/.local/lib/python3.8/site-packages/airflow/example_dags/example_python_operator.py for tasks to queue
[2025-07-31T01:44:07.245+0000] {logging_mixin.py:188} INFO - [2025-07-31T01:44:07.244+0000] {dagbag.py:538} INFO - Filling up the DagBag from /home/airflow/.local/lib/python3.8/site-packages/airflow/example_dags/example_python_operator.py
[2025-07-31T01:44:07.342+0000] {processor.py:840} INFO - DAG(s) 'example_python_operator' retrieved from /home/airflow/.local/lib/python3.8/site-packages/airflow/example_dags/example_python_operator.py
[2025-07-31T01:44:07.494+0000] {logging_mixin.py:188} INFO - [2025-07-31T01:44:07.494+0000] {dag.py:3036} INFO - Sync 1 DAGs
[2025-07-31T01:44:07.614+0000] {logging_mixin.py:188} INFO - [2025-07-31T01:44:07.613+0000] {dag.py:3823} INFO - Setting next_dagrun for example_python_operator to None, run_after=None
[2025-07-31T01:44:07.834+0000] {processor.py:183} INFO - Processing /home/airflow/.local/lib/python3.8/site-packages/airflow/example_dags/example_python_operator.py took 0.633 seconds
[2025-07-31T01:44:40.169+0000] {processor.py:161} INFO - Started process (PID=492) to work on /home/airflow/.local/lib/python3.8/site-packages/airflow/example_dags/example_python_operator.py
[2025-07-31T01:44:40.174+0000] {processor.py:830} INFO - Processing file /home/airflow/.local/lib/python3.8/site-packages/airflow/example_dags/example_python_operator.py for tasks to queue
[2025-07-31T01:44:40.181+0000] {logging_mixin.py:188} INFO - [2025-07-31T01:44:40.180+0000] {dagbag.py:538} INFO - Filling up the DagBag from /home/airflow/.local/lib/python3.8/site-packages/airflow/example_dags/example_python_operator.py
[2025-07-31T01:44:40.221+0000] {processor.py:840} INFO - DAG(s) 'example_python_operator' retrieved from /home/airflow/.local/lib/python3.8/site-packages/airflow/example_dags/example_python_operator.py
[2025-07-31T01:44:40.294+0000] {logging_mixin.py:188} INFO - [2025-07-31T01:44:40.294+0000] {dag.py:3036} INFO - Sync 1 DAGs
[2025-07-31T01:44:40.356+0000] {logging_mixin.py:188} INFO - [2025-07-31T01:44:40.356+0000] {dag.py:3823} INFO - Setting next_dagrun for example_python_operator to None, run_after=None
[2025-07-31T01:44:40.505+0000] {processor.py:183} INFO - Processing /home/airflow/.local/lib/python3.8/site-packages/airflow/example_dags/example_python_operator.py took 0.346 seconds
[2025-07-31T01:45:11.573+0000] {processor.py:161} INFO - Started process (PID=547) to work on /home/airflow/.local/lib/python3.8/site-packages/airflow/example_dags/example_python_operator.py
[2025-07-31T01:45:11.575+0000] {processor.py:830} INFO - Processing file /home/airflow/.local/lib/python3.8/site-packages/airflow/example_dags/example_python_operator.py for tasks to queue
[2025-07-31T01:45:11.577+0000] {logging_mixin.py:188} INFO - [2025-07-31T01:45:11.577+0000] {dagbag.py:538} INFO - Filling up the DagBag from /home/airflow/.local/lib/python3.8/site-packages/airflow/example_dags/example_python_operator.py
[2025-07-31T01:45:11.596+0000] {processor.py:840} INFO - DAG(s) 'example_python_operator' retrieved from /home/airflow/.local/lib/python3.8/site-packages/airflow/example_dags/example_python_operator.py
[2025-07-31T01:45:11.626+0000] {logging_mixin.py:188} INFO - [2025-07-31T01:45:11.626+0000] {dag.py:3036} INFO - Sync 1 DAGs
[2025-07-31T01:45:11.645+0000] {logging_mixin.py:188} INFO - [2025-07-31T01:45:11.645+0000] {dag.py:3823} INFO - Setting next_dagrun for example_python_operator to None, run_after=None
[2025-07-31T01:45:11.680+0000] {processor.py:183} INFO - Processing /home/airflow/.local/lib/python3.8/site-packages/airflow/example_dags/example_python_operator.py took 0.112 seconds
[2025-07-31T01:45:42.090+0000] {processor.py:161} INFO - Started process (PID=601) to work on /home/airflow/.local/lib/python3.8/site-packages/airflow/example_dags/example_python_operator.py
[2025-07-31T01:45:42.092+0000] {processor.py:830} INFO - Processing file /home/airflow/.local/lib/python3.8/site-packages/airflow/example_dags/example_python_operator.py for tasks to queue
[2025-07-31T01:45:42.094+0000] {logging_mixin.py:188} INFO - [2025-07-31T01:45:42.094+0000] {dagbag.py:538} INFO - Filling up the DagBag from /home/airflow/.local/lib/python3.8/site-packages/airflow/example_dags/example_python_operator.py
[2025-07-31T01:45:42.113+0000] {processor.py:840} INFO - DAG(s) 'example_python_operator' retrieved from /home/airflow/.local/lib/python3.8/site-packages/airflow/example_dags/example_python_operator.py
[2025-07-31T01:45:42.145+0000] {logging_mixin.py:188} INFO - [2025-07-31T01:45:42.145+0000] {dag.py:3036} INFO - Sync 1 DAGs
[2025-07-31T01:45:42.163+0000] {logging_mixin.py:188} INFO - [2025-07-31T01:45:42.162+0000] {dag.py:3823} INFO - Setting next_dagrun for example_python_operator to None, run_after=None
[2025-07-31T01:45:42.261+0000] {processor.py:183} INFO - Processing /home/airflow/.local/lib/python3.8/site-packages/airflow/example_dags/example_python_operator.py took 0.176 seconds
[2025-07-31T01:46:12.466+0000] {processor.py:161} INFO - Started process (PID=657) to work on /home/airflow/.local/lib/python3.8/site-packages/airflow/example_dags/example_python_operator.py
[2025-07-31T01:46:12.469+0000] {processor.py:830} INFO - Processing file /home/airflow/.local/lib/python3.8/site-packages/airflow/example_dags/example_python_operator.py for tasks to queue
[2025-07-31T01:46:12.472+0000] {logging_mixin.py:188} INFO - [2025-07-31T01:46:12.472+0000] {dagbag.py:538} INFO - Filling up the DagBag from /home/airflow/.local/lib/python3.8/site-packages/airflow/example_dags/example_python_operator.py
[2025-07-31T01:46:12.486+0000] {processor.py:840} INFO - DAG(s) 'example_python_operator' retrieved from /home/airflow/.local/lib/python3.8/site-packages/airflow/example_dags/example_python_operator.py
[2025-07-31T01:46:12.517+0000] {logging_mixin.py:188} INFO - [2025-07-31T01:46:12.516+0000] {dag.py:3036} INFO - Sync 1 DAGs
[2025-07-31T01:46:12.536+0000] {logging_mixin.py:188} INFO - [2025-07-31T01:46:12.535+0000] {dag.py:3823} INFO - Setting next_dagrun for example_python_operator to None, run_after=None
[2025-07-31T01:46:12.564+0000] {processor.py:183} INFO - Processing /home/airflow/.local/lib/python3.8/site-packages/airflow/example_dags/example_python_operator.py took 0.104 seconds
[2025-07-31T01:46:42.631+0000] {processor.py:161} INFO - Started process (PID=713) to work on /home/airflow/.local/lib/python3.8/site-packages/airflow/example_dags/example_python_operator.py
[2025-07-31T01:46:42.633+0000] {processor.py:830} INFO - Processing file /home/airflow/.local/lib/python3.8/site-packages/airflow/example_dags/example_python_operator.py for tasks to queue
[2025-07-31T01:46:42.635+0000] {logging_mixin.py:188} INFO - [2025-07-31T01:46:42.635+0000] {dagbag.py:538} INFO - Filling up the DagBag from /home/airflow/.local/lib/python3.8/site-packages/airflow/example_dags/example_python_operator.py
[2025-07-31T01:46:42.650+0000] {processor.py:840} INFO - DAG(s) 'example_python_operator' retrieved from /home/airflow/.local/lib/python3.8/site-packages/airflow/example_dags/example_python_operator.py
[2025-07-31T01:46:42.694+0000] {logging_mixin.py:188} INFO - [2025-07-31T01:46:42.694+0000] {dag.py:3036} INFO - Sync 1 DAGs
[2025-07-31T01:46:42.716+0000] {logging_mixin.py:188} INFO - [2025-07-31T01:46:42.716+0000] {dag.py:3823} INFO - Setting next_dagrun for example_python_operator to None, run_after=None
[2025-07-31T01:46:42.744+0000] {processor.py:183} INFO - Processing /home/airflow/.local/lib/python3.8/site-packages/airflow/example_dags/example_python_operator.py took 0.120 seconds
[2025-07-31T01:47:13.448+0000] {processor.py:161} INFO - Started process (PID=769) to work on /home/airflow/.local/lib/python3.8/site-packages/airflow/example_dags/example_python_operator.py
[2025-07-31T01:47:13.450+0000] {processor.py:830} INFO - Processing file /home/airflow/.local/lib/python3.8/site-packages/airflow/example_dags/example_python_operator.py for tasks to queue
[2025-07-31T01:47:13.455+0000] {logging_mixin.py:188} INFO - [2025-07-31T01:47:13.454+0000] {dagbag.py:538} INFO - Filling up the DagBag from /home/airflow/.local/lib/python3.8/site-packages/airflow/example_dags/example_python_operator.py
[2025-07-31T01:47:13.484+0000] {processor.py:840} INFO - DAG(s) 'example_python_operator' retrieved from /home/airflow/.local/lib/python3.8/site-packages/airflow/example_dags/example_python_operator.py
[2025-07-31T01:47:13.557+0000] {logging_mixin.py:188} INFO - [2025-07-31T01:47:13.556+0000] {dag.py:3036} INFO - Sync 1 DAGs
[2025-07-31T01:47:13.581+0000] {logging_mixin.py:188} INFO - [2025-07-31T01:47:13.581+0000] {dag.py:3823} INFO - Setting next_dagrun for example_python_operator to None, run_after=None
[2025-07-31T01:47:13.624+0000] {processor.py:183} INFO - Processing /home/airflow/.local/lib/python3.8/site-packages/airflow/example_dags/example_python_operator.py took 0.187 seconds
[2025-07-31T01:47:43.813+0000] {processor.py:161} INFO - Started process (PID=826) to work on /home/airflow/.local/lib/python3.8/site-packages/airflow/example_dags/example_python_operator.py
[2025-07-31T01:47:43.815+0000] {processor.py:830} INFO - Processing file /home/airflow/.local/lib/python3.8/site-packages/airflow/example_dags/example_python_operator.py for tasks to queue
[2025-07-31T01:47:43.818+0000] {logging_mixin.py:188} INFO - [2025-07-31T01:47:43.818+0000] {dagbag.py:538} INFO - Filling up the DagBag from /home/airflow/.local/lib/python3.8/site-packages/airflow/example_dags/example_python_operator.py
[2025-07-31T01:47:43.834+0000] {processor.py:840} INFO - DAG(s) 'example_python_operator' retrieved from /home/airflow/.local/lib/python3.8/site-packages/airflow/example_dags/example_python_operator.py
[2025-07-31T01:47:43.867+0000] {logging_mixin.py:188} INFO - [2025-07-31T01:47:43.866+0000] {dag.py:3036} INFO - Sync 1 DAGs
[2025-07-31T01:47:43.885+0000] {logging_mixin.py:188} INFO - [2025-07-31T01:47:43.885+0000] {dag.py:3823} INFO - Setting next_dagrun for example_python_operator to None, run_after=None
[2025-07-31T01:47:43.916+0000] {processor.py:183} INFO - Processing /home/airflow/.local/lib/python3.8/site-packages/airflow/example_dags/example_python_operator.py took 0.109 seconds
[2025-07-31T01:48:40.178+0000] {processor.py:161} INFO - Started process (PID=100) to work on /home/airflow/.local/lib/python3.8/site-packages/airflow/example_dags/example_python_operator.py
[2025-07-31T01:48:40.180+0000] {processor.py:830} INFO - Processing file /home/airflow/.local/lib/python3.8/site-packages/airflow/example_dags/example_python_operator.py for tasks to queue
[2025-07-31T01:48:40.183+0000] {logging_mixin.py:188} INFO - [2025-07-31T01:48:40.183+0000] {dagbag.py:538} INFO - Filling up the DagBag from /home/airflow/.local/lib/python3.8/site-packages/airflow/example_dags/example_python_operator.py
[2025-07-31T01:48:40.220+0000] {processor.py:840} INFO - DAG(s) 'example_python_operator' retrieved from /home/airflow/.local/lib/python3.8/site-packages/airflow/example_dags/example_python_operator.py
[2025-07-31T01:48:40.246+0000] {logging_mixin.py:188} INFO - [2025-07-31T01:48:40.246+0000] {dag.py:3036} INFO - Sync 1 DAGs
[2025-07-31T01:48:40.277+0000] {logging_mixin.py:188} INFO - [2025-07-31T01:48:40.277+0000] {dag.py:3823} INFO - Setting next_dagrun for example_python_operator to None, run_after=None
[2025-07-31T01:48:40.322+0000] {processor.py:183} INFO - Processing /home/airflow/.local/lib/python3.8/site-packages/airflow/example_dags/example_python_operator.py took 0.151 seconds
[2025-07-31T01:49:15.822+0000] {processor.py:161} INFO - Started process (PID=156) to work on /home/airflow/.local/lib/python3.8/site-packages/airflow/example_dags/example_python_operator.py
[2025-07-31T01:49:15.824+0000] {processor.py:830} INFO - Processing file /home/airflow/.local/lib/python3.8/site-packages/airflow/example_dags/example_python_operator.py for tasks to queue
[2025-07-31T01:49:15.828+0000] {logging_mixin.py:188} INFO - [2025-07-31T01:49:15.827+0000] {dagbag.py:538} INFO - Filling up the DagBag from /home/airflow/.local/lib/python3.8/site-packages/airflow/example_dags/example_python_operator.py
[2025-07-31T01:49:15.847+0000] {processor.py:840} INFO - DAG(s) 'example_python_operator' retrieved from /home/airflow/.local/lib/python3.8/site-packages/airflow/example_dags/example_python_operator.py
[2025-07-31T01:49:16.063+0000] {logging_mixin.py:188} INFO - [2025-07-31T01:49:16.063+0000] {dag.py:3036} INFO - Sync 1 DAGs
[2025-07-31T01:49:16.081+0000] {logging_mixin.py:188} INFO - [2025-07-31T01:49:16.080+0000] {dag.py:3823} INFO - Setting next_dagrun for example_python_operator to None, run_after=None
[2025-07-31T01:49:16.137+0000] {processor.py:183} INFO - Processing /home/airflow/.local/lib/python3.8/site-packages/airflow/example_dags/example_python_operator.py took 0.322 seconds
[2025-07-31T01:49:46.324+0000] {processor.py:161} INFO - Started process (PID=212) to work on /home/airflow/.local/lib/python3.8/site-packages/airflow/example_dags/example_python_operator.py
[2025-07-31T01:49:46.329+0000] {processor.py:830} INFO - Processing file /home/airflow/.local/lib/python3.8/site-packages/airflow/example_dags/example_python_operator.py for tasks to queue
[2025-07-31T01:49:46.338+0000] {logging_mixin.py:188} INFO - [2025-07-31T01:49:46.336+0000] {dagbag.py:538} INFO - Filling up the DagBag from /home/airflow/.local/lib/python3.8/site-packages/airflow/example_dags/example_python_operator.py
[2025-07-31T01:49:46.368+0000] {processor.py:840} INFO - DAG(s) 'example_python_operator' retrieved from /home/airflow/.local/lib/python3.8/site-packages/airflow/example_dags/example_python_operator.py
[2025-07-31T01:49:46.408+0000] {logging_mixin.py:188} INFO - [2025-07-31T01:49:46.408+0000] {dag.py:3036} INFO - Sync 1 DAGs
[2025-07-31T01:49:46.434+0000] {logging_mixin.py:188} INFO - [2025-07-31T01:49:46.433+0000] {dag.py:3823} INFO - Setting next_dagrun for example_python_operator to None, run_after=None
[2025-07-31T01:49:46.467+0000] {processor.py:183} INFO - Processing /home/airflow/.local/lib/python3.8/site-packages/airflow/example_dags/example_python_operator.py took 0.151 seconds
[2025-07-31T01:50:17.388+0000] {processor.py:161} INFO - Started process (PID=269) to work on /home/airflow/.local/lib/python3.8/site-packages/airflow/example_dags/example_python_operator.py
[2025-07-31T01:50:17.389+0000] {processor.py:830} INFO - Processing file /home/airflow/.local/lib/python3.8/site-packages/airflow/example_dags/example_python_operator.py for tasks to queue
[2025-07-31T01:50:17.392+0000] {logging_mixin.py:188} INFO - [2025-07-31T01:50:17.392+0000] {dagbag.py:538} INFO - Filling up the DagBag from /home/airflow/.local/lib/python3.8/site-packages/airflow/example_dags/example_python_operator.py
[2025-07-31T01:50:17.413+0000] {processor.py:840} INFO - DAG(s) 'example_python_operator' retrieved from /home/airflow/.local/lib/python3.8/site-packages/airflow/example_dags/example_python_operator.py
[2025-07-31T01:50:17.447+0000] {logging_mixin.py:188} INFO - [2025-07-31T01:50:17.447+0000] {dag.py:3036} INFO - Sync 1 DAGs
[2025-07-31T01:50:17.467+0000] {logging_mixin.py:188} INFO - [2025-07-31T01:50:17.467+0000] {dag.py:3823} INFO - Setting next_dagrun for example_python_operator to None, run_after=None
[2025-07-31T01:50:17.497+0000] {processor.py:183} INFO - Processing /home/airflow/.local/lib/python3.8/site-packages/airflow/example_dags/example_python_operator.py took 0.114 seconds
[2025-07-31T01:50:48.803+0000] {processor.py:161} INFO - Started process (PID=325) to work on /home/airflow/.local/lib/python3.8/site-packages/airflow/example_dags/example_python_operator.py
[2025-07-31T01:50:48.805+0000] {processor.py:830} INFO - Processing file /home/airflow/.local/lib/python3.8/site-packages/airflow/example_dags/example_python_operator.py for tasks to queue
[2025-07-31T01:50:48.809+0000] {logging_mixin.py:188} INFO - [2025-07-31T01:50:48.808+0000] {dagbag.py:538} INFO - Filling up the DagBag from /home/airflow/.local/lib/python3.8/site-packages/airflow/example_dags/example_python_operator.py
[2025-07-31T01:50:48.825+0000] {processor.py:840} INFO - DAG(s) 'example_python_operator' retrieved from /home/airflow/.local/lib/python3.8/site-packages/airflow/example_dags/example_python_operator.py
[2025-07-31T01:50:48.858+0000] {logging_mixin.py:188} INFO - [2025-07-31T01:50:48.858+0000] {dag.py:3036} INFO - Sync 1 DAGs
[2025-07-31T01:50:48.877+0000] {logging_mixin.py:188} INFO - [2025-07-31T01:50:48.877+0000] {dag.py:3823} INFO - Setting next_dagrun for example_python_operator to None, run_after=None
[2025-07-31T01:50:48.914+0000] {processor.py:183} INFO - Processing /home/airflow/.local/lib/python3.8/site-packages/airflow/example_dags/example_python_operator.py took 0.122 seconds
[2025-07-31T01:51:19.562+0000] {processor.py:161} INFO - Started process (PID=381) to work on /home/airflow/.local/lib/python3.8/site-packages/airflow/example_dags/example_python_operator.py
[2025-07-31T01:51:19.564+0000] {processor.py:830} INFO - Processing file /home/airflow/.local/lib/python3.8/site-packages/airflow/example_dags/example_python_operator.py for tasks to queue
[2025-07-31T01:51:19.569+0000] {logging_mixin.py:188} INFO - [2025-07-31T01:51:19.568+0000] {dagbag.py:538} INFO - Filling up the DagBag from /home/airflow/.local/lib/python3.8/site-packages/airflow/example_dags/example_python_operator.py
[2025-07-31T01:51:19.593+0000] {processor.py:840} INFO - DAG(s) 'example_python_operator' retrieved from /home/airflow/.local/lib/python3.8/site-packages/airflow/example_dags/example_python_operator.py
[2025-07-31T01:51:19.637+0000] {logging_mixin.py:188} INFO - [2025-07-31T01:51:19.637+0000] {dag.py:3036} INFO - Sync 1 DAGs
[2025-07-31T01:51:19.662+0000] {logging_mixin.py:188} INFO - [2025-07-31T01:51:19.661+0000] {dag.py:3823} INFO - Setting next_dagrun for example_python_operator to None, run_after=None
[2025-07-31T01:51:19.713+0000] {processor.py:183} INFO - Processing /home/airflow/.local/lib/python3.8/site-packages/airflow/example_dags/example_python_operator.py took 0.158 seconds
[2025-07-31T01:51:49.968+0000] {processor.py:161} INFO - Started process (PID=436) to work on /home/airflow/.local/lib/python3.8/site-packages/airflow/example_dags/example_python_operator.py
[2025-07-31T01:51:49.969+0000] {processor.py:830} INFO - Processing file /home/airflow/.local/lib/python3.8/site-packages/airflow/example_dags/example_python_operator.py for tasks to queue
[2025-07-31T01:51:49.972+0000] {logging_mixin.py:188} INFO - [2025-07-31T01:51:49.971+0000] {dagbag.py:538} INFO - Filling up the DagBag from /home/airflow/.local/lib/python3.8/site-packages/airflow/example_dags/example_python_operator.py
[2025-07-31T01:51:49.985+0000] {processor.py:840} INFO - DAG(s) 'example_python_operator' retrieved from /home/airflow/.local/lib/python3.8/site-packages/airflow/example_dags/example_python_operator.py
[2025-07-31T01:51:50.037+0000] {logging_mixin.py:188} INFO - [2025-07-31T01:51:50.036+0000] {dag.py:3036} INFO - Sync 1 DAGs
[2025-07-31T01:51:50.077+0000] {logging_mixin.py:188} INFO - [2025-07-31T01:51:50.077+0000] {dag.py:3823} INFO - Setting next_dagrun for example_python_operator to None, run_after=None
[2025-07-31T01:51:50.116+0000] {processor.py:183} INFO - Processing /home/airflow/.local/lib/python3.8/site-packages/airflow/example_dags/example_python_operator.py took 0.153 seconds
[2025-07-31T01:52:20.989+0000] {processor.py:161} INFO - Started process (PID=492) to work on /home/airflow/.local/lib/python3.8/site-packages/airflow/example_dags/example_python_operator.py
[2025-07-31T01:52:20.991+0000] {processor.py:830} INFO - Processing file /home/airflow/.local/lib/python3.8/site-packages/airflow/example_dags/example_python_operator.py for tasks to queue
[2025-07-31T01:52:20.994+0000] {logging_mixin.py:188} INFO - [2025-07-31T01:52:20.994+0000] {dagbag.py:538} INFO - Filling up the DagBag from /home/airflow/.local/lib/python3.8/site-packages/airflow/example_dags/example_python_operator.py
[2025-07-31T01:52:21.021+0000] {processor.py:840} INFO - DAG(s) 'example_python_operator' retrieved from /home/airflow/.local/lib/python3.8/site-packages/airflow/example_dags/example_python_operator.py
[2025-07-31T01:52:21.075+0000] {logging_mixin.py:188} INFO - [2025-07-31T01:52:21.074+0000] {dag.py:3036} INFO - Sync 1 DAGs
[2025-07-31T01:52:21.123+0000] {logging_mixin.py:188} INFO - [2025-07-31T01:52:21.122+0000] {dag.py:3823} INFO - Setting next_dagrun for example_python_operator to None, run_after=None
[2025-07-31T01:52:21.173+0000] {processor.py:183} INFO - Processing /home/airflow/.local/lib/python3.8/site-packages/airflow/example_dags/example_python_operator.py took 0.188 seconds
[2025-07-31T01:52:51.377+0000] {processor.py:161} INFO - Started process (PID=548) to work on /home/airflow/.local/lib/python3.8/site-packages/airflow/example_dags/example_python_operator.py
[2025-07-31T01:52:51.380+0000] {processor.py:830} INFO - Processing file /home/airflow/.local/lib/python3.8/site-packages/airflow/example_dags/example_python_operator.py for tasks to queue
[2025-07-31T01:52:51.384+0000] {logging_mixin.py:188} INFO - [2025-07-31T01:52:51.382+0000] {dagbag.py:538} INFO - Filling up the DagBag from /home/airflow/.local/lib/python3.8/site-packages/airflow/example_dags/example_python_operator.py
[2025-07-31T01:52:51.399+0000] {processor.py:840} INFO - DAG(s) 'example_python_operator' retrieved from /home/airflow/.local/lib/python3.8/site-packages/airflow/example_dags/example_python_operator.py
[2025-07-31T01:52:51.427+0000] {logging_mixin.py:188} INFO - [2025-07-31T01:52:51.426+0000] {dag.py:3036} INFO - Sync 1 DAGs
[2025-07-31T01:52:51.441+0000] {logging_mixin.py:188} INFO - [2025-07-31T01:52:51.441+0000] {dag.py:3823} INFO - Setting next_dagrun for example_python_operator to None, run_after=None
[2025-07-31T01:52:51.498+0000] {processor.py:183} INFO - Processing /home/airflow/.local/lib/python3.8/site-packages/airflow/example_dags/example_python_operator.py took 0.126 seconds
[2025-07-31T01:53:23.452+0000] {processor.py:161} INFO - Started process (PID=604) to work on /home/airflow/.local/lib/python3.8/site-packages/airflow/example_dags/example_python_operator.py
[2025-07-31T01:53:23.455+0000] {processor.py:830} INFO - Processing file /home/airflow/.local/lib/python3.8/site-packages/airflow/example_dags/example_python_operator.py for tasks to queue
[2025-07-31T01:53:23.464+0000] {logging_mixin.py:188} INFO - [2025-07-31T01:53:23.463+0000] {dagbag.py:538} INFO - Filling up the DagBag from /home/airflow/.local/lib/python3.8/site-packages/airflow/example_dags/example_python_operator.py
[2025-07-31T01:53:23.550+0000] {processor.py:840} INFO - DAG(s) 'example_python_operator' retrieved from /home/airflow/.local/lib/python3.8/site-packages/airflow/example_dags/example_python_operator.py
[2025-07-31T01:53:23.681+0000] {logging_mixin.py:188} INFO - [2025-07-31T01:53:23.681+0000] {dag.py:3036} INFO - Sync 1 DAGs
[2025-07-31T01:53:23.752+0000] {logging_mixin.py:188} INFO - [2025-07-31T01:53:23.752+0000] {dag.py:3823} INFO - Setting next_dagrun for example_python_operator to None, run_after=None
[2025-07-31T01:53:23.869+0000] {processor.py:183} INFO - Processing /home/airflow/.local/lib/python3.8/site-packages/airflow/example_dags/example_python_operator.py took 0.428 seconds
[2025-07-31T01:53:54.511+0000] {processor.py:161} INFO - Started process (PID=662) to work on /home/airflow/.local/lib/python3.8/site-packages/airflow/example_dags/example_python_operator.py
[2025-07-31T01:53:54.519+0000] {processor.py:830} INFO - Processing file /home/airflow/.local/lib/python3.8/site-packages/airflow/example_dags/example_python_operator.py for tasks to queue
[2025-07-31T01:53:54.545+0000] {logging_mixin.py:188} INFO - [2025-07-31T01:53:54.544+0000] {dagbag.py:538} INFO - Filling up the DagBag from /home/airflow/.local/lib/python3.8/site-packages/airflow/example_dags/example_python_operator.py
[2025-07-31T01:53:54.618+0000] {processor.py:840} INFO - DAG(s) 'example_python_operator' retrieved from /home/airflow/.local/lib/python3.8/site-packages/airflow/example_dags/example_python_operator.py
[2025-07-31T01:53:54.763+0000] {logging_mixin.py:188} INFO - [2025-07-31T01:53:54.763+0000] {dag.py:3036} INFO - Sync 1 DAGs
[2025-07-31T01:53:54.816+0000] {logging_mixin.py:188} INFO - [2025-07-31T01:53:54.816+0000] {dag.py:3823} INFO - Setting next_dagrun for example_python_operator to None, run_after=None
[2025-07-31T01:53:54.884+0000] {processor.py:183} INFO - Processing /home/airflow/.local/lib/python3.8/site-packages/airflow/example_dags/example_python_operator.py took 0.389 seconds
[2025-07-31T01:54:25.029+0000] {processor.py:161} INFO - Started process (PID=719) to work on /home/airflow/.local/lib/python3.8/site-packages/airflow/example_dags/example_python_operator.py
[2025-07-31T01:54:25.032+0000] {processor.py:830} INFO - Processing file /home/airflow/.local/lib/python3.8/site-packages/airflow/example_dags/example_python_operator.py for tasks to queue
[2025-07-31T01:54:25.040+0000] {logging_mixin.py:188} INFO - [2025-07-31T01:54:25.039+0000] {dagbag.py:538} INFO - Filling up the DagBag from /home/airflow/.local/lib/python3.8/site-packages/airflow/example_dags/example_python_operator.py
[2025-07-31T01:54:25.071+0000] {processor.py:840} INFO - DAG(s) 'example_python_operator' retrieved from /home/airflow/.local/lib/python3.8/site-packages/airflow/example_dags/example_python_operator.py
[2025-07-31T01:54:25.157+0000] {logging_mixin.py:188} INFO - [2025-07-31T01:54:25.157+0000] {dag.py:3036} INFO - Sync 1 DAGs
[2025-07-31T01:54:25.188+0000] {logging_mixin.py:188} INFO - [2025-07-31T01:54:25.187+0000] {dag.py:3823} INFO - Setting next_dagrun for example_python_operator to None, run_after=None
[2025-07-31T01:54:25.247+0000] {processor.py:183} INFO - Processing /home/airflow/.local/lib/python3.8/site-packages/airflow/example_dags/example_python_operator.py took 0.224 seconds
[2025-07-31T01:54:55.912+0000] {processor.py:161} INFO - Started process (PID=776) to work on /home/airflow/.local/lib/python3.8/site-packages/airflow/example_dags/example_python_operator.py
[2025-07-31T01:54:55.914+0000] {processor.py:830} INFO - Processing file /home/airflow/.local/lib/python3.8/site-packages/airflow/example_dags/example_python_operator.py for tasks to queue
[2025-07-31T01:54:55.920+0000] {logging_mixin.py:188} INFO - [2025-07-31T01:54:55.919+0000] {dagbag.py:538} INFO - Filling up the DagBag from /home/airflow/.local/lib/python3.8/site-packages/airflow/example_dags/example_python_operator.py
[2025-07-31T01:54:55.940+0000] {processor.py:840} INFO - DAG(s) 'example_python_operator' retrieved from /home/airflow/.local/lib/python3.8/site-packages/airflow/example_dags/example_python_operator.py
[2025-07-31T01:54:55.981+0000] {logging_mixin.py:188} INFO - [2025-07-31T01:54:55.981+0000] {dag.py:3036} INFO - Sync 1 DAGs
[2025-07-31T01:54:56.006+0000] {logging_mixin.py:188} INFO - [2025-07-31T01:54:56.005+0000] {dag.py:3823} INFO - Setting next_dagrun for example_python_operator to None, run_after=None
[2025-07-31T01:54:56.040+0000] {processor.py:183} INFO - Processing /home/airflow/.local/lib/python3.8/site-packages/airflow/example_dags/example_python_operator.py took 0.136 seconds
[2025-07-31T01:55:26.956+0000] {processor.py:161} INFO - Started process (PID=833) to work on /home/airflow/.local/lib/python3.8/site-packages/airflow/example_dags/example_python_operator.py
[2025-07-31T01:55:26.958+0000] {processor.py:830} INFO - Processing file /home/airflow/.local/lib/python3.8/site-packages/airflow/example_dags/example_python_operator.py for tasks to queue
[2025-07-31T01:55:26.960+0000] {logging_mixin.py:188} INFO - [2025-07-31T01:55:26.960+0000] {dagbag.py:538} INFO - Filling up the DagBag from /home/airflow/.local/lib/python3.8/site-packages/airflow/example_dags/example_python_operator.py
[2025-07-31T01:55:26.977+0000] {processor.py:840} INFO - DAG(s) 'example_python_operator' retrieved from /home/airflow/.local/lib/python3.8/site-packages/airflow/example_dags/example_python_operator.py
[2025-07-31T01:55:27.017+0000] {logging_mixin.py:188} INFO - [2025-07-31T01:55:27.017+0000] {dag.py:3036} INFO - Sync 1 DAGs
[2025-07-31T01:55:27.033+0000] {logging_mixin.py:188} INFO - [2025-07-31T01:55:27.033+0000] {dag.py:3823} INFO - Setting next_dagrun for example_python_operator to None, run_after=None
[2025-07-31T01:55:27.075+0000] {processor.py:183} INFO - Processing /home/airflow/.local/lib/python3.8/site-packages/airflow/example_dags/example_python_operator.py took 0.125 seconds
[2025-07-31T01:55:57.950+0000] {processor.py:161} INFO - Started process (PID=890) to work on /home/airflow/.local/lib/python3.8/site-packages/airflow/example_dags/example_python_operator.py
[2025-07-31T01:55:57.952+0000] {processor.py:830} INFO - Processing file /home/airflow/.local/lib/python3.8/site-packages/airflow/example_dags/example_python_operator.py for tasks to queue
[2025-07-31T01:55:57.954+0000] {logging_mixin.py:188} INFO - [2025-07-31T01:55:57.954+0000] {dagbag.py:538} INFO - Filling up the DagBag from /home/airflow/.local/lib/python3.8/site-packages/airflow/example_dags/example_python_operator.py
[2025-07-31T01:55:57.968+0000] {processor.py:840} INFO - DAG(s) 'example_python_operator' retrieved from /home/airflow/.local/lib/python3.8/site-packages/airflow/example_dags/example_python_operator.py
[2025-07-31T01:55:57.995+0000] {logging_mixin.py:188} INFO - [2025-07-31T01:55:57.995+0000] {dag.py:3036} INFO - Sync 1 DAGs
[2025-07-31T01:55:58.015+0000] {logging_mixin.py:188} INFO - [2025-07-31T01:55:58.014+0000] {dag.py:3823} INFO - Setting next_dagrun for example_python_operator to None, run_after=None
[2025-07-31T01:55:58.076+0000] {processor.py:183} INFO - Processing /home/airflow/.local/lib/python3.8/site-packages/airflow/example_dags/example_python_operator.py took 0.132 seconds
[2025-07-31T01:56:28.845+0000] {processor.py:161} INFO - Started process (PID=947) to work on /home/airflow/.local/lib/python3.8/site-packages/airflow/example_dags/example_python_operator.py
[2025-07-31T01:56:28.847+0000] {processor.py:830} INFO - Processing file /home/airflow/.local/lib/python3.8/site-packages/airflow/example_dags/example_python_operator.py for tasks to queue
[2025-07-31T01:56:28.851+0000] {logging_mixin.py:188} INFO - [2025-07-31T01:56:28.851+0000] {dagbag.py:538} INFO - Filling up the DagBag from /home/airflow/.local/lib/python3.8/site-packages/airflow/example_dags/example_python_operator.py
[2025-07-31T01:56:28.875+0000] {processor.py:840} INFO - DAG(s) 'example_python_operator' retrieved from /home/airflow/.local/lib/python3.8/site-packages/airflow/example_dags/example_python_operator.py
[2025-07-31T01:56:28.934+0000] {logging_mixin.py:188} INFO - [2025-07-31T01:56:28.933+0000] {dag.py:3036} INFO - Sync 1 DAGs
[2025-07-31T01:56:28.994+0000] {logging_mixin.py:188} INFO - [2025-07-31T01:56:28.994+0000] {dag.py:3823} INFO - Setting next_dagrun for example_python_operator to None, run_after=None
[2025-07-31T01:56:29.074+0000] {processor.py:183} INFO - Processing /home/airflow/.local/lib/python3.8/site-packages/airflow/example_dags/example_python_operator.py took 0.236 seconds
