[2025-07-31T01:40:55.768+0000] {processor.py:161} INFO - Started process (PID=89) to work on /home/airflow/.local/lib/python3.8/site-packages/airflow/example_dags/example_branch_datetime_operator.py
[2025-07-31T01:40:55.779+0000] {processor.py:830} INFO - Processing file /home/airflow/.local/lib/python3.8/site-packages/airflow/example_dags/example_branch_datetime_operator.py for tasks to queue
[2025-07-31T01:40:55.784+0000] {logging_mixin.py:188} INFO - [2025-07-31T01:40:55.783+0000] {dagbag.py:538} INFO - Filling up the DagBag from /home/airflow/.local/lib/python3.8/site-packages/airflow/example_dags/example_branch_datetime_operator.py
[2025-07-31T01:40:55.834+0000] {processor.py:840} INFO - DAG(s) 'example_branch_datetime_operator_2', 'example_branch_datetime_operator', 'example_branch_datetime_operator_3' retrieved from /home/airflow/.local/lib/python3.8/site-packages/airflow/example_dags/example_branch_datetime_operator.py
[2025-07-31T01:40:56.162+0000] {logging_mixin.py:188} INFO - [2025-07-31T01:40:56.162+0000] {dag.py:3036} INFO - Sync 3 DAGs
[2025-07-31T01:40:56.230+0000] {logging_mixin.py:188} INFO - [2025-07-31T01:40:56.228+0000] {dag.py:3823} INFO - Setting next_dagrun for example_branch_datetime_operator to 2025-07-30 00:00:00+00:00, run_after=2025-07-31 00:00:00+00:00
[2025-07-31T01:40:56.243+0000] {logging_mixin.py:188} INFO - [2025-07-31T01:40:56.242+0000] {dag.py:3823} INFO - Setting next_dagrun for example_branch_datetime_operator_2 to 2025-07-30 00:00:00+00:00, run_after=2025-07-31 00:00:00+00:00
[2025-07-31T01:40:56.256+0000] {logging_mixin.py:188} INFO - [2025-07-31T01:40:56.255+0000] {dag.py:3823} INFO - Setting next_dagrun for example_branch_datetime_operator_3 to 2025-07-30 00:00:00+00:00, run_after=2025-07-31 00:00:00+00:00
[2025-07-31T01:40:56.329+0000] {processor.py:183} INFO - Processing /home/airflow/.local/lib/python3.8/site-packages/airflow/example_dags/example_branch_datetime_operator.py took 0.630 seconds
[2025-07-31T01:41:26.801+0000] {processor.py:161} INFO - Started process (PID=144) to work on /home/airflow/.local/lib/python3.8/site-packages/airflow/example_dags/example_branch_datetime_operator.py
[2025-07-31T01:41:26.812+0000] {processor.py:830} INFO - Processing file /home/airflow/.local/lib/python3.8/site-packages/airflow/example_dags/example_branch_datetime_operator.py for tasks to queue
[2025-07-31T01:41:26.817+0000] {logging_mixin.py:188} INFO - [2025-07-31T01:41:26.816+0000] {dagbag.py:538} INFO - Filling up the DagBag from /home/airflow/.local/lib/python3.8/site-packages/airflow/example_dags/example_branch_datetime_operator.py
[2025-07-31T01:41:26.856+0000] {processor.py:840} INFO - DAG(s) 'example_branch_datetime_operator', 'example_branch_datetime_operator_2', 'example_branch_datetime_operator_3' retrieved from /home/airflow/.local/lib/python3.8/site-packages/airflow/example_dags/example_branch_datetime_operator.py
[2025-07-31T01:41:27.025+0000] {logging_mixin.py:188} INFO - [2025-07-31T01:41:27.024+0000] {dag.py:3036} INFO - Sync 3 DAGs
[2025-07-31T01:41:27.187+0000] {logging_mixin.py:188} INFO - [2025-07-31T01:41:27.187+0000] {dag.py:3823} INFO - Setting next_dagrun for example_branch_datetime_operator to 2025-07-30 00:00:00+00:00, run_after=2025-07-31 00:00:00+00:00
[2025-07-31T01:41:27.221+0000] {logging_mixin.py:188} INFO - [2025-07-31T01:41:27.220+0000] {dag.py:3823} INFO - Setting next_dagrun for example_branch_datetime_operator_2 to 2025-07-30 00:00:00+00:00, run_after=2025-07-31 00:00:00+00:00
[2025-07-31T01:41:27.242+0000] {logging_mixin.py:188} INFO - [2025-07-31T01:41:27.242+0000] {dag.py:3823} INFO - Setting next_dagrun for example_branch_datetime_operator_3 to 2025-07-30 00:00:00+00:00, run_after=2025-07-31 00:00:00+00:00
[2025-07-31T01:41:27.322+0000] {processor.py:183} INFO - Processing /home/airflow/.local/lib/python3.8/site-packages/airflow/example_dags/example_branch_datetime_operator.py took 0.529 seconds
[2025-07-31T01:41:57.500+0000] {processor.py:161} INFO - Started process (PID=199) to work on /home/airflow/.local/lib/python3.8/site-packages/airflow/example_dags/example_branch_datetime_operator.py
[2025-07-31T01:41:57.502+0000] {processor.py:830} INFO - Processing file /home/airflow/.local/lib/python3.8/site-packages/airflow/example_dags/example_branch_datetime_operator.py for tasks to queue
[2025-07-31T01:41:57.505+0000] {logging_mixin.py:188} INFO - [2025-07-31T01:41:57.504+0000] {dagbag.py:538} INFO - Filling up the DagBag from /home/airflow/.local/lib/python3.8/site-packages/airflow/example_dags/example_branch_datetime_operator.py
[2025-07-31T01:41:57.520+0000] {processor.py:840} INFO - DAG(s) 'example_branch_datetime_operator', 'example_branch_datetime_operator_2', 'example_branch_datetime_operator_3' retrieved from /home/airflow/.local/lib/python3.8/site-packages/airflow/example_dags/example_branch_datetime_operator.py
[2025-07-31T01:41:57.576+0000] {logging_mixin.py:188} INFO - [2025-07-31T01:41:57.576+0000] {dag.py:3036} INFO - Sync 3 DAGs
[2025-07-31T01:41:57.618+0000] {logging_mixin.py:188} INFO - [2025-07-31T01:41:57.617+0000] {dag.py:3823} INFO - Setting next_dagrun for example_branch_datetime_operator to 2025-07-30 00:00:00+00:00, run_after=2025-07-31 00:00:00+00:00
[2025-07-31T01:41:57.632+0000] {logging_mixin.py:188} INFO - [2025-07-31T01:41:57.632+0000] {dag.py:3823} INFO - Setting next_dagrun for example_branch_datetime_operator_2 to 2025-07-30 00:00:00+00:00, run_after=2025-07-31 00:00:00+00:00
[2025-07-31T01:41:57.647+0000] {logging_mixin.py:188} INFO - [2025-07-31T01:41:57.646+0000] {dag.py:3823} INFO - Setting next_dagrun for example_branch_datetime_operator_3 to 2025-07-30 00:00:00+00:00, run_after=2025-07-31 00:00:00+00:00
[2025-07-31T01:41:57.689+0000] {processor.py:183} INFO - Processing /home/airflow/.local/lib/python3.8/site-packages/airflow/example_dags/example_branch_datetime_operator.py took 0.194 seconds
[2025-07-31T01:42:27.894+0000] {processor.py:161} INFO - Started process (PID=255) to work on /home/airflow/.local/lib/python3.8/site-packages/airflow/example_dags/example_branch_datetime_operator.py
[2025-07-31T01:42:27.896+0000] {processor.py:830} INFO - Processing file /home/airflow/.local/lib/python3.8/site-packages/airflow/example_dags/example_branch_datetime_operator.py for tasks to queue
[2025-07-31T01:42:27.900+0000] {logging_mixin.py:188} INFO - [2025-07-31T01:42:27.899+0000] {dagbag.py:538} INFO - Filling up the DagBag from /home/airflow/.local/lib/python3.8/site-packages/airflow/example_dags/example_branch_datetime_operator.py
[2025-07-31T01:42:27.917+0000] {processor.py:840} INFO - DAG(s) 'example_branch_datetime_operator_3', 'example_branch_datetime_operator_2', 'example_branch_datetime_operator' retrieved from /home/airflow/.local/lib/python3.8/site-packages/airflow/example_dags/example_branch_datetime_operator.py
[2025-07-31T01:42:27.971+0000] {logging_mixin.py:188} INFO - [2025-07-31T01:42:27.970+0000] {dag.py:3036} INFO - Sync 3 DAGs
[2025-07-31T01:42:28.033+0000] {logging_mixin.py:188} INFO - [2025-07-31T01:42:28.032+0000] {dag.py:3823} INFO - Setting next_dagrun for example_branch_datetime_operator to 2025-07-30 00:00:00+00:00, run_after=2025-07-31 00:00:00+00:00
[2025-07-31T01:42:28.059+0000] {logging_mixin.py:188} INFO - [2025-07-31T01:42:28.059+0000] {dag.py:3823} INFO - Setting next_dagrun for example_branch_datetime_operator_2 to 2025-07-30 00:00:00+00:00, run_after=2025-07-31 00:00:00+00:00
[2025-07-31T01:42:28.078+0000] {logging_mixin.py:188} INFO - [2025-07-31T01:42:28.078+0000] {dag.py:3823} INFO - Setting next_dagrun for example_branch_datetime_operator_3 to 2025-07-30 00:00:00+00:00, run_after=2025-07-31 00:00:00+00:00
[2025-07-31T01:42:28.131+0000] {processor.py:183} INFO - Processing /home/airflow/.local/lib/python3.8/site-packages/airflow/example_dags/example_branch_datetime_operator.py took 0.244 seconds
[2025-07-31T01:42:58.546+0000] {processor.py:161} INFO - Started process (PID=310) to work on /home/airflow/.local/lib/python3.8/site-packages/airflow/example_dags/example_branch_datetime_operator.py
[2025-07-31T01:42:58.548+0000] {processor.py:830} INFO - Processing file /home/airflow/.local/lib/python3.8/site-packages/airflow/example_dags/example_branch_datetime_operator.py for tasks to queue
[2025-07-31T01:42:58.552+0000] {logging_mixin.py:188} INFO - [2025-07-31T01:42:58.551+0000] {dagbag.py:538} INFO - Filling up the DagBag from /home/airflow/.local/lib/python3.8/site-packages/airflow/example_dags/example_branch_datetime_operator.py
[2025-07-31T01:42:58.582+0000] {processor.py:840} INFO - DAG(s) 'example_branch_datetime_operator', 'example_branch_datetime_operator_2', 'example_branch_datetime_operator_3' retrieved from /home/airflow/.local/lib/python3.8/site-packages/airflow/example_dags/example_branch_datetime_operator.py
[2025-07-31T01:42:58.633+0000] {logging_mixin.py:188} INFO - [2025-07-31T01:42:58.633+0000] {dag.py:3036} INFO - Sync 3 DAGs
[2025-07-31T01:42:58.670+0000] {logging_mixin.py:188} INFO - [2025-07-31T01:42:58.670+0000] {dag.py:3823} INFO - Setting next_dagrun for example_branch_datetime_operator to 2025-07-30 00:00:00+00:00, run_after=2025-07-31 00:00:00+00:00
[2025-07-31T01:42:58.682+0000] {logging_mixin.py:188} INFO - [2025-07-31T01:42:58.681+0000] {dag.py:3823} INFO - Setting next_dagrun for example_branch_datetime_operator_2 to 2025-07-30 00:00:00+00:00, run_after=2025-07-31 00:00:00+00:00
[2025-07-31T01:42:58.689+0000] {logging_mixin.py:188} INFO - [2025-07-31T01:42:58.689+0000] {dag.py:3823} INFO - Setting next_dagrun for example_branch_datetime_operator_3 to 2025-07-30 00:00:00+00:00, run_after=2025-07-31 00:00:00+00:00
[2025-07-31T01:42:58.721+0000] {processor.py:183} INFO - Processing /home/airflow/.local/lib/python3.8/site-packages/airflow/example_dags/example_branch_datetime_operator.py took 0.182 seconds
[2025-07-31T01:43:29.311+0000] {processor.py:161} INFO - Started process (PID=365) to work on /home/airflow/.local/lib/python3.8/site-packages/airflow/example_dags/example_branch_datetime_operator.py
[2025-07-31T01:43:29.313+0000] {processor.py:830} INFO - Processing file /home/airflow/.local/lib/python3.8/site-packages/airflow/example_dags/example_branch_datetime_operator.py for tasks to queue
[2025-07-31T01:43:29.316+0000] {logging_mixin.py:188} INFO - [2025-07-31T01:43:29.316+0000] {dagbag.py:538} INFO - Filling up the DagBag from /home/airflow/.local/lib/python3.8/site-packages/airflow/example_dags/example_branch_datetime_operator.py
[2025-07-31T01:43:29.335+0000] {processor.py:840} INFO - DAG(s) 'example_branch_datetime_operator_3', 'example_branch_datetime_operator', 'example_branch_datetime_operator_2' retrieved from /home/airflow/.local/lib/python3.8/site-packages/airflow/example_dags/example_branch_datetime_operator.py
[2025-07-31T01:43:29.375+0000] {logging_mixin.py:188} INFO - [2025-07-31T01:43:29.374+0000] {dag.py:3036} INFO - Sync 3 DAGs
[2025-07-31T01:43:29.417+0000] {logging_mixin.py:188} INFO - [2025-07-31T01:43:29.417+0000] {dag.py:3823} INFO - Setting next_dagrun for example_branch_datetime_operator to 2025-07-30 00:00:00+00:00, run_after=2025-07-31 00:00:00+00:00
[2025-07-31T01:43:29.423+0000] {logging_mixin.py:188} INFO - [2025-07-31T01:43:29.423+0000] {dag.py:3823} INFO - Setting next_dagrun for example_branch_datetime_operator_2 to 2025-07-30 00:00:00+00:00, run_after=2025-07-31 00:00:00+00:00
[2025-07-31T01:43:29.427+0000] {logging_mixin.py:188} INFO - [2025-07-31T01:43:29.427+0000] {dag.py:3823} INFO - Setting next_dagrun for example_branch_datetime_operator_3 to 2025-07-30 00:00:00+00:00, run_after=2025-07-31 00:00:00+00:00
[2025-07-31T01:43:29.454+0000] {processor.py:183} INFO - Processing /home/airflow/.local/lib/python3.8/site-packages/airflow/example_dags/example_branch_datetime_operator.py took 0.149 seconds
[2025-07-31T01:44:00.340+0000] {processor.py:161} INFO - Started process (PID=420) to work on /home/airflow/.local/lib/python3.8/site-packages/airflow/example_dags/example_branch_datetime_operator.py
[2025-07-31T01:44:00.342+0000] {processor.py:830} INFO - Processing file /home/airflow/.local/lib/python3.8/site-packages/airflow/example_dags/example_branch_datetime_operator.py for tasks to queue
[2025-07-31T01:44:00.347+0000] {logging_mixin.py:188} INFO - [2025-07-31T01:44:00.346+0000] {dagbag.py:538} INFO - Filling up the DagBag from /home/airflow/.local/lib/python3.8/site-packages/airflow/example_dags/example_branch_datetime_operator.py
[2025-07-31T01:44:00.401+0000] {processor.py:840} INFO - DAG(s) 'example_branch_datetime_operator_3', 'example_branch_datetime_operator_2', 'example_branch_datetime_operator' retrieved from /home/airflow/.local/lib/python3.8/site-packages/airflow/example_dags/example_branch_datetime_operator.py
[2025-07-31T01:44:00.546+0000] {logging_mixin.py:188} INFO - [2025-07-31T01:44:00.545+0000] {dag.py:3036} INFO - Sync 3 DAGs
[2025-07-31T01:44:00.724+0000] {logging_mixin.py:188} INFO - [2025-07-31T01:44:00.724+0000] {dag.py:3823} INFO - Setting next_dagrun for example_branch_datetime_operator to 2025-07-30 00:00:00+00:00, run_after=2025-07-31 00:00:00+00:00
[2025-07-31T01:44:00.805+0000] {logging_mixin.py:188} INFO - [2025-07-31T01:44:00.804+0000] {dag.py:3823} INFO - Setting next_dagrun for example_branch_datetime_operator_2 to 2025-07-30 00:00:00+00:00, run_after=2025-07-31 00:00:00+00:00
[2025-07-31T01:44:00.836+0000] {logging_mixin.py:188} INFO - [2025-07-31T01:44:00.836+0000] {dag.py:3823} INFO - Setting next_dagrun for example_branch_datetime_operator_3 to 2025-07-30 00:00:00+00:00, run_after=2025-07-31 00:00:00+00:00
[2025-07-31T01:44:00.921+0000] {processor.py:183} INFO - Processing /home/airflow/.local/lib/python3.8/site-packages/airflow/example_dags/example_branch_datetime_operator.py took 0.591 seconds
[2025-07-31T01:44:31.223+0000] {processor.py:161} INFO - Started process (PID=475) to work on /home/airflow/.local/lib/python3.8/site-packages/airflow/example_dags/example_branch_datetime_operator.py
[2025-07-31T01:44:31.224+0000] {processor.py:830} INFO - Processing file /home/airflow/.local/lib/python3.8/site-packages/airflow/example_dags/example_branch_datetime_operator.py for tasks to queue
[2025-07-31T01:44:31.227+0000] {logging_mixin.py:188} INFO - [2025-07-31T01:44:31.226+0000] {dagbag.py:538} INFO - Filling up the DagBag from /home/airflow/.local/lib/python3.8/site-packages/airflow/example_dags/example_branch_datetime_operator.py
[2025-07-31T01:44:31.248+0000] {processor.py:840} INFO - DAG(s) 'example_branch_datetime_operator', 'example_branch_datetime_operator_2', 'example_branch_datetime_operator_3' retrieved from /home/airflow/.local/lib/python3.8/site-packages/airflow/example_dags/example_branch_datetime_operator.py
[2025-07-31T01:44:31.293+0000] {logging_mixin.py:188} INFO - [2025-07-31T01:44:31.292+0000] {dag.py:3036} INFO - Sync 3 DAGs
[2025-07-31T01:44:31.327+0000] {logging_mixin.py:188} INFO - [2025-07-31T01:44:31.327+0000] {dag.py:3823} INFO - Setting next_dagrun for example_branch_datetime_operator to 2025-07-30 00:00:00+00:00, run_after=2025-07-31 00:00:00+00:00
[2025-07-31T01:44:31.336+0000] {logging_mixin.py:188} INFO - [2025-07-31T01:44:31.335+0000] {dag.py:3823} INFO - Setting next_dagrun for example_branch_datetime_operator_2 to 2025-07-30 00:00:00+00:00, run_after=2025-07-31 00:00:00+00:00
[2025-07-31T01:44:31.343+0000] {logging_mixin.py:188} INFO - [2025-07-31T01:44:31.341+0000] {dag.py:3823} INFO - Setting next_dagrun for example_branch_datetime_operator_3 to 2025-07-30 00:00:00+00:00, run_after=2025-07-31 00:00:00+00:00
[2025-07-31T01:44:31.377+0000] {processor.py:183} INFO - Processing /home/airflow/.local/lib/python3.8/site-packages/airflow/example_dags/example_branch_datetime_operator.py took 0.159 seconds
[2025-07-31T01:45:02.073+0000] {processor.py:161} INFO - Started process (PID=530) to work on /home/airflow/.local/lib/python3.8/site-packages/airflow/example_dags/example_branch_datetime_operator.py
[2025-07-31T01:45:02.075+0000] {processor.py:830} INFO - Processing file /home/airflow/.local/lib/python3.8/site-packages/airflow/example_dags/example_branch_datetime_operator.py for tasks to queue
[2025-07-31T01:45:02.084+0000] {logging_mixin.py:188} INFO - [2025-07-31T01:45:02.083+0000] {dagbag.py:538} INFO - Filling up the DagBag from /home/airflow/.local/lib/python3.8/site-packages/airflow/example_dags/example_branch_datetime_operator.py
[2025-07-31T01:45:02.107+0000] {processor.py:840} INFO - DAG(s) 'example_branch_datetime_operator_3', 'example_branch_datetime_operator', 'example_branch_datetime_operator_2' retrieved from /home/airflow/.local/lib/python3.8/site-packages/airflow/example_dags/example_branch_datetime_operator.py
[2025-07-31T01:45:02.147+0000] {logging_mixin.py:188} INFO - [2025-07-31T01:45:02.147+0000] {dag.py:3036} INFO - Sync 3 DAGs
[2025-07-31T01:45:02.184+0000] {logging_mixin.py:188} INFO - [2025-07-31T01:45:02.183+0000] {dag.py:3823} INFO - Setting next_dagrun for example_branch_datetime_operator to 2025-07-30 00:00:00+00:00, run_after=2025-07-31 00:00:00+00:00
[2025-07-31T01:45:02.194+0000] {logging_mixin.py:188} INFO - [2025-07-31T01:45:02.194+0000] {dag.py:3823} INFO - Setting next_dagrun for example_branch_datetime_operator_2 to 2025-07-30 00:00:00+00:00, run_after=2025-07-31 00:00:00+00:00
[2025-07-31T01:45:02.200+0000] {logging_mixin.py:188} INFO - [2025-07-31T01:45:02.200+0000] {dag.py:3823} INFO - Setting next_dagrun for example_branch_datetime_operator_3 to 2025-07-30 00:00:00+00:00, run_after=2025-07-31 00:00:00+00:00
[2025-07-31T01:45:02.297+0000] {processor.py:183} INFO - Processing /home/airflow/.local/lib/python3.8/site-packages/airflow/example_dags/example_branch_datetime_operator.py took 0.234 seconds
[2025-07-31T01:45:33.483+0000] {processor.py:161} INFO - Started process (PID=585) to work on /home/airflow/.local/lib/python3.8/site-packages/airflow/example_dags/example_branch_datetime_operator.py
[2025-07-31T01:45:33.487+0000] {processor.py:830} INFO - Processing file /home/airflow/.local/lib/python3.8/site-packages/airflow/example_dags/example_branch_datetime_operator.py for tasks to queue
[2025-07-31T01:45:33.496+0000] {logging_mixin.py:188} INFO - [2025-07-31T01:45:33.496+0000] {dagbag.py:538} INFO - Filling up the DagBag from /home/airflow/.local/lib/python3.8/site-packages/airflow/example_dags/example_branch_datetime_operator.py
[2025-07-31T01:45:33.539+0000] {processor.py:840} INFO - DAG(s) 'example_branch_datetime_operator', 'example_branch_datetime_operator_2', 'example_branch_datetime_operator_3' retrieved from /home/airflow/.local/lib/python3.8/site-packages/airflow/example_dags/example_branch_datetime_operator.py
[2025-07-31T01:45:33.641+0000] {logging_mixin.py:188} INFO - [2025-07-31T01:45:33.640+0000] {dag.py:3036} INFO - Sync 3 DAGs
[2025-07-31T01:45:33.722+0000] {logging_mixin.py:188} INFO - [2025-07-31T01:45:33.720+0000] {dag.py:3823} INFO - Setting next_dagrun for example_branch_datetime_operator to 2025-07-30 00:00:00+00:00, run_after=2025-07-31 00:00:00+00:00
[2025-07-31T01:45:33.739+0000] {logging_mixin.py:188} INFO - [2025-07-31T01:45:33.738+0000] {dag.py:3823} INFO - Setting next_dagrun for example_branch_datetime_operator_2 to 2025-07-30 00:00:00+00:00, run_after=2025-07-31 00:00:00+00:00
[2025-07-31T01:45:33.746+0000] {logging_mixin.py:188} INFO - [2025-07-31T01:45:33.746+0000] {dag.py:3823} INFO - Setting next_dagrun for example_branch_datetime_operator_3 to 2025-07-30 00:00:00+00:00, run_after=2025-07-31 00:00:00+00:00
[2025-07-31T01:45:33.784+0000] {processor.py:183} INFO - Processing /home/airflow/.local/lib/python3.8/site-packages/airflow/example_dags/example_branch_datetime_operator.py took 0.310 seconds
[2025-07-31T01:46:04.210+0000] {processor.py:161} INFO - Started process (PID=640) to work on /home/airflow/.local/lib/python3.8/site-packages/airflow/example_dags/example_branch_datetime_operator.py
[2025-07-31T01:46:04.212+0000] {processor.py:830} INFO - Processing file /home/airflow/.local/lib/python3.8/site-packages/airflow/example_dags/example_branch_datetime_operator.py for tasks to queue
[2025-07-31T01:46:04.215+0000] {logging_mixin.py:188} INFO - [2025-07-31T01:46:04.215+0000] {dagbag.py:538} INFO - Filling up the DagBag from /home/airflow/.local/lib/python3.8/site-packages/airflow/example_dags/example_branch_datetime_operator.py
[2025-07-31T01:46:04.229+0000] {processor.py:840} INFO - DAG(s) 'example_branch_datetime_operator', 'example_branch_datetime_operator_3', 'example_branch_datetime_operator_2' retrieved from /home/airflow/.local/lib/python3.8/site-packages/airflow/example_dags/example_branch_datetime_operator.py
[2025-07-31T01:46:04.271+0000] {logging_mixin.py:188} INFO - [2025-07-31T01:46:04.270+0000] {dag.py:3036} INFO - Sync 3 DAGs
[2025-07-31T01:46:04.308+0000] {logging_mixin.py:188} INFO - [2025-07-31T01:46:04.307+0000] {dag.py:3823} INFO - Setting next_dagrun for example_branch_datetime_operator to 2025-07-30 00:00:00+00:00, run_after=2025-07-31 00:00:00+00:00
[2025-07-31T01:46:04.316+0000] {logging_mixin.py:188} INFO - [2025-07-31T01:46:04.316+0000] {dag.py:3823} INFO - Setting next_dagrun for example_branch_datetime_operator_2 to 2025-07-30 00:00:00+00:00, run_after=2025-07-31 00:00:00+00:00
[2025-07-31T01:46:04.319+0000] {logging_mixin.py:188} INFO - [2025-07-31T01:46:04.319+0000] {dag.py:3823} INFO - Setting next_dagrun for example_branch_datetime_operator_3 to 2025-07-30 00:00:00+00:00, run_after=2025-07-31 00:00:00+00:00
[2025-07-31T01:46:04.346+0000] {processor.py:183} INFO - Processing /home/airflow/.local/lib/python3.8/site-packages/airflow/example_dags/example_branch_datetime_operator.py took 0.142 seconds
[2025-07-31T01:46:34.691+0000] {processor.py:161} INFO - Started process (PID=696) to work on /home/airflow/.local/lib/python3.8/site-packages/airflow/example_dags/example_branch_datetime_operator.py
[2025-07-31T01:46:34.692+0000] {processor.py:830} INFO - Processing file /home/airflow/.local/lib/python3.8/site-packages/airflow/example_dags/example_branch_datetime_operator.py for tasks to queue
[2025-07-31T01:46:34.695+0000] {logging_mixin.py:188} INFO - [2025-07-31T01:46:34.695+0000] {dagbag.py:538} INFO - Filling up the DagBag from /home/airflow/.local/lib/python3.8/site-packages/airflow/example_dags/example_branch_datetime_operator.py
[2025-07-31T01:46:34.708+0000] {processor.py:840} INFO - DAG(s) 'example_branch_datetime_operator_2', 'example_branch_datetime_operator_3', 'example_branch_datetime_operator' retrieved from /home/airflow/.local/lib/python3.8/site-packages/airflow/example_dags/example_branch_datetime_operator.py
[2025-07-31T01:46:34.744+0000] {logging_mixin.py:188} INFO - [2025-07-31T01:46:34.744+0000] {dag.py:3036} INFO - Sync 3 DAGs
[2025-07-31T01:46:34.781+0000] {logging_mixin.py:188} INFO - [2025-07-31T01:46:34.781+0000] {dag.py:3823} INFO - Setting next_dagrun for example_branch_datetime_operator to 2025-07-30 00:00:00+00:00, run_after=2025-07-31 00:00:00+00:00
[2025-07-31T01:46:34.792+0000] {logging_mixin.py:188} INFO - [2025-07-31T01:46:34.791+0000] {dag.py:3823} INFO - Setting next_dagrun for example_branch_datetime_operator_2 to 2025-07-30 00:00:00+00:00, run_after=2025-07-31 00:00:00+00:00
[2025-07-31T01:46:34.798+0000] {logging_mixin.py:188} INFO - [2025-07-31T01:46:34.798+0000] {dag.py:3823} INFO - Setting next_dagrun for example_branch_datetime_operator_3 to 2025-07-30 00:00:00+00:00, run_after=2025-07-31 00:00:00+00:00
[2025-07-31T01:46:34.827+0000] {processor.py:183} INFO - Processing /home/airflow/.local/lib/python3.8/site-packages/airflow/example_dags/example_branch_datetime_operator.py took 0.144 seconds
[2025-07-31T01:47:05.918+0000] {processor.py:161} INFO - Started process (PID=752) to work on /home/airflow/.local/lib/python3.8/site-packages/airflow/example_dags/example_branch_datetime_operator.py
[2025-07-31T01:47:05.920+0000] {processor.py:830} INFO - Processing file /home/airflow/.local/lib/python3.8/site-packages/airflow/example_dags/example_branch_datetime_operator.py for tasks to queue
[2025-07-31T01:47:05.923+0000] {logging_mixin.py:188} INFO - [2025-07-31T01:47:05.923+0000] {dagbag.py:538} INFO - Filling up the DagBag from /home/airflow/.local/lib/python3.8/site-packages/airflow/example_dags/example_branch_datetime_operator.py
[2025-07-31T01:47:05.940+0000] {processor.py:840} INFO - DAG(s) 'example_branch_datetime_operator_2', 'example_branch_datetime_operator_3', 'example_branch_datetime_operator' retrieved from /home/airflow/.local/lib/python3.8/site-packages/airflow/example_dags/example_branch_datetime_operator.py
[2025-07-31T01:47:06.005+0000] {logging_mixin.py:188} INFO - [2025-07-31T01:47:06.005+0000] {dag.py:3036} INFO - Sync 3 DAGs
[2025-07-31T01:47:06.081+0000] {logging_mixin.py:188} INFO - [2025-07-31T01:47:06.081+0000] {dag.py:3823} INFO - Setting next_dagrun for example_branch_datetime_operator to 2025-07-30 00:00:00+00:00, run_after=2025-07-31 00:00:00+00:00
[2025-07-31T01:47:06.115+0000] {logging_mixin.py:188} INFO - [2025-07-31T01:47:06.114+0000] {dag.py:3823} INFO - Setting next_dagrun for example_branch_datetime_operator_2 to 2025-07-30 00:00:00+00:00, run_after=2025-07-31 00:00:00+00:00
[2025-07-31T01:47:06.142+0000] {logging_mixin.py:188} INFO - [2025-07-31T01:47:06.142+0000] {dag.py:3823} INFO - Setting next_dagrun for example_branch_datetime_operator_3 to 2025-07-30 00:00:00+00:00, run_after=2025-07-31 00:00:00+00:00
[2025-07-31T01:47:06.181+0000] {processor.py:183} INFO - Processing /home/airflow/.local/lib/python3.8/site-packages/airflow/example_dags/example_branch_datetime_operator.py took 0.274 seconds
[2025-07-31T01:47:36.285+0000] {processor.py:161} INFO - Started process (PID=814) to work on /home/airflow/.local/lib/python3.8/site-packages/airflow/example_dags/example_branch_datetime_operator.py
[2025-07-31T01:47:36.289+0000] {processor.py:830} INFO - Processing file /home/airflow/.local/lib/python3.8/site-packages/airflow/example_dags/example_branch_datetime_operator.py for tasks to queue
[2025-07-31T01:47:36.292+0000] {logging_mixin.py:188} INFO - [2025-07-31T01:47:36.291+0000] {dagbag.py:538} INFO - Filling up the DagBag from /home/airflow/.local/lib/python3.8/site-packages/airflow/example_dags/example_branch_datetime_operator.py
[2025-07-31T01:47:36.334+0000] {processor.py:840} INFO - DAG(s) 'example_branch_datetime_operator', 'example_branch_datetime_operator_2', 'example_branch_datetime_operator_3' retrieved from /home/airflow/.local/lib/python3.8/site-packages/airflow/example_dags/example_branch_datetime_operator.py
[2025-07-31T01:47:36.400+0000] {logging_mixin.py:188} INFO - [2025-07-31T01:47:36.399+0000] {dag.py:3036} INFO - Sync 3 DAGs
[2025-07-31T01:47:36.450+0000] {logging_mixin.py:188} INFO - [2025-07-31T01:47:36.450+0000] {dag.py:3823} INFO - Setting next_dagrun for example_branch_datetime_operator to 2025-07-30 00:00:00+00:00, run_after=2025-07-31 00:00:00+00:00
[2025-07-31T01:47:36.463+0000] {logging_mixin.py:188} INFO - [2025-07-31T01:47:36.463+0000] {dag.py:3823} INFO - Setting next_dagrun for example_branch_datetime_operator_2 to 2025-07-30 00:00:00+00:00, run_after=2025-07-31 00:00:00+00:00
[2025-07-31T01:47:36.470+0000] {logging_mixin.py:188} INFO - [2025-07-31T01:47:36.469+0000] {dag.py:3823} INFO - Setting next_dagrun for example_branch_datetime_operator_3 to 2025-07-30 00:00:00+00:00, run_after=2025-07-31 00:00:00+00:00
[2025-07-31T01:47:36.505+0000] {processor.py:183} INFO - Processing /home/airflow/.local/lib/python3.8/site-packages/airflow/example_dags/example_branch_datetime_operator.py took 0.227 seconds
[2025-07-31T01:48:38.426+0000] {processor.py:161} INFO - Started process (PID=89) to work on /home/airflow/.local/lib/python3.8/site-packages/airflow/example_dags/example_branch_datetime_operator.py
[2025-07-31T01:48:38.430+0000] {processor.py:830} INFO - Processing file /home/airflow/.local/lib/python3.8/site-packages/airflow/example_dags/example_branch_datetime_operator.py for tasks to queue
[2025-07-31T01:48:38.450+0000] {logging_mixin.py:188} INFO - [2025-07-31T01:48:38.450+0000] {dagbag.py:538} INFO - Filling up the DagBag from /home/airflow/.local/lib/python3.8/site-packages/airflow/example_dags/example_branch_datetime_operator.py
[2025-07-31T01:48:38.490+0000] {processor.py:840} INFO - DAG(s) 'example_branch_datetime_operator', 'example_branch_datetime_operator_3', 'example_branch_datetime_operator_2' retrieved from /home/airflow/.local/lib/python3.8/site-packages/airflow/example_dags/example_branch_datetime_operator.py
[2025-07-31T01:48:38.528+0000] {logging_mixin.py:188} INFO - [2025-07-31T01:48:38.528+0000] {dag.py:3036} INFO - Sync 3 DAGs
[2025-07-31T01:48:38.599+0000] {logging_mixin.py:188} INFO - [2025-07-31T01:48:38.597+0000] {dag.py:3823} INFO - Setting next_dagrun for example_branch_datetime_operator to 2025-07-30 00:00:00+00:00, run_after=2025-07-31 00:00:00+00:00
[2025-07-31T01:48:38.620+0000] {logging_mixin.py:188} INFO - [2025-07-31T01:48:38.620+0000] {dag.py:3823} INFO - Setting next_dagrun for example_branch_datetime_operator_2 to 2025-07-30 00:00:00+00:00, run_after=2025-07-31 00:00:00+00:00
[2025-07-31T01:48:38.629+0000] {logging_mixin.py:188} INFO - [2025-07-31T01:48:38.628+0000] {dag.py:3823} INFO - Setting next_dagrun for example_branch_datetime_operator_3 to 2025-07-30 00:00:00+00:00, run_after=2025-07-31 00:00:00+00:00
[2025-07-31T01:48:38.717+0000] {processor.py:183} INFO - Processing /home/airflow/.local/lib/python3.8/site-packages/airflow/example_dags/example_branch_datetime_operator.py took 0.321 seconds
[2025-07-31T01:49:13.231+0000] {processor.py:161} INFO - Started process (PID=145) to work on /home/airflow/.local/lib/python3.8/site-packages/airflow/example_dags/example_branch_datetime_operator.py
[2025-07-31T01:49:13.233+0000] {processor.py:830} INFO - Processing file /home/airflow/.local/lib/python3.8/site-packages/airflow/example_dags/example_branch_datetime_operator.py for tasks to queue
[2025-07-31T01:49:13.241+0000] {logging_mixin.py:188} INFO - [2025-07-31T01:49:13.241+0000] {dagbag.py:538} INFO - Filling up the DagBag from /home/airflow/.local/lib/python3.8/site-packages/airflow/example_dags/example_branch_datetime_operator.py
[2025-07-31T01:49:13.263+0000] {processor.py:840} INFO - DAG(s) 'example_branch_datetime_operator_2', 'example_branch_datetime_operator', 'example_branch_datetime_operator_3' retrieved from /home/airflow/.local/lib/python3.8/site-packages/airflow/example_dags/example_branch_datetime_operator.py
[2025-07-31T01:49:13.552+0000] {logging_mixin.py:188} INFO - [2025-07-31T01:49:13.552+0000] {dag.py:3036} INFO - Sync 3 DAGs
[2025-07-31T01:49:13.601+0000] {logging_mixin.py:188} INFO - [2025-07-31T01:49:13.601+0000] {dag.py:3823} INFO - Setting next_dagrun for example_branch_datetime_operator to 2025-07-30 00:00:00+00:00, run_after=2025-07-31 00:00:00+00:00
[2025-07-31T01:49:13.611+0000] {logging_mixin.py:188} INFO - [2025-07-31T01:49:13.610+0000] {dag.py:3823} INFO - Setting next_dagrun for example_branch_datetime_operator_2 to 2025-07-30 00:00:00+00:00, run_after=2025-07-31 00:00:00+00:00
[2025-07-31T01:49:13.617+0000] {logging_mixin.py:188} INFO - [2025-07-31T01:49:13.616+0000] {dag.py:3823} INFO - Setting next_dagrun for example_branch_datetime_operator_3 to 2025-07-30 00:00:00+00:00, run_after=2025-07-31 00:00:00+00:00
[2025-07-31T01:49:13.651+0000] {processor.py:183} INFO - Processing /home/airflow/.local/lib/python3.8/site-packages/airflow/example_dags/example_branch_datetime_operator.py took 0.427 seconds
[2025-07-31T01:49:44.169+0000] {processor.py:161} INFO - Started process (PID=201) to work on /home/airflow/.local/lib/python3.8/site-packages/airflow/example_dags/example_branch_datetime_operator.py
[2025-07-31T01:49:44.170+0000] {processor.py:830} INFO - Processing file /home/airflow/.local/lib/python3.8/site-packages/airflow/example_dags/example_branch_datetime_operator.py for tasks to queue
[2025-07-31T01:49:44.173+0000] {logging_mixin.py:188} INFO - [2025-07-31T01:49:44.173+0000] {dagbag.py:538} INFO - Filling up the DagBag from /home/airflow/.local/lib/python3.8/site-packages/airflow/example_dags/example_branch_datetime_operator.py
[2025-07-31T01:49:44.187+0000] {processor.py:840} INFO - DAG(s) 'example_branch_datetime_operator_2', 'example_branch_datetime_operator', 'example_branch_datetime_operator_3' retrieved from /home/airflow/.local/lib/python3.8/site-packages/airflow/example_dags/example_branch_datetime_operator.py
[2025-07-31T01:49:44.230+0000] {logging_mixin.py:188} INFO - [2025-07-31T01:49:44.230+0000] {dag.py:3036} INFO - Sync 3 DAGs
[2025-07-31T01:49:44.264+0000] {logging_mixin.py:188} INFO - [2025-07-31T01:49:44.264+0000] {dag.py:3823} INFO - Setting next_dagrun for example_branch_datetime_operator to 2025-07-30 00:00:00+00:00, run_after=2025-07-31 00:00:00+00:00
[2025-07-31T01:49:44.274+0000] {logging_mixin.py:188} INFO - [2025-07-31T01:49:44.274+0000] {dag.py:3823} INFO - Setting next_dagrun for example_branch_datetime_operator_2 to 2025-07-30 00:00:00+00:00, run_after=2025-07-31 00:00:00+00:00
[2025-07-31T01:49:44.280+0000] {logging_mixin.py:188} INFO - [2025-07-31T01:49:44.280+0000] {dag.py:3823} INFO - Setting next_dagrun for example_branch_datetime_operator_3 to 2025-07-30 00:00:00+00:00, run_after=2025-07-31 00:00:00+00:00
[2025-07-31T01:49:44.305+0000] {processor.py:183} INFO - Processing /home/airflow/.local/lib/python3.8/site-packages/airflow/example_dags/example_branch_datetime_operator.py took 0.141 seconds
[2025-07-31T01:50:15.180+0000] {processor.py:161} INFO - Started process (PID=258) to work on /home/airflow/.local/lib/python3.8/site-packages/airflow/example_dags/example_branch_datetime_operator.py
[2025-07-31T01:50:15.182+0000] {processor.py:830} INFO - Processing file /home/airflow/.local/lib/python3.8/site-packages/airflow/example_dags/example_branch_datetime_operator.py for tasks to queue
[2025-07-31T01:50:15.185+0000] {logging_mixin.py:188} INFO - [2025-07-31T01:50:15.185+0000] {dagbag.py:538} INFO - Filling up the DagBag from /home/airflow/.local/lib/python3.8/site-packages/airflow/example_dags/example_branch_datetime_operator.py
[2025-07-31T01:50:15.203+0000] {processor.py:840} INFO - DAG(s) 'example_branch_datetime_operator_2', 'example_branch_datetime_operator_3', 'example_branch_datetime_operator' retrieved from /home/airflow/.local/lib/python3.8/site-packages/airflow/example_dags/example_branch_datetime_operator.py
[2025-07-31T01:50:15.244+0000] {logging_mixin.py:188} INFO - [2025-07-31T01:50:15.244+0000] {dag.py:3036} INFO - Sync 3 DAGs
[2025-07-31T01:50:15.288+0000] {logging_mixin.py:188} INFO - [2025-07-31T01:50:15.287+0000] {dag.py:3823} INFO - Setting next_dagrun for example_branch_datetime_operator to 2025-07-30 00:00:00+00:00, run_after=2025-07-31 00:00:00+00:00
[2025-07-31T01:50:15.302+0000] {logging_mixin.py:188} INFO - [2025-07-31T01:50:15.302+0000] {dag.py:3823} INFO - Setting next_dagrun for example_branch_datetime_operator_2 to 2025-07-30 00:00:00+00:00, run_after=2025-07-31 00:00:00+00:00
[2025-07-31T01:50:15.309+0000] {logging_mixin.py:188} INFO - [2025-07-31T01:50:15.308+0000] {dag.py:3823} INFO - Setting next_dagrun for example_branch_datetime_operator_3 to 2025-07-30 00:00:00+00:00, run_after=2025-07-31 00:00:00+00:00
[2025-07-31T01:50:15.351+0000] {processor.py:183} INFO - Processing /home/airflow/.local/lib/python3.8/site-packages/airflow/example_dags/example_branch_datetime_operator.py took 0.176 seconds
[2025-07-31T01:50:46.124+0000] {processor.py:161} INFO - Started process (PID=314) to work on /home/airflow/.local/lib/python3.8/site-packages/airflow/example_dags/example_branch_datetime_operator.py
[2025-07-31T01:50:46.126+0000] {processor.py:830} INFO - Processing file /home/airflow/.local/lib/python3.8/site-packages/airflow/example_dags/example_branch_datetime_operator.py for tasks to queue
[2025-07-31T01:50:46.133+0000] {logging_mixin.py:188} INFO - [2025-07-31T01:50:46.132+0000] {dagbag.py:538} INFO - Filling up the DagBag from /home/airflow/.local/lib/python3.8/site-packages/airflow/example_dags/example_branch_datetime_operator.py
[2025-07-31T01:50:46.155+0000] {processor.py:840} INFO - DAG(s) 'example_branch_datetime_operator_3', 'example_branch_datetime_operator', 'example_branch_datetime_operator_2' retrieved from /home/airflow/.local/lib/python3.8/site-packages/airflow/example_dags/example_branch_datetime_operator.py
[2025-07-31T01:50:46.223+0000] {logging_mixin.py:188} INFO - [2025-07-31T01:50:46.223+0000] {dag.py:3036} INFO - Sync 3 DAGs
[2025-07-31T01:50:46.278+0000] {logging_mixin.py:188} INFO - [2025-07-31T01:50:46.278+0000] {dag.py:3823} INFO - Setting next_dagrun for example_branch_datetime_operator to 2025-07-30 00:00:00+00:00, run_after=2025-07-31 00:00:00+00:00
[2025-07-31T01:50:46.290+0000] {logging_mixin.py:188} INFO - [2025-07-31T01:50:46.290+0000] {dag.py:3823} INFO - Setting next_dagrun for example_branch_datetime_operator_2 to 2025-07-30 00:00:00+00:00, run_after=2025-07-31 00:00:00+00:00
[2025-07-31T01:50:46.298+0000] {logging_mixin.py:188} INFO - [2025-07-31T01:50:46.297+0000] {dag.py:3823} INFO - Setting next_dagrun for example_branch_datetime_operator_3 to 2025-07-30 00:00:00+00:00, run_after=2025-07-31 00:00:00+00:00
[2025-07-31T01:50:46.329+0000] {processor.py:183} INFO - Processing /home/airflow/.local/lib/python3.8/site-packages/airflow/example_dags/example_branch_datetime_operator.py took 0.213 seconds
[2025-07-31T01:51:16.421+0000] {processor.py:161} INFO - Started process (PID=370) to work on /home/airflow/.local/lib/python3.8/site-packages/airflow/example_dags/example_branch_datetime_operator.py
[2025-07-31T01:51:16.423+0000] {processor.py:830} INFO - Processing file /home/airflow/.local/lib/python3.8/site-packages/airflow/example_dags/example_branch_datetime_operator.py for tasks to queue
[2025-07-31T01:51:16.426+0000] {logging_mixin.py:188} INFO - [2025-07-31T01:51:16.426+0000] {dagbag.py:538} INFO - Filling up the DagBag from /home/airflow/.local/lib/python3.8/site-packages/airflow/example_dags/example_branch_datetime_operator.py
[2025-07-31T01:51:16.478+0000] {processor.py:840} INFO - DAG(s) 'example_branch_datetime_operator_2', 'example_branch_datetime_operator', 'example_branch_datetime_operator_3' retrieved from /home/airflow/.local/lib/python3.8/site-packages/airflow/example_dags/example_branch_datetime_operator.py
[2025-07-31T01:51:16.575+0000] {logging_mixin.py:188} INFO - [2025-07-31T01:51:16.575+0000] {dag.py:3036} INFO - Sync 3 DAGs
[2025-07-31T01:51:16.619+0000] {logging_mixin.py:188} INFO - [2025-07-31T01:51:16.619+0000] {dag.py:3823} INFO - Setting next_dagrun for example_branch_datetime_operator to 2025-07-30 00:00:00+00:00, run_after=2025-07-31 00:00:00+00:00
[2025-07-31T01:51:16.630+0000] {logging_mixin.py:188} INFO - [2025-07-31T01:51:16.629+0000] {dag.py:3823} INFO - Setting next_dagrun for example_branch_datetime_operator_2 to 2025-07-30 00:00:00+00:00, run_after=2025-07-31 00:00:00+00:00
[2025-07-31T01:51:16.636+0000] {logging_mixin.py:188} INFO - [2025-07-31T01:51:16.636+0000] {dag.py:3823} INFO - Setting next_dagrun for example_branch_datetime_operator_3 to 2025-07-30 00:00:00+00:00, run_after=2025-07-31 00:00:00+00:00
[2025-07-31T01:51:16.668+0000] {processor.py:183} INFO - Processing /home/airflow/.local/lib/python3.8/site-packages/airflow/example_dags/example_branch_datetime_operator.py took 0.257 seconds
[2025-07-31T01:51:46.977+0000] {processor.py:161} INFO - Started process (PID=425) to work on /home/airflow/.local/lib/python3.8/site-packages/airflow/example_dags/example_branch_datetime_operator.py
[2025-07-31T01:51:46.982+0000] {processor.py:830} INFO - Processing file /home/airflow/.local/lib/python3.8/site-packages/airflow/example_dags/example_branch_datetime_operator.py for tasks to queue
[2025-07-31T01:51:46.987+0000] {logging_mixin.py:188} INFO - [2025-07-31T01:51:46.986+0000] {dagbag.py:538} INFO - Filling up the DagBag from /home/airflow/.local/lib/python3.8/site-packages/airflow/example_dags/example_branch_datetime_operator.py
[2025-07-31T01:51:47.005+0000] {processor.py:840} INFO - DAG(s) 'example_branch_datetime_operator', 'example_branch_datetime_operator_2', 'example_branch_datetime_operator_3' retrieved from /home/airflow/.local/lib/python3.8/site-packages/airflow/example_dags/example_branch_datetime_operator.py
[2025-07-31T01:51:47.044+0000] {logging_mixin.py:188} INFO - [2025-07-31T01:51:47.044+0000] {dag.py:3036} INFO - Sync 3 DAGs
[2025-07-31T01:51:47.075+0000] {logging_mixin.py:188} INFO - [2025-07-31T01:51:47.075+0000] {dag.py:3823} INFO - Setting next_dagrun for example_branch_datetime_operator to 2025-07-30 00:00:00+00:00, run_after=2025-07-31 00:00:00+00:00
[2025-07-31T01:51:47.083+0000] {logging_mixin.py:188} INFO - [2025-07-31T01:51:47.083+0000] {dag.py:3823} INFO - Setting next_dagrun for example_branch_datetime_operator_2 to 2025-07-30 00:00:00+00:00, run_after=2025-07-31 00:00:00+00:00
[2025-07-31T01:51:47.091+0000] {logging_mixin.py:188} INFO - [2025-07-31T01:51:47.091+0000] {dag.py:3823} INFO - Setting next_dagrun for example_branch_datetime_operator_3 to 2025-07-30 00:00:00+00:00, run_after=2025-07-31 00:00:00+00:00
[2025-07-31T01:51:47.124+0000] {processor.py:183} INFO - Processing /home/airflow/.local/lib/python3.8/site-packages/airflow/example_dags/example_branch_datetime_operator.py took 0.153 seconds
[2025-07-31T01:52:17.490+0000] {processor.py:161} INFO - Started process (PID=481) to work on /home/airflow/.local/lib/python3.8/site-packages/airflow/example_dags/example_branch_datetime_operator.py
[2025-07-31T01:52:17.493+0000] {processor.py:830} INFO - Processing file /home/airflow/.local/lib/python3.8/site-packages/airflow/example_dags/example_branch_datetime_operator.py for tasks to queue
[2025-07-31T01:52:17.496+0000] {logging_mixin.py:188} INFO - [2025-07-31T01:52:17.496+0000] {dagbag.py:538} INFO - Filling up the DagBag from /home/airflow/.local/lib/python3.8/site-packages/airflow/example_dags/example_branch_datetime_operator.py
[2025-07-31T01:52:17.518+0000] {processor.py:840} INFO - DAG(s) 'example_branch_datetime_operator_2', 'example_branch_datetime_operator_3', 'example_branch_datetime_operator' retrieved from /home/airflow/.local/lib/python3.8/site-packages/airflow/example_dags/example_branch_datetime_operator.py
[2025-07-31T01:52:17.560+0000] {logging_mixin.py:188} INFO - [2025-07-31T01:52:17.560+0000] {dag.py:3036} INFO - Sync 3 DAGs
[2025-07-31T01:52:17.601+0000] {logging_mixin.py:188} INFO - [2025-07-31T01:52:17.601+0000] {dag.py:3823} INFO - Setting next_dagrun for example_branch_datetime_operator to 2025-07-30 00:00:00+00:00, run_after=2025-07-31 00:00:00+00:00
[2025-07-31T01:52:17.612+0000] {logging_mixin.py:188} INFO - [2025-07-31T01:52:17.611+0000] {dag.py:3823} INFO - Setting next_dagrun for example_branch_datetime_operator_2 to 2025-07-30 00:00:00+00:00, run_after=2025-07-31 00:00:00+00:00
[2025-07-31T01:52:17.618+0000] {logging_mixin.py:188} INFO - [2025-07-31T01:52:17.617+0000] {dag.py:3823} INFO - Setting next_dagrun for example_branch_datetime_operator_3 to 2025-07-30 00:00:00+00:00, run_after=2025-07-31 00:00:00+00:00
[2025-07-31T01:52:17.665+0000] {processor.py:183} INFO - Processing /home/airflow/.local/lib/python3.8/site-packages/airflow/example_dags/example_branch_datetime_operator.py took 0.182 seconds
[2025-07-31T01:52:48.049+0000] {processor.py:161} INFO - Started process (PID=537) to work on /home/airflow/.local/lib/python3.8/site-packages/airflow/example_dags/example_branch_datetime_operator.py
[2025-07-31T01:52:48.051+0000] {processor.py:830} INFO - Processing file /home/airflow/.local/lib/python3.8/site-packages/airflow/example_dags/example_branch_datetime_operator.py for tasks to queue
[2025-07-31T01:52:48.055+0000] {logging_mixin.py:188} INFO - [2025-07-31T01:52:48.054+0000] {dagbag.py:538} INFO - Filling up the DagBag from /home/airflow/.local/lib/python3.8/site-packages/airflow/example_dags/example_branch_datetime_operator.py
[2025-07-31T01:52:48.107+0000] {processor.py:840} INFO - DAG(s) 'example_branch_datetime_operator', 'example_branch_datetime_operator_3', 'example_branch_datetime_operator_2' retrieved from /home/airflow/.local/lib/python3.8/site-packages/airflow/example_dags/example_branch_datetime_operator.py
[2025-07-31T01:52:48.243+0000] {logging_mixin.py:188} INFO - [2025-07-31T01:52:48.243+0000] {dag.py:3036} INFO - Sync 3 DAGs
[2025-07-31T01:52:48.283+0000] {logging_mixin.py:188} INFO - [2025-07-31T01:52:48.283+0000] {dag.py:3823} INFO - Setting next_dagrun for example_branch_datetime_operator to 2025-07-30 00:00:00+00:00, run_after=2025-07-31 00:00:00+00:00
[2025-07-31T01:52:48.295+0000] {logging_mixin.py:188} INFO - [2025-07-31T01:52:48.295+0000] {dag.py:3823} INFO - Setting next_dagrun for example_branch_datetime_operator_2 to 2025-07-30 00:00:00+00:00, run_after=2025-07-31 00:00:00+00:00
[2025-07-31T01:52:48.303+0000] {logging_mixin.py:188} INFO - [2025-07-31T01:52:48.303+0000] {dag.py:3823} INFO - Setting next_dagrun for example_branch_datetime_operator_3 to 2025-07-30 00:00:00+00:00, run_after=2025-07-31 00:00:00+00:00
[2025-07-31T01:52:48.335+0000] {processor.py:183} INFO - Processing /home/airflow/.local/lib/python3.8/site-packages/airflow/example_dags/example_branch_datetime_operator.py took 0.296 seconds
[2025-07-31T01:53:18.944+0000] {processor.py:161} INFO - Started process (PID=593) to work on /home/airflow/.local/lib/python3.8/site-packages/airflow/example_dags/example_branch_datetime_operator.py
[2025-07-31T01:53:18.947+0000] {processor.py:830} INFO - Processing file /home/airflow/.local/lib/python3.8/site-packages/airflow/example_dags/example_branch_datetime_operator.py for tasks to queue
[2025-07-31T01:53:18.953+0000] {logging_mixin.py:188} INFO - [2025-07-31T01:53:18.952+0000] {dagbag.py:538} INFO - Filling up the DagBag from /home/airflow/.local/lib/python3.8/site-packages/airflow/example_dags/example_branch_datetime_operator.py
[2025-07-31T01:53:18.985+0000] {processor.py:840} INFO - DAG(s) 'example_branch_datetime_operator', 'example_branch_datetime_operator_2', 'example_branch_datetime_operator_3' retrieved from /home/airflow/.local/lib/python3.8/site-packages/airflow/example_dags/example_branch_datetime_operator.py
[2025-07-31T01:53:19.059+0000] {logging_mixin.py:188} INFO - [2025-07-31T01:53:19.056+0000] {dag.py:3036} INFO - Sync 3 DAGs
[2025-07-31T01:53:19.131+0000] {logging_mixin.py:188} INFO - [2025-07-31T01:53:19.130+0000] {dag.py:3823} INFO - Setting next_dagrun for example_branch_datetime_operator to 2025-07-30 00:00:00+00:00, run_after=2025-07-31 00:00:00+00:00
[2025-07-31T01:53:19.147+0000] {logging_mixin.py:188} INFO - [2025-07-31T01:53:19.146+0000] {dag.py:3823} INFO - Setting next_dagrun for example_branch_datetime_operator_2 to 2025-07-30 00:00:00+00:00, run_after=2025-07-31 00:00:00+00:00
[2025-07-31T01:53:19.154+0000] {logging_mixin.py:188} INFO - [2025-07-31T01:53:19.153+0000] {dag.py:3823} INFO - Setting next_dagrun for example_branch_datetime_operator_3 to 2025-07-30 00:00:00+00:00, run_after=2025-07-31 00:00:00+00:00
[2025-07-31T01:53:19.215+0000] {processor.py:183} INFO - Processing /home/airflow/.local/lib/python3.8/site-packages/airflow/example_dags/example_branch_datetime_operator.py took 0.282 seconds
[2025-07-31T01:53:49.599+0000] {processor.py:161} INFO - Started process (PID=651) to work on /home/airflow/.local/lib/python3.8/site-packages/airflow/example_dags/example_branch_datetime_operator.py
[2025-07-31T01:53:49.601+0000] {processor.py:830} INFO - Processing file /home/airflow/.local/lib/python3.8/site-packages/airflow/example_dags/example_branch_datetime_operator.py for tasks to queue
[2025-07-31T01:53:49.605+0000] {logging_mixin.py:188} INFO - [2025-07-31T01:53:49.604+0000] {dagbag.py:538} INFO - Filling up the DagBag from /home/airflow/.local/lib/python3.8/site-packages/airflow/example_dags/example_branch_datetime_operator.py
[2025-07-31T01:53:49.666+0000] {processor.py:840} INFO - DAG(s) 'example_branch_datetime_operator', 'example_branch_datetime_operator_2', 'example_branch_datetime_operator_3' retrieved from /home/airflow/.local/lib/python3.8/site-packages/airflow/example_dags/example_branch_datetime_operator.py
[2025-07-31T01:53:49.745+0000] {logging_mixin.py:188} INFO - [2025-07-31T01:53:49.745+0000] {dag.py:3036} INFO - Sync 3 DAGs
[2025-07-31T01:53:49.819+0000] {logging_mixin.py:188} INFO - [2025-07-31T01:53:49.818+0000] {dag.py:3823} INFO - Setting next_dagrun for example_branch_datetime_operator to 2025-07-30 00:00:00+00:00, run_after=2025-07-31 00:00:00+00:00
[2025-07-31T01:53:49.834+0000] {logging_mixin.py:188} INFO - [2025-07-31T01:53:49.833+0000] {dag.py:3823} INFO - Setting next_dagrun for example_branch_datetime_operator_2 to 2025-07-30 00:00:00+00:00, run_after=2025-07-31 00:00:00+00:00
[2025-07-31T01:53:49.840+0000] {logging_mixin.py:188} INFO - [2025-07-31T01:53:49.839+0000] {dag.py:3823} INFO - Setting next_dagrun for example_branch_datetime_operator_3 to 2025-07-30 00:00:00+00:00, run_after=2025-07-31 00:00:00+00:00
[2025-07-31T01:53:49.877+0000] {processor.py:183} INFO - Processing /home/airflow/.local/lib/python3.8/site-packages/airflow/example_dags/example_branch_datetime_operator.py took 0.296 seconds
[2025-07-31T01:54:23.056+0000] {processor.py:161} INFO - Started process (PID=708) to work on /home/airflow/.local/lib/python3.8/site-packages/airflow/example_dags/example_branch_datetime_operator.py
[2025-07-31T01:54:23.057+0000] {processor.py:830} INFO - Processing file /home/airflow/.local/lib/python3.8/site-packages/airflow/example_dags/example_branch_datetime_operator.py for tasks to queue
[2025-07-31T01:54:23.063+0000] {logging_mixin.py:188} INFO - [2025-07-31T01:54:23.061+0000] {dagbag.py:538} INFO - Filling up the DagBag from /home/airflow/.local/lib/python3.8/site-packages/airflow/example_dags/example_branch_datetime_operator.py
[2025-07-31T01:54:23.090+0000] {processor.py:840} INFO - DAG(s) 'example_branch_datetime_operator_2', 'example_branch_datetime_operator_3', 'example_branch_datetime_operator' retrieved from /home/airflow/.local/lib/python3.8/site-packages/airflow/example_dags/example_branch_datetime_operator.py
[2025-07-31T01:54:23.192+0000] {logging_mixin.py:188} INFO - [2025-07-31T01:54:23.191+0000] {dag.py:3036} INFO - Sync 3 DAGs
[2025-07-31T01:54:23.263+0000] {logging_mixin.py:188} INFO - [2025-07-31T01:54:23.262+0000] {dag.py:3823} INFO - Setting next_dagrun for example_branch_datetime_operator to 2025-07-30 00:00:00+00:00, run_after=2025-07-31 00:00:00+00:00
[2025-07-31T01:54:23.294+0000] {logging_mixin.py:188} INFO - [2025-07-31T01:54:23.293+0000] {dag.py:3823} INFO - Setting next_dagrun for example_branch_datetime_operator_2 to 2025-07-30 00:00:00+00:00, run_after=2025-07-31 00:00:00+00:00
[2025-07-31T01:54:23.305+0000] {logging_mixin.py:188} INFO - [2025-07-31T01:54:23.305+0000] {dag.py:3823} INFO - Setting next_dagrun for example_branch_datetime_operator_3 to 2025-07-30 00:00:00+00:00, run_after=2025-07-31 00:00:00+00:00
[2025-07-31T01:54:23.377+0000] {processor.py:183} INFO - Processing /home/airflow/.local/lib/python3.8/site-packages/airflow/example_dags/example_branch_datetime_operator.py took 0.329 seconds
[2025-07-31T01:54:53.778+0000] {processor.py:161} INFO - Started process (PID=765) to work on /home/airflow/.local/lib/python3.8/site-packages/airflow/example_dags/example_branch_datetime_operator.py
[2025-07-31T01:54:53.780+0000] {processor.py:830} INFO - Processing file /home/airflow/.local/lib/python3.8/site-packages/airflow/example_dags/example_branch_datetime_operator.py for tasks to queue
[2025-07-31T01:54:53.783+0000] {logging_mixin.py:188} INFO - [2025-07-31T01:54:53.783+0000] {dagbag.py:538} INFO - Filling up the DagBag from /home/airflow/.local/lib/python3.8/site-packages/airflow/example_dags/example_branch_datetime_operator.py
[2025-07-31T01:54:53.800+0000] {processor.py:840} INFO - DAG(s) 'example_branch_datetime_operator_2', 'example_branch_datetime_operator_3', 'example_branch_datetime_operator' retrieved from /home/airflow/.local/lib/python3.8/site-packages/airflow/example_dags/example_branch_datetime_operator.py
[2025-07-31T01:54:53.848+0000] {logging_mixin.py:188} INFO - [2025-07-31T01:54:53.847+0000] {dag.py:3036} INFO - Sync 3 DAGs
[2025-07-31T01:54:53.920+0000] {logging_mixin.py:188} INFO - [2025-07-31T01:54:53.919+0000] {dag.py:3823} INFO - Setting next_dagrun for example_branch_datetime_operator to 2025-07-30 00:00:00+00:00, run_after=2025-07-31 00:00:00+00:00
[2025-07-31T01:54:53.942+0000] {logging_mixin.py:188} INFO - [2025-07-31T01:54:53.941+0000] {dag.py:3823} INFO - Setting next_dagrun for example_branch_datetime_operator_2 to 2025-07-30 00:00:00+00:00, run_after=2025-07-31 00:00:00+00:00
[2025-07-31T01:54:53.959+0000] {logging_mixin.py:188} INFO - [2025-07-31T01:54:53.958+0000] {dag.py:3823} INFO - Setting next_dagrun for example_branch_datetime_operator_3 to 2025-07-30 00:00:00+00:00, run_after=2025-07-31 00:00:00+00:00
[2025-07-31T01:54:54.044+0000] {processor.py:183} INFO - Processing /home/airflow/.local/lib/python3.8/site-packages/airflow/example_dags/example_branch_datetime_operator.py took 0.274 seconds
[2025-07-31T01:55:24.832+0000] {processor.py:161} INFO - Started process (PID=822) to work on /home/airflow/.local/lib/python3.8/site-packages/airflow/example_dags/example_branch_datetime_operator.py
[2025-07-31T01:55:24.834+0000] {processor.py:830} INFO - Processing file /home/airflow/.local/lib/python3.8/site-packages/airflow/example_dags/example_branch_datetime_operator.py for tasks to queue
[2025-07-31T01:55:24.836+0000] {logging_mixin.py:188} INFO - [2025-07-31T01:55:24.836+0000] {dagbag.py:538} INFO - Filling up the DagBag from /home/airflow/.local/lib/python3.8/site-packages/airflow/example_dags/example_branch_datetime_operator.py
[2025-07-31T01:55:24.878+0000] {processor.py:840} INFO - DAG(s) 'example_branch_datetime_operator', 'example_branch_datetime_operator_2', 'example_branch_datetime_operator_3' retrieved from /home/airflow/.local/lib/python3.8/site-packages/airflow/example_dags/example_branch_datetime_operator.py
[2025-07-31T01:55:24.994+0000] {logging_mixin.py:188} INFO - [2025-07-31T01:55:24.994+0000] {dag.py:3036} INFO - Sync 3 DAGs
[2025-07-31T01:55:25.055+0000] {logging_mixin.py:188} INFO - [2025-07-31T01:55:25.055+0000] {dag.py:3823} INFO - Setting next_dagrun for example_branch_datetime_operator to 2025-07-30 00:00:00+00:00, run_after=2025-07-31 00:00:00+00:00
[2025-07-31T01:55:25.083+0000] {logging_mixin.py:188} INFO - [2025-07-31T01:55:25.083+0000] {dag.py:3823} INFO - Setting next_dagrun for example_branch_datetime_operator_2 to 2025-07-30 00:00:00+00:00, run_after=2025-07-31 00:00:00+00:00
[2025-07-31T01:55:25.094+0000] {logging_mixin.py:188} INFO - [2025-07-31T01:55:25.091+0000] {dag.py:3823} INFO - Setting next_dagrun for example_branch_datetime_operator_3 to 2025-07-30 00:00:00+00:00, run_after=2025-07-31 00:00:00+00:00
[2025-07-31T01:55:25.175+0000] {processor.py:183} INFO - Processing /home/airflow/.local/lib/python3.8/site-packages/airflow/example_dags/example_branch_datetime_operator.py took 0.347 seconds
[2025-07-31T01:55:55.321+0000] {processor.py:161} INFO - Started process (PID=879) to work on /home/airflow/.local/lib/python3.8/site-packages/airflow/example_dags/example_branch_datetime_operator.py
[2025-07-31T01:55:55.324+0000] {processor.py:830} INFO - Processing file /home/airflow/.local/lib/python3.8/site-packages/airflow/example_dags/example_branch_datetime_operator.py for tasks to queue
[2025-07-31T01:55:55.327+0000] {logging_mixin.py:188} INFO - [2025-07-31T01:55:55.327+0000] {dagbag.py:538} INFO - Filling up the DagBag from /home/airflow/.local/lib/python3.8/site-packages/airflow/example_dags/example_branch_datetime_operator.py
[2025-07-31T01:55:55.347+0000] {processor.py:840} INFO - DAG(s) 'example_branch_datetime_operator', 'example_branch_datetime_operator_3', 'example_branch_datetime_operator_2' retrieved from /home/airflow/.local/lib/python3.8/site-packages/airflow/example_dags/example_branch_datetime_operator.py
[2025-07-31T01:55:55.418+0000] {logging_mixin.py:188} INFO - [2025-07-31T01:55:55.417+0000] {dag.py:3036} INFO - Sync 3 DAGs
[2025-07-31T01:55:55.458+0000] {logging_mixin.py:188} INFO - [2025-07-31T01:55:55.458+0000] {dag.py:3823} INFO - Setting next_dagrun for example_branch_datetime_operator to 2025-07-30 00:00:00+00:00, run_after=2025-07-31 00:00:00+00:00
[2025-07-31T01:55:55.471+0000] {logging_mixin.py:188} INFO - [2025-07-31T01:55:55.471+0000] {dag.py:3823} INFO - Setting next_dagrun for example_branch_datetime_operator_2 to 2025-07-30 00:00:00+00:00, run_after=2025-07-31 00:00:00+00:00
[2025-07-31T01:55:55.475+0000] {logging_mixin.py:188} INFO - [2025-07-31T01:55:55.475+0000] {dag.py:3823} INFO - Setting next_dagrun for example_branch_datetime_operator_3 to 2025-07-30 00:00:00+00:00, run_after=2025-07-31 00:00:00+00:00
[2025-07-31T01:55:55.504+0000] {processor.py:183} INFO - Processing /home/airflow/.local/lib/python3.8/site-packages/airflow/example_dags/example_branch_datetime_operator.py took 0.190 seconds
[2025-07-31T01:56:26.333+0000] {processor.py:161} INFO - Started process (PID=936) to work on /home/airflow/.local/lib/python3.8/site-packages/airflow/example_dags/example_branch_datetime_operator.py
[2025-07-31T01:56:26.335+0000] {processor.py:830} INFO - Processing file /home/airflow/.local/lib/python3.8/site-packages/airflow/example_dags/example_branch_datetime_operator.py for tasks to queue
[2025-07-31T01:56:26.339+0000] {logging_mixin.py:188} INFO - [2025-07-31T01:56:26.339+0000] {dagbag.py:538} INFO - Filling up the DagBag from /home/airflow/.local/lib/python3.8/site-packages/airflow/example_dags/example_branch_datetime_operator.py
[2025-07-31T01:56:26.367+0000] {processor.py:840} INFO - DAG(s) 'example_branch_datetime_operator_3', 'example_branch_datetime_operator_2', 'example_branch_datetime_operator' retrieved from /home/airflow/.local/lib/python3.8/site-packages/airflow/example_dags/example_branch_datetime_operator.py
[2025-07-31T01:56:26.493+0000] {logging_mixin.py:188} INFO - [2025-07-31T01:56:26.492+0000] {dag.py:3036} INFO - Sync 3 DAGs
[2025-07-31T01:56:26.620+0000] {logging_mixin.py:188} INFO - [2025-07-31T01:56:26.620+0000] {dag.py:3823} INFO - Setting next_dagrun for example_branch_datetime_operator to 2025-07-30 00:00:00+00:00, run_after=2025-07-31 00:00:00+00:00
[2025-07-31T01:56:26.634+0000] {logging_mixin.py:188} INFO - [2025-07-31T01:56:26.633+0000] {dag.py:3823} INFO - Setting next_dagrun for example_branch_datetime_operator_2 to 2025-07-30 00:00:00+00:00, run_after=2025-07-31 00:00:00+00:00
[2025-07-31T01:56:26.639+0000] {logging_mixin.py:188} INFO - [2025-07-31T01:56:26.639+0000] {dag.py:3823} INFO - Setting next_dagrun for example_branch_datetime_operator_3 to 2025-07-30 00:00:00+00:00, run_after=2025-07-31 00:00:00+00:00
[2025-07-31T01:56:26.688+0000] {processor.py:183} INFO - Processing /home/airflow/.local/lib/python3.8/site-packages/airflow/example_dags/example_branch_datetime_operator.py took 0.361 seconds
