[2025-07-31T01:40:58.294+0000] {processor.py:161} INFO - Started process (PID=95) to work on /home/airflow/.local/lib/python3.8/site-packages/airflow/example_dags/example_latest_only_with_trigger.py
[2025-07-31T01:40:58.296+0000] {processor.py:830} INFO - Processing file /home/airflow/.local/lib/python3.8/site-packages/airflow/example_dags/example_latest_only_with_trigger.py for tasks to queue
[2025-07-31T01:40:58.300+0000] {logging_mixin.py:188} INFO - [2025-07-31T01:40:58.299+0000] {dagbag.py:538} INFO - Filling up the DagBag from /home/airflow/.local/lib/python3.8/site-packages/airflow/example_dags/example_latest_only_with_trigger.py
[2025-07-31T01:40:58.322+0000] {processor.py:840} INFO - DAG(s) 'latest_only_with_trigger' retrieved from /home/airflow/.local/lib/python3.8/site-packages/airflow/example_dags/example_latest_only_with_trigger.py
[2025-07-31T01:40:58.741+0000] {logging_mixin.py:188} INFO - [2025-07-31T01:40:58.740+0000] {dag.py:3036} INFO - Sync 1 DAGs
[2025-07-31T01:40:58.795+0000] {logging_mixin.py:188} INFO - [2025-07-31T01:40:58.794+0000] {dag.py:3823} INFO - Setting next_dagrun for latest_only_with_trigger to 2025-07-30 20:00:00+00:00, run_after=2025-07-31 00:00:00+00:00
[2025-07-31T01:40:58.841+0000] {processor.py:183} INFO - Processing /home/airflow/.local/lib/python3.8/site-packages/airflow/example_dags/example_latest_only_with_trigger.py took 0.554 seconds
[2025-07-31T01:41:29.331+0000] {processor.py:161} INFO - Started process (PID=150) to work on /home/airflow/.local/lib/python3.8/site-packages/airflow/example_dags/example_latest_only_with_trigger.py
[2025-07-31T01:41:29.333+0000] {processor.py:830} INFO - Processing file /home/airflow/.local/lib/python3.8/site-packages/airflow/example_dags/example_latest_only_with_trigger.py for tasks to queue
[2025-07-31T01:41:29.336+0000] {logging_mixin.py:188} INFO - [2025-07-31T01:41:29.336+0000] {dagbag.py:538} INFO - Filling up the DagBag from /home/airflow/.local/lib/python3.8/site-packages/airflow/example_dags/example_latest_only_with_trigger.py
[2025-07-31T01:41:29.354+0000] {processor.py:840} INFO - DAG(s) 'latest_only_with_trigger' retrieved from /home/airflow/.local/lib/python3.8/site-packages/airflow/example_dags/example_latest_only_with_trigger.py
[2025-07-31T01:41:29.400+0000] {logging_mixin.py:188} INFO - [2025-07-31T01:41:29.400+0000] {dag.py:3036} INFO - Sync 1 DAGs
[2025-07-31T01:41:29.441+0000] {logging_mixin.py:188} INFO - [2025-07-31T01:41:29.440+0000] {dag.py:3823} INFO - Setting next_dagrun for latest_only_with_trigger to 2025-07-30 20:00:00+00:00, run_after=2025-07-31 00:00:00+00:00
[2025-07-31T01:41:29.512+0000] {processor.py:183} INFO - Processing /home/airflow/.local/lib/python3.8/site-packages/airflow/example_dags/example_latest_only_with_trigger.py took 0.187 seconds
[2025-07-31T01:42:00.537+0000] {processor.py:161} INFO - Started process (PID=205) to work on /home/airflow/.local/lib/python3.8/site-packages/airflow/example_dags/example_latest_only_with_trigger.py
[2025-07-31T01:42:00.539+0000] {processor.py:830} INFO - Processing file /home/airflow/.local/lib/python3.8/site-packages/airflow/example_dags/example_latest_only_with_trigger.py for tasks to queue
[2025-07-31T01:42:00.545+0000] {logging_mixin.py:188} INFO - [2025-07-31T01:42:00.544+0000] {dagbag.py:538} INFO - Filling up the DagBag from /home/airflow/.local/lib/python3.8/site-packages/airflow/example_dags/example_latest_only_with_trigger.py
[2025-07-31T01:42:00.555+0000] {processor.py:840} INFO - DAG(s) 'latest_only_with_trigger' retrieved from /home/airflow/.local/lib/python3.8/site-packages/airflow/example_dags/example_latest_only_with_trigger.py
[2025-07-31T01:42:00.603+0000] {logging_mixin.py:188} INFO - [2025-07-31T01:42:00.603+0000] {dag.py:3036} INFO - Sync 1 DAGs
[2025-07-31T01:42:00.637+0000] {logging_mixin.py:188} INFO - [2025-07-31T01:42:00.637+0000] {dag.py:3823} INFO - Setting next_dagrun for latest_only_with_trigger to 2025-07-30 20:00:00+00:00, run_after=2025-07-31 00:00:00+00:00
[2025-07-31T01:42:00.677+0000] {processor.py:183} INFO - Processing /home/airflow/.local/lib/python3.8/site-packages/airflow/example_dags/example_latest_only_with_trigger.py took 0.146 seconds
[2025-07-31T01:42:30.774+0000] {processor.py:161} INFO - Started process (PID=261) to work on /home/airflow/.local/lib/python3.8/site-packages/airflow/example_dags/example_latest_only_with_trigger.py
[2025-07-31T01:42:30.776+0000] {processor.py:830} INFO - Processing file /home/airflow/.local/lib/python3.8/site-packages/airflow/example_dags/example_latest_only_with_trigger.py for tasks to queue
[2025-07-31T01:42:30.780+0000] {logging_mixin.py:188} INFO - [2025-07-31T01:42:30.779+0000] {dagbag.py:538} INFO - Filling up the DagBag from /home/airflow/.local/lib/python3.8/site-packages/airflow/example_dags/example_latest_only_with_trigger.py
[2025-07-31T01:42:30.788+0000] {processor.py:840} INFO - DAG(s) 'latest_only_with_trigger' retrieved from /home/airflow/.local/lib/python3.8/site-packages/airflow/example_dags/example_latest_only_with_trigger.py
[2025-07-31T01:42:30.841+0000] {logging_mixin.py:188} INFO - [2025-07-31T01:42:30.841+0000] {dag.py:3036} INFO - Sync 1 DAGs
[2025-07-31T01:42:30.881+0000] {logging_mixin.py:188} INFO - [2025-07-31T01:42:30.881+0000] {dag.py:3823} INFO - Setting next_dagrun for latest_only_with_trigger to 2025-07-30 20:00:00+00:00, run_after=2025-07-31 00:00:00+00:00
[2025-07-31T01:42:30.905+0000] {processor.py:183} INFO - Processing /home/airflow/.local/lib/python3.8/site-packages/airflow/example_dags/example_latest_only_with_trigger.py took 0.137 seconds
[2025-07-31T01:43:01.279+0000] {processor.py:161} INFO - Started process (PID=316) to work on /home/airflow/.local/lib/python3.8/site-packages/airflow/example_dags/example_latest_only_with_trigger.py
[2025-07-31T01:43:01.281+0000] {processor.py:830} INFO - Processing file /home/airflow/.local/lib/python3.8/site-packages/airflow/example_dags/example_latest_only_with_trigger.py for tasks to queue
[2025-07-31T01:43:01.287+0000] {logging_mixin.py:188} INFO - [2025-07-31T01:43:01.286+0000] {dagbag.py:538} INFO - Filling up the DagBag from /home/airflow/.local/lib/python3.8/site-packages/airflow/example_dags/example_latest_only_with_trigger.py
[2025-07-31T01:43:01.297+0000] {processor.py:840} INFO - DAG(s) 'latest_only_with_trigger' retrieved from /home/airflow/.local/lib/python3.8/site-packages/airflow/example_dags/example_latest_only_with_trigger.py
[2025-07-31T01:43:01.343+0000] {logging_mixin.py:188} INFO - [2025-07-31T01:43:01.343+0000] {dag.py:3036} INFO - Sync 1 DAGs
[2025-07-31T01:43:01.384+0000] {logging_mixin.py:188} INFO - [2025-07-31T01:43:01.384+0000] {dag.py:3823} INFO - Setting next_dagrun for latest_only_with_trigger to 2025-07-30 20:00:00+00:00, run_after=2025-07-31 00:00:00+00:00
[2025-07-31T01:43:01.423+0000] {processor.py:183} INFO - Processing /home/airflow/.local/lib/python3.8/site-packages/airflow/example_dags/example_latest_only_with_trigger.py took 0.150 seconds
[2025-07-31T01:43:32.248+0000] {processor.py:161} INFO - Started process (PID=370) to work on /home/airflow/.local/lib/python3.8/site-packages/airflow/example_dags/example_latest_only_with_trigger.py
[2025-07-31T01:43:32.251+0000] {processor.py:830} INFO - Processing file /home/airflow/.local/lib/python3.8/site-packages/airflow/example_dags/example_latest_only_with_trigger.py for tasks to queue
[2025-07-31T01:43:32.265+0000] {logging_mixin.py:188} INFO - [2025-07-31T01:43:32.264+0000] {dagbag.py:538} INFO - Filling up the DagBag from /home/airflow/.local/lib/python3.8/site-packages/airflow/example_dags/example_latest_only_with_trigger.py
[2025-07-31T01:43:32.290+0000] {processor.py:840} INFO - DAG(s) 'latest_only_with_trigger' retrieved from /home/airflow/.local/lib/python3.8/site-packages/airflow/example_dags/example_latest_only_with_trigger.py
[2025-07-31T01:43:32.369+0000] {logging_mixin.py:188} INFO - [2025-07-31T01:43:32.368+0000] {dag.py:3036} INFO - Sync 1 DAGs
[2025-07-31T01:43:32.407+0000] {logging_mixin.py:188} INFO - [2025-07-31T01:43:32.406+0000] {dag.py:3823} INFO - Setting next_dagrun for latest_only_with_trigger to 2025-07-30 20:00:00+00:00, run_after=2025-07-31 00:00:00+00:00
[2025-07-31T01:43:32.437+0000] {processor.py:183} INFO - Processing /home/airflow/.local/lib/python3.8/site-packages/airflow/example_dags/example_latest_only_with_trigger.py took 0.207 seconds
[2025-07-31T01:44:04.347+0000] {processor.py:161} INFO - Started process (PID=426) to work on /home/airflow/.local/lib/python3.8/site-packages/airflow/example_dags/example_latest_only_with_trigger.py
[2025-07-31T01:44:04.477+0000] {processor.py:830} INFO - Processing file /home/airflow/.local/lib/python3.8/site-packages/airflow/example_dags/example_latest_only_with_trigger.py for tasks to queue
[2025-07-31T01:44:04.613+0000] {logging_mixin.py:188} INFO - [2025-07-31T01:44:04.612+0000] {dagbag.py:538} INFO - Filling up the DagBag from /home/airflow/.local/lib/python3.8/site-packages/airflow/example_dags/example_latest_only_with_trigger.py
[2025-07-31T01:44:04.829+0000] {processor.py:840} INFO - DAG(s) 'latest_only_with_trigger' retrieved from /home/airflow/.local/lib/python3.8/site-packages/airflow/example_dags/example_latest_only_with_trigger.py
[2025-07-31T01:44:04.953+0000] {logging_mixin.py:188} INFO - [2025-07-31T01:44:04.953+0000] {dag.py:3036} INFO - Sync 1 DAGs
[2025-07-31T01:44:05.048+0000] {logging_mixin.py:188} INFO - [2025-07-31T01:44:05.047+0000] {dag.py:3823} INFO - Setting next_dagrun for latest_only_with_trigger to 2025-07-30 20:00:00+00:00, run_after=2025-07-31 00:00:00+00:00
[2025-07-31T01:44:05.265+0000] {processor.py:183} INFO - Processing /home/airflow/.local/lib/python3.8/site-packages/airflow/example_dags/example_latest_only_with_trigger.py took 0.989 seconds
[2025-07-31T01:44:35.783+0000] {processor.py:161} INFO - Started process (PID=486) to work on /home/airflow/.local/lib/python3.8/site-packages/airflow/example_dags/example_latest_only_with_trigger.py
[2025-07-31T01:44:35.792+0000] {processor.py:830} INFO - Processing file /home/airflow/.local/lib/python3.8/site-packages/airflow/example_dags/example_latest_only_with_trigger.py for tasks to queue
[2025-07-31T01:44:35.815+0000] {logging_mixin.py:188} INFO - [2025-07-31T01:44:35.814+0000] {dagbag.py:538} INFO - Filling up the DagBag from /home/airflow/.local/lib/python3.8/site-packages/airflow/example_dags/example_latest_only_with_trigger.py
[2025-07-31T01:44:35.866+0000] {processor.py:840} INFO - DAG(s) 'latest_only_with_trigger' retrieved from /home/airflow/.local/lib/python3.8/site-packages/airflow/example_dags/example_latest_only_with_trigger.py
[2025-07-31T01:44:36.094+0000] {logging_mixin.py:188} INFO - [2025-07-31T01:44:36.093+0000] {dag.py:3036} INFO - Sync 1 DAGs
[2025-07-31T01:44:36.280+0000] {logging_mixin.py:188} INFO - [2025-07-31T01:44:36.280+0000] {dag.py:3823} INFO - Setting next_dagrun for latest_only_with_trigger to 2025-07-30 20:00:00+00:00, run_after=2025-07-31 00:00:00+00:00
[2025-07-31T01:44:36.544+0000] {processor.py:183} INFO - Processing /home/airflow/.local/lib/python3.8/site-packages/airflow/example_dags/example_latest_only_with_trigger.py took 0.836 seconds
[2025-07-31T01:45:06.692+0000] {processor.py:161} INFO - Started process (PID=541) to work on /home/airflow/.local/lib/python3.8/site-packages/airflow/example_dags/example_latest_only_with_trigger.py
[2025-07-31T01:45:06.694+0000] {processor.py:830} INFO - Processing file /home/airflow/.local/lib/python3.8/site-packages/airflow/example_dags/example_latest_only_with_trigger.py for tasks to queue
[2025-07-31T01:45:06.697+0000] {logging_mixin.py:188} INFO - [2025-07-31T01:45:06.697+0000] {dagbag.py:538} INFO - Filling up the DagBag from /home/airflow/.local/lib/python3.8/site-packages/airflow/example_dags/example_latest_only_with_trigger.py
[2025-07-31T01:45:06.706+0000] {processor.py:840} INFO - DAG(s) 'latest_only_with_trigger' retrieved from /home/airflow/.local/lib/python3.8/site-packages/airflow/example_dags/example_latest_only_with_trigger.py
[2025-07-31T01:45:06.740+0000] {logging_mixin.py:188} INFO - [2025-07-31T01:45:06.740+0000] {dag.py:3036} INFO - Sync 1 DAGs
[2025-07-31T01:45:06.775+0000] {logging_mixin.py:188} INFO - [2025-07-31T01:45:06.774+0000] {dag.py:3823} INFO - Setting next_dagrun for latest_only_with_trigger to 2025-07-30 20:00:00+00:00, run_after=2025-07-31 00:00:00+00:00
[2025-07-31T01:45:06.809+0000] {processor.py:183} INFO - Processing /home/airflow/.local/lib/python3.8/site-packages/airflow/example_dags/example_latest_only_with_trigger.py took 0.124 seconds
[2025-07-31T01:45:37.145+0000] {processor.py:161} INFO - Started process (PID=595) to work on /home/airflow/.local/lib/python3.8/site-packages/airflow/example_dags/example_latest_only_with_trigger.py
[2025-07-31T01:45:37.147+0000] {processor.py:830} INFO - Processing file /home/airflow/.local/lib/python3.8/site-packages/airflow/example_dags/example_latest_only_with_trigger.py for tasks to queue
[2025-07-31T01:45:37.152+0000] {logging_mixin.py:188} INFO - [2025-07-31T01:45:37.151+0000] {dagbag.py:538} INFO - Filling up the DagBag from /home/airflow/.local/lib/python3.8/site-packages/airflow/example_dags/example_latest_only_with_trigger.py
[2025-07-31T01:45:37.161+0000] {processor.py:840} INFO - DAG(s) 'latest_only_with_trigger' retrieved from /home/airflow/.local/lib/python3.8/site-packages/airflow/example_dags/example_latest_only_with_trigger.py
[2025-07-31T01:45:37.197+0000] {logging_mixin.py:188} INFO - [2025-07-31T01:45:37.197+0000] {dag.py:3036} INFO - Sync 1 DAGs
[2025-07-31T01:45:37.247+0000] {logging_mixin.py:188} INFO - [2025-07-31T01:45:37.247+0000] {dag.py:3823} INFO - Setting next_dagrun for latest_only_with_trigger to 2025-07-30 20:00:00+00:00, run_after=2025-07-31 00:00:00+00:00
[2025-07-31T01:45:37.286+0000] {processor.py:183} INFO - Processing /home/airflow/.local/lib/python3.8/site-packages/airflow/example_dags/example_latest_only_with_trigger.py took 0.148 seconds
[2025-07-31T01:46:07.858+0000] {processor.py:161} INFO - Started process (PID=651) to work on /home/airflow/.local/lib/python3.8/site-packages/airflow/example_dags/example_latest_only_with_trigger.py
[2025-07-31T01:46:07.860+0000] {processor.py:830} INFO - Processing file /home/airflow/.local/lib/python3.8/site-packages/airflow/example_dags/example_latest_only_with_trigger.py for tasks to queue
[2025-07-31T01:46:07.863+0000] {logging_mixin.py:188} INFO - [2025-07-31T01:46:07.862+0000] {dagbag.py:538} INFO - Filling up the DagBag from /home/airflow/.local/lib/python3.8/site-packages/airflow/example_dags/example_latest_only_with_trigger.py
[2025-07-31T01:46:07.871+0000] {processor.py:840} INFO - DAG(s) 'latest_only_with_trigger' retrieved from /home/airflow/.local/lib/python3.8/site-packages/airflow/example_dags/example_latest_only_with_trigger.py
[2025-07-31T01:46:07.898+0000] {logging_mixin.py:188} INFO - [2025-07-31T01:46:07.898+0000] {dag.py:3036} INFO - Sync 1 DAGs
[2025-07-31T01:46:07.924+0000] {logging_mixin.py:188} INFO - [2025-07-31T01:46:07.924+0000] {dag.py:3823} INFO - Setting next_dagrun for latest_only_with_trigger to 2025-07-30 20:00:00+00:00, run_after=2025-07-31 00:00:00+00:00
[2025-07-31T01:46:07.950+0000] {processor.py:183} INFO - Processing /home/airflow/.local/lib/python3.8/site-packages/airflow/example_dags/example_latest_only_with_trigger.py took 0.096 seconds
[2025-07-31T01:46:38.185+0000] {processor.py:161} INFO - Started process (PID=707) to work on /home/airflow/.local/lib/python3.8/site-packages/airflow/example_dags/example_latest_only_with_trigger.py
[2025-07-31T01:46:38.188+0000] {processor.py:830} INFO - Processing file /home/airflow/.local/lib/python3.8/site-packages/airflow/example_dags/example_latest_only_with_trigger.py for tasks to queue
[2025-07-31T01:46:38.191+0000] {logging_mixin.py:188} INFO - [2025-07-31T01:46:38.191+0000] {dagbag.py:538} INFO - Filling up the DagBag from /home/airflow/.local/lib/python3.8/site-packages/airflow/example_dags/example_latest_only_with_trigger.py
[2025-07-31T01:46:38.208+0000] {processor.py:840} INFO - DAG(s) 'latest_only_with_trigger' retrieved from /home/airflow/.local/lib/python3.8/site-packages/airflow/example_dags/example_latest_only_with_trigger.py
[2025-07-31T01:46:38.241+0000] {logging_mixin.py:188} INFO - [2025-07-31T01:46:38.240+0000] {dag.py:3036} INFO - Sync 1 DAGs
[2025-07-31T01:46:38.266+0000] {logging_mixin.py:188} INFO - [2025-07-31T01:46:38.266+0000] {dag.py:3823} INFO - Setting next_dagrun for latest_only_with_trigger to 2025-07-30 20:00:00+00:00, run_after=2025-07-31 00:00:00+00:00
[2025-07-31T01:46:38.289+0000] {processor.py:183} INFO - Processing /home/airflow/.local/lib/python3.8/site-packages/airflow/example_dags/example_latest_only_with_trigger.py took 0.113 seconds
[2025-07-31T01:47:08.694+0000] {processor.py:161} INFO - Started process (PID=763) to work on /home/airflow/.local/lib/python3.8/site-packages/airflow/example_dags/example_latest_only_with_trigger.py
[2025-07-31T01:47:08.696+0000] {processor.py:830} INFO - Processing file /home/airflow/.local/lib/python3.8/site-packages/airflow/example_dags/example_latest_only_with_trigger.py for tasks to queue
[2025-07-31T01:47:08.699+0000] {logging_mixin.py:188} INFO - [2025-07-31T01:47:08.699+0000] {dagbag.py:538} INFO - Filling up the DagBag from /home/airflow/.local/lib/python3.8/site-packages/airflow/example_dags/example_latest_only_with_trigger.py
[2025-07-31T01:47:08.708+0000] {processor.py:840} INFO - DAG(s) 'latest_only_with_trigger' retrieved from /home/airflow/.local/lib/python3.8/site-packages/airflow/example_dags/example_latest_only_with_trigger.py
[2025-07-31T01:47:08.734+0000] {logging_mixin.py:188} INFO - [2025-07-31T01:47:08.734+0000] {dag.py:3036} INFO - Sync 1 DAGs
[2025-07-31T01:47:08.761+0000] {logging_mixin.py:188} INFO - [2025-07-31T01:47:08.760+0000] {dag.py:3823} INFO - Setting next_dagrun for latest_only_with_trigger to 2025-07-30 20:00:00+00:00, run_after=2025-07-31 00:00:00+00:00
[2025-07-31T01:47:08.791+0000] {processor.py:183} INFO - Processing /home/airflow/.local/lib/python3.8/site-packages/airflow/example_dags/example_latest_only_with_trigger.py took 0.102 seconds
[2025-07-31T01:47:39.139+0000] {processor.py:161} INFO - Started process (PID=820) to work on /home/airflow/.local/lib/python3.8/site-packages/airflow/example_dags/example_latest_only_with_trigger.py
[2025-07-31T01:47:39.142+0000] {processor.py:830} INFO - Processing file /home/airflow/.local/lib/python3.8/site-packages/airflow/example_dags/example_latest_only_with_trigger.py for tasks to queue
[2025-07-31T01:47:39.147+0000] {logging_mixin.py:188} INFO - [2025-07-31T01:47:39.146+0000] {dagbag.py:538} INFO - Filling up the DagBag from /home/airflow/.local/lib/python3.8/site-packages/airflow/example_dags/example_latest_only_with_trigger.py
[2025-07-31T01:47:39.161+0000] {processor.py:840} INFO - DAG(s) 'latest_only_with_trigger' retrieved from /home/airflow/.local/lib/python3.8/site-packages/airflow/example_dags/example_latest_only_with_trigger.py
[2025-07-31T01:47:39.228+0000] {logging_mixin.py:188} INFO - [2025-07-31T01:47:39.228+0000] {dag.py:3036} INFO - Sync 1 DAGs
[2025-07-31T01:47:39.254+0000] {logging_mixin.py:188} INFO - [2025-07-31T01:47:39.253+0000] {dag.py:3823} INFO - Setting next_dagrun for latest_only_with_trigger to 2025-07-30 20:00:00+00:00, run_after=2025-07-31 00:00:00+00:00
[2025-07-31T01:47:39.281+0000] {processor.py:183} INFO - Processing /home/airflow/.local/lib/python3.8/site-packages/airflow/example_dags/example_latest_only_with_trigger.py took 0.151 seconds
[2025-07-31T01:48:39.519+0000] {processor.py:161} INFO - Started process (PID=95) to work on /home/airflow/.local/lib/python3.8/site-packages/airflow/example_dags/example_latest_only_with_trigger.py
[2025-07-31T01:48:39.521+0000] {processor.py:830} INFO - Processing file /home/airflow/.local/lib/python3.8/site-packages/airflow/example_dags/example_latest_only_with_trigger.py for tasks to queue
[2025-07-31T01:48:39.530+0000] {logging_mixin.py:188} INFO - [2025-07-31T01:48:39.529+0000] {dagbag.py:538} INFO - Filling up the DagBag from /home/airflow/.local/lib/python3.8/site-packages/airflow/example_dags/example_latest_only_with_trigger.py
[2025-07-31T01:48:39.544+0000] {processor.py:840} INFO - DAG(s) 'latest_only_with_trigger' retrieved from /home/airflow/.local/lib/python3.8/site-packages/airflow/example_dags/example_latest_only_with_trigger.py
[2025-07-31T01:48:39.574+0000] {logging_mixin.py:188} INFO - [2025-07-31T01:48:39.574+0000] {dag.py:3036} INFO - Sync 1 DAGs
[2025-07-31T01:48:39.628+0000] {logging_mixin.py:188} INFO - [2025-07-31T01:48:39.628+0000] {dag.py:3823} INFO - Setting next_dagrun for latest_only_with_trigger to 2025-07-30 20:00:00+00:00, run_after=2025-07-31 00:00:00+00:00
[2025-07-31T01:48:39.670+0000] {processor.py:183} INFO - Processing /home/airflow/.local/lib/python3.8/site-packages/airflow/example_dags/example_latest_only_with_trigger.py took 0.163 seconds
[2025-07-31T01:49:14.623+0000] {processor.py:161} INFO - Started process (PID=151) to work on /home/airflow/.local/lib/python3.8/site-packages/airflow/example_dags/example_latest_only_with_trigger.py
[2025-07-31T01:49:14.625+0000] {processor.py:830} INFO - Processing file /home/airflow/.local/lib/python3.8/site-packages/airflow/example_dags/example_latest_only_with_trigger.py for tasks to queue
[2025-07-31T01:49:14.630+0000] {logging_mixin.py:188} INFO - [2025-07-31T01:49:14.630+0000] {dagbag.py:538} INFO - Filling up the DagBag from /home/airflow/.local/lib/python3.8/site-packages/airflow/example_dags/example_latest_only_with_trigger.py
[2025-07-31T01:49:14.641+0000] {processor.py:840} INFO - DAG(s) 'latest_only_with_trigger' retrieved from /home/airflow/.local/lib/python3.8/site-packages/airflow/example_dags/example_latest_only_with_trigger.py
[2025-07-31T01:49:14.829+0000] {logging_mixin.py:188} INFO - [2025-07-31T01:49:14.829+0000] {dag.py:3036} INFO - Sync 1 DAGs
[2025-07-31T01:49:14.872+0000] {logging_mixin.py:188} INFO - [2025-07-31T01:49:14.872+0000] {dag.py:3823} INFO - Setting next_dagrun for latest_only_with_trigger to 2025-07-30 20:00:00+00:00, run_after=2025-07-31 00:00:00+00:00
[2025-07-31T01:49:14.915+0000] {processor.py:183} INFO - Processing /home/airflow/.local/lib/python3.8/site-packages/airflow/example_dags/example_latest_only_with_trigger.py took 0.299 seconds
[2025-07-31T01:49:45.781+0000] {processor.py:161} INFO - Started process (PID=207) to work on /home/airflow/.local/lib/python3.8/site-packages/airflow/example_dags/example_latest_only_with_trigger.py
[2025-07-31T01:49:45.782+0000] {processor.py:830} INFO - Processing file /home/airflow/.local/lib/python3.8/site-packages/airflow/example_dags/example_latest_only_with_trigger.py for tasks to queue
[2025-07-31T01:49:45.785+0000] {logging_mixin.py:188} INFO - [2025-07-31T01:49:45.785+0000] {dagbag.py:538} INFO - Filling up the DagBag from /home/airflow/.local/lib/python3.8/site-packages/airflow/example_dags/example_latest_only_with_trigger.py
[2025-07-31T01:49:45.796+0000] {processor.py:840} INFO - DAG(s) 'latest_only_with_trigger' retrieved from /home/airflow/.local/lib/python3.8/site-packages/airflow/example_dags/example_latest_only_with_trigger.py
[2025-07-31T01:49:45.834+0000] {logging_mixin.py:188} INFO - [2025-07-31T01:49:45.833+0000] {dag.py:3036} INFO - Sync 1 DAGs
[2025-07-31T01:49:45.865+0000] {logging_mixin.py:188} INFO - [2025-07-31T01:49:45.864+0000] {dag.py:3823} INFO - Setting next_dagrun for latest_only_with_trigger to 2025-07-30 20:00:00+00:00, run_after=2025-07-31 00:00:00+00:00
[2025-07-31T01:49:45.893+0000] {processor.py:183} INFO - Processing /home/airflow/.local/lib/python3.8/site-packages/airflow/example_dags/example_latest_only_with_trigger.py took 0.116 seconds
[2025-07-31T01:50:16.907+0000] {processor.py:161} INFO - Started process (PID=264) to work on /home/airflow/.local/lib/python3.8/site-packages/airflow/example_dags/example_latest_only_with_trigger.py
[2025-07-31T01:50:16.909+0000] {processor.py:830} INFO - Processing file /home/airflow/.local/lib/python3.8/site-packages/airflow/example_dags/example_latest_only_with_trigger.py for tasks to queue
[2025-07-31T01:50:16.911+0000] {logging_mixin.py:188} INFO - [2025-07-31T01:50:16.911+0000] {dagbag.py:538} INFO - Filling up the DagBag from /home/airflow/.local/lib/python3.8/site-packages/airflow/example_dags/example_latest_only_with_trigger.py
[2025-07-31T01:50:16.920+0000] {processor.py:840} INFO - DAG(s) 'latest_only_with_trigger' retrieved from /home/airflow/.local/lib/python3.8/site-packages/airflow/example_dags/example_latest_only_with_trigger.py
[2025-07-31T01:50:16.956+0000] {logging_mixin.py:188} INFO - [2025-07-31T01:50:16.956+0000] {dag.py:3036} INFO - Sync 1 DAGs
[2025-07-31T01:50:16.995+0000] {logging_mixin.py:188} INFO - [2025-07-31T01:50:16.994+0000] {dag.py:3823} INFO - Setting next_dagrun for latest_only_with_trigger to 2025-07-30 20:00:00+00:00, run_after=2025-07-31 00:00:00+00:00
[2025-07-31T01:50:17.024+0000] {processor.py:183} INFO - Processing /home/airflow/.local/lib/python3.8/site-packages/airflow/example_dags/example_latest_only_with_trigger.py took 0.122 seconds
[2025-07-31T01:50:48.027+0000] {processor.py:161} INFO - Started process (PID=320) to work on /home/airflow/.local/lib/python3.8/site-packages/airflow/example_dags/example_latest_only_with_trigger.py
[2025-07-31T01:50:48.036+0000] {processor.py:830} INFO - Processing file /home/airflow/.local/lib/python3.8/site-packages/airflow/example_dags/example_latest_only_with_trigger.py for tasks to queue
[2025-07-31T01:50:48.049+0000] {logging_mixin.py:188} INFO - [2025-07-31T01:50:48.049+0000] {dagbag.py:538} INFO - Filling up the DagBag from /home/airflow/.local/lib/python3.8/site-packages/airflow/example_dags/example_latest_only_with_trigger.py
[2025-07-31T01:50:48.079+0000] {processor.py:840} INFO - DAG(s) 'latest_only_with_trigger' retrieved from /home/airflow/.local/lib/python3.8/site-packages/airflow/example_dags/example_latest_only_with_trigger.py
[2025-07-31T01:50:48.203+0000] {logging_mixin.py:188} INFO - [2025-07-31T01:50:48.202+0000] {dag.py:3036} INFO - Sync 1 DAGs
[2025-07-31T01:50:48.246+0000] {logging_mixin.py:188} INFO - [2025-07-31T01:50:48.246+0000] {dag.py:3823} INFO - Setting next_dagrun for latest_only_with_trigger to 2025-07-30 20:00:00+00:00, run_after=2025-07-31 00:00:00+00:00
[2025-07-31T01:50:48.304+0000] {processor.py:183} INFO - Processing /home/airflow/.local/lib/python3.8/site-packages/airflow/example_dags/example_latest_only_with_trigger.py took 0.293 seconds
[2025-07-31T01:51:18.552+0000] {processor.py:161} INFO - Started process (PID=376) to work on /home/airflow/.local/lib/python3.8/site-packages/airflow/example_dags/example_latest_only_with_trigger.py
[2025-07-31T01:51:18.554+0000] {processor.py:830} INFO - Processing file /home/airflow/.local/lib/python3.8/site-packages/airflow/example_dags/example_latest_only_with_trigger.py for tasks to queue
[2025-07-31T01:51:18.566+0000] {logging_mixin.py:188} INFO - [2025-07-31T01:51:18.565+0000] {dagbag.py:538} INFO - Filling up the DagBag from /home/airflow/.local/lib/python3.8/site-packages/airflow/example_dags/example_latest_only_with_trigger.py
[2025-07-31T01:51:18.587+0000] {processor.py:840} INFO - DAG(s) 'latest_only_with_trigger' retrieved from /home/airflow/.local/lib/python3.8/site-packages/airflow/example_dags/example_latest_only_with_trigger.py
[2025-07-31T01:51:18.692+0000] {logging_mixin.py:188} INFO - [2025-07-31T01:51:18.691+0000] {dag.py:3036} INFO - Sync 1 DAGs
[2025-07-31T01:51:18.757+0000] {logging_mixin.py:188} INFO - [2025-07-31T01:51:18.757+0000] {dag.py:3823} INFO - Setting next_dagrun for latest_only_with_trigger to 2025-07-30 20:00:00+00:00, run_after=2025-07-31 00:00:00+00:00
[2025-07-31T01:51:18.798+0000] {processor.py:183} INFO - Processing /home/airflow/.local/lib/python3.8/site-packages/airflow/example_dags/example_latest_only_with_trigger.py took 0.263 seconds
[2025-07-31T01:51:49.396+0000] {processor.py:161} INFO - Started process (PID=431) to work on /home/airflow/.local/lib/python3.8/site-packages/airflow/example_dags/example_latest_only_with_trigger.py
[2025-07-31T01:51:49.397+0000] {processor.py:830} INFO - Processing file /home/airflow/.local/lib/python3.8/site-packages/airflow/example_dags/example_latest_only_with_trigger.py for tasks to queue
[2025-07-31T01:51:49.400+0000] {logging_mixin.py:188} INFO - [2025-07-31T01:51:49.400+0000] {dagbag.py:538} INFO - Filling up the DagBag from /home/airflow/.local/lib/python3.8/site-packages/airflow/example_dags/example_latest_only_with_trigger.py
[2025-07-31T01:51:49.411+0000] {processor.py:840} INFO - DAG(s) 'latest_only_with_trigger' retrieved from /home/airflow/.local/lib/python3.8/site-packages/airflow/example_dags/example_latest_only_with_trigger.py
[2025-07-31T01:51:49.451+0000] {logging_mixin.py:188} INFO - [2025-07-31T01:51:49.450+0000] {dag.py:3036} INFO - Sync 1 DAGs
[2025-07-31T01:51:49.486+0000] {logging_mixin.py:188} INFO - [2025-07-31T01:51:49.486+0000] {dag.py:3823} INFO - Setting next_dagrun for latest_only_with_trigger to 2025-07-30 20:00:00+00:00, run_after=2025-07-31 00:00:00+00:00
[2025-07-31T01:51:49.522+0000] {processor.py:183} INFO - Processing /home/airflow/.local/lib/python3.8/site-packages/airflow/example_dags/example_latest_only_with_trigger.py took 0.132 seconds
[2025-07-31T01:52:20.414+0000] {processor.py:161} INFO - Started process (PID=487) to work on /home/airflow/.local/lib/python3.8/site-packages/airflow/example_dags/example_latest_only_with_trigger.py
[2025-07-31T01:52:20.416+0000] {processor.py:830} INFO - Processing file /home/airflow/.local/lib/python3.8/site-packages/airflow/example_dags/example_latest_only_with_trigger.py for tasks to queue
[2025-07-31T01:52:20.420+0000] {logging_mixin.py:188} INFO - [2025-07-31T01:52:20.419+0000] {dagbag.py:538} INFO - Filling up the DagBag from /home/airflow/.local/lib/python3.8/site-packages/airflow/example_dags/example_latest_only_with_trigger.py
[2025-07-31T01:52:20.427+0000] {processor.py:840} INFO - DAG(s) 'latest_only_with_trigger' retrieved from /home/airflow/.local/lib/python3.8/site-packages/airflow/example_dags/example_latest_only_with_trigger.py
[2025-07-31T01:52:20.468+0000] {logging_mixin.py:188} INFO - [2025-07-31T01:52:20.467+0000] {dag.py:3036} INFO - Sync 1 DAGs
[2025-07-31T01:52:20.505+0000] {logging_mixin.py:188} INFO - [2025-07-31T01:52:20.504+0000] {dag.py:3823} INFO - Setting next_dagrun for latest_only_with_trigger to 2025-07-30 20:00:00+00:00, run_after=2025-07-31 00:00:00+00:00
[2025-07-31T01:52:20.535+0000] {processor.py:183} INFO - Processing /home/airflow/.local/lib/python3.8/site-packages/airflow/example_dags/example_latest_only_with_trigger.py took 0.126 seconds
[2025-07-31T01:52:50.729+0000] {processor.py:161} INFO - Started process (PID=543) to work on /home/airflow/.local/lib/python3.8/site-packages/airflow/example_dags/example_latest_only_with_trigger.py
[2025-07-31T01:52:50.730+0000] {processor.py:830} INFO - Processing file /home/airflow/.local/lib/python3.8/site-packages/airflow/example_dags/example_latest_only_with_trigger.py for tasks to queue
[2025-07-31T01:52:50.733+0000] {logging_mixin.py:188} INFO - [2025-07-31T01:52:50.733+0000] {dagbag.py:538} INFO - Filling up the DagBag from /home/airflow/.local/lib/python3.8/site-packages/airflow/example_dags/example_latest_only_with_trigger.py
[2025-07-31T01:52:50.744+0000] {processor.py:840} INFO - DAG(s) 'latest_only_with_trigger' retrieved from /home/airflow/.local/lib/python3.8/site-packages/airflow/example_dags/example_latest_only_with_trigger.py
[2025-07-31T01:52:50.804+0000] {logging_mixin.py:188} INFO - [2025-07-31T01:52:50.804+0000] {dag.py:3036} INFO - Sync 1 DAGs
[2025-07-31T01:52:50.857+0000] {logging_mixin.py:188} INFO - [2025-07-31T01:52:50.857+0000] {dag.py:3823} INFO - Setting next_dagrun for latest_only_with_trigger to 2025-07-30 20:00:00+00:00, run_after=2025-07-31 00:00:00+00:00
[2025-07-31T01:52:50.894+0000] {processor.py:183} INFO - Processing /home/airflow/.local/lib/python3.8/site-packages/airflow/example_dags/example_latest_only_with_trigger.py took 0.170 seconds
[2025-07-31T01:53:22.064+0000] {processor.py:161} INFO - Started process (PID=599) to work on /home/airflow/.local/lib/python3.8/site-packages/airflow/example_dags/example_latest_only_with_trigger.py
[2025-07-31T01:53:22.067+0000] {processor.py:830} INFO - Processing file /home/airflow/.local/lib/python3.8/site-packages/airflow/example_dags/example_latest_only_with_trigger.py for tasks to queue
[2025-07-31T01:53:22.083+0000] {logging_mixin.py:188} INFO - [2025-07-31T01:53:22.082+0000] {dagbag.py:538} INFO - Filling up the DagBag from /home/airflow/.local/lib/python3.8/site-packages/airflow/example_dags/example_latest_only_with_trigger.py
[2025-07-31T01:53:22.110+0000] {processor.py:840} INFO - DAG(s) 'latest_only_with_trigger' retrieved from /home/airflow/.local/lib/python3.8/site-packages/airflow/example_dags/example_latest_only_with_trigger.py
[2025-07-31T01:53:22.153+0000] {logging_mixin.py:188} INFO - [2025-07-31T01:53:22.152+0000] {dag.py:3036} INFO - Sync 1 DAGs
[2025-07-31T01:53:22.193+0000] {logging_mixin.py:188} INFO - [2025-07-31T01:53:22.192+0000] {dag.py:3823} INFO - Setting next_dagrun for latest_only_with_trigger to 2025-07-30 20:00:00+00:00, run_after=2025-07-31 00:00:00+00:00
[2025-07-31T01:53:22.237+0000] {processor.py:183} INFO - Processing /home/airflow/.local/lib/python3.8/site-packages/airflow/example_dags/example_latest_only_with_trigger.py took 0.192 seconds
[2025-07-31T01:53:52.694+0000] {processor.py:161} INFO - Started process (PID=657) to work on /home/airflow/.local/lib/python3.8/site-packages/airflow/example_dags/example_latest_only_with_trigger.py
[2025-07-31T01:53:52.696+0000] {processor.py:830} INFO - Processing file /home/airflow/.local/lib/python3.8/site-packages/airflow/example_dags/example_latest_only_with_trigger.py for tasks to queue
[2025-07-31T01:53:52.699+0000] {logging_mixin.py:188} INFO - [2025-07-31T01:53:52.698+0000] {dagbag.py:538} INFO - Filling up the DagBag from /home/airflow/.local/lib/python3.8/site-packages/airflow/example_dags/example_latest_only_with_trigger.py
[2025-07-31T01:53:52.709+0000] {processor.py:840} INFO - DAG(s) 'latest_only_with_trigger' retrieved from /home/airflow/.local/lib/python3.8/site-packages/airflow/example_dags/example_latest_only_with_trigger.py
[2025-07-31T01:53:52.750+0000] {logging_mixin.py:188} INFO - [2025-07-31T01:53:52.749+0000] {dag.py:3036} INFO - Sync 1 DAGs
[2025-07-31T01:53:52.795+0000] {logging_mixin.py:188} INFO - [2025-07-31T01:53:52.795+0000] {dag.py:3823} INFO - Setting next_dagrun for latest_only_with_trigger to 2025-07-30 20:00:00+00:00, run_after=2025-07-31 00:00:00+00:00
[2025-07-31T01:53:52.838+0000] {processor.py:183} INFO - Processing /home/airflow/.local/lib/python3.8/site-packages/airflow/example_dags/example_latest_only_with_trigger.py took 0.152 seconds
[2025-07-31T01:54:24.409+0000] {processor.py:161} INFO - Started process (PID=714) to work on /home/airflow/.local/lib/python3.8/site-packages/airflow/example_dags/example_latest_only_with_trigger.py
[2025-07-31T01:54:24.411+0000] {processor.py:830} INFO - Processing file /home/airflow/.local/lib/python3.8/site-packages/airflow/example_dags/example_latest_only_with_trigger.py for tasks to queue
[2025-07-31T01:54:24.414+0000] {logging_mixin.py:188} INFO - [2025-07-31T01:54:24.414+0000] {dagbag.py:538} INFO - Filling up the DagBag from /home/airflow/.local/lib/python3.8/site-packages/airflow/example_dags/example_latest_only_with_trigger.py
[2025-07-31T01:54:24.428+0000] {processor.py:840} INFO - DAG(s) 'latest_only_with_trigger' retrieved from /home/airflow/.local/lib/python3.8/site-packages/airflow/example_dags/example_latest_only_with_trigger.py
[2025-07-31T01:54:24.484+0000] {logging_mixin.py:188} INFO - [2025-07-31T01:54:24.483+0000] {dag.py:3036} INFO - Sync 1 DAGs
[2025-07-31T01:54:24.582+0000] {logging_mixin.py:188} INFO - [2025-07-31T01:54:24.582+0000] {dag.py:3823} INFO - Setting next_dagrun for latest_only_with_trigger to 2025-07-30 20:00:00+00:00, run_after=2025-07-31 00:00:00+00:00
[2025-07-31T01:54:24.672+0000] {processor.py:183} INFO - Processing /home/airflow/.local/lib/python3.8/site-packages/airflow/example_dags/example_latest_only_with_trigger.py took 0.270 seconds
[2025-07-31T01:54:54.966+0000] {processor.py:161} INFO - Started process (PID=771) to work on /home/airflow/.local/lib/python3.8/site-packages/airflow/example_dags/example_latest_only_with_trigger.py
[2025-07-31T01:54:54.978+0000] {processor.py:830} INFO - Processing file /home/airflow/.local/lib/python3.8/site-packages/airflow/example_dags/example_latest_only_with_trigger.py for tasks to queue
[2025-07-31T01:54:54.983+0000] {logging_mixin.py:188} INFO - [2025-07-31T01:54:54.982+0000] {dagbag.py:538} INFO - Filling up the DagBag from /home/airflow/.local/lib/python3.8/site-packages/airflow/example_dags/example_latest_only_with_trigger.py
[2025-07-31T01:54:55.008+0000] {processor.py:840} INFO - DAG(s) 'latest_only_with_trigger' retrieved from /home/airflow/.local/lib/python3.8/site-packages/airflow/example_dags/example_latest_only_with_trigger.py
[2025-07-31T01:54:55.076+0000] {logging_mixin.py:188} INFO - [2025-07-31T01:54:55.075+0000] {dag.py:3036} INFO - Sync 1 DAGs
[2025-07-31T01:54:55.112+0000] {logging_mixin.py:188} INFO - [2025-07-31T01:54:55.111+0000] {dag.py:3823} INFO - Setting next_dagrun for latest_only_with_trigger to 2025-07-30 20:00:00+00:00, run_after=2025-07-31 00:00:00+00:00
[2025-07-31T01:54:55.144+0000] {processor.py:183} INFO - Processing /home/airflow/.local/lib/python3.8/site-packages/airflow/example_dags/example_latest_only_with_trigger.py took 0.193 seconds
[2025-07-31T01:55:25.739+0000] {processor.py:161} INFO - Started process (PID=827) to work on /home/airflow/.local/lib/python3.8/site-packages/airflow/example_dags/example_latest_only_with_trigger.py
[2025-07-31T01:55:25.741+0000] {processor.py:830} INFO - Processing file /home/airflow/.local/lib/python3.8/site-packages/airflow/example_dags/example_latest_only_with_trigger.py for tasks to queue
[2025-07-31T01:55:25.746+0000] {logging_mixin.py:188} INFO - [2025-07-31T01:55:25.745+0000] {dagbag.py:538} INFO - Filling up the DagBag from /home/airflow/.local/lib/python3.8/site-packages/airflow/example_dags/example_latest_only_with_trigger.py
[2025-07-31T01:55:25.765+0000] {processor.py:840} INFO - DAG(s) 'latest_only_with_trigger' retrieved from /home/airflow/.local/lib/python3.8/site-packages/airflow/example_dags/example_latest_only_with_trigger.py
[2025-07-31T01:55:25.859+0000] {logging_mixin.py:188} INFO - [2025-07-31T01:55:25.858+0000] {dag.py:3036} INFO - Sync 1 DAGs
[2025-07-31T01:55:25.957+0000] {logging_mixin.py:188} INFO - [2025-07-31T01:55:25.957+0000] {dag.py:3823} INFO - Setting next_dagrun for latest_only_with_trigger to 2025-07-30 20:00:00+00:00, run_after=2025-07-31 00:00:00+00:00
[2025-07-31T01:55:26.006+0000] {processor.py:183} INFO - Processing /home/airflow/.local/lib/python3.8/site-packages/airflow/example_dags/example_latest_only_with_trigger.py took 0.277 seconds
[2025-07-31T01:55:56.778+0000] {processor.py:161} INFO - Started process (PID=884) to work on /home/airflow/.local/lib/python3.8/site-packages/airflow/example_dags/example_latest_only_with_trigger.py
[2025-07-31T01:55:56.780+0000] {processor.py:830} INFO - Processing file /home/airflow/.local/lib/python3.8/site-packages/airflow/example_dags/example_latest_only_with_trigger.py for tasks to queue
[2025-07-31T01:55:56.784+0000] {logging_mixin.py:188} INFO - [2025-07-31T01:55:56.783+0000] {dagbag.py:538} INFO - Filling up the DagBag from /home/airflow/.local/lib/python3.8/site-packages/airflow/example_dags/example_latest_only_with_trigger.py
[2025-07-31T01:55:56.796+0000] {processor.py:840} INFO - DAG(s) 'latest_only_with_trigger' retrieved from /home/airflow/.local/lib/python3.8/site-packages/airflow/example_dags/example_latest_only_with_trigger.py
[2025-07-31T01:55:56.853+0000] {logging_mixin.py:188} INFO - [2025-07-31T01:55:56.852+0000] {dag.py:3036} INFO - Sync 1 DAGs
[2025-07-31T01:55:56.895+0000] {logging_mixin.py:188} INFO - [2025-07-31T01:55:56.894+0000] {dag.py:3823} INFO - Setting next_dagrun for latest_only_with_trigger to 2025-07-30 20:00:00+00:00, run_after=2025-07-31 00:00:00+00:00
[2025-07-31T01:55:56.932+0000] {processor.py:183} INFO - Processing /home/airflow/.local/lib/python3.8/site-packages/airflow/example_dags/example_latest_only_with_trigger.py took 0.161 seconds
[2025-07-31T01:56:27.023+0000] {processor.py:161} INFO - Started process (PID=940) to work on /home/airflow/.local/lib/python3.8/site-packages/airflow/example_dags/example_latest_only_with_trigger.py
[2025-07-31T01:56:27.025+0000] {processor.py:830} INFO - Processing file /home/airflow/.local/lib/python3.8/site-packages/airflow/example_dags/example_latest_only_with_trigger.py for tasks to queue
[2025-07-31T01:56:27.029+0000] {logging_mixin.py:188} INFO - [2025-07-31T01:56:27.028+0000] {dagbag.py:538} INFO - Filling up the DagBag from /home/airflow/.local/lib/python3.8/site-packages/airflow/example_dags/example_latest_only_with_trigger.py
[2025-07-31T01:56:27.038+0000] {processor.py:840} INFO - DAG(s) 'latest_only_with_trigger' retrieved from /home/airflow/.local/lib/python3.8/site-packages/airflow/example_dags/example_latest_only_with_trigger.py
[2025-07-31T01:56:27.078+0000] {logging_mixin.py:188} INFO - [2025-07-31T01:56:27.078+0000] {dag.py:3036} INFO - Sync 1 DAGs
[2025-07-31T01:56:27.129+0000] {logging_mixin.py:188} INFO - [2025-07-31T01:56:27.129+0000] {dag.py:3823} INFO - Setting next_dagrun for latest_only_with_trigger to 2025-07-30 20:00:00+00:00, run_after=2025-07-31 00:00:00+00:00
[2025-07-31T01:56:27.178+0000] {processor.py:183} INFO - Processing /home/airflow/.local/lib/python3.8/site-packages/airflow/example_dags/example_latest_only_with_trigger.py took 0.162 seconds
