[2025-07-31T01:41:00.920+0000] {processor.py:161} INFO - Started process (PID=103) to work on /home/airflow/.local/lib/python3.8/site-packages/airflow/example_dags/example_complex.py
[2025-07-31T01:41:00.922+0000] {processor.py:830} INFO - Processing file /home/airflow/.local/lib/python3.8/site-packages/airflow/example_dags/example_complex.py for tasks to queue
[2025-07-31T01:41:00.926+0000] {logging_mixin.py:188} INFO - [2025-07-31T01:41:00.926+0000] {dagbag.py:538} INFO - Filling up the DagBag from /home/airflow/.local/lib/python3.8/site-packages/airflow/example_dags/example_complex.py
[2025-07-31T01:41:00.958+0000] {processor.py:840} INFO - DAG(s) 'example_complex' retrieved from /home/airflow/.local/lib/python3.8/site-packages/airflow/example_dags/example_complex.py
[2025-07-31T01:41:01.331+0000] {logging_mixin.py:188} INFO - [2025-07-31T01:41:01.330+0000] {dag.py:3036} INFO - Sync 1 DAGs
[2025-07-31T01:41:01.375+0000] {logging_mixin.py:188} INFO - [2025-07-31T01:41:01.375+0000] {dag.py:3823} INFO - Setting next_dagrun for example_complex to None, run_after=None
[2025-07-31T01:41:01.504+0000] {processor.py:183} INFO - Processing /home/airflow/.local/lib/python3.8/site-packages/airflow/example_dags/example_complex.py took 0.590 seconds
[2025-07-31T01:41:31.585+0000] {processor.py:161} INFO - Started process (PID=158) to work on /home/airflow/.local/lib/python3.8/site-packages/airflow/example_dags/example_complex.py
[2025-07-31T01:41:31.587+0000] {processor.py:830} INFO - Processing file /home/airflow/.local/lib/python3.8/site-packages/airflow/example_dags/example_complex.py for tasks to queue
[2025-07-31T01:41:31.590+0000] {logging_mixin.py:188} INFO - [2025-07-31T01:41:31.589+0000] {dagbag.py:538} INFO - Filling up the DagBag from /home/airflow/.local/lib/python3.8/site-packages/airflow/example_dags/example_complex.py
[2025-07-31T01:41:31.611+0000] {processor.py:840} INFO - DAG(s) 'example_complex' retrieved from /home/airflow/.local/lib/python3.8/site-packages/airflow/example_dags/example_complex.py
[2025-07-31T01:41:31.676+0000] {logging_mixin.py:188} INFO - [2025-07-31T01:41:31.676+0000] {dag.py:3036} INFO - Sync 1 DAGs
[2025-07-31T01:41:31.703+0000] {logging_mixin.py:188} INFO - [2025-07-31T01:41:31.703+0000] {dag.py:3823} INFO - Setting next_dagrun for example_complex to None, run_after=None
[2025-07-31T01:41:31.743+0000] {processor.py:183} INFO - Processing /home/airflow/.local/lib/python3.8/site-packages/airflow/example_dags/example_complex.py took 0.165 seconds
[2025-07-31T01:42:01.828+0000] {processor.py:161} INFO - Started process (PID=213) to work on /home/airflow/.local/lib/python3.8/site-packages/airflow/example_dags/example_complex.py
[2025-07-31T01:42:01.830+0000] {processor.py:830} INFO - Processing file /home/airflow/.local/lib/python3.8/site-packages/airflow/example_dags/example_complex.py for tasks to queue
[2025-07-31T01:42:01.833+0000] {logging_mixin.py:188} INFO - [2025-07-31T01:42:01.833+0000] {dagbag.py:538} INFO - Filling up the DagBag from /home/airflow/.local/lib/python3.8/site-packages/airflow/example_dags/example_complex.py
[2025-07-31T01:42:01.855+0000] {processor.py:840} INFO - DAG(s) 'example_complex' retrieved from /home/airflow/.local/lib/python3.8/site-packages/airflow/example_dags/example_complex.py
[2025-07-31T01:42:01.914+0000] {logging_mixin.py:188} INFO - [2025-07-31T01:42:01.913+0000] {dag.py:3036} INFO - Sync 1 DAGs
[2025-07-31T01:42:01.934+0000] {logging_mixin.py:188} INFO - [2025-07-31T01:42:01.934+0000] {dag.py:3823} INFO - Setting next_dagrun for example_complex to None, run_after=None
[2025-07-31T01:42:01.977+0000] {processor.py:183} INFO - Processing /home/airflow/.local/lib/python3.8/site-packages/airflow/example_dags/example_complex.py took 0.157 seconds
[2025-07-31T01:42:32.061+0000] {processor.py:161} INFO - Started process (PID=269) to work on /home/airflow/.local/lib/python3.8/site-packages/airflow/example_dags/example_complex.py
[2025-07-31T01:42:32.063+0000] {processor.py:830} INFO - Processing file /home/airflow/.local/lib/python3.8/site-packages/airflow/example_dags/example_complex.py for tasks to queue
[2025-07-31T01:42:32.065+0000] {logging_mixin.py:188} INFO - [2025-07-31T01:42:32.065+0000] {dagbag.py:538} INFO - Filling up the DagBag from /home/airflow/.local/lib/python3.8/site-packages/airflow/example_dags/example_complex.py
[2025-07-31T01:42:32.080+0000] {processor.py:840} INFO - DAG(s) 'example_complex' retrieved from /home/airflow/.local/lib/python3.8/site-packages/airflow/example_dags/example_complex.py
[2025-07-31T01:42:32.118+0000] {logging_mixin.py:188} INFO - [2025-07-31T01:42:32.118+0000] {dag.py:3036} INFO - Sync 1 DAGs
[2025-07-31T01:42:32.135+0000] {logging_mixin.py:188} INFO - [2025-07-31T01:42:32.134+0000] {dag.py:3823} INFO - Setting next_dagrun for example_complex to None, run_after=None
[2025-07-31T01:42:32.161+0000] {processor.py:183} INFO - Processing /home/airflow/.local/lib/python3.8/site-packages/airflow/example_dags/example_complex.py took 0.105 seconds
[2025-07-31T01:43:02.347+0000] {processor.py:161} INFO - Started process (PID=324) to work on /home/airflow/.local/lib/python3.8/site-packages/airflow/example_dags/example_complex.py
[2025-07-31T01:43:02.350+0000] {processor.py:830} INFO - Processing file /home/airflow/.local/lib/python3.8/site-packages/airflow/example_dags/example_complex.py for tasks to queue
[2025-07-31T01:43:02.353+0000] {logging_mixin.py:188} INFO - [2025-07-31T01:43:02.352+0000] {dagbag.py:538} INFO - Filling up the DagBag from /home/airflow/.local/lib/python3.8/site-packages/airflow/example_dags/example_complex.py
[2025-07-31T01:43:02.376+0000] {processor.py:840} INFO - DAG(s) 'example_complex' retrieved from /home/airflow/.local/lib/python3.8/site-packages/airflow/example_dags/example_complex.py
[2025-07-31T01:43:02.424+0000] {logging_mixin.py:188} INFO - [2025-07-31T01:43:02.424+0000] {dag.py:3036} INFO - Sync 1 DAGs
[2025-07-31T01:43:02.443+0000] {logging_mixin.py:188} INFO - [2025-07-31T01:43:02.443+0000] {dag.py:3823} INFO - Setting next_dagrun for example_complex to None, run_after=None
[2025-07-31T01:43:02.475+0000] {processor.py:183} INFO - Processing /home/airflow/.local/lib/python3.8/site-packages/airflow/example_dags/example_complex.py took 0.133 seconds
[2025-07-31T01:43:34.021+0000] {processor.py:161} INFO - Started process (PID=379) to work on /home/airflow/.local/lib/python3.8/site-packages/airflow/example_dags/example_complex.py
[2025-07-31T01:43:34.023+0000] {processor.py:830} INFO - Processing file /home/airflow/.local/lib/python3.8/site-packages/airflow/example_dags/example_complex.py for tasks to queue
[2025-07-31T01:43:34.029+0000] {logging_mixin.py:188} INFO - [2025-07-31T01:43:34.029+0000] {dagbag.py:538} INFO - Filling up the DagBag from /home/airflow/.local/lib/python3.8/site-packages/airflow/example_dags/example_complex.py
[2025-07-31T01:43:34.051+0000] {processor.py:840} INFO - DAG(s) 'example_complex' retrieved from /home/airflow/.local/lib/python3.8/site-packages/airflow/example_dags/example_complex.py
[2025-07-31T01:43:34.125+0000] {logging_mixin.py:188} INFO - [2025-07-31T01:43:34.124+0000] {dag.py:3036} INFO - Sync 1 DAGs
[2025-07-31T01:43:34.147+0000] {logging_mixin.py:188} INFO - [2025-07-31T01:43:34.146+0000] {dag.py:3823} INFO - Setting next_dagrun for example_complex to None, run_after=None
[2025-07-31T01:43:34.175+0000] {processor.py:183} INFO - Processing /home/airflow/.local/lib/python3.8/site-packages/airflow/example_dags/example_complex.py took 0.161 seconds
[2025-07-31T01:44:09.023+0000] {processor.py:161} INFO - Started process (PID=440) to work on /home/airflow/.local/lib/python3.8/site-packages/airflow/example_dags/example_complex.py
[2025-07-31T01:44:09.025+0000] {processor.py:830} INFO - Processing file /home/airflow/.local/lib/python3.8/site-packages/airflow/example_dags/example_complex.py for tasks to queue
[2025-07-31T01:44:09.033+0000] {logging_mixin.py:188} INFO - [2025-07-31T01:44:09.033+0000] {dagbag.py:538} INFO - Filling up the DagBag from /home/airflow/.local/lib/python3.8/site-packages/airflow/example_dags/example_complex.py
[2025-07-31T01:44:09.086+0000] {processor.py:840} INFO - DAG(s) 'example_complex' retrieved from /home/airflow/.local/lib/python3.8/site-packages/airflow/example_dags/example_complex.py
[2025-07-31T01:44:09.248+0000] {logging_mixin.py:188} INFO - [2025-07-31T01:44:09.247+0000] {dag.py:3036} INFO - Sync 1 DAGs
[2025-07-31T01:44:09.390+0000] {logging_mixin.py:188} INFO - [2025-07-31T01:44:09.389+0000] {dag.py:3823} INFO - Setting next_dagrun for example_complex to None, run_after=None
[2025-07-31T01:44:09.633+0000] {processor.py:183} INFO - Processing /home/airflow/.local/lib/python3.8/site-packages/airflow/example_dags/example_complex.py took 0.619 seconds
[2025-07-31T01:44:41.161+0000] {processor.py:161} INFO - Started process (PID=495) to work on /home/airflow/.local/lib/python3.8/site-packages/airflow/example_dags/example_complex.py
[2025-07-31T01:44:41.172+0000] {processor.py:830} INFO - Processing file /home/airflow/.local/lib/python3.8/site-packages/airflow/example_dags/example_complex.py for tasks to queue
[2025-07-31T01:44:41.177+0000] {logging_mixin.py:188} INFO - [2025-07-31T01:44:41.176+0000] {dagbag.py:538} INFO - Filling up the DagBag from /home/airflow/.local/lib/python3.8/site-packages/airflow/example_dags/example_complex.py
[2025-07-31T01:44:41.234+0000] {processor.py:840} INFO - DAG(s) 'example_complex' retrieved from /home/airflow/.local/lib/python3.8/site-packages/airflow/example_dags/example_complex.py
[2025-07-31T01:44:41.558+0000] {logging_mixin.py:188} INFO - [2025-07-31T01:44:41.558+0000] {dag.py:3036} INFO - Sync 1 DAGs
[2025-07-31T01:44:41.608+0000] {logging_mixin.py:188} INFO - [2025-07-31T01:44:41.608+0000] {dag.py:3823} INFO - Setting next_dagrun for example_complex to None, run_after=None
[2025-07-31T01:44:41.665+0000] {processor.py:183} INFO - Processing /home/airflow/.local/lib/python3.8/site-packages/airflow/example_dags/example_complex.py took 0.531 seconds
[2025-07-31T01:45:11.882+0000] {processor.py:161} INFO - Started process (PID=550) to work on /home/airflow/.local/lib/python3.8/site-packages/airflow/example_dags/example_complex.py
[2025-07-31T01:45:11.884+0000] {processor.py:830} INFO - Processing file /home/airflow/.local/lib/python3.8/site-packages/airflow/example_dags/example_complex.py for tasks to queue
[2025-07-31T01:45:11.886+0000] {logging_mixin.py:188} INFO - [2025-07-31T01:45:11.886+0000] {dagbag.py:538} INFO - Filling up the DagBag from /home/airflow/.local/lib/python3.8/site-packages/airflow/example_dags/example_complex.py
[2025-07-31T01:45:11.898+0000] {processor.py:840} INFO - DAG(s) 'example_complex' retrieved from /home/airflow/.local/lib/python3.8/site-packages/airflow/example_dags/example_complex.py
[2025-07-31T01:45:11.938+0000] {logging_mixin.py:188} INFO - [2025-07-31T01:45:11.938+0000] {dag.py:3036} INFO - Sync 1 DAGs
[2025-07-31T01:45:11.955+0000] {logging_mixin.py:188} INFO - [2025-07-31T01:45:11.955+0000] {dag.py:3823} INFO - Setting next_dagrun for example_complex to None, run_after=None
[2025-07-31T01:45:11.980+0000] {processor.py:183} INFO - Processing /home/airflow/.local/lib/python3.8/site-packages/airflow/example_dags/example_complex.py took 0.103 seconds
[2025-07-31T01:45:42.551+0000] {processor.py:161} INFO - Started process (PID=604) to work on /home/airflow/.local/lib/python3.8/site-packages/airflow/example_dags/example_complex.py
[2025-07-31T01:45:42.553+0000] {processor.py:830} INFO - Processing file /home/airflow/.local/lib/python3.8/site-packages/airflow/example_dags/example_complex.py for tasks to queue
[2025-07-31T01:45:42.556+0000] {logging_mixin.py:188} INFO - [2025-07-31T01:45:42.555+0000] {dagbag.py:538} INFO - Filling up the DagBag from /home/airflow/.local/lib/python3.8/site-packages/airflow/example_dags/example_complex.py
[2025-07-31T01:45:42.569+0000] {processor.py:840} INFO - DAG(s) 'example_complex' retrieved from /home/airflow/.local/lib/python3.8/site-packages/airflow/example_dags/example_complex.py
[2025-07-31T01:45:42.606+0000] {logging_mixin.py:188} INFO - [2025-07-31T01:45:42.606+0000] {dag.py:3036} INFO - Sync 1 DAGs
[2025-07-31T01:45:42.621+0000] {logging_mixin.py:188} INFO - [2025-07-31T01:45:42.621+0000] {dag.py:3823} INFO - Setting next_dagrun for example_complex to None, run_after=None
[2025-07-31T01:45:42.646+0000] {processor.py:183} INFO - Processing /home/airflow/.local/lib/python3.8/site-packages/airflow/example_dags/example_complex.py took 0.101 seconds
[2025-07-31T01:46:12.745+0000] {processor.py:161} INFO - Started process (PID=660) to work on /home/airflow/.local/lib/python3.8/site-packages/airflow/example_dags/example_complex.py
[2025-07-31T01:46:12.747+0000] {processor.py:830} INFO - Processing file /home/airflow/.local/lib/python3.8/site-packages/airflow/example_dags/example_complex.py for tasks to queue
[2025-07-31T01:46:12.749+0000] {logging_mixin.py:188} INFO - [2025-07-31T01:46:12.749+0000] {dagbag.py:538} INFO - Filling up the DagBag from /home/airflow/.local/lib/python3.8/site-packages/airflow/example_dags/example_complex.py
[2025-07-31T01:46:12.762+0000] {processor.py:840} INFO - DAG(s) 'example_complex' retrieved from /home/airflow/.local/lib/python3.8/site-packages/airflow/example_dags/example_complex.py
[2025-07-31T01:46:12.797+0000] {logging_mixin.py:188} INFO - [2025-07-31T01:46:12.796+0000] {dag.py:3036} INFO - Sync 1 DAGs
[2025-07-31T01:46:12.810+0000] {logging_mixin.py:188} INFO - [2025-07-31T01:46:12.810+0000] {dag.py:3823} INFO - Setting next_dagrun for example_complex to None, run_after=None
[2025-07-31T01:46:12.838+0000] {processor.py:183} INFO - Processing /home/airflow/.local/lib/python3.8/site-packages/airflow/example_dags/example_complex.py took 0.098 seconds
[2025-07-31T01:46:43.128+0000] {processor.py:161} INFO - Started process (PID=716) to work on /home/airflow/.local/lib/python3.8/site-packages/airflow/example_dags/example_complex.py
[2025-07-31T01:46:43.130+0000] {processor.py:830} INFO - Processing file /home/airflow/.local/lib/python3.8/site-packages/airflow/example_dags/example_complex.py for tasks to queue
[2025-07-31T01:46:43.134+0000] {logging_mixin.py:188} INFO - [2025-07-31T01:46:43.134+0000] {dagbag.py:538} INFO - Filling up the DagBag from /home/airflow/.local/lib/python3.8/site-packages/airflow/example_dags/example_complex.py
[2025-07-31T01:46:43.151+0000] {processor.py:840} INFO - DAG(s) 'example_complex' retrieved from /home/airflow/.local/lib/python3.8/site-packages/airflow/example_dags/example_complex.py
[2025-07-31T01:46:43.213+0000] {logging_mixin.py:188} INFO - [2025-07-31T01:46:43.213+0000] {dag.py:3036} INFO - Sync 1 DAGs
[2025-07-31T01:46:43.229+0000] {logging_mixin.py:188} INFO - [2025-07-31T01:46:43.229+0000] {dag.py:3823} INFO - Setting next_dagrun for example_complex to None, run_after=None
[2025-07-31T01:46:43.254+0000] {processor.py:183} INFO - Processing /home/airflow/.local/lib/python3.8/site-packages/airflow/example_dags/example_complex.py took 0.135 seconds
[2025-07-31T01:47:13.862+0000] {processor.py:161} INFO - Started process (PID=772) to work on /home/airflow/.local/lib/python3.8/site-packages/airflow/example_dags/example_complex.py
[2025-07-31T01:47:13.864+0000] {processor.py:830} INFO - Processing file /home/airflow/.local/lib/python3.8/site-packages/airflow/example_dags/example_complex.py for tasks to queue
[2025-07-31T01:47:13.867+0000] {logging_mixin.py:188} INFO - [2025-07-31T01:47:13.866+0000] {dagbag.py:538} INFO - Filling up the DagBag from /home/airflow/.local/lib/python3.8/site-packages/airflow/example_dags/example_complex.py
[2025-07-31T01:47:13.884+0000] {processor.py:840} INFO - DAG(s) 'example_complex' retrieved from /home/airflow/.local/lib/python3.8/site-packages/airflow/example_dags/example_complex.py
[2025-07-31T01:47:13.938+0000] {logging_mixin.py:188} INFO - [2025-07-31T01:47:13.937+0000] {dag.py:3036} INFO - Sync 1 DAGs
[2025-07-31T01:47:13.955+0000] {logging_mixin.py:188} INFO - [2025-07-31T01:47:13.955+0000] {dag.py:3823} INFO - Setting next_dagrun for example_complex to None, run_after=None
[2025-07-31T01:47:13.992+0000] {processor.py:183} INFO - Processing /home/airflow/.local/lib/python3.8/site-packages/airflow/example_dags/example_complex.py took 0.136 seconds
[2025-07-31T01:47:44.102+0000] {processor.py:161} INFO - Started process (PID=829) to work on /home/airflow/.local/lib/python3.8/site-packages/airflow/example_dags/example_complex.py
[2025-07-31T01:47:44.104+0000] {processor.py:830} INFO - Processing file /home/airflow/.local/lib/python3.8/site-packages/airflow/example_dags/example_complex.py for tasks to queue
[2025-07-31T01:47:44.109+0000] {logging_mixin.py:188} INFO - [2025-07-31T01:47:44.108+0000] {dagbag.py:538} INFO - Filling up the DagBag from /home/airflow/.local/lib/python3.8/site-packages/airflow/example_dags/example_complex.py
[2025-07-31T01:47:44.124+0000] {processor.py:840} INFO - DAG(s) 'example_complex' retrieved from /home/airflow/.local/lib/python3.8/site-packages/airflow/example_dags/example_complex.py
[2025-07-31T01:47:44.165+0000] {logging_mixin.py:188} INFO - [2025-07-31T01:47:44.164+0000] {dag.py:3036} INFO - Sync 1 DAGs
[2025-07-31T01:47:44.181+0000] {logging_mixin.py:188} INFO - [2025-07-31T01:47:44.181+0000] {dag.py:3823} INFO - Setting next_dagrun for example_complex to None, run_after=None
[2025-07-31T01:47:44.211+0000] {processor.py:183} INFO - Processing /home/airflow/.local/lib/python3.8/site-packages/airflow/example_dags/example_complex.py took 0.114 seconds
[2025-07-31T01:48:40.640+0000] {processor.py:161} INFO - Started process (PID=103) to work on /home/airflow/.local/lib/python3.8/site-packages/airflow/example_dags/example_complex.py
[2025-07-31T01:48:40.643+0000] {processor.py:830} INFO - Processing file /home/airflow/.local/lib/python3.8/site-packages/airflow/example_dags/example_complex.py for tasks to queue
[2025-07-31T01:48:40.651+0000] {logging_mixin.py:188} INFO - [2025-07-31T01:48:40.650+0000] {dagbag.py:538} INFO - Filling up the DagBag from /home/airflow/.local/lib/python3.8/site-packages/airflow/example_dags/example_complex.py
[2025-07-31T01:48:40.680+0000] {processor.py:840} INFO - DAG(s) 'example_complex' retrieved from /home/airflow/.local/lib/python3.8/site-packages/airflow/example_dags/example_complex.py
[2025-07-31T01:48:40.712+0000] {logging_mixin.py:188} INFO - [2025-07-31T01:48:40.712+0000] {dag.py:3036} INFO - Sync 1 DAGs
[2025-07-31T01:48:40.746+0000] {logging_mixin.py:188} INFO - [2025-07-31T01:48:40.745+0000] {dag.py:3823} INFO - Setting next_dagrun for example_complex to None, run_after=None
[2025-07-31T01:48:40.801+0000] {processor.py:183} INFO - Processing /home/airflow/.local/lib/python3.8/site-packages/airflow/example_dags/example_complex.py took 0.168 seconds
[2025-07-31T01:49:16.290+0000] {processor.py:161} INFO - Started process (PID=159) to work on /home/airflow/.local/lib/python3.8/site-packages/airflow/example_dags/example_complex.py
[2025-07-31T01:49:16.292+0000] {processor.py:830} INFO - Processing file /home/airflow/.local/lib/python3.8/site-packages/airflow/example_dags/example_complex.py for tasks to queue
[2025-07-31T01:49:16.295+0000] {logging_mixin.py:188} INFO - [2025-07-31T01:49:16.295+0000] {dagbag.py:538} INFO - Filling up the DagBag from /home/airflow/.local/lib/python3.8/site-packages/airflow/example_dags/example_complex.py
[2025-07-31T01:49:16.322+0000] {processor.py:840} INFO - DAG(s) 'example_complex' retrieved from /home/airflow/.local/lib/python3.8/site-packages/airflow/example_dags/example_complex.py
[2025-07-31T01:49:16.548+0000] {logging_mixin.py:188} INFO - [2025-07-31T01:49:16.547+0000] {dag.py:3036} INFO - Sync 1 DAGs
[2025-07-31T01:49:16.576+0000] {logging_mixin.py:188} INFO - [2025-07-31T01:49:16.575+0000] {dag.py:3823} INFO - Setting next_dagrun for example_complex to None, run_after=None
[2025-07-31T01:49:16.614+0000] {processor.py:183} INFO - Processing /home/airflow/.local/lib/python3.8/site-packages/airflow/example_dags/example_complex.py took 0.331 seconds
[2025-07-31T01:49:46.794+0000] {processor.py:161} INFO - Started process (PID=215) to work on /home/airflow/.local/lib/python3.8/site-packages/airflow/example_dags/example_complex.py
[2025-07-31T01:49:46.796+0000] {processor.py:830} INFO - Processing file /home/airflow/.local/lib/python3.8/site-packages/airflow/example_dags/example_complex.py for tasks to queue
[2025-07-31T01:49:46.799+0000] {logging_mixin.py:188} INFO - [2025-07-31T01:49:46.798+0000] {dagbag.py:538} INFO - Filling up the DagBag from /home/airflow/.local/lib/python3.8/site-packages/airflow/example_dags/example_complex.py
[2025-07-31T01:49:46.813+0000] {processor.py:840} INFO - DAG(s) 'example_complex' retrieved from /home/airflow/.local/lib/python3.8/site-packages/airflow/example_dags/example_complex.py
[2025-07-31T01:49:46.851+0000] {logging_mixin.py:188} INFO - [2025-07-31T01:49:46.851+0000] {dag.py:3036} INFO - Sync 1 DAGs
[2025-07-31T01:49:46.866+0000] {logging_mixin.py:188} INFO - [2025-07-31T01:49:46.866+0000] {dag.py:3823} INFO - Setting next_dagrun for example_complex to None, run_after=None
[2025-07-31T01:49:46.895+0000] {processor.py:183} INFO - Processing /home/airflow/.local/lib/python3.8/site-packages/airflow/example_dags/example_complex.py took 0.108 seconds
[2025-07-31T01:50:17.791+0000] {processor.py:161} INFO - Started process (PID=272) to work on /home/airflow/.local/lib/python3.8/site-packages/airflow/example_dags/example_complex.py
[2025-07-31T01:50:17.798+0000] {processor.py:830} INFO - Processing file /home/airflow/.local/lib/python3.8/site-packages/airflow/example_dags/example_complex.py for tasks to queue
[2025-07-31T01:50:17.804+0000] {logging_mixin.py:188} INFO - [2025-07-31T01:50:17.803+0000] {dagbag.py:538} INFO - Filling up the DagBag from /home/airflow/.local/lib/python3.8/site-packages/airflow/example_dags/example_complex.py
[2025-07-31T01:50:17.857+0000] {processor.py:840} INFO - DAG(s) 'example_complex' retrieved from /home/airflow/.local/lib/python3.8/site-packages/airflow/example_dags/example_complex.py
[2025-07-31T01:50:17.963+0000] {logging_mixin.py:188} INFO - [2025-07-31T01:50:17.959+0000] {dag.py:3036} INFO - Sync 1 DAGs
[2025-07-31T01:50:18.000+0000] {logging_mixin.py:188} INFO - [2025-07-31T01:50:18.000+0000] {dag.py:3823} INFO - Setting next_dagrun for example_complex to None, run_after=None
[2025-07-31T01:50:18.085+0000] {processor.py:183} INFO - Processing /home/airflow/.local/lib/python3.8/site-packages/airflow/example_dags/example_complex.py took 0.302 seconds
[2025-07-31T01:50:49.080+0000] {processor.py:161} INFO - Started process (PID=328) to work on /home/airflow/.local/lib/python3.8/site-packages/airflow/example_dags/example_complex.py
[2025-07-31T01:50:49.086+0000] {processor.py:830} INFO - Processing file /home/airflow/.local/lib/python3.8/site-packages/airflow/example_dags/example_complex.py for tasks to queue
[2025-07-31T01:50:49.090+0000] {logging_mixin.py:188} INFO - [2025-07-31T01:50:49.090+0000] {dagbag.py:538} INFO - Filling up the DagBag from /home/airflow/.local/lib/python3.8/site-packages/airflow/example_dags/example_complex.py
[2025-07-31T01:50:49.114+0000] {processor.py:840} INFO - DAG(s) 'example_complex' retrieved from /home/airflow/.local/lib/python3.8/site-packages/airflow/example_dags/example_complex.py
[2025-07-31T01:50:49.210+0000] {logging_mixin.py:188} INFO - [2025-07-31T01:50:49.209+0000] {dag.py:3036} INFO - Sync 1 DAGs
[2025-07-31T01:50:49.231+0000] {logging_mixin.py:188} INFO - [2025-07-31T01:50:49.230+0000] {dag.py:3823} INFO - Setting next_dagrun for example_complex to None, run_after=None
[2025-07-31T01:50:49.263+0000] {processor.py:183} INFO - Processing /home/airflow/.local/lib/python3.8/site-packages/airflow/example_dags/example_complex.py took 0.192 seconds
[2025-07-31T01:51:20.071+0000] {processor.py:161} INFO - Started process (PID=384) to work on /home/airflow/.local/lib/python3.8/site-packages/airflow/example_dags/example_complex.py
[2025-07-31T01:51:20.073+0000] {processor.py:830} INFO - Processing file /home/airflow/.local/lib/python3.8/site-packages/airflow/example_dags/example_complex.py for tasks to queue
[2025-07-31T01:51:20.077+0000] {logging_mixin.py:188} INFO - [2025-07-31T01:51:20.076+0000] {dagbag.py:538} INFO - Filling up the DagBag from /home/airflow/.local/lib/python3.8/site-packages/airflow/example_dags/example_complex.py
[2025-07-31T01:51:20.150+0000] {processor.py:840} INFO - DAG(s) 'example_complex' retrieved from /home/airflow/.local/lib/python3.8/site-packages/airflow/example_dags/example_complex.py
[2025-07-31T01:51:20.224+0000] {logging_mixin.py:188} INFO - [2025-07-31T01:51:20.224+0000] {dag.py:3036} INFO - Sync 1 DAGs
[2025-07-31T01:51:20.254+0000] {logging_mixin.py:188} INFO - [2025-07-31T01:51:20.253+0000] {dag.py:3823} INFO - Setting next_dagrun for example_complex to None, run_after=None
[2025-07-31T01:51:20.317+0000] {processor.py:183} INFO - Processing /home/airflow/.local/lib/python3.8/site-packages/airflow/example_dags/example_complex.py took 0.256 seconds
[2025-07-31T01:51:51.342+0000] {processor.py:161} INFO - Started process (PID=439) to work on /home/airflow/.local/lib/python3.8/site-packages/airflow/example_dags/example_complex.py
[2025-07-31T01:51:51.344+0000] {processor.py:830} INFO - Processing file /home/airflow/.local/lib/python3.8/site-packages/airflow/example_dags/example_complex.py for tasks to queue
[2025-07-31T01:51:51.348+0000] {logging_mixin.py:188} INFO - [2025-07-31T01:51:51.347+0000] {dagbag.py:538} INFO - Filling up the DagBag from /home/airflow/.local/lib/python3.8/site-packages/airflow/example_dags/example_complex.py
[2025-07-31T01:51:51.376+0000] {processor.py:840} INFO - DAG(s) 'example_complex' retrieved from /home/airflow/.local/lib/python3.8/site-packages/airflow/example_dags/example_complex.py
[2025-07-31T01:51:51.450+0000] {logging_mixin.py:188} INFO - [2025-07-31T01:51:51.450+0000] {dag.py:3036} INFO - Sync 1 DAGs
[2025-07-31T01:51:51.466+0000] {logging_mixin.py:188} INFO - [2025-07-31T01:51:51.465+0000] {dag.py:3823} INFO - Setting next_dagrun for example_complex to None, run_after=None
[2025-07-31T01:51:51.498+0000] {processor.py:183} INFO - Processing /home/airflow/.local/lib/python3.8/site-packages/airflow/example_dags/example_complex.py took 0.171 seconds
[2025-07-31T01:52:21.720+0000] {processor.py:161} INFO - Started process (PID=495) to work on /home/airflow/.local/lib/python3.8/site-packages/airflow/example_dags/example_complex.py
[2025-07-31T01:52:21.725+0000] {processor.py:830} INFO - Processing file /home/airflow/.local/lib/python3.8/site-packages/airflow/example_dags/example_complex.py for tasks to queue
[2025-07-31T01:52:21.734+0000] {logging_mixin.py:188} INFO - [2025-07-31T01:52:21.733+0000] {dagbag.py:538} INFO - Filling up the DagBag from /home/airflow/.local/lib/python3.8/site-packages/airflow/example_dags/example_complex.py
[2025-07-31T01:52:21.763+0000] {processor.py:840} INFO - DAG(s) 'example_complex' retrieved from /home/airflow/.local/lib/python3.8/site-packages/airflow/example_dags/example_complex.py
[2025-07-31T01:52:21.832+0000] {logging_mixin.py:188} INFO - [2025-07-31T01:52:21.831+0000] {dag.py:3036} INFO - Sync 1 DAGs
[2025-07-31T01:52:21.859+0000] {logging_mixin.py:188} INFO - [2025-07-31T01:52:21.858+0000] {dag.py:3823} INFO - Setting next_dagrun for example_complex to None, run_after=None
[2025-07-31T01:52:21.967+0000] {processor.py:183} INFO - Processing /home/airflow/.local/lib/python3.8/site-packages/airflow/example_dags/example_complex.py took 0.259 seconds
[2025-07-31T01:52:52.761+0000] {processor.py:161} INFO - Started process (PID=551) to work on /home/airflow/.local/lib/python3.8/site-packages/airflow/example_dags/example_complex.py
[2025-07-31T01:52:52.763+0000] {processor.py:830} INFO - Processing file /home/airflow/.local/lib/python3.8/site-packages/airflow/example_dags/example_complex.py for tasks to queue
[2025-07-31T01:52:52.766+0000] {logging_mixin.py:188} INFO - [2025-07-31T01:52:52.765+0000] {dagbag.py:538} INFO - Filling up the DagBag from /home/airflow/.local/lib/python3.8/site-packages/airflow/example_dags/example_complex.py
[2025-07-31T01:52:52.784+0000] {processor.py:840} INFO - DAG(s) 'example_complex' retrieved from /home/airflow/.local/lib/python3.8/site-packages/airflow/example_dags/example_complex.py
[2025-07-31T01:52:52.832+0000] {logging_mixin.py:188} INFO - [2025-07-31T01:52:52.831+0000] {dag.py:3036} INFO - Sync 1 DAGs
[2025-07-31T01:52:52.852+0000] {logging_mixin.py:188} INFO - [2025-07-31T01:52:52.852+0000] {dag.py:3823} INFO - Setting next_dagrun for example_complex to None, run_after=None
[2025-07-31T01:52:52.919+0000] {processor.py:183} INFO - Processing /home/airflow/.local/lib/python3.8/site-packages/airflow/example_dags/example_complex.py took 0.162 seconds
[2025-07-31T01:53:24.215+0000] {processor.py:161} INFO - Started process (PID=607) to work on /home/airflow/.local/lib/python3.8/site-packages/airflow/example_dags/example_complex.py
[2025-07-31T01:53:24.229+0000] {processor.py:830} INFO - Processing file /home/airflow/.local/lib/python3.8/site-packages/airflow/example_dags/example_complex.py for tasks to queue
[2025-07-31T01:53:24.238+0000] {logging_mixin.py:188} INFO - [2025-07-31T01:53:24.237+0000] {dagbag.py:538} INFO - Filling up the DagBag from /home/airflow/.local/lib/python3.8/site-packages/airflow/example_dags/example_complex.py
[2025-07-31T01:53:24.340+0000] {processor.py:840} INFO - DAG(s) 'example_complex' retrieved from /home/airflow/.local/lib/python3.8/site-packages/airflow/example_dags/example_complex.py
[2025-07-31T01:53:24.494+0000] {logging_mixin.py:188} INFO - [2025-07-31T01:53:24.494+0000] {dag.py:3036} INFO - Sync 1 DAGs
[2025-07-31T01:53:24.540+0000] {logging_mixin.py:188} INFO - [2025-07-31T01:53:24.539+0000] {dag.py:3823} INFO - Setting next_dagrun for example_complex to None, run_after=None
[2025-07-31T01:53:24.618+0000] {processor.py:183} INFO - Processing /home/airflow/.local/lib/python3.8/site-packages/airflow/example_dags/example_complex.py took 0.420 seconds
[2025-07-31T01:53:55.220+0000] {processor.py:161} INFO - Started process (PID=665) to work on /home/airflow/.local/lib/python3.8/site-packages/airflow/example_dags/example_complex.py
[2025-07-31T01:53:55.226+0000] {processor.py:830} INFO - Processing file /home/airflow/.local/lib/python3.8/site-packages/airflow/example_dags/example_complex.py for tasks to queue
[2025-07-31T01:53:55.231+0000] {logging_mixin.py:188} INFO - [2025-07-31T01:53:55.229+0000] {dagbag.py:538} INFO - Filling up the DagBag from /home/airflow/.local/lib/python3.8/site-packages/airflow/example_dags/example_complex.py
[2025-07-31T01:53:55.265+0000] {processor.py:840} INFO - DAG(s) 'example_complex' retrieved from /home/airflow/.local/lib/python3.8/site-packages/airflow/example_dags/example_complex.py
[2025-07-31T01:53:55.360+0000] {logging_mixin.py:188} INFO - [2025-07-31T01:53:55.359+0000] {dag.py:3036} INFO - Sync 1 DAGs
[2025-07-31T01:53:55.388+0000] {logging_mixin.py:188} INFO - [2025-07-31T01:53:55.388+0000] {dag.py:3823} INFO - Setting next_dagrun for example_complex to None, run_after=None
[2025-07-31T01:53:55.437+0000] {processor.py:183} INFO - Processing /home/airflow/.local/lib/python3.8/site-packages/airflow/example_dags/example_complex.py took 0.224 seconds
[2025-07-31T01:54:25.674+0000] {processor.py:161} INFO - Started process (PID=722) to work on /home/airflow/.local/lib/python3.8/site-packages/airflow/example_dags/example_complex.py
[2025-07-31T01:54:25.682+0000] {processor.py:830} INFO - Processing file /home/airflow/.local/lib/python3.8/site-packages/airflow/example_dags/example_complex.py for tasks to queue
[2025-07-31T01:54:25.690+0000] {logging_mixin.py:188} INFO - [2025-07-31T01:54:25.689+0000] {dagbag.py:538} INFO - Filling up the DagBag from /home/airflow/.local/lib/python3.8/site-packages/airflow/example_dags/example_complex.py
[2025-07-31T01:54:25.721+0000] {processor.py:840} INFO - DAG(s) 'example_complex' retrieved from /home/airflow/.local/lib/python3.8/site-packages/airflow/example_dags/example_complex.py
[2025-07-31T01:54:25.784+0000] {logging_mixin.py:188} INFO - [2025-07-31T01:54:25.784+0000] {dag.py:3036} INFO - Sync 1 DAGs
[2025-07-31T01:54:25.798+0000] {logging_mixin.py:188} INFO - [2025-07-31T01:54:25.798+0000] {dag.py:3823} INFO - Setting next_dagrun for example_complex to None, run_after=None
[2025-07-31T01:54:25.822+0000] {processor.py:183} INFO - Processing /home/airflow/.local/lib/python3.8/site-packages/airflow/example_dags/example_complex.py took 0.157 seconds
[2025-07-31T01:54:56.655+0000] {processor.py:161} INFO - Started process (PID=779) to work on /home/airflow/.local/lib/python3.8/site-packages/airflow/example_dags/example_complex.py
[2025-07-31T01:54:56.659+0000] {processor.py:830} INFO - Processing file /home/airflow/.local/lib/python3.8/site-packages/airflow/example_dags/example_complex.py for tasks to queue
[2025-07-31T01:54:56.664+0000] {logging_mixin.py:188} INFO - [2025-07-31T01:54:56.663+0000] {dagbag.py:538} INFO - Filling up the DagBag from /home/airflow/.local/lib/python3.8/site-packages/airflow/example_dags/example_complex.py
[2025-07-31T01:54:56.695+0000] {processor.py:840} INFO - DAG(s) 'example_complex' retrieved from /home/airflow/.local/lib/python3.8/site-packages/airflow/example_dags/example_complex.py
[2025-07-31T01:54:56.792+0000] {logging_mixin.py:188} INFO - [2025-07-31T01:54:56.792+0000] {dag.py:3036} INFO - Sync 1 DAGs
[2025-07-31T01:54:56.824+0000] {logging_mixin.py:188} INFO - [2025-07-31T01:54:56.824+0000] {dag.py:3823} INFO - Setting next_dagrun for example_complex to None, run_after=None
[2025-07-31T01:54:56.922+0000] {processor.py:183} INFO - Processing /home/airflow/.local/lib/python3.8/site-packages/airflow/example_dags/example_complex.py took 0.276 seconds
[2025-07-31T01:55:27.331+0000] {processor.py:161} INFO - Started process (PID=836) to work on /home/airflow/.local/lib/python3.8/site-packages/airflow/example_dags/example_complex.py
[2025-07-31T01:55:27.333+0000] {processor.py:830} INFO - Processing file /home/airflow/.local/lib/python3.8/site-packages/airflow/example_dags/example_complex.py for tasks to queue
[2025-07-31T01:55:27.337+0000] {logging_mixin.py:188} INFO - [2025-07-31T01:55:27.336+0000] {dagbag.py:538} INFO - Filling up the DagBag from /home/airflow/.local/lib/python3.8/site-packages/airflow/example_dags/example_complex.py
[2025-07-31T01:55:27.352+0000] {processor.py:840} INFO - DAG(s) 'example_complex' retrieved from /home/airflow/.local/lib/python3.8/site-packages/airflow/example_dags/example_complex.py
[2025-07-31T01:55:27.406+0000] {logging_mixin.py:188} INFO - [2025-07-31T01:55:27.406+0000] {dag.py:3036} INFO - Sync 1 DAGs
[2025-07-31T01:55:27.431+0000] {logging_mixin.py:188} INFO - [2025-07-31T01:55:27.431+0000] {dag.py:3823} INFO - Setting next_dagrun for example_complex to None, run_after=None
[2025-07-31T01:55:27.478+0000] {processor.py:183} INFO - Processing /home/airflow/.local/lib/python3.8/site-packages/airflow/example_dags/example_complex.py took 0.152 seconds
[2025-07-31T01:55:58.332+0000] {processor.py:161} INFO - Started process (PID=893) to work on /home/airflow/.local/lib/python3.8/site-packages/airflow/example_dags/example_complex.py
[2025-07-31T01:55:58.334+0000] {processor.py:830} INFO - Processing file /home/airflow/.local/lib/python3.8/site-packages/airflow/example_dags/example_complex.py for tasks to queue
[2025-07-31T01:55:58.338+0000] {logging_mixin.py:188} INFO - [2025-07-31T01:55:58.337+0000] {dagbag.py:538} INFO - Filling up the DagBag from /home/airflow/.local/lib/python3.8/site-packages/airflow/example_dags/example_complex.py
[2025-07-31T01:55:58.354+0000] {processor.py:840} INFO - DAG(s) 'example_complex' retrieved from /home/airflow/.local/lib/python3.8/site-packages/airflow/example_dags/example_complex.py
[2025-07-31T01:55:58.422+0000] {logging_mixin.py:188} INFO - [2025-07-31T01:55:58.421+0000] {dag.py:3036} INFO - Sync 1 DAGs
[2025-07-31T01:55:58.450+0000] {logging_mixin.py:188} INFO - [2025-07-31T01:55:58.449+0000] {dag.py:3823} INFO - Setting next_dagrun for example_complex to None, run_after=None
[2025-07-31T01:55:58.486+0000] {processor.py:183} INFO - Processing /home/airflow/.local/lib/python3.8/site-packages/airflow/example_dags/example_complex.py took 0.161 seconds
[2025-07-31T01:56:29.184+0000] {processor.py:161} INFO - Started process (PID=950) to work on /home/airflow/.local/lib/python3.8/site-packages/airflow/example_dags/example_complex.py
[2025-07-31T01:56:29.187+0000] {processor.py:830} INFO - Processing file /home/airflow/.local/lib/python3.8/site-packages/airflow/example_dags/example_complex.py for tasks to queue
[2025-07-31T01:56:29.192+0000] {logging_mixin.py:188} INFO - [2025-07-31T01:56:29.191+0000] {dagbag.py:538} INFO - Filling up the DagBag from /home/airflow/.local/lib/python3.8/site-packages/airflow/example_dags/example_complex.py
[2025-07-31T01:56:29.221+0000] {processor.py:840} INFO - DAG(s) 'example_complex' retrieved from /home/airflow/.local/lib/python3.8/site-packages/airflow/example_dags/example_complex.py
[2025-07-31T01:56:29.307+0000] {logging_mixin.py:188} INFO - [2025-07-31T01:56:29.306+0000] {dag.py:3036} INFO - Sync 1 DAGs
[2025-07-31T01:56:29.342+0000] {logging_mixin.py:188} INFO - [2025-07-31T01:56:29.342+0000] {dag.py:3823} INFO - Setting next_dagrun for example_complex to None, run_after=None
[2025-07-31T01:56:29.388+0000] {processor.py:183} INFO - Processing /home/airflow/.local/lib/python3.8/site-packages/airflow/example_dags/example_complex.py took 0.212 seconds
