[2025-07-31T01:40:59.570+0000] {processor.py:161} INFO - Started process (PID=99) to work on /home/airflow/.local/lib/python3.8/site-packages/airflow/example_dags/example_branch_python_dop_operator_3.py
[2025-07-31T01:40:59.573+0000] {processor.py:830} INFO - Processing file /home/airflow/.local/lib/python3.8/site-packages/airflow/example_dags/example_branch_python_dop_operator_3.py for tasks to queue
[2025-07-31T01:40:59.590+0000] {logging_mixin.py:188} INFO - [2025-07-31T01:40:59.580+0000] {dagbag.py:538} INFO - Filling up the DagBag from /home/airflow/.local/lib/python3.8/site-packages/airflow/example_dags/example_branch_python_dop_operator_3.py
[2025-07-31T01:40:59.644+0000] {processor.py:840} INFO - DAG(s) 'example_branch_dop_operator_v3' retrieved from /home/airflow/.local/lib/python3.8/site-packages/airflow/example_dags/example_branch_python_dop_operator_3.py
[2025-07-31T01:41:00.044+0000] {logging_mixin.py:188} INFO - [2025-07-31T01:41:00.043+0000] {dag.py:3036} INFO - Sync 1 DAGs
[2025-07-31T01:41:00.129+0000] {logging_mixin.py:188} INFO - [2025-07-31T01:41:00.128+0000] {dag.py:3823} INFO - Setting next_dagrun for example_branch_dop_operator_v3 to 2025-07-31 01:40:00+00:00, run_after=2025-07-31 01:41:00+00:00
[2025-07-31T01:41:00.262+0000] {processor.py:183} INFO - Processing /home/airflow/.local/lib/python3.8/site-packages/airflow/example_dags/example_branch_python_dop_operator_3.py took 0.702 seconds
[2025-07-31T01:41:30.659+0000] {processor.py:161} INFO - Started process (PID=154) to work on /home/airflow/.local/lib/python3.8/site-packages/airflow/example_dags/example_branch_python_dop_operator_3.py
[2025-07-31T01:41:30.661+0000] {processor.py:830} INFO - Processing file /home/airflow/.local/lib/python3.8/site-packages/airflow/example_dags/example_branch_python_dop_operator_3.py for tasks to queue
[2025-07-31T01:41:30.664+0000] {logging_mixin.py:188} INFO - [2025-07-31T01:41:30.664+0000] {dagbag.py:538} INFO - Filling up the DagBag from /home/airflow/.local/lib/python3.8/site-packages/airflow/example_dags/example_branch_python_dop_operator_3.py
[2025-07-31T01:41:30.679+0000] {processor.py:840} INFO - DAG(s) 'example_branch_dop_operator_v3' retrieved from /home/airflow/.local/lib/python3.8/site-packages/airflow/example_dags/example_branch_python_dop_operator_3.py
[2025-07-31T01:41:30.722+0000] {logging_mixin.py:188} INFO - [2025-07-31T01:41:30.722+0000] {dag.py:3036} INFO - Sync 1 DAGs
[2025-07-31T01:41:30.775+0000] {logging_mixin.py:188} INFO - [2025-07-31T01:41:30.775+0000] {dag.py:3823} INFO - Setting next_dagrun for example_branch_dop_operator_v3 to 2025-07-31 01:40:00+00:00, run_after=2025-07-31 01:41:00+00:00
[2025-07-31T01:41:30.823+0000] {processor.py:183} INFO - Processing /home/airflow/.local/lib/python3.8/site-packages/airflow/example_dags/example_branch_python_dop_operator_3.py took 0.170 seconds
[2025-07-31T01:42:01.116+0000] {processor.py:161} INFO - Started process (PID=209) to work on /home/airflow/.local/lib/python3.8/site-packages/airflow/example_dags/example_branch_python_dop_operator_3.py
[2025-07-31T01:42:01.121+0000] {processor.py:830} INFO - Processing file /home/airflow/.local/lib/python3.8/site-packages/airflow/example_dags/example_branch_python_dop_operator_3.py for tasks to queue
[2025-07-31T01:42:01.124+0000] {logging_mixin.py:188} INFO - [2025-07-31T01:42:01.123+0000] {dagbag.py:538} INFO - Filling up the DagBag from /home/airflow/.local/lib/python3.8/site-packages/airflow/example_dags/example_branch_python_dop_operator_3.py
[2025-07-31T01:42:01.151+0000] {processor.py:840} INFO - DAG(s) 'example_branch_dop_operator_v3' retrieved from /home/airflow/.local/lib/python3.8/site-packages/airflow/example_dags/example_branch_python_dop_operator_3.py
[2025-07-31T01:42:01.212+0000] {logging_mixin.py:188} INFO - [2025-07-31T01:42:01.211+0000] {dag.py:3036} INFO - Sync 1 DAGs
[2025-07-31T01:42:01.281+0000] {logging_mixin.py:188} INFO - [2025-07-31T01:42:01.281+0000] {dag.py:3823} INFO - Setting next_dagrun for example_branch_dop_operator_v3 to 2025-07-31 01:41:00+00:00, run_after=2025-07-31 01:42:00+00:00
[2025-07-31T01:42:01.326+0000] {processor.py:183} INFO - Processing /home/airflow/.local/lib/python3.8/site-packages/airflow/example_dags/example_branch_python_dop_operator_3.py took 0.224 seconds
[2025-07-31T01:42:31.395+0000] {processor.py:161} INFO - Started process (PID=265) to work on /home/airflow/.local/lib/python3.8/site-packages/airflow/example_dags/example_branch_python_dop_operator_3.py
[2025-07-31T01:42:31.397+0000] {processor.py:830} INFO - Processing file /home/airflow/.local/lib/python3.8/site-packages/airflow/example_dags/example_branch_python_dop_operator_3.py for tasks to queue
[2025-07-31T01:42:31.400+0000] {logging_mixin.py:188} INFO - [2025-07-31T01:42:31.399+0000] {dagbag.py:538} INFO - Filling up the DagBag from /home/airflow/.local/lib/python3.8/site-packages/airflow/example_dags/example_branch_python_dop_operator_3.py
[2025-07-31T01:42:31.410+0000] {processor.py:840} INFO - DAG(s) 'example_branch_dop_operator_v3' retrieved from /home/airflow/.local/lib/python3.8/site-packages/airflow/example_dags/example_branch_python_dop_operator_3.py
[2025-07-31T01:42:31.435+0000] {logging_mixin.py:188} INFO - [2025-07-31T01:42:31.435+0000] {dag.py:3036} INFO - Sync 1 DAGs
[2025-07-31T01:42:31.463+0000] {logging_mixin.py:188} INFO - [2025-07-31T01:42:31.463+0000] {dag.py:3823} INFO - Setting next_dagrun for example_branch_dop_operator_v3 to 2025-07-31 01:41:00+00:00, run_after=2025-07-31 01:42:00+00:00
[2025-07-31T01:42:31.487+0000] {processor.py:183} INFO - Processing /home/airflow/.local/lib/python3.8/site-packages/airflow/example_dags/example_branch_python_dop_operator_3.py took 0.096 seconds
[2025-07-31T01:43:01.963+0000] {processor.py:161} INFO - Started process (PID=320) to work on /home/airflow/.local/lib/python3.8/site-packages/airflow/example_dags/example_branch_python_dop_operator_3.py
[2025-07-31T01:43:01.965+0000] {processor.py:830} INFO - Processing file /home/airflow/.local/lib/python3.8/site-packages/airflow/example_dags/example_branch_python_dop_operator_3.py for tasks to queue
[2025-07-31T01:43:01.968+0000] {logging_mixin.py:188} INFO - [2025-07-31T01:43:01.968+0000] {dagbag.py:538} INFO - Filling up the DagBag from /home/airflow/.local/lib/python3.8/site-packages/airflow/example_dags/example_branch_python_dop_operator_3.py
[2025-07-31T01:43:01.980+0000] {processor.py:840} INFO - DAG(s) 'example_branch_dop_operator_v3' retrieved from /home/airflow/.local/lib/python3.8/site-packages/airflow/example_dags/example_branch_python_dop_operator_3.py
[2025-07-31T01:43:02.009+0000] {logging_mixin.py:188} INFO - [2025-07-31T01:43:02.009+0000] {dag.py:3036} INFO - Sync 1 DAGs
[2025-07-31T01:43:02.045+0000] {logging_mixin.py:188} INFO - [2025-07-31T01:43:02.045+0000] {dag.py:3823} INFO - Setting next_dagrun for example_branch_dop_operator_v3 to 2025-07-31 01:42:00+00:00, run_after=2025-07-31 01:43:00+00:00
[2025-07-31T01:43:02.075+0000] {processor.py:183} INFO - Processing /home/airflow/.local/lib/python3.8/site-packages/airflow/example_dags/example_branch_python_dop_operator_3.py took 0.117 seconds
[2025-07-31T01:43:33.358+0000] {processor.py:161} INFO - Started process (PID=375) to work on /home/airflow/.local/lib/python3.8/site-packages/airflow/example_dags/example_branch_python_dop_operator_3.py
[2025-07-31T01:43:33.366+0000] {processor.py:830} INFO - Processing file /home/airflow/.local/lib/python3.8/site-packages/airflow/example_dags/example_branch_python_dop_operator_3.py for tasks to queue
[2025-07-31T01:43:33.376+0000] {logging_mixin.py:188} INFO - [2025-07-31T01:43:33.375+0000] {dagbag.py:538} INFO - Filling up the DagBag from /home/airflow/.local/lib/python3.8/site-packages/airflow/example_dags/example_branch_python_dop_operator_3.py
[2025-07-31T01:43:33.415+0000] {processor.py:840} INFO - DAG(s) 'example_branch_dop_operator_v3' retrieved from /home/airflow/.local/lib/python3.8/site-packages/airflow/example_dags/example_branch_python_dop_operator_3.py
[2025-07-31T01:43:33.463+0000] {logging_mixin.py:188} INFO - [2025-07-31T01:43:33.462+0000] {dag.py:3036} INFO - Sync 1 DAGs
[2025-07-31T01:43:33.521+0000] {logging_mixin.py:188} INFO - [2025-07-31T01:43:33.520+0000] {dag.py:3823} INFO - Setting next_dagrun for example_branch_dop_operator_v3 to 2025-07-31 01:42:00+00:00, run_after=2025-07-31 01:43:00+00:00
[2025-07-31T01:43:33.573+0000] {processor.py:183} INFO - Processing /home/airflow/.local/lib/python3.8/site-packages/airflow/example_dags/example_branch_python_dop_operator_3.py took 0.233 seconds
[2025-07-31T01:44:06.870+0000] {processor.py:161} INFO - Started process (PID=436) to work on /home/airflow/.local/lib/python3.8/site-packages/airflow/example_dags/example_branch_python_dop_operator_3.py
[2025-07-31T01:44:06.878+0000] {processor.py:830} INFO - Processing file /home/airflow/.local/lib/python3.8/site-packages/airflow/example_dags/example_branch_python_dop_operator_3.py for tasks to queue
[2025-07-31T01:44:06.895+0000] {logging_mixin.py:188} INFO - [2025-07-31T01:44:06.894+0000] {dagbag.py:538} INFO - Filling up the DagBag from /home/airflow/.local/lib/python3.8/site-packages/airflow/example_dags/example_branch_python_dop_operator_3.py
[2025-07-31T01:44:06.941+0000] {processor.py:840} INFO - DAG(s) 'example_branch_dop_operator_v3' retrieved from /home/airflow/.local/lib/python3.8/site-packages/airflow/example_dags/example_branch_python_dop_operator_3.py
[2025-07-31T01:44:07.027+0000] {logging_mixin.py:188} INFO - [2025-07-31T01:44:07.027+0000] {dag.py:3036} INFO - Sync 1 DAGs
[2025-07-31T01:44:07.184+0000] {logging_mixin.py:188} INFO - [2025-07-31T01:44:07.183+0000] {dag.py:3823} INFO - Setting next_dagrun for example_branch_dop_operator_v3 to 2025-07-31 01:43:00+00:00, run_after=2025-07-31 01:44:00+00:00
[2025-07-31T01:44:07.444+0000] {processor.py:183} INFO - Processing /home/airflow/.local/lib/python3.8/site-packages/airflow/example_dags/example_branch_python_dop_operator_3.py took 0.586 seconds
[2025-07-31T01:44:39.058+0000] {processor.py:161} INFO - Started process (PID=491) to work on /home/airflow/.local/lib/python3.8/site-packages/airflow/example_dags/example_branch_python_dop_operator_3.py
[2025-07-31T01:44:39.166+0000] {processor.py:830} INFO - Processing file /home/airflow/.local/lib/python3.8/site-packages/airflow/example_dags/example_branch_python_dop_operator_3.py for tasks to queue
[2025-07-31T01:44:39.261+0000] {logging_mixin.py:188} INFO - [2025-07-31T01:44:39.232+0000] {dagbag.py:538} INFO - Filling up the DagBag from /home/airflow/.local/lib/python3.8/site-packages/airflow/example_dags/example_branch_python_dop_operator_3.py
[2025-07-31T01:44:39.372+0000] {processor.py:840} INFO - DAG(s) 'example_branch_dop_operator_v3' retrieved from /home/airflow/.local/lib/python3.8/site-packages/airflow/example_dags/example_branch_python_dop_operator_3.py
[2025-07-31T01:44:39.701+0000] {logging_mixin.py:188} INFO - [2025-07-31T01:44:39.701+0000] {dag.py:3036} INFO - Sync 1 DAGs
[2025-07-31T01:44:40.142+0000] {logging_mixin.py:188} INFO - [2025-07-31T01:44:40.141+0000] {dag.py:3823} INFO - Setting next_dagrun for example_branch_dop_operator_v3 to 2025-07-31 01:43:00+00:00, run_after=2025-07-31 01:44:00+00:00
[2025-07-31T01:44:40.226+0000] {processor.py:183} INFO - Processing /home/airflow/.local/lib/python3.8/site-packages/airflow/example_dags/example_branch_python_dop_operator_3.py took 1.190 seconds
[2025-07-31T01:45:10.346+0000] {processor.py:161} INFO - Started process (PID=546) to work on /home/airflow/.local/lib/python3.8/site-packages/airflow/example_dags/example_branch_python_dop_operator_3.py
[2025-07-31T01:45:10.351+0000] {processor.py:830} INFO - Processing file /home/airflow/.local/lib/python3.8/site-packages/airflow/example_dags/example_branch_python_dop_operator_3.py for tasks to queue
[2025-07-31T01:45:10.354+0000] {logging_mixin.py:188} INFO - [2025-07-31T01:45:10.354+0000] {dagbag.py:538} INFO - Filling up the DagBag from /home/airflow/.local/lib/python3.8/site-packages/airflow/example_dags/example_branch_python_dop_operator_3.py
[2025-07-31T01:45:10.374+0000] {processor.py:840} INFO - DAG(s) 'example_branch_dop_operator_v3' retrieved from /home/airflow/.local/lib/python3.8/site-packages/airflow/example_dags/example_branch_python_dop_operator_3.py
[2025-07-31T01:45:10.412+0000] {logging_mixin.py:188} INFO - [2025-07-31T01:45:10.412+0000] {dag.py:3036} INFO - Sync 1 DAGs
[2025-07-31T01:45:10.472+0000] {logging_mixin.py:188} INFO - [2025-07-31T01:45:10.472+0000] {dag.py:3823} INFO - Setting next_dagrun for example_branch_dop_operator_v3 to 2025-07-31 01:44:00+00:00, run_after=2025-07-31 01:45:00+00:00
[2025-07-31T01:45:10.504+0000] {processor.py:183} INFO - Processing /home/airflow/.local/lib/python3.8/site-packages/airflow/example_dags/example_branch_python_dop_operator_3.py took 0.163 seconds
[2025-07-31T01:45:40.764+0000] {processor.py:161} INFO - Started process (PID=600) to work on /home/airflow/.local/lib/python3.8/site-packages/airflow/example_dags/example_branch_python_dop_operator_3.py
[2025-07-31T01:45:40.766+0000] {processor.py:830} INFO - Processing file /home/airflow/.local/lib/python3.8/site-packages/airflow/example_dags/example_branch_python_dop_operator_3.py for tasks to queue
[2025-07-31T01:45:40.782+0000] {logging_mixin.py:188} INFO - [2025-07-31T01:45:40.781+0000] {dagbag.py:538} INFO - Filling up the DagBag from /home/airflow/.local/lib/python3.8/site-packages/airflow/example_dags/example_branch_python_dop_operator_3.py
[2025-07-31T01:45:40.800+0000] {processor.py:840} INFO - DAG(s) 'example_branch_dop_operator_v3' retrieved from /home/airflow/.local/lib/python3.8/site-packages/airflow/example_dags/example_branch_python_dop_operator_3.py
[2025-07-31T01:45:40.833+0000] {logging_mixin.py:188} INFO - [2025-07-31T01:45:40.833+0000] {dag.py:3036} INFO - Sync 1 DAGs
[2025-07-31T01:45:40.868+0000] {logging_mixin.py:188} INFO - [2025-07-31T01:45:40.868+0000] {dag.py:3823} INFO - Setting next_dagrun for example_branch_dop_operator_v3 to 2025-07-31 01:44:00+00:00, run_after=2025-07-31 01:45:00+00:00
[2025-07-31T01:45:40.998+0000] {processor.py:183} INFO - Processing /home/airflow/.local/lib/python3.8/site-packages/airflow/example_dags/example_branch_python_dop_operator_3.py took 0.244 seconds
[2025-07-31T01:46:11.278+0000] {processor.py:161} INFO - Started process (PID=656) to work on /home/airflow/.local/lib/python3.8/site-packages/airflow/example_dags/example_branch_python_dop_operator_3.py
[2025-07-31T01:46:11.280+0000] {processor.py:830} INFO - Processing file /home/airflow/.local/lib/python3.8/site-packages/airflow/example_dags/example_branch_python_dop_operator_3.py for tasks to queue
[2025-07-31T01:46:11.282+0000] {logging_mixin.py:188} INFO - [2025-07-31T01:46:11.282+0000] {dagbag.py:538} INFO - Filling up the DagBag from /home/airflow/.local/lib/python3.8/site-packages/airflow/example_dags/example_branch_python_dop_operator_3.py
[2025-07-31T01:46:11.296+0000] {processor.py:840} INFO - DAG(s) 'example_branch_dop_operator_v3' retrieved from /home/airflow/.local/lib/python3.8/site-packages/airflow/example_dags/example_branch_python_dop_operator_3.py
[2025-07-31T01:46:11.327+0000] {logging_mixin.py:188} INFO - [2025-07-31T01:46:11.327+0000] {dag.py:3036} INFO - Sync 1 DAGs
[2025-07-31T01:46:11.365+0000] {logging_mixin.py:188} INFO - [2025-07-31T01:46:11.365+0000] {dag.py:3823} INFO - Setting next_dagrun for example_branch_dop_operator_v3 to 2025-07-31 01:45:00+00:00, run_after=2025-07-31 01:46:00+00:00
[2025-07-31T01:46:11.398+0000] {processor.py:183} INFO - Processing /home/airflow/.local/lib/python3.8/site-packages/airflow/example_dags/example_branch_python_dop_operator_3.py took 0.125 seconds
[2025-07-31T01:46:41.606+0000] {processor.py:161} INFO - Started process (PID=712) to work on /home/airflow/.local/lib/python3.8/site-packages/airflow/example_dags/example_branch_python_dop_operator_3.py
[2025-07-31T01:46:41.608+0000] {processor.py:830} INFO - Processing file /home/airflow/.local/lib/python3.8/site-packages/airflow/example_dags/example_branch_python_dop_operator_3.py for tasks to queue
[2025-07-31T01:46:41.611+0000] {logging_mixin.py:188} INFO - [2025-07-31T01:46:41.611+0000] {dagbag.py:538} INFO - Filling up the DagBag from /home/airflow/.local/lib/python3.8/site-packages/airflow/example_dags/example_branch_python_dop_operator_3.py
[2025-07-31T01:46:41.625+0000] {processor.py:840} INFO - DAG(s) 'example_branch_dop_operator_v3' retrieved from /home/airflow/.local/lib/python3.8/site-packages/airflow/example_dags/example_branch_python_dop_operator_3.py
[2025-07-31T01:46:41.651+0000] {logging_mixin.py:188} INFO - [2025-07-31T01:46:41.651+0000] {dag.py:3036} INFO - Sync 1 DAGs
[2025-07-31T01:46:41.681+0000] {logging_mixin.py:188} INFO - [2025-07-31T01:46:41.681+0000] {dag.py:3823} INFO - Setting next_dagrun for example_branch_dop_operator_v3 to 2025-07-31 01:45:00+00:00, run_after=2025-07-31 01:46:00+00:00
[2025-07-31T01:46:41.720+0000] {processor.py:183} INFO - Processing /home/airflow/.local/lib/python3.8/site-packages/airflow/example_dags/example_branch_python_dop_operator_3.py took 0.119 seconds
[2025-07-31T01:47:12.128+0000] {processor.py:161} INFO - Started process (PID=768) to work on /home/airflow/.local/lib/python3.8/site-packages/airflow/example_dags/example_branch_python_dop_operator_3.py
[2025-07-31T01:47:12.129+0000] {processor.py:830} INFO - Processing file /home/airflow/.local/lib/python3.8/site-packages/airflow/example_dags/example_branch_python_dop_operator_3.py for tasks to queue
[2025-07-31T01:47:12.133+0000] {logging_mixin.py:188} INFO - [2025-07-31T01:47:12.133+0000] {dagbag.py:538} INFO - Filling up the DagBag from /home/airflow/.local/lib/python3.8/site-packages/airflow/example_dags/example_branch_python_dop_operator_3.py
[2025-07-31T01:47:12.152+0000] {processor.py:840} INFO - DAG(s) 'example_branch_dop_operator_v3' retrieved from /home/airflow/.local/lib/python3.8/site-packages/airflow/example_dags/example_branch_python_dop_operator_3.py
[2025-07-31T01:47:12.202+0000] {logging_mixin.py:188} INFO - [2025-07-31T01:47:12.201+0000] {dag.py:3036} INFO - Sync 1 DAGs
[2025-07-31T01:47:12.293+0000] {logging_mixin.py:188} INFO - [2025-07-31T01:47:12.293+0000] {dag.py:3823} INFO - Setting next_dagrun for example_branch_dop_operator_v3 to 2025-07-31 01:46:00+00:00, run_after=2025-07-31 01:47:00+00:00
[2025-07-31T01:47:12.355+0000] {processor.py:183} INFO - Processing /home/airflow/.local/lib/python3.8/site-packages/airflow/example_dags/example_branch_python_dop_operator_3.py took 0.235 seconds
[2025-07-31T01:47:42.622+0000] {processor.py:161} INFO - Started process (PID=825) to work on /home/airflow/.local/lib/python3.8/site-packages/airflow/example_dags/example_branch_python_dop_operator_3.py
[2025-07-31T01:47:42.624+0000] {processor.py:830} INFO - Processing file /home/airflow/.local/lib/python3.8/site-packages/airflow/example_dags/example_branch_python_dop_operator_3.py for tasks to queue
[2025-07-31T01:47:42.627+0000] {logging_mixin.py:188} INFO - [2025-07-31T01:47:42.626+0000] {dagbag.py:538} INFO - Filling up the DagBag from /home/airflow/.local/lib/python3.8/site-packages/airflow/example_dags/example_branch_python_dop_operator_3.py
[2025-07-31T01:47:42.641+0000] {processor.py:840} INFO - DAG(s) 'example_branch_dop_operator_v3' retrieved from /home/airflow/.local/lib/python3.8/site-packages/airflow/example_dags/example_branch_python_dop_operator_3.py
[2025-07-31T01:47:42.671+0000] {logging_mixin.py:188} INFO - [2025-07-31T01:47:42.670+0000] {dag.py:3036} INFO - Sync 1 DAGs
[2025-07-31T01:47:42.706+0000] {logging_mixin.py:188} INFO - [2025-07-31T01:47:42.706+0000] {dag.py:3823} INFO - Setting next_dagrun for example_branch_dop_operator_v3 to 2025-07-31 01:46:00+00:00, run_after=2025-07-31 01:47:00+00:00
[2025-07-31T01:47:42.735+0000] {processor.py:183} INFO - Processing /home/airflow/.local/lib/python3.8/site-packages/airflow/example_dags/example_branch_python_dop_operator_3.py took 0.120 seconds
[2025-07-31T01:48:40.163+0000] {processor.py:161} INFO - Started process (PID=99) to work on /home/airflow/.local/lib/python3.8/site-packages/airflow/example_dags/example_branch_python_dop_operator_3.py
[2025-07-31T01:48:40.164+0000] {processor.py:830} INFO - Processing file /home/airflow/.local/lib/python3.8/site-packages/airflow/example_dags/example_branch_python_dop_operator_3.py for tasks to queue
[2025-07-31T01:48:40.169+0000] {logging_mixin.py:188} INFO - [2025-07-31T01:48:40.169+0000] {dagbag.py:538} INFO - Filling up the DagBag from /home/airflow/.local/lib/python3.8/site-packages/airflow/example_dags/example_branch_python_dop_operator_3.py
[2025-07-31T01:48:40.190+0000] {processor.py:840} INFO - DAG(s) 'example_branch_dop_operator_v3' retrieved from /home/airflow/.local/lib/python3.8/site-packages/airflow/example_dags/example_branch_python_dop_operator_3.py
[2025-07-31T01:48:40.214+0000] {logging_mixin.py:188} INFO - [2025-07-31T01:48:40.214+0000] {dag.py:3036} INFO - Sync 1 DAGs
[2025-07-31T01:48:40.274+0000] {logging_mixin.py:188} INFO - [2025-07-31T01:48:40.274+0000] {dag.py:3823} INFO - Setting next_dagrun for example_branch_dop_operator_v3 to 2025-07-31 01:47:00+00:00, run_after=2025-07-31 01:48:00+00:00
[2025-07-31T01:48:40.316+0000] {processor.py:183} INFO - Processing /home/airflow/.local/lib/python3.8/site-packages/airflow/example_dags/example_branch_python_dop_operator_3.py took 0.160 seconds
[2025-07-31T01:49:15.559+0000] {processor.py:161} INFO - Started process (PID=155) to work on /home/airflow/.local/lib/python3.8/site-packages/airflow/example_dags/example_branch_python_dop_operator_3.py
[2025-07-31T01:49:15.561+0000] {processor.py:830} INFO - Processing file /home/airflow/.local/lib/python3.8/site-packages/airflow/example_dags/example_branch_python_dop_operator_3.py for tasks to queue
[2025-07-31T01:49:15.565+0000] {logging_mixin.py:188} INFO - [2025-07-31T01:49:15.565+0000] {dagbag.py:538} INFO - Filling up the DagBag from /home/airflow/.local/lib/python3.8/site-packages/airflow/example_dags/example_branch_python_dop_operator_3.py
[2025-07-31T01:49:15.584+0000] {processor.py:840} INFO - DAG(s) 'example_branch_dop_operator_v3' retrieved from /home/airflow/.local/lib/python3.8/site-packages/airflow/example_dags/example_branch_python_dop_operator_3.py
[2025-07-31T01:49:15.787+0000] {logging_mixin.py:188} INFO - [2025-07-31T01:49:15.786+0000] {dag.py:3036} INFO - Sync 1 DAGs
[2025-07-31T01:49:15.835+0000] {logging_mixin.py:188} INFO - [2025-07-31T01:49:15.835+0000] {dag.py:3823} INFO - Setting next_dagrun for example_branch_dop_operator_v3 to 2025-07-31 01:48:00+00:00, run_after=2025-07-31 01:49:00+00:00
[2025-07-31T01:49:15.878+0000] {processor.py:183} INFO - Processing /home/airflow/.local/lib/python3.8/site-packages/airflow/example_dags/example_branch_python_dop_operator_3.py took 0.326 seconds
[2025-07-31T01:49:46.199+0000] {processor.py:161} INFO - Started process (PID=211) to work on /home/airflow/.local/lib/python3.8/site-packages/airflow/example_dags/example_branch_python_dop_operator_3.py
[2025-07-31T01:49:46.202+0000] {processor.py:830} INFO - Processing file /home/airflow/.local/lib/python3.8/site-packages/airflow/example_dags/example_branch_python_dop_operator_3.py for tasks to queue
[2025-07-31T01:49:46.205+0000] {logging_mixin.py:188} INFO - [2025-07-31T01:49:46.204+0000] {dagbag.py:538} INFO - Filling up the DagBag from /home/airflow/.local/lib/python3.8/site-packages/airflow/example_dags/example_branch_python_dop_operator_3.py
[2025-07-31T01:49:46.217+0000] {processor.py:840} INFO - DAG(s) 'example_branch_dop_operator_v3' retrieved from /home/airflow/.local/lib/python3.8/site-packages/airflow/example_dags/example_branch_python_dop_operator_3.py
[2025-07-31T01:49:46.296+0000] {logging_mixin.py:188} INFO - [2025-07-31T01:49:46.296+0000] {dag.py:3036} INFO - Sync 1 DAGs
[2025-07-31T01:49:46.380+0000] {logging_mixin.py:188} INFO - [2025-07-31T01:49:46.380+0000] {dag.py:3823} INFO - Setting next_dagrun for example_branch_dop_operator_v3 to 2025-07-31 01:48:00+00:00, run_after=2025-07-31 01:49:00+00:00
[2025-07-31T01:49:46.414+0000] {processor.py:183} INFO - Processing /home/airflow/.local/lib/python3.8/site-packages/airflow/example_dags/example_branch_python_dop_operator_3.py took 0.220 seconds
[2025-07-31T01:50:17.325+0000] {processor.py:161} INFO - Started process (PID=268) to work on /home/airflow/.local/lib/python3.8/site-packages/airflow/example_dags/example_branch_python_dop_operator_3.py
[2025-07-31T01:50:17.327+0000] {processor.py:830} INFO - Processing file /home/airflow/.local/lib/python3.8/site-packages/airflow/example_dags/example_branch_python_dop_operator_3.py for tasks to queue
[2025-07-31T01:50:17.330+0000] {logging_mixin.py:188} INFO - [2025-07-31T01:50:17.330+0000] {dagbag.py:538} INFO - Filling up the DagBag from /home/airflow/.local/lib/python3.8/site-packages/airflow/example_dags/example_branch_python_dop_operator_3.py
[2025-07-31T01:50:17.343+0000] {processor.py:840} INFO - DAG(s) 'example_branch_dop_operator_v3' retrieved from /home/airflow/.local/lib/python3.8/site-packages/airflow/example_dags/example_branch_python_dop_operator_3.py
[2025-07-31T01:50:17.380+0000] {logging_mixin.py:188} INFO - [2025-07-31T01:50:17.379+0000] {dag.py:3036} INFO - Sync 1 DAGs
[2025-07-31T01:50:17.421+0000] {logging_mixin.py:188} INFO - [2025-07-31T01:50:17.420+0000] {dag.py:3823} INFO - Setting next_dagrun for example_branch_dop_operator_v3 to 2025-07-31 01:49:00+00:00, run_after=2025-07-31 01:50:00+00:00
[2025-07-31T01:50:17.453+0000] {processor.py:183} INFO - Processing /home/airflow/.local/lib/python3.8/site-packages/airflow/example_dags/example_branch_python_dop_operator_3.py took 0.133 seconds
[2025-07-31T01:50:48.695+0000] {processor.py:161} INFO - Started process (PID=324) to work on /home/airflow/.local/lib/python3.8/site-packages/airflow/example_dags/example_branch_python_dop_operator_3.py
[2025-07-31T01:50:48.697+0000] {processor.py:830} INFO - Processing file /home/airflow/.local/lib/python3.8/site-packages/airflow/example_dags/example_branch_python_dop_operator_3.py for tasks to queue
[2025-07-31T01:50:48.702+0000] {logging_mixin.py:188} INFO - [2025-07-31T01:50:48.702+0000] {dagbag.py:538} INFO - Filling up the DagBag from /home/airflow/.local/lib/python3.8/site-packages/airflow/example_dags/example_branch_python_dop_operator_3.py
[2025-07-31T01:50:48.726+0000] {processor.py:840} INFO - DAG(s) 'example_branch_dop_operator_v3' retrieved from /home/airflow/.local/lib/python3.8/site-packages/airflow/example_dags/example_branch_python_dop_operator_3.py
[2025-07-31T01:50:48.798+0000] {logging_mixin.py:188} INFO - [2025-07-31T01:50:48.797+0000] {dag.py:3036} INFO - Sync 1 DAGs
[2025-07-31T01:50:48.842+0000] {logging_mixin.py:188} INFO - [2025-07-31T01:50:48.841+0000] {dag.py:3823} INFO - Setting next_dagrun for example_branch_dop_operator_v3 to 2025-07-31 01:49:00+00:00, run_after=2025-07-31 01:50:00+00:00
[2025-07-31T01:50:48.870+0000] {processor.py:183} INFO - Processing /home/airflow/.local/lib/python3.8/site-packages/airflow/example_dags/example_branch_python_dop_operator_3.py took 0.181 seconds
[2025-07-31T01:51:19.463+0000] {processor.py:161} INFO - Started process (PID=380) to work on /home/airflow/.local/lib/python3.8/site-packages/airflow/example_dags/example_branch_python_dop_operator_3.py
[2025-07-31T01:51:19.467+0000] {processor.py:830} INFO - Processing file /home/airflow/.local/lib/python3.8/site-packages/airflow/example_dags/example_branch_python_dop_operator_3.py for tasks to queue
[2025-07-31T01:51:19.473+0000] {logging_mixin.py:188} INFO - [2025-07-31T01:51:19.472+0000] {dagbag.py:538} INFO - Filling up the DagBag from /home/airflow/.local/lib/python3.8/site-packages/airflow/example_dags/example_branch_python_dop_operator_3.py
[2025-07-31T01:51:19.507+0000] {processor.py:840} INFO - DAG(s) 'example_branch_dop_operator_v3' retrieved from /home/airflow/.local/lib/python3.8/site-packages/airflow/example_dags/example_branch_python_dop_operator_3.py
[2025-07-31T01:51:19.573+0000] {logging_mixin.py:188} INFO - [2025-07-31T01:51:19.573+0000] {dag.py:3036} INFO - Sync 1 DAGs
[2025-07-31T01:51:19.632+0000] {logging_mixin.py:188} INFO - [2025-07-31T01:51:19.631+0000] {dag.py:3823} INFO - Setting next_dagrun for example_branch_dop_operator_v3 to 2025-07-31 01:50:00+00:00, run_after=2025-07-31 01:51:00+00:00
[2025-07-31T01:51:19.682+0000] {processor.py:183} INFO - Processing /home/airflow/.local/lib/python3.8/site-packages/airflow/example_dags/example_branch_python_dop_operator_3.py took 0.228 seconds
[2025-07-31T01:51:49.896+0000] {processor.py:161} INFO - Started process (PID=435) to work on /home/airflow/.local/lib/python3.8/site-packages/airflow/example_dags/example_branch_python_dop_operator_3.py
[2025-07-31T01:51:49.898+0000] {processor.py:830} INFO - Processing file /home/airflow/.local/lib/python3.8/site-packages/airflow/example_dags/example_branch_python_dop_operator_3.py for tasks to queue
[2025-07-31T01:51:49.901+0000] {logging_mixin.py:188} INFO - [2025-07-31T01:51:49.901+0000] {dagbag.py:538} INFO - Filling up the DagBag from /home/airflow/.local/lib/python3.8/site-packages/airflow/example_dags/example_branch_python_dop_operator_3.py
[2025-07-31T01:51:49.914+0000] {processor.py:840} INFO - DAG(s) 'example_branch_dop_operator_v3' retrieved from /home/airflow/.local/lib/python3.8/site-packages/airflow/example_dags/example_branch_python_dop_operator_3.py
[2025-07-31T01:51:49.948+0000] {logging_mixin.py:188} INFO - [2025-07-31T01:51:49.947+0000] {dag.py:3036} INFO - Sync 1 DAGs
[2025-07-31T01:51:49.984+0000] {logging_mixin.py:188} INFO - [2025-07-31T01:51:49.984+0000] {dag.py:3823} INFO - Setting next_dagrun for example_branch_dop_operator_v3 to 2025-07-31 01:50:00+00:00, run_after=2025-07-31 01:51:00+00:00
[2025-07-31T01:51:50.015+0000] {processor.py:183} INFO - Processing /home/airflow/.local/lib/python3.8/site-packages/airflow/example_dags/example_branch_python_dop_operator_3.py took 0.124 seconds
[2025-07-31T01:52:20.862+0000] {processor.py:161} INFO - Started process (PID=491) to work on /home/airflow/.local/lib/python3.8/site-packages/airflow/example_dags/example_branch_python_dop_operator_3.py
[2025-07-31T01:52:20.864+0000] {processor.py:830} INFO - Processing file /home/airflow/.local/lib/python3.8/site-packages/airflow/example_dags/example_branch_python_dop_operator_3.py for tasks to queue
[2025-07-31T01:52:20.867+0000] {logging_mixin.py:188} INFO - [2025-07-31T01:52:20.866+0000] {dagbag.py:538} INFO - Filling up the DagBag from /home/airflow/.local/lib/python3.8/site-packages/airflow/example_dags/example_branch_python_dop_operator_3.py
[2025-07-31T01:52:20.887+0000] {processor.py:840} INFO - DAG(s) 'example_branch_dop_operator_v3' retrieved from /home/airflow/.local/lib/python3.8/site-packages/airflow/example_dags/example_branch_python_dop_operator_3.py
[2025-07-31T01:52:20.965+0000] {logging_mixin.py:188} INFO - [2025-07-31T01:52:20.965+0000] {dag.py:3036} INFO - Sync 1 DAGs
[2025-07-31T01:52:21.029+0000] {logging_mixin.py:188} INFO - [2025-07-31T01:52:21.028+0000] {dag.py:3823} INFO - Setting next_dagrun for example_branch_dop_operator_v3 to 2025-07-31 01:51:00+00:00, run_after=2025-07-31 01:52:00+00:00
[2025-07-31T01:52:21.077+0000] {processor.py:183} INFO - Processing /home/airflow/.local/lib/python3.8/site-packages/airflow/example_dags/example_branch_python_dop_operator_3.py took 0.223 seconds
[2025-07-31T01:52:51.239+0000] {processor.py:161} INFO - Started process (PID=547) to work on /home/airflow/.local/lib/python3.8/site-packages/airflow/example_dags/example_branch_python_dop_operator_3.py
[2025-07-31T01:52:51.240+0000] {processor.py:830} INFO - Processing file /home/airflow/.local/lib/python3.8/site-packages/airflow/example_dags/example_branch_python_dop_operator_3.py for tasks to queue
[2025-07-31T01:52:51.244+0000] {logging_mixin.py:188} INFO - [2025-07-31T01:52:51.243+0000] {dagbag.py:538} INFO - Filling up the DagBag from /home/airflow/.local/lib/python3.8/site-packages/airflow/example_dags/example_branch_python_dop_operator_3.py
[2025-07-31T01:52:51.258+0000] {processor.py:840} INFO - DAG(s) 'example_branch_dop_operator_v3' retrieved from /home/airflow/.local/lib/python3.8/site-packages/airflow/example_dags/example_branch_python_dop_operator_3.py
[2025-07-31T01:52:51.290+0000] {logging_mixin.py:188} INFO - [2025-07-31T01:52:51.290+0000] {dag.py:3036} INFO - Sync 1 DAGs
[2025-07-31T01:52:51.328+0000] {logging_mixin.py:188} INFO - [2025-07-31T01:52:51.328+0000] {dag.py:3823} INFO - Setting next_dagrun for example_branch_dop_operator_v3 to 2025-07-31 01:51:00+00:00, run_after=2025-07-31 01:52:00+00:00
[2025-07-31T01:52:51.363+0000] {processor.py:183} INFO - Processing /home/airflow/.local/lib/python3.8/site-packages/airflow/example_dags/example_branch_python_dop_operator_3.py took 0.133 seconds
[2025-07-31T01:53:23.015+0000] {processor.py:161} INFO - Started process (PID=603) to work on /home/airflow/.local/lib/python3.8/site-packages/airflow/example_dags/example_branch_python_dop_operator_3.py
[2025-07-31T01:53:23.021+0000] {processor.py:830} INFO - Processing file /home/airflow/.local/lib/python3.8/site-packages/airflow/example_dags/example_branch_python_dop_operator_3.py for tasks to queue
[2025-07-31T01:53:23.042+0000] {logging_mixin.py:188} INFO - [2025-07-31T01:53:23.041+0000] {dagbag.py:538} INFO - Filling up the DagBag from /home/airflow/.local/lib/python3.8/site-packages/airflow/example_dags/example_branch_python_dop_operator_3.py
[2025-07-31T01:53:23.103+0000] {processor.py:840} INFO - DAG(s) 'example_branch_dop_operator_v3' retrieved from /home/airflow/.local/lib/python3.8/site-packages/airflow/example_dags/example_branch_python_dop_operator_3.py
[2025-07-31T01:53:23.304+0000] {logging_mixin.py:188} INFO - [2025-07-31T01:53:23.299+0000] {dag.py:3036} INFO - Sync 1 DAGs
[2025-07-31T01:53:23.440+0000] {logging_mixin.py:188} INFO - [2025-07-31T01:53:23.440+0000] {dag.py:3823} INFO - Setting next_dagrun for example_branch_dop_operator_v3 to 2025-07-31 01:52:00+00:00, run_after=2025-07-31 01:53:00+00:00
[2025-07-31T01:53:23.575+0000] {processor.py:183} INFO - Processing /home/airflow/.local/lib/python3.8/site-packages/airflow/example_dags/example_branch_python_dop_operator_3.py took 0.576 seconds
[2025-07-31T01:53:54.392+0000] {processor.py:161} INFO - Started process (PID=661) to work on /home/airflow/.local/lib/python3.8/site-packages/airflow/example_dags/example_branch_python_dop_operator_3.py
[2025-07-31T01:53:54.395+0000] {processor.py:830} INFO - Processing file /home/airflow/.local/lib/python3.8/site-packages/airflow/example_dags/example_branch_python_dop_operator_3.py for tasks to queue
[2025-07-31T01:53:54.405+0000] {logging_mixin.py:188} INFO - [2025-07-31T01:53:54.398+0000] {dagbag.py:538} INFO - Filling up the DagBag from /home/airflow/.local/lib/python3.8/site-packages/airflow/example_dags/example_branch_python_dop_operator_3.py
[2025-07-31T01:53:54.452+0000] {processor.py:840} INFO - DAG(s) 'example_branch_dop_operator_v3' retrieved from /home/airflow/.local/lib/python3.8/site-packages/airflow/example_dags/example_branch_python_dop_operator_3.py
[2025-07-31T01:53:54.520+0000] {logging_mixin.py:188} INFO - [2025-07-31T01:53:54.519+0000] {dag.py:3036} INFO - Sync 1 DAGs
[2025-07-31T01:53:54.636+0000] {logging_mixin.py:188} INFO - [2025-07-31T01:53:54.636+0000] {dag.py:3823} INFO - Setting next_dagrun for example_branch_dop_operator_v3 to 2025-07-31 01:52:00+00:00, run_after=2025-07-31 01:53:00+00:00
[2025-07-31T01:53:54.706+0000] {processor.py:183} INFO - Processing /home/airflow/.local/lib/python3.8/site-packages/airflow/example_dags/example_branch_python_dop_operator_3.py took 0.323 seconds
[2025-07-31T01:54:25.007+0000] {processor.py:161} INFO - Started process (PID=718) to work on /home/airflow/.local/lib/python3.8/site-packages/airflow/example_dags/example_branch_python_dop_operator_3.py
[2025-07-31T01:54:25.014+0000] {processor.py:830} INFO - Processing file /home/airflow/.local/lib/python3.8/site-packages/airflow/example_dags/example_branch_python_dop_operator_3.py for tasks to queue
[2025-07-31T01:54:25.018+0000] {logging_mixin.py:188} INFO - [2025-07-31T01:54:25.017+0000] {dagbag.py:538} INFO - Filling up the DagBag from /home/airflow/.local/lib/python3.8/site-packages/airflow/example_dags/example_branch_python_dop_operator_3.py
[2025-07-31T01:54:25.042+0000] {processor.py:840} INFO - DAG(s) 'example_branch_dop_operator_v3' retrieved from /home/airflow/.local/lib/python3.8/site-packages/airflow/example_dags/example_branch_python_dop_operator_3.py
[2025-07-31T01:54:25.120+0000] {logging_mixin.py:188} INFO - [2025-07-31T01:54:25.119+0000] {dag.py:3036} INFO - Sync 1 DAGs
[2025-07-31T01:54:25.192+0000] {logging_mixin.py:188} INFO - [2025-07-31T01:54:25.192+0000] {dag.py:3823} INFO - Setting next_dagrun for example_branch_dop_operator_v3 to 2025-07-31 01:53:00+00:00, run_after=2025-07-31 01:54:00+00:00
[2025-07-31T01:54:25.262+0000] {processor.py:183} INFO - Processing /home/airflow/.local/lib/python3.8/site-packages/airflow/example_dags/example_branch_python_dop_operator_3.py took 0.267 seconds
[2025-07-31T01:54:55.877+0000] {processor.py:161} INFO - Started process (PID=775) to work on /home/airflow/.local/lib/python3.8/site-packages/airflow/example_dags/example_branch_python_dop_operator_3.py
[2025-07-31T01:54:55.879+0000] {processor.py:830} INFO - Processing file /home/airflow/.local/lib/python3.8/site-packages/airflow/example_dags/example_branch_python_dop_operator_3.py for tasks to queue
[2025-07-31T01:54:55.883+0000] {logging_mixin.py:188} INFO - [2025-07-31T01:54:55.883+0000] {dagbag.py:538} INFO - Filling up the DagBag from /home/airflow/.local/lib/python3.8/site-packages/airflow/example_dags/example_branch_python_dop_operator_3.py
[2025-07-31T01:54:55.905+0000] {processor.py:840} INFO - DAG(s) 'example_branch_dop_operator_v3' retrieved from /home/airflow/.local/lib/python3.8/site-packages/airflow/example_dags/example_branch_python_dop_operator_3.py
[2025-07-31T01:54:55.944+0000] {logging_mixin.py:188} INFO - [2025-07-31T01:54:55.943+0000] {dag.py:3036} INFO - Sync 1 DAGs
[2025-07-31T01:54:55.992+0000] {logging_mixin.py:188} INFO - [2025-07-31T01:54:55.992+0000] {dag.py:3823} INFO - Setting next_dagrun for example_branch_dop_operator_v3 to 2025-07-31 01:53:00+00:00, run_after=2025-07-31 01:54:00+00:00
[2025-07-31T01:54:56.029+0000] {processor.py:183} INFO - Processing /home/airflow/.local/lib/python3.8/site-packages/airflow/example_dags/example_branch_python_dop_operator_3.py took 0.158 seconds
[2025-07-31T01:55:26.900+0000] {processor.py:161} INFO - Started process (PID=832) to work on /home/airflow/.local/lib/python3.8/site-packages/airflow/example_dags/example_branch_python_dop_operator_3.py
[2025-07-31T01:55:26.902+0000] {processor.py:830} INFO - Processing file /home/airflow/.local/lib/python3.8/site-packages/airflow/example_dags/example_branch_python_dop_operator_3.py for tasks to queue
[2025-07-31T01:55:26.906+0000] {logging_mixin.py:188} INFO - [2025-07-31T01:55:26.905+0000] {dagbag.py:538} INFO - Filling up the DagBag from /home/airflow/.local/lib/python3.8/site-packages/airflow/example_dags/example_branch_python_dop_operator_3.py
[2025-07-31T01:55:26.928+0000] {processor.py:840} INFO - DAG(s) 'example_branch_dop_operator_v3' retrieved from /home/airflow/.local/lib/python3.8/site-packages/airflow/example_dags/example_branch_python_dop_operator_3.py
[2025-07-31T01:55:26.963+0000] {logging_mixin.py:188} INFO - [2025-07-31T01:55:26.963+0000] {dag.py:3036} INFO - Sync 1 DAGs
[2025-07-31T01:55:27.008+0000] {logging_mixin.py:188} INFO - [2025-07-31T01:55:27.007+0000] {dag.py:3823} INFO - Setting next_dagrun for example_branch_dop_operator_v3 to 2025-07-31 01:54:00+00:00, run_after=2025-07-31 01:55:00+00:00
[2025-07-31T01:55:27.039+0000] {processor.py:183} INFO - Processing /home/airflow/.local/lib/python3.8/site-packages/airflow/example_dags/example_branch_python_dop_operator_3.py took 0.145 seconds
[2025-07-31T01:55:57.795+0000] {processor.py:161} INFO - Started process (PID=889) to work on /home/airflow/.local/lib/python3.8/site-packages/airflow/example_dags/example_branch_python_dop_operator_3.py
[2025-07-31T01:55:57.796+0000] {processor.py:830} INFO - Processing file /home/airflow/.local/lib/python3.8/site-packages/airflow/example_dags/example_branch_python_dop_operator_3.py for tasks to queue
[2025-07-31T01:55:57.799+0000] {logging_mixin.py:188} INFO - [2025-07-31T01:55:57.798+0000] {dagbag.py:538} INFO - Filling up the DagBag from /home/airflow/.local/lib/python3.8/site-packages/airflow/example_dags/example_branch_python_dop_operator_3.py
[2025-07-31T01:55:57.810+0000] {processor.py:840} INFO - DAG(s) 'example_branch_dop_operator_v3' retrieved from /home/airflow/.local/lib/python3.8/site-packages/airflow/example_dags/example_branch_python_dop_operator_3.py
[2025-07-31T01:55:57.837+0000] {logging_mixin.py:188} INFO - [2025-07-31T01:55:57.836+0000] {dag.py:3036} INFO - Sync 1 DAGs
[2025-07-31T01:55:57.872+0000] {logging_mixin.py:188} INFO - [2025-07-31T01:55:57.872+0000] {dag.py:3823} INFO - Setting next_dagrun for example_branch_dop_operator_v3 to 2025-07-31 01:54:00+00:00, run_after=2025-07-31 01:55:00+00:00
[2025-07-31T01:55:57.902+0000] {processor.py:183} INFO - Processing /home/airflow/.local/lib/python3.8/site-packages/airflow/example_dags/example_branch_python_dop_operator_3.py took 0.111 seconds
[2025-07-31T01:56:28.706+0000] {processor.py:161} INFO - Started process (PID=946) to work on /home/airflow/.local/lib/python3.8/site-packages/airflow/example_dags/example_branch_python_dop_operator_3.py
[2025-07-31T01:56:28.707+0000] {processor.py:830} INFO - Processing file /home/airflow/.local/lib/python3.8/site-packages/airflow/example_dags/example_branch_python_dop_operator_3.py for tasks to queue
[2025-07-31T01:56:28.712+0000] {logging_mixin.py:188} INFO - [2025-07-31T01:56:28.710+0000] {dagbag.py:538} INFO - Filling up the DagBag from /home/airflow/.local/lib/python3.8/site-packages/airflow/example_dags/example_branch_python_dop_operator_3.py
[2025-07-31T01:56:28.727+0000] {processor.py:840} INFO - DAG(s) 'example_branch_dop_operator_v3' retrieved from /home/airflow/.local/lib/python3.8/site-packages/airflow/example_dags/example_branch_python_dop_operator_3.py
[2025-07-31T01:56:28.760+0000] {logging_mixin.py:188} INFO - [2025-07-31T01:56:28.759+0000] {dag.py:3036} INFO - Sync 1 DAGs
[2025-07-31T01:56:28.805+0000] {logging_mixin.py:188} INFO - [2025-07-31T01:56:28.805+0000] {dag.py:3823} INFO - Setting next_dagrun for example_branch_dop_operator_v3 to 2025-07-31 01:55:00+00:00, run_after=2025-07-31 01:56:00+00:00
[2025-07-31T01:56:28.843+0000] {processor.py:183} INFO - Processing /home/airflow/.local/lib/python3.8/site-packages/airflow/example_dags/example_branch_python_dop_operator_3.py took 0.142 seconds
