[2025-07-31T01:40:57.828+0000] {processor.py:161} INFO - Started process (PID=94) to work on /home/airflow/.local/lib/python3.8/site-packages/airflow/example_dags/example_params_ui_tutorial.py
[2025-07-31T01:40:57.835+0000] {processor.py:830} INFO - Processing file /home/airflow/.local/lib/python3.8/site-packages/airflow/example_dags/example_params_ui_tutorial.py for tasks to queue
[2025-07-31T01:40:57.840+0000] {logging_mixin.py:188} INFO - [2025-07-31T01:40:57.840+0000] {dagbag.py:538} INFO - Filling up the DagBag from /home/airflow/.local/lib/python3.8/site-packages/airflow/example_dags/example_params_ui_tutorial.py
[2025-07-31T01:40:57.880+0000] {processor.py:840} INFO - DAG(s) 'example_params_ui_tutorial' retrieved from /home/airflow/.local/lib/python3.8/site-packages/airflow/example_dags/example_params_ui_tutorial.py
[2025-07-31T01:40:58.284+0000] {logging_mixin.py:188} INFO - [2025-07-31T01:40:58.284+0000] {dag.py:3036} INFO - Sync 1 DAGs
[2025-07-31T01:40:58.309+0000] {logging_mixin.py:188} INFO - [2025-07-31T01:40:58.308+0000] {dag.py:3823} INFO - Setting next_dagrun for example_params_ui_tutorial to None, run_after=None
[2025-07-31T01:40:58.403+0000] {processor.py:183} INFO - Processing /home/airflow/.local/lib/python3.8/site-packages/airflow/example_dags/example_params_ui_tutorial.py took 0.586 seconds
[2025-07-31T01:41:29.134+0000] {processor.py:161} INFO - Started process (PID=149) to work on /home/airflow/.local/lib/python3.8/site-packages/airflow/example_dags/example_params_ui_tutorial.py
[2025-07-31T01:41:29.136+0000] {processor.py:830} INFO - Processing file /home/airflow/.local/lib/python3.8/site-packages/airflow/example_dags/example_params_ui_tutorial.py for tasks to queue
[2025-07-31T01:41:29.151+0000] {logging_mixin.py:188} INFO - [2025-07-31T01:41:29.150+0000] {dagbag.py:538} INFO - Filling up the DagBag from /home/airflow/.local/lib/python3.8/site-packages/airflow/example_dags/example_params_ui_tutorial.py
[2025-07-31T01:41:29.239+0000] {processor.py:840} INFO - DAG(s) 'example_params_ui_tutorial' retrieved from /home/airflow/.local/lib/python3.8/site-packages/airflow/example_dags/example_params_ui_tutorial.py
[2025-07-31T01:41:29.426+0000] {logging_mixin.py:188} INFO - [2025-07-31T01:41:29.426+0000] {dag.py:3036} INFO - Sync 1 DAGs
[2025-07-31T01:41:29.458+0000] {logging_mixin.py:188} INFO - [2025-07-31T01:41:29.457+0000] {dag.py:3823} INFO - Setting next_dagrun for example_params_ui_tutorial to None, run_after=None
[2025-07-31T01:41:29.541+0000] {processor.py:183} INFO - Processing /home/airflow/.local/lib/python3.8/site-packages/airflow/example_dags/example_params_ui_tutorial.py took 0.429 seconds
[2025-07-31T01:42:00.249+0000] {processor.py:161} INFO - Started process (PID=204) to work on /home/airflow/.local/lib/python3.8/site-packages/airflow/example_dags/example_params_ui_tutorial.py
[2025-07-31T01:42:00.251+0000] {processor.py:830} INFO - Processing file /home/airflow/.local/lib/python3.8/site-packages/airflow/example_dags/example_params_ui_tutorial.py for tasks to queue
[2025-07-31T01:42:00.257+0000] {logging_mixin.py:188} INFO - [2025-07-31T01:42:00.256+0000] {dagbag.py:538} INFO - Filling up the DagBag from /home/airflow/.local/lib/python3.8/site-packages/airflow/example_dags/example_params_ui_tutorial.py
[2025-07-31T01:42:00.279+0000] {processor.py:840} INFO - DAG(s) 'example_params_ui_tutorial' retrieved from /home/airflow/.local/lib/python3.8/site-packages/airflow/example_dags/example_params_ui_tutorial.py
[2025-07-31T01:42:00.395+0000] {logging_mixin.py:188} INFO - [2025-07-31T01:42:00.392+0000] {dag.py:3036} INFO - Sync 1 DAGs
[2025-07-31T01:42:00.417+0000] {logging_mixin.py:188} INFO - [2025-07-31T01:42:00.417+0000] {dag.py:3823} INFO - Setting next_dagrun for example_params_ui_tutorial to None, run_after=None
[2025-07-31T01:42:00.461+0000] {processor.py:183} INFO - Processing /home/airflow/.local/lib/python3.8/site-packages/airflow/example_dags/example_params_ui_tutorial.py took 0.218 seconds
[2025-07-31T01:42:30.583+0000] {processor.py:161} INFO - Started process (PID=260) to work on /home/airflow/.local/lib/python3.8/site-packages/airflow/example_dags/example_params_ui_tutorial.py
[2025-07-31T01:42:30.585+0000] {processor.py:830} INFO - Processing file /home/airflow/.local/lib/python3.8/site-packages/airflow/example_dags/example_params_ui_tutorial.py for tasks to queue
[2025-07-31T01:42:30.588+0000] {logging_mixin.py:188} INFO - [2025-07-31T01:42:30.588+0000] {dagbag.py:538} INFO - Filling up the DagBag from /home/airflow/.local/lib/python3.8/site-packages/airflow/example_dags/example_params_ui_tutorial.py
[2025-07-31T01:42:30.605+0000] {processor.py:840} INFO - DAG(s) 'example_params_ui_tutorial' retrieved from /home/airflow/.local/lib/python3.8/site-packages/airflow/example_dags/example_params_ui_tutorial.py
[2025-07-31T01:42:30.686+0000] {logging_mixin.py:188} INFO - [2025-07-31T01:42:30.686+0000] {dag.py:3036} INFO - Sync 1 DAGs
[2025-07-31T01:42:30.703+0000] {logging_mixin.py:188} INFO - [2025-07-31T01:42:30.703+0000] {dag.py:3823} INFO - Setting next_dagrun for example_params_ui_tutorial to None, run_after=None
[2025-07-31T01:42:30.732+0000] {processor.py:183} INFO - Processing /home/airflow/.local/lib/python3.8/site-packages/airflow/example_dags/example_params_ui_tutorial.py took 0.154 seconds
[2025-07-31T01:43:00.908+0000] {processor.py:161} INFO - Started process (PID=314) to work on /home/airflow/.local/lib/python3.8/site-packages/airflow/example_dags/example_params_ui_tutorial.py
[2025-07-31T01:43:00.910+0000] {processor.py:830} INFO - Processing file /home/airflow/.local/lib/python3.8/site-packages/airflow/example_dags/example_params_ui_tutorial.py for tasks to queue
[2025-07-31T01:43:00.914+0000] {logging_mixin.py:188} INFO - [2025-07-31T01:43:00.914+0000] {dagbag.py:538} INFO - Filling up the DagBag from /home/airflow/.local/lib/python3.8/site-packages/airflow/example_dags/example_params_ui_tutorial.py
[2025-07-31T01:43:00.943+0000] {processor.py:840} INFO - DAG(s) 'example_params_ui_tutorial' retrieved from /home/airflow/.local/lib/python3.8/site-packages/airflow/example_dags/example_params_ui_tutorial.py
[2025-07-31T01:43:01.129+0000] {logging_mixin.py:188} INFO - [2025-07-31T01:43:01.129+0000] {dag.py:3036} INFO - Sync 1 DAGs
[2025-07-31T01:43:01.158+0000] {logging_mixin.py:188} INFO - [2025-07-31T01:43:01.158+0000] {dag.py:3823} INFO - Setting next_dagrun for example_params_ui_tutorial to None, run_after=None
[2025-07-31T01:43:01.208+0000] {processor.py:183} INFO - Processing /home/airflow/.local/lib/python3.8/site-packages/airflow/example_dags/example_params_ui_tutorial.py took 0.317 seconds
[2025-07-31T01:43:31.847+0000] {processor.py:161} INFO - Started process (PID=369) to work on /home/airflow/.local/lib/python3.8/site-packages/airflow/example_dags/example_params_ui_tutorial.py
[2025-07-31T01:43:31.854+0000] {processor.py:830} INFO - Processing file /home/airflow/.local/lib/python3.8/site-packages/airflow/example_dags/example_params_ui_tutorial.py for tasks to queue
[2025-07-31T01:43:31.863+0000] {logging_mixin.py:188} INFO - [2025-07-31T01:43:31.862+0000] {dagbag.py:538} INFO - Filling up the DagBag from /home/airflow/.local/lib/python3.8/site-packages/airflow/example_dags/example_params_ui_tutorial.py
[2025-07-31T01:43:31.908+0000] {processor.py:840} INFO - DAG(s) 'example_params_ui_tutorial' retrieved from /home/airflow/.local/lib/python3.8/site-packages/airflow/example_dags/example_params_ui_tutorial.py
[2025-07-31T01:43:32.099+0000] {logging_mixin.py:188} INFO - [2025-07-31T01:43:32.098+0000] {dag.py:3036} INFO - Sync 1 DAGs
[2025-07-31T01:43:32.148+0000] {logging_mixin.py:188} INFO - [2025-07-31T01:43:32.147+0000] {dag.py:3823} INFO - Setting next_dagrun for example_params_ui_tutorial to None, run_after=None
[2025-07-31T01:43:32.295+0000] {processor.py:183} INFO - Processing /home/airflow/.local/lib/python3.8/site-packages/airflow/example_dags/example_params_ui_tutorial.py took 0.451 seconds
[2025-07-31T01:44:03.273+0000] {processor.py:161} INFO - Started process (PID=424) to work on /home/airflow/.local/lib/python3.8/site-packages/airflow/example_dags/example_params_ui_tutorial.py
[2025-07-31T01:44:03.292+0000] {processor.py:830} INFO - Processing file /home/airflow/.local/lib/python3.8/site-packages/airflow/example_dags/example_params_ui_tutorial.py for tasks to queue
[2025-07-31T01:44:03.327+0000] {logging_mixin.py:188} INFO - [2025-07-31T01:44:03.326+0000] {dagbag.py:538} INFO - Filling up the DagBag from /home/airflow/.local/lib/python3.8/site-packages/airflow/example_dags/example_params_ui_tutorial.py
[2025-07-31T01:44:03.441+0000] {processor.py:840} INFO - DAG(s) 'example_params_ui_tutorial' retrieved from /home/airflow/.local/lib/python3.8/site-packages/airflow/example_dags/example_params_ui_tutorial.py
[2025-07-31T01:44:03.721+0000] {logging_mixin.py:188} INFO - [2025-07-31T01:44:03.720+0000] {dag.py:3036} INFO - Sync 1 DAGs
[2025-07-31T01:44:03.774+0000] {logging_mixin.py:188} INFO - [2025-07-31T01:44:03.773+0000] {dag.py:3823} INFO - Setting next_dagrun for example_params_ui_tutorial to None, run_after=None
[2025-07-31T01:44:03.824+0000] {processor.py:183} INFO - Processing /home/airflow/.local/lib/python3.8/site-packages/airflow/example_dags/example_params_ui_tutorial.py took 0.564 seconds
[2025-07-31T01:44:34.632+0000] {processor.py:161} INFO - Started process (PID=479) to work on /home/airflow/.local/lib/python3.8/site-packages/airflow/example_dags/example_params_ui_tutorial.py
[2025-07-31T01:44:34.640+0000] {processor.py:830} INFO - Processing file /home/airflow/.local/lib/python3.8/site-packages/airflow/example_dags/example_params_ui_tutorial.py for tasks to queue
[2025-07-31T01:44:34.655+0000] {logging_mixin.py:188} INFO - [2025-07-31T01:44:34.655+0000] {dagbag.py:538} INFO - Filling up the DagBag from /home/airflow/.local/lib/python3.8/site-packages/airflow/example_dags/example_params_ui_tutorial.py
[2025-07-31T01:44:34.704+0000] {processor.py:840} INFO - DAG(s) 'example_params_ui_tutorial' retrieved from /home/airflow/.local/lib/python3.8/site-packages/airflow/example_dags/example_params_ui_tutorial.py
[2025-07-31T01:44:35.059+0000] {logging_mixin.py:188} INFO - [2025-07-31T01:44:35.058+0000] {dag.py:3036} INFO - Sync 1 DAGs
[2025-07-31T01:44:35.127+0000] {logging_mixin.py:188} INFO - [2025-07-31T01:44:35.127+0000] {dag.py:3823} INFO - Setting next_dagrun for example_params_ui_tutorial to None, run_after=None
[2025-07-31T01:44:35.248+0000] {processor.py:183} INFO - Processing /home/airflow/.local/lib/python3.8/site-packages/airflow/example_dags/example_params_ui_tutorial.py took 0.621 seconds
[2025-07-31T01:45:05.589+0000] {processor.py:161} INFO - Started process (PID=540) to work on /home/airflow/.local/lib/python3.8/site-packages/airflow/example_dags/example_params_ui_tutorial.py
[2025-07-31T01:45:05.591+0000] {processor.py:830} INFO - Processing file /home/airflow/.local/lib/python3.8/site-packages/airflow/example_dags/example_params_ui_tutorial.py for tasks to queue
[2025-07-31T01:45:05.595+0000] {logging_mixin.py:188} INFO - [2025-07-31T01:45:05.595+0000] {dagbag.py:538} INFO - Filling up the DagBag from /home/airflow/.local/lib/python3.8/site-packages/airflow/example_dags/example_params_ui_tutorial.py
[2025-07-31T01:45:05.644+0000] {processor.py:840} INFO - DAG(s) 'example_params_ui_tutorial' retrieved from /home/airflow/.local/lib/python3.8/site-packages/airflow/example_dags/example_params_ui_tutorial.py
[2025-07-31T01:45:05.887+0000] {logging_mixin.py:188} INFO - [2025-07-31T01:45:05.887+0000] {dag.py:3036} INFO - Sync 1 DAGs
[2025-07-31T01:45:05.909+0000] {logging_mixin.py:188} INFO - [2025-07-31T01:45:05.909+0000] {dag.py:3823} INFO - Setting next_dagrun for example_params_ui_tutorial to None, run_after=None
[2025-07-31T01:45:05.943+0000] {processor.py:183} INFO - Processing /home/airflow/.local/lib/python3.8/site-packages/airflow/example_dags/example_params_ui_tutorial.py took 0.365 seconds
[2025-07-31T01:45:36.148+0000] {processor.py:161} INFO - Started process (PID=594) to work on /home/airflow/.local/lib/python3.8/site-packages/airflow/example_dags/example_params_ui_tutorial.py
[2025-07-31T01:45:36.151+0000] {processor.py:830} INFO - Processing file /home/airflow/.local/lib/python3.8/site-packages/airflow/example_dags/example_params_ui_tutorial.py for tasks to queue
[2025-07-31T01:45:36.156+0000] {logging_mixin.py:188} INFO - [2025-07-31T01:45:36.155+0000] {dagbag.py:538} INFO - Filling up the DagBag from /home/airflow/.local/lib/python3.8/site-packages/airflow/example_dags/example_params_ui_tutorial.py
[2025-07-31T01:45:36.214+0000] {processor.py:840} INFO - DAG(s) 'example_params_ui_tutorial' retrieved from /home/airflow/.local/lib/python3.8/site-packages/airflow/example_dags/example_params_ui_tutorial.py
[2025-07-31T01:45:36.391+0000] {logging_mixin.py:188} INFO - [2025-07-31T01:45:36.390+0000] {dag.py:3036} INFO - Sync 1 DAGs
[2025-07-31T01:45:36.415+0000] {logging_mixin.py:188} INFO - [2025-07-31T01:45:36.415+0000] {dag.py:3823} INFO - Setting next_dagrun for example_params_ui_tutorial to None, run_after=None
[2025-07-31T01:45:36.458+0000] {processor.py:183} INFO - Processing /home/airflow/.local/lib/python3.8/site-packages/airflow/example_dags/example_params_ui_tutorial.py took 0.325 seconds
[2025-07-31T01:46:06.628+0000] {processor.py:161} INFO - Started process (PID=650) to work on /home/airflow/.local/lib/python3.8/site-packages/airflow/example_dags/example_params_ui_tutorial.py
[2025-07-31T01:46:06.630+0000] {processor.py:830} INFO - Processing file /home/airflow/.local/lib/python3.8/site-packages/airflow/example_dags/example_params_ui_tutorial.py for tasks to queue
[2025-07-31T01:46:06.633+0000] {logging_mixin.py:188} INFO - [2025-07-31T01:46:06.633+0000] {dagbag.py:538} INFO - Filling up the DagBag from /home/airflow/.local/lib/python3.8/site-packages/airflow/example_dags/example_params_ui_tutorial.py
[2025-07-31T01:46:06.656+0000] {processor.py:840} INFO - DAG(s) 'example_params_ui_tutorial' retrieved from /home/airflow/.local/lib/python3.8/site-packages/airflow/example_dags/example_params_ui_tutorial.py
[2025-07-31T01:46:06.737+0000] {logging_mixin.py:188} INFO - [2025-07-31T01:46:06.737+0000] {dag.py:3036} INFO - Sync 1 DAGs
[2025-07-31T01:46:06.752+0000] {logging_mixin.py:188} INFO - [2025-07-31T01:46:06.752+0000] {dag.py:3823} INFO - Setting next_dagrun for example_params_ui_tutorial to None, run_after=None
[2025-07-31T01:46:06.780+0000] {processor.py:183} INFO - Processing /home/airflow/.local/lib/python3.8/site-packages/airflow/example_dags/example_params_ui_tutorial.py took 0.158 seconds
[2025-07-31T01:46:36.985+0000] {processor.py:161} INFO - Started process (PID=706) to work on /home/airflow/.local/lib/python3.8/site-packages/airflow/example_dags/example_params_ui_tutorial.py
[2025-07-31T01:46:36.987+0000] {processor.py:830} INFO - Processing file /home/airflow/.local/lib/python3.8/site-packages/airflow/example_dags/example_params_ui_tutorial.py for tasks to queue
[2025-07-31T01:46:36.990+0000] {logging_mixin.py:188} INFO - [2025-07-31T01:46:36.990+0000] {dagbag.py:538} INFO - Filling up the DagBag from /home/airflow/.local/lib/python3.8/site-packages/airflow/example_dags/example_params_ui_tutorial.py
[2025-07-31T01:46:37.009+0000] {processor.py:840} INFO - DAG(s) 'example_params_ui_tutorial' retrieved from /home/airflow/.local/lib/python3.8/site-packages/airflow/example_dags/example_params_ui_tutorial.py
[2025-07-31T01:46:37.094+0000] {logging_mixin.py:188} INFO - [2025-07-31T01:46:37.094+0000] {dag.py:3036} INFO - Sync 1 DAGs
[2025-07-31T01:46:37.111+0000] {logging_mixin.py:188} INFO - [2025-07-31T01:46:37.111+0000] {dag.py:3823} INFO - Setting next_dagrun for example_params_ui_tutorial to None, run_after=None
[2025-07-31T01:46:37.145+0000] {processor.py:183} INFO - Processing /home/airflow/.local/lib/python3.8/site-packages/airflow/example_dags/example_params_ui_tutorial.py took 0.165 seconds
[2025-07-31T01:47:07.259+0000] {processor.py:161} INFO - Started process (PID=762) to work on /home/airflow/.local/lib/python3.8/site-packages/airflow/example_dags/example_params_ui_tutorial.py
[2025-07-31T01:47:07.260+0000] {processor.py:830} INFO - Processing file /home/airflow/.local/lib/python3.8/site-packages/airflow/example_dags/example_params_ui_tutorial.py for tasks to queue
[2025-07-31T01:47:07.265+0000] {logging_mixin.py:188} INFO - [2025-07-31T01:47:07.265+0000] {dagbag.py:538} INFO - Filling up the DagBag from /home/airflow/.local/lib/python3.8/site-packages/airflow/example_dags/example_params_ui_tutorial.py
[2025-07-31T01:47:07.295+0000] {processor.py:840} INFO - DAG(s) 'example_params_ui_tutorial' retrieved from /home/airflow/.local/lib/python3.8/site-packages/airflow/example_dags/example_params_ui_tutorial.py
[2025-07-31T01:47:07.518+0000] {logging_mixin.py:188} INFO - [2025-07-31T01:47:07.518+0000] {dag.py:3036} INFO - Sync 1 DAGs
[2025-07-31T01:47:07.588+0000] {logging_mixin.py:188} INFO - [2025-07-31T01:47:07.588+0000] {dag.py:3823} INFO - Setting next_dagrun for example_params_ui_tutorial to None, run_after=None
[2025-07-31T01:47:07.659+0000] {processor.py:183} INFO - Processing /home/airflow/.local/lib/python3.8/site-packages/airflow/example_dags/example_params_ui_tutorial.py took 0.410 seconds
[2025-07-31T01:47:38.023+0000] {processor.py:161} INFO - Started process (PID=819) to work on /home/airflow/.local/lib/python3.8/site-packages/airflow/example_dags/example_params_ui_tutorial.py
[2025-07-31T01:47:38.025+0000] {processor.py:830} INFO - Processing file /home/airflow/.local/lib/python3.8/site-packages/airflow/example_dags/example_params_ui_tutorial.py for tasks to queue
[2025-07-31T01:47:38.028+0000] {logging_mixin.py:188} INFO - [2025-07-31T01:47:38.027+0000] {dagbag.py:538} INFO - Filling up the DagBag from /home/airflow/.local/lib/python3.8/site-packages/airflow/example_dags/example_params_ui_tutorial.py
[2025-07-31T01:47:38.048+0000] {processor.py:840} INFO - DAG(s) 'example_params_ui_tutorial' retrieved from /home/airflow/.local/lib/python3.8/site-packages/airflow/example_dags/example_params_ui_tutorial.py
[2025-07-31T01:47:38.186+0000] {logging_mixin.py:188} INFO - [2025-07-31T01:47:38.185+0000] {dag.py:3036} INFO - Sync 1 DAGs
[2025-07-31T01:47:38.217+0000] {logging_mixin.py:188} INFO - [2025-07-31T01:47:38.216+0000] {dag.py:3823} INFO - Setting next_dagrun for example_params_ui_tutorial to None, run_after=None
[2025-07-31T01:47:38.266+0000] {processor.py:183} INFO - Processing /home/airflow/.local/lib/python3.8/site-packages/airflow/example_dags/example_params_ui_tutorial.py took 0.248 seconds
[2025-07-31T01:48:39.318+0000] {processor.py:161} INFO - Started process (PID=94) to work on /home/airflow/.local/lib/python3.8/site-packages/airflow/example_dags/example_params_ui_tutorial.py
[2025-07-31T01:48:39.320+0000] {processor.py:830} INFO - Processing file /home/airflow/.local/lib/python3.8/site-packages/airflow/example_dags/example_params_ui_tutorial.py for tasks to queue
[2025-07-31T01:48:39.324+0000] {logging_mixin.py:188} INFO - [2025-07-31T01:48:39.324+0000] {dagbag.py:538} INFO - Filling up the DagBag from /home/airflow/.local/lib/python3.8/site-packages/airflow/example_dags/example_params_ui_tutorial.py
[2025-07-31T01:48:39.348+0000] {processor.py:840} INFO - DAG(s) 'example_params_ui_tutorial' retrieved from /home/airflow/.local/lib/python3.8/site-packages/airflow/example_dags/example_params_ui_tutorial.py
[2025-07-31T01:48:39.373+0000] {logging_mixin.py:188} INFO - [2025-07-31T01:48:39.372+0000] {dag.py:3036} INFO - Sync 1 DAGs
[2025-07-31T01:48:39.400+0000] {logging_mixin.py:188} INFO - [2025-07-31T01:48:39.400+0000] {dag.py:3823} INFO - Setting next_dagrun for example_params_ui_tutorial to None, run_after=None
[2025-07-31T01:48:39.438+0000] {processor.py:183} INFO - Processing /home/airflow/.local/lib/python3.8/site-packages/airflow/example_dags/example_params_ui_tutorial.py took 0.128 seconds
[2025-07-31T01:49:14.618+0000] {processor.py:161} INFO - Started process (PID=150) to work on /home/airflow/.local/lib/python3.8/site-packages/airflow/example_dags/example_params_ui_tutorial.py
[2025-07-31T01:49:14.620+0000] {processor.py:830} INFO - Processing file /home/airflow/.local/lib/python3.8/site-packages/airflow/example_dags/example_params_ui_tutorial.py for tasks to queue
[2025-07-31T01:49:14.624+0000] {logging_mixin.py:188} INFO - [2025-07-31T01:49:14.623+0000] {dagbag.py:538} INFO - Filling up the DagBag from /home/airflow/.local/lib/python3.8/site-packages/airflow/example_dags/example_params_ui_tutorial.py
[2025-07-31T01:49:14.643+0000] {processor.py:840} INFO - DAG(s) 'example_params_ui_tutorial' retrieved from /home/airflow/.local/lib/python3.8/site-packages/airflow/example_dags/example_params_ui_tutorial.py
[2025-07-31T01:49:14.917+0000] {logging_mixin.py:188} INFO - [2025-07-31T01:49:14.917+0000] {dag.py:3036} INFO - Sync 1 DAGs
[2025-07-31T01:49:14.950+0000] {logging_mixin.py:188} INFO - [2025-07-31T01:49:14.950+0000] {dag.py:3823} INFO - Setting next_dagrun for example_params_ui_tutorial to None, run_after=None
[2025-07-31T01:49:14.997+0000] {processor.py:183} INFO - Processing /home/airflow/.local/lib/python3.8/site-packages/airflow/example_dags/example_params_ui_tutorial.py took 0.388 seconds
[2025-07-31T01:49:45.780+0000] {processor.py:161} INFO - Started process (PID=206) to work on /home/airflow/.local/lib/python3.8/site-packages/airflow/example_dags/example_params_ui_tutorial.py
[2025-07-31T01:49:45.782+0000] {processor.py:830} INFO - Processing file /home/airflow/.local/lib/python3.8/site-packages/airflow/example_dags/example_params_ui_tutorial.py for tasks to queue
[2025-07-31T01:49:45.785+0000] {logging_mixin.py:188} INFO - [2025-07-31T01:49:45.785+0000] {dagbag.py:538} INFO - Filling up the DagBag from /home/airflow/.local/lib/python3.8/site-packages/airflow/example_dags/example_params_ui_tutorial.py
[2025-07-31T01:49:45.810+0000] {processor.py:840} INFO - DAG(s) 'example_params_ui_tutorial' retrieved from /home/airflow/.local/lib/python3.8/site-packages/airflow/example_dags/example_params_ui_tutorial.py
[2025-07-31T01:49:45.892+0000] {logging_mixin.py:188} INFO - [2025-07-31T01:49:45.891+0000] {dag.py:3036} INFO - Sync 1 DAGs
[2025-07-31T01:49:45.914+0000] {logging_mixin.py:188} INFO - [2025-07-31T01:49:45.914+0000] {dag.py:3823} INFO - Setting next_dagrun for example_params_ui_tutorial to None, run_after=None
[2025-07-31T01:49:45.946+0000] {processor.py:183} INFO - Processing /home/airflow/.local/lib/python3.8/site-packages/airflow/example_dags/example_params_ui_tutorial.py took 0.171 seconds
[2025-07-31T01:50:16.907+0000] {processor.py:161} INFO - Started process (PID=263) to work on /home/airflow/.local/lib/python3.8/site-packages/airflow/example_dags/example_params_ui_tutorial.py
[2025-07-31T01:50:16.909+0000] {processor.py:830} INFO - Processing file /home/airflow/.local/lib/python3.8/site-packages/airflow/example_dags/example_params_ui_tutorial.py for tasks to queue
[2025-07-31T01:50:16.912+0000] {logging_mixin.py:188} INFO - [2025-07-31T01:50:16.912+0000] {dagbag.py:538} INFO - Filling up the DagBag from /home/airflow/.local/lib/python3.8/site-packages/airflow/example_dags/example_params_ui_tutorial.py
[2025-07-31T01:50:16.933+0000] {processor.py:840} INFO - DAG(s) 'example_params_ui_tutorial' retrieved from /home/airflow/.local/lib/python3.8/site-packages/airflow/example_dags/example_params_ui_tutorial.py
[2025-07-31T01:50:17.035+0000] {logging_mixin.py:188} INFO - [2025-07-31T01:50:17.035+0000] {dag.py:3036} INFO - Sync 1 DAGs
[2025-07-31T01:50:17.059+0000] {logging_mixin.py:188} INFO - [2025-07-31T01:50:17.058+0000] {dag.py:3823} INFO - Setting next_dagrun for example_params_ui_tutorial to None, run_after=None
[2025-07-31T01:50:17.090+0000] {processor.py:183} INFO - Processing /home/airflow/.local/lib/python3.8/site-packages/airflow/example_dags/example_params_ui_tutorial.py took 0.189 seconds
[2025-07-31T01:50:48.034+0000] {processor.py:161} INFO - Started process (PID=319) to work on /home/airflow/.local/lib/python3.8/site-packages/airflow/example_dags/example_params_ui_tutorial.py
[2025-07-31T01:50:48.047+0000] {processor.py:830} INFO - Processing file /home/airflow/.local/lib/python3.8/site-packages/airflow/example_dags/example_params_ui_tutorial.py for tasks to queue
[2025-07-31T01:50:48.061+0000] {logging_mixin.py:188} INFO - [2025-07-31T01:50:48.060+0000] {dagbag.py:538} INFO - Filling up the DagBag from /home/airflow/.local/lib/python3.8/site-packages/airflow/example_dags/example_params_ui_tutorial.py
[2025-07-31T01:50:48.159+0000] {processor.py:840} INFO - DAG(s) 'example_params_ui_tutorial' retrieved from /home/airflow/.local/lib/python3.8/site-packages/airflow/example_dags/example_params_ui_tutorial.py
[2025-07-31T01:50:48.322+0000] {logging_mixin.py:188} INFO - [2025-07-31T01:50:48.321+0000] {dag.py:3036} INFO - Sync 1 DAGs
[2025-07-31T01:50:48.344+0000] {logging_mixin.py:188} INFO - [2025-07-31T01:50:48.344+0000] {dag.py:3823} INFO - Setting next_dagrun for example_params_ui_tutorial to None, run_after=None
[2025-07-31T01:50:48.381+0000] {processor.py:183} INFO - Processing /home/airflow/.local/lib/python3.8/site-packages/airflow/example_dags/example_params_ui_tutorial.py took 0.358 seconds
[2025-07-31T01:51:18.547+0000] {processor.py:161} INFO - Started process (PID=375) to work on /home/airflow/.local/lib/python3.8/site-packages/airflow/example_dags/example_params_ui_tutorial.py
[2025-07-31T01:51:18.557+0000] {processor.py:830} INFO - Processing file /home/airflow/.local/lib/python3.8/site-packages/airflow/example_dags/example_params_ui_tutorial.py for tasks to queue
[2025-07-31T01:51:18.576+0000] {logging_mixin.py:188} INFO - [2025-07-31T01:51:18.576+0000] {dagbag.py:538} INFO - Filling up the DagBag from /home/airflow/.local/lib/python3.8/site-packages/airflow/example_dags/example_params_ui_tutorial.py
[2025-07-31T01:51:18.634+0000] {processor.py:840} INFO - DAG(s) 'example_params_ui_tutorial' retrieved from /home/airflow/.local/lib/python3.8/site-packages/airflow/example_dags/example_params_ui_tutorial.py
[2025-07-31T01:51:18.879+0000] {logging_mixin.py:188} INFO - [2025-07-31T01:51:18.878+0000] {dag.py:3036} INFO - Sync 1 DAGs
[2025-07-31T01:51:18.913+0000] {logging_mixin.py:188} INFO - [2025-07-31T01:51:18.913+0000] {dag.py:3823} INFO - Setting next_dagrun for example_params_ui_tutorial to None, run_after=None
[2025-07-31T01:51:18.957+0000] {processor.py:183} INFO - Processing /home/airflow/.local/lib/python3.8/site-packages/airflow/example_dags/example_params_ui_tutorial.py took 0.421 seconds
[2025-07-31T01:51:49.391+0000] {processor.py:161} INFO - Started process (PID=430) to work on /home/airflow/.local/lib/python3.8/site-packages/airflow/example_dags/example_params_ui_tutorial.py
[2025-07-31T01:51:49.394+0000] {processor.py:830} INFO - Processing file /home/airflow/.local/lib/python3.8/site-packages/airflow/example_dags/example_params_ui_tutorial.py for tasks to queue
[2025-07-31T01:51:49.396+0000] {logging_mixin.py:188} INFO - [2025-07-31T01:51:49.396+0000] {dagbag.py:538} INFO - Filling up the DagBag from /home/airflow/.local/lib/python3.8/site-packages/airflow/example_dags/example_params_ui_tutorial.py
[2025-07-31T01:51:49.415+0000] {processor.py:840} INFO - DAG(s) 'example_params_ui_tutorial' retrieved from /home/airflow/.local/lib/python3.8/site-packages/airflow/example_dags/example_params_ui_tutorial.py
[2025-07-31T01:51:49.516+0000] {logging_mixin.py:188} INFO - [2025-07-31T01:51:49.516+0000] {dag.py:3036} INFO - Sync 1 DAGs
[2025-07-31T01:51:49.547+0000] {logging_mixin.py:188} INFO - [2025-07-31T01:51:49.547+0000] {dag.py:3823} INFO - Setting next_dagrun for example_params_ui_tutorial to None, run_after=None
[2025-07-31T01:51:49.602+0000] {processor.py:183} INFO - Processing /home/airflow/.local/lib/python3.8/site-packages/airflow/example_dags/example_params_ui_tutorial.py took 0.218 seconds
[2025-07-31T01:52:20.410+0000] {processor.py:161} INFO - Started process (PID=486) to work on /home/airflow/.local/lib/python3.8/site-packages/airflow/example_dags/example_params_ui_tutorial.py
[2025-07-31T01:52:20.412+0000] {processor.py:830} INFO - Processing file /home/airflow/.local/lib/python3.8/site-packages/airflow/example_dags/example_params_ui_tutorial.py for tasks to queue
[2025-07-31T01:52:20.415+0000] {logging_mixin.py:188} INFO - [2025-07-31T01:52:20.415+0000] {dagbag.py:538} INFO - Filling up the DagBag from /home/airflow/.local/lib/python3.8/site-packages/airflow/example_dags/example_params_ui_tutorial.py
[2025-07-31T01:52:20.432+0000] {processor.py:840} INFO - DAG(s) 'example_params_ui_tutorial' retrieved from /home/airflow/.local/lib/python3.8/site-packages/airflow/example_dags/example_params_ui_tutorial.py
[2025-07-31T01:52:20.533+0000] {logging_mixin.py:188} INFO - [2025-07-31T01:52:20.533+0000] {dag.py:3036} INFO - Sync 1 DAGs
[2025-07-31T01:52:20.551+0000] {logging_mixin.py:188} INFO - [2025-07-31T01:52:20.551+0000] {dag.py:3823} INFO - Setting next_dagrun for example_params_ui_tutorial to None, run_after=None
[2025-07-31T01:52:20.584+0000] {processor.py:183} INFO - Processing /home/airflow/.local/lib/python3.8/site-packages/airflow/example_dags/example_params_ui_tutorial.py took 0.178 seconds
[2025-07-31T01:52:50.728+0000] {processor.py:161} INFO - Started process (PID=542) to work on /home/airflow/.local/lib/python3.8/site-packages/airflow/example_dags/example_params_ui_tutorial.py
[2025-07-31T01:52:50.730+0000] {processor.py:830} INFO - Processing file /home/airflow/.local/lib/python3.8/site-packages/airflow/example_dags/example_params_ui_tutorial.py for tasks to queue
[2025-07-31T01:52:50.734+0000] {logging_mixin.py:188} INFO - [2025-07-31T01:52:50.733+0000] {dagbag.py:538} INFO - Filling up the DagBag from /home/airflow/.local/lib/python3.8/site-packages/airflow/example_dags/example_params_ui_tutorial.py
[2025-07-31T01:52:50.759+0000] {processor.py:840} INFO - DAG(s) 'example_params_ui_tutorial' retrieved from /home/airflow/.local/lib/python3.8/site-packages/airflow/example_dags/example_params_ui_tutorial.py
[2025-07-31T01:52:50.904+0000] {logging_mixin.py:188} INFO - [2025-07-31T01:52:50.903+0000] {dag.py:3036} INFO - Sync 1 DAGs
[2025-07-31T01:52:50.928+0000] {logging_mixin.py:188} INFO - [2025-07-31T01:52:50.928+0000] {dag.py:3823} INFO - Setting next_dagrun for example_params_ui_tutorial to None, run_after=None
[2025-07-31T01:52:50.963+0000] {processor.py:183} INFO - Processing /home/airflow/.local/lib/python3.8/site-packages/airflow/example_dags/example_params_ui_tutorial.py took 0.240 seconds
[2025-07-31T01:53:21.875+0000] {processor.py:161} INFO - Started process (PID=598) to work on /home/airflow/.local/lib/python3.8/site-packages/airflow/example_dags/example_params_ui_tutorial.py
[2025-07-31T01:53:21.891+0000] {processor.py:830} INFO - Processing file /home/airflow/.local/lib/python3.8/site-packages/airflow/example_dags/example_params_ui_tutorial.py for tasks to queue
[2025-07-31T01:53:21.901+0000] {logging_mixin.py:188} INFO - [2025-07-31T01:53:21.896+0000] {dagbag.py:538} INFO - Filling up the DagBag from /home/airflow/.local/lib/python3.8/site-packages/airflow/example_dags/example_params_ui_tutorial.py
[2025-07-31T01:53:21.972+0000] {processor.py:840} INFO - DAG(s) 'example_params_ui_tutorial' retrieved from /home/airflow/.local/lib/python3.8/site-packages/airflow/example_dags/example_params_ui_tutorial.py
[2025-07-31T01:53:22.196+0000] {logging_mixin.py:188} INFO - [2025-07-31T01:53:22.196+0000] {dag.py:3036} INFO - Sync 1 DAGs
[2025-07-31T01:53:22.216+0000] {logging_mixin.py:188} INFO - [2025-07-31T01:53:22.216+0000] {dag.py:3823} INFO - Setting next_dagrun for example_params_ui_tutorial to None, run_after=None
[2025-07-31T01:53:22.296+0000] {processor.py:183} INFO - Processing /home/airflow/.local/lib/python3.8/site-packages/airflow/example_dags/example_params_ui_tutorial.py took 0.429 seconds
[2025-07-31T01:53:52.407+0000] {processor.py:161} INFO - Started process (PID=656) to work on /home/airflow/.local/lib/python3.8/site-packages/airflow/example_dags/example_params_ui_tutorial.py
[2025-07-31T01:53:52.410+0000] {processor.py:830} INFO - Processing file /home/airflow/.local/lib/python3.8/site-packages/airflow/example_dags/example_params_ui_tutorial.py for tasks to queue
[2025-07-31T01:53:52.414+0000] {logging_mixin.py:188} INFO - [2025-07-31T01:53:52.413+0000] {dagbag.py:538} INFO - Filling up the DagBag from /home/airflow/.local/lib/python3.8/site-packages/airflow/example_dags/example_params_ui_tutorial.py
[2025-07-31T01:53:52.436+0000] {processor.py:840} INFO - DAG(s) 'example_params_ui_tutorial' retrieved from /home/airflow/.local/lib/python3.8/site-packages/airflow/example_dags/example_params_ui_tutorial.py
[2025-07-31T01:53:52.536+0000] {logging_mixin.py:188} INFO - [2025-07-31T01:53:52.536+0000] {dag.py:3036} INFO - Sync 1 DAGs
[2025-07-31T01:53:52.560+0000] {logging_mixin.py:188} INFO - [2025-07-31T01:53:52.560+0000] {dag.py:3823} INFO - Setting next_dagrun for example_params_ui_tutorial to None, run_after=None
[2025-07-31T01:53:52.631+0000] {processor.py:183} INFO - Processing /home/airflow/.local/lib/python3.8/site-packages/airflow/example_dags/example_params_ui_tutorial.py took 0.229 seconds
[2025-07-31T01:54:24.214+0000] {processor.py:161} INFO - Started process (PID=713) to work on /home/airflow/.local/lib/python3.8/site-packages/airflow/example_dags/example_params_ui_tutorial.py
[2025-07-31T01:54:24.216+0000] {processor.py:830} INFO - Processing file /home/airflow/.local/lib/python3.8/site-packages/airflow/example_dags/example_params_ui_tutorial.py for tasks to queue
[2025-07-31T01:54:24.219+0000] {logging_mixin.py:188} INFO - [2025-07-31T01:54:24.219+0000] {dagbag.py:538} INFO - Filling up the DagBag from /home/airflow/.local/lib/python3.8/site-packages/airflow/example_dags/example_params_ui_tutorial.py
[2025-07-31T01:54:24.238+0000] {processor.py:840} INFO - DAG(s) 'example_params_ui_tutorial' retrieved from /home/airflow/.local/lib/python3.8/site-packages/airflow/example_dags/example_params_ui_tutorial.py
[2025-07-31T01:54:24.312+0000] {logging_mixin.py:188} INFO - [2025-07-31T01:54:24.312+0000] {dag.py:3036} INFO - Sync 1 DAGs
[2025-07-31T01:54:24.329+0000] {logging_mixin.py:188} INFO - [2025-07-31T01:54:24.328+0000] {dag.py:3823} INFO - Setting next_dagrun for example_params_ui_tutorial to None, run_after=None
[2025-07-31T01:54:24.354+0000] {processor.py:183} INFO - Processing /home/airflow/.local/lib/python3.8/site-packages/airflow/example_dags/example_params_ui_tutorial.py took 0.151 seconds
[2025-07-31T01:54:54.578+0000] {processor.py:161} INFO - Started process (PID=769) to work on /home/airflow/.local/lib/python3.8/site-packages/airflow/example_dags/example_params_ui_tutorial.py
[2025-07-31T01:54:54.580+0000] {processor.py:830} INFO - Processing file /home/airflow/.local/lib/python3.8/site-packages/airflow/example_dags/example_params_ui_tutorial.py for tasks to queue
[2025-07-31T01:54:54.584+0000] {logging_mixin.py:188} INFO - [2025-07-31T01:54:54.583+0000] {dagbag.py:538} INFO - Filling up the DagBag from /home/airflow/.local/lib/python3.8/site-packages/airflow/example_dags/example_params_ui_tutorial.py
[2025-07-31T01:54:54.607+0000] {processor.py:840} INFO - DAG(s) 'example_params_ui_tutorial' retrieved from /home/airflow/.local/lib/python3.8/site-packages/airflow/example_dags/example_params_ui_tutorial.py
[2025-07-31T01:54:54.749+0000] {logging_mixin.py:188} INFO - [2025-07-31T01:54:54.748+0000] {dag.py:3036} INFO - Sync 1 DAGs
[2025-07-31T01:54:54.788+0000] {logging_mixin.py:188} INFO - [2025-07-31T01:54:54.787+0000] {dag.py:3823} INFO - Setting next_dagrun for example_params_ui_tutorial to None, run_after=None
[2025-07-31T01:54:54.845+0000] {processor.py:183} INFO - Processing /home/airflow/.local/lib/python3.8/site-packages/airflow/example_dags/example_params_ui_tutorial.py took 0.274 seconds
[2025-07-31T01:55:25.584+0000] {processor.py:161} INFO - Started process (PID=826) to work on /home/airflow/.local/lib/python3.8/site-packages/airflow/example_dags/example_params_ui_tutorial.py
[2025-07-31T01:55:25.586+0000] {processor.py:830} INFO - Processing file /home/airflow/.local/lib/python3.8/site-packages/airflow/example_dags/example_params_ui_tutorial.py for tasks to queue
[2025-07-31T01:55:25.590+0000] {logging_mixin.py:188} INFO - [2025-07-31T01:55:25.589+0000] {dagbag.py:538} INFO - Filling up the DagBag from /home/airflow/.local/lib/python3.8/site-packages/airflow/example_dags/example_params_ui_tutorial.py
[2025-07-31T01:55:25.642+0000] {processor.py:840} INFO - DAG(s) 'example_params_ui_tutorial' retrieved from /home/airflow/.local/lib/python3.8/site-packages/airflow/example_dags/example_params_ui_tutorial.py
[2025-07-31T01:55:25.894+0000] {logging_mixin.py:188} INFO - [2025-07-31T01:55:25.893+0000] {dag.py:3036} INFO - Sync 1 DAGs
[2025-07-31T01:55:25.936+0000] {logging_mixin.py:188} INFO - [2025-07-31T01:55:25.936+0000] {dag.py:3823} INFO - Setting next_dagrun for example_params_ui_tutorial to None, run_after=None
[2025-07-31T01:55:25.997+0000] {processor.py:183} INFO - Processing /home/airflow/.local/lib/python3.8/site-packages/airflow/example_dags/example_params_ui_tutorial.py took 0.429 seconds
[2025-07-31T01:55:56.771+0000] {processor.py:161} INFO - Started process (PID=883) to work on /home/airflow/.local/lib/python3.8/site-packages/airflow/example_dags/example_params_ui_tutorial.py
[2025-07-31T01:55:56.773+0000] {processor.py:830} INFO - Processing file /home/airflow/.local/lib/python3.8/site-packages/airflow/example_dags/example_params_ui_tutorial.py for tasks to queue
[2025-07-31T01:55:56.776+0000] {logging_mixin.py:188} INFO - [2025-07-31T01:55:56.776+0000] {dagbag.py:538} INFO - Filling up the DagBag from /home/airflow/.local/lib/python3.8/site-packages/airflow/example_dags/example_params_ui_tutorial.py
[2025-07-31T01:55:56.801+0000] {processor.py:840} INFO - DAG(s) 'example_params_ui_tutorial' retrieved from /home/airflow/.local/lib/python3.8/site-packages/airflow/example_dags/example_params_ui_tutorial.py
[2025-07-31T01:55:56.927+0000] {logging_mixin.py:188} INFO - [2025-07-31T01:55:56.927+0000] {dag.py:3036} INFO - Sync 1 DAGs
[2025-07-31T01:55:56.947+0000] {logging_mixin.py:188} INFO - [2025-07-31T01:55:56.947+0000] {dag.py:3823} INFO - Setting next_dagrun for example_params_ui_tutorial to None, run_after=None
[2025-07-31T01:55:57.004+0000] {processor.py:183} INFO - Processing /home/airflow/.local/lib/python3.8/site-packages/airflow/example_dags/example_params_ui_tutorial.py took 0.242 seconds
[2025-07-31T01:56:27.077+0000] {processor.py:161} INFO - Started process (PID=941) to work on /home/airflow/.local/lib/python3.8/site-packages/airflow/example_dags/example_params_ui_tutorial.py
[2025-07-31T01:56:27.078+0000] {processor.py:830} INFO - Processing file /home/airflow/.local/lib/python3.8/site-packages/airflow/example_dags/example_params_ui_tutorial.py for tasks to queue
[2025-07-31T01:56:27.082+0000] {logging_mixin.py:188} INFO - [2025-07-31T01:56:27.081+0000] {dagbag.py:538} INFO - Filling up the DagBag from /home/airflow/.local/lib/python3.8/site-packages/airflow/example_dags/example_params_ui_tutorial.py
[2025-07-31T01:56:27.109+0000] {processor.py:840} INFO - DAG(s) 'example_params_ui_tutorial' retrieved from /home/airflow/.local/lib/python3.8/site-packages/airflow/example_dags/example_params_ui_tutorial.py
[2025-07-31T01:56:27.232+0000] {logging_mixin.py:188} INFO - [2025-07-31T01:56:27.232+0000] {dag.py:3036} INFO - Sync 1 DAGs
[2025-07-31T01:56:27.247+0000] {logging_mixin.py:188} INFO - [2025-07-31T01:56:27.246+0000] {dag.py:3823} INFO - Setting next_dagrun for example_params_ui_tutorial to None, run_after=None
[2025-07-31T01:56:27.273+0000] {processor.py:183} INFO - Processing /home/airflow/.local/lib/python3.8/site-packages/airflow/example_dags/example_params_ui_tutorial.py took 0.202 seconds
