[2025-07-31T01:40:53.913+0000] {processor.py:161} INFO - Started process (PID=85) to work on /home/airflow/.local/lib/python3.8/site-packages/airflow/example_dags/example_branch_labels.py
[2025-07-31T01:40:53.915+0000] {processor.py:830} INFO - Processing file /home/airflow/.local/lib/python3.8/site-packages/airflow/example_dags/example_branch_labels.py for tasks to queue
[2025-07-31T01:40:53.924+0000] {logging_mixin.py:188} INFO - [2025-07-31T01:40:53.924+0000] {dagbag.py:538} INFO - Filling up the DagBag from /home/airflow/.local/lib/python3.8/site-packages/airflow/example_dags/example_branch_labels.py
[2025-07-31T01:40:53.952+0000] {processor.py:840} INFO - DAG(s) 'example_branch_labels' retrieved from /home/airflow/.local/lib/python3.8/site-packages/airflow/example_dags/example_branch_labels.py
[2025-07-31T01:40:54.346+0000] {logging_mixin.py:188} INFO - [2025-07-31T01:40:54.346+0000] {dag.py:3036} INFO - Sync 1 DAGs
[2025-07-31T01:40:54.400+0000] {logging_mixin.py:188} INFO - [2025-07-31T01:40:54.399+0000] {dag.py:3823} INFO - Setting next_dagrun for example_branch_labels to 2025-07-30 00:00:00+00:00, run_after=2025-07-31 00:00:00+00:00
[2025-07-31T01:40:54.443+0000] {processor.py:183} INFO - Processing /home/airflow/.local/lib/python3.8/site-packages/airflow/example_dags/example_branch_labels.py took 0.537 seconds
[2025-07-31T01:41:25.334+0000] {processor.py:161} INFO - Started process (PID=140) to work on /home/airflow/.local/lib/python3.8/site-packages/airflow/example_dags/example_branch_labels.py
[2025-07-31T01:41:25.342+0000] {processor.py:830} INFO - Processing file /home/airflow/.local/lib/python3.8/site-packages/airflow/example_dags/example_branch_labels.py for tasks to queue
[2025-07-31T01:41:25.346+0000] {logging_mixin.py:188} INFO - [2025-07-31T01:41:25.346+0000] {dagbag.py:538} INFO - Filling up the DagBag from /home/airflow/.local/lib/python3.8/site-packages/airflow/example_dags/example_branch_labels.py
[2025-07-31T01:41:25.370+0000] {processor.py:840} INFO - DAG(s) 'example_branch_labels' retrieved from /home/airflow/.local/lib/python3.8/site-packages/airflow/example_dags/example_branch_labels.py
[2025-07-31T01:41:25.415+0000] {logging_mixin.py:188} INFO - [2025-07-31T01:41:25.414+0000] {dag.py:3036} INFO - Sync 1 DAGs
[2025-07-31T01:41:25.466+0000] {logging_mixin.py:188} INFO - [2025-07-31T01:41:25.466+0000] {dag.py:3823} INFO - Setting next_dagrun for example_branch_labels to 2025-07-30 00:00:00+00:00, run_after=2025-07-31 00:00:00+00:00
[2025-07-31T01:41:25.503+0000] {processor.py:183} INFO - Processing /home/airflow/.local/lib/python3.8/site-packages/airflow/example_dags/example_branch_labels.py took 0.179 seconds
[2025-07-31T01:41:56.137+0000] {processor.py:161} INFO - Started process (PID=195) to work on /home/airflow/.local/lib/python3.8/site-packages/airflow/example_dags/example_branch_labels.py
[2025-07-31T01:41:56.139+0000] {processor.py:830} INFO - Processing file /home/airflow/.local/lib/python3.8/site-packages/airflow/example_dags/example_branch_labels.py for tasks to queue
[2025-07-31T01:41:56.142+0000] {logging_mixin.py:188} INFO - [2025-07-31T01:41:56.141+0000] {dagbag.py:538} INFO - Filling up the DagBag from /home/airflow/.local/lib/python3.8/site-packages/airflow/example_dags/example_branch_labels.py
[2025-07-31T01:41:56.171+0000] {processor.py:840} INFO - DAG(s) 'example_branch_labels' retrieved from /home/airflow/.local/lib/python3.8/site-packages/airflow/example_dags/example_branch_labels.py
[2025-07-31T01:41:56.226+0000] {logging_mixin.py:188} INFO - [2025-07-31T01:41:56.226+0000] {dag.py:3036} INFO - Sync 1 DAGs
[2025-07-31T01:41:56.313+0000] {logging_mixin.py:188} INFO - [2025-07-31T01:41:56.310+0000] {dag.py:3823} INFO - Setting next_dagrun for example_branch_labels to 2025-07-30 00:00:00+00:00, run_after=2025-07-31 00:00:00+00:00
[2025-07-31T01:41:56.381+0000] {processor.py:183} INFO - Processing /home/airflow/.local/lib/python3.8/site-packages/airflow/example_dags/example_branch_labels.py took 0.259 seconds
[2025-07-31T01:42:27.077+0000] {processor.py:161} INFO - Started process (PID=251) to work on /home/airflow/.local/lib/python3.8/site-packages/airflow/example_dags/example_branch_labels.py
[2025-07-31T01:42:27.079+0000] {processor.py:830} INFO - Processing file /home/airflow/.local/lib/python3.8/site-packages/airflow/example_dags/example_branch_labels.py for tasks to queue
[2025-07-31T01:42:27.081+0000] {logging_mixin.py:188} INFO - [2025-07-31T01:42:27.081+0000] {dagbag.py:538} INFO - Filling up the DagBag from /home/airflow/.local/lib/python3.8/site-packages/airflow/example_dags/example_branch_labels.py
[2025-07-31T01:42:27.102+0000] {processor.py:840} INFO - DAG(s) 'example_branch_labels' retrieved from /home/airflow/.local/lib/python3.8/site-packages/airflow/example_dags/example_branch_labels.py
[2025-07-31T01:42:27.147+0000] {logging_mixin.py:188} INFO - [2025-07-31T01:42:27.147+0000] {dag.py:3036} INFO - Sync 1 DAGs
[2025-07-31T01:42:27.236+0000] {logging_mixin.py:188} INFO - [2025-07-31T01:42:27.235+0000] {dag.py:3823} INFO - Setting next_dagrun for example_branch_labels to 2025-07-30 00:00:00+00:00, run_after=2025-07-31 00:00:00+00:00
[2025-07-31T01:42:27.355+0000] {processor.py:183} INFO - Processing /home/airflow/.local/lib/python3.8/site-packages/airflow/example_dags/example_branch_labels.py took 0.291 seconds
[2025-07-31T01:42:58.102+0000] {processor.py:161} INFO - Started process (PID=306) to work on /home/airflow/.local/lib/python3.8/site-packages/airflow/example_dags/example_branch_labels.py
[2025-07-31T01:42:58.104+0000] {processor.py:830} INFO - Processing file /home/airflow/.local/lib/python3.8/site-packages/airflow/example_dags/example_branch_labels.py for tasks to queue
[2025-07-31T01:42:58.109+0000] {logging_mixin.py:188} INFO - [2025-07-31T01:42:58.108+0000] {dagbag.py:538} INFO - Filling up the DagBag from /home/airflow/.local/lib/python3.8/site-packages/airflow/example_dags/example_branch_labels.py
[2025-07-31T01:42:58.121+0000] {processor.py:840} INFO - DAG(s) 'example_branch_labels' retrieved from /home/airflow/.local/lib/python3.8/site-packages/airflow/example_dags/example_branch_labels.py
[2025-07-31T01:42:58.156+0000] {logging_mixin.py:188} INFO - [2025-07-31T01:42:58.156+0000] {dag.py:3036} INFO - Sync 1 DAGs
[2025-07-31T01:42:58.186+0000] {logging_mixin.py:188} INFO - [2025-07-31T01:42:58.186+0000] {dag.py:3823} INFO - Setting next_dagrun for example_branch_labels to 2025-07-30 00:00:00+00:00, run_after=2025-07-31 00:00:00+00:00
[2025-07-31T01:42:58.225+0000] {processor.py:183} INFO - Processing /home/airflow/.local/lib/python3.8/site-packages/airflow/example_dags/example_branch_labels.py took 0.130 seconds
[2025-07-31T01:43:28.810+0000] {processor.py:161} INFO - Started process (PID=361) to work on /home/airflow/.local/lib/python3.8/site-packages/airflow/example_dags/example_branch_labels.py
[2025-07-31T01:43:28.812+0000] {processor.py:830} INFO - Processing file /home/airflow/.local/lib/python3.8/site-packages/airflow/example_dags/example_branch_labels.py for tasks to queue
[2025-07-31T01:43:28.814+0000] {logging_mixin.py:188} INFO - [2025-07-31T01:43:28.814+0000] {dagbag.py:538} INFO - Filling up the DagBag from /home/airflow/.local/lib/python3.8/site-packages/airflow/example_dags/example_branch_labels.py
[2025-07-31T01:43:28.829+0000] {processor.py:840} INFO - DAG(s) 'example_branch_labels' retrieved from /home/airflow/.local/lib/python3.8/site-packages/airflow/example_dags/example_branch_labels.py
[2025-07-31T01:43:28.864+0000] {logging_mixin.py:188} INFO - [2025-07-31T01:43:28.864+0000] {dag.py:3036} INFO - Sync 1 DAGs
[2025-07-31T01:43:28.900+0000] {logging_mixin.py:188} INFO - [2025-07-31T01:43:28.899+0000] {dag.py:3823} INFO - Setting next_dagrun for example_branch_labels to 2025-07-30 00:00:00+00:00, run_after=2025-07-31 00:00:00+00:00
[2025-07-31T01:43:28.958+0000] {processor.py:183} INFO - Processing /home/airflow/.local/lib/python3.8/site-packages/airflow/example_dags/example_branch_labels.py took 0.155 seconds
[2025-07-31T01:43:59.382+0000] {processor.py:161} INFO - Started process (PID=416) to work on /home/airflow/.local/lib/python3.8/site-packages/airflow/example_dags/example_branch_labels.py
[2025-07-31T01:43:59.384+0000] {processor.py:830} INFO - Processing file /home/airflow/.local/lib/python3.8/site-packages/airflow/example_dags/example_branch_labels.py for tasks to queue
[2025-07-31T01:43:59.387+0000] {logging_mixin.py:188} INFO - [2025-07-31T01:43:59.387+0000] {dagbag.py:538} INFO - Filling up the DagBag from /home/airflow/.local/lib/python3.8/site-packages/airflow/example_dags/example_branch_labels.py
[2025-07-31T01:43:59.402+0000] {processor.py:840} INFO - DAG(s) 'example_branch_labels' retrieved from /home/airflow/.local/lib/python3.8/site-packages/airflow/example_dags/example_branch_labels.py
[2025-07-31T01:43:59.442+0000] {logging_mixin.py:188} INFO - [2025-07-31T01:43:59.441+0000] {dag.py:3036} INFO - Sync 1 DAGs
[2025-07-31T01:43:59.488+0000] {logging_mixin.py:188} INFO - [2025-07-31T01:43:59.488+0000] {dag.py:3823} INFO - Setting next_dagrun for example_branch_labels to 2025-07-30 00:00:00+00:00, run_after=2025-07-31 00:00:00+00:00
[2025-07-31T01:43:59.560+0000] {processor.py:183} INFO - Processing /home/airflow/.local/lib/python3.8/site-packages/airflow/example_dags/example_branch_labels.py took 0.184 seconds
[2025-07-31T01:44:29.875+0000] {processor.py:161} INFO - Started process (PID=471) to work on /home/airflow/.local/lib/python3.8/site-packages/airflow/example_dags/example_branch_labels.py
[2025-07-31T01:44:29.877+0000] {processor.py:830} INFO - Processing file /home/airflow/.local/lib/python3.8/site-packages/airflow/example_dags/example_branch_labels.py for tasks to queue
[2025-07-31T01:44:29.880+0000] {logging_mixin.py:188} INFO - [2025-07-31T01:44:29.879+0000] {dagbag.py:538} INFO - Filling up the DagBag from /home/airflow/.local/lib/python3.8/site-packages/airflow/example_dags/example_branch_labels.py
[2025-07-31T01:44:29.895+0000] {processor.py:840} INFO - DAG(s) 'example_branch_labels' retrieved from /home/airflow/.local/lib/python3.8/site-packages/airflow/example_dags/example_branch_labels.py
[2025-07-31T01:44:29.933+0000] {logging_mixin.py:188} INFO - [2025-07-31T01:44:29.933+0000] {dag.py:3036} INFO - Sync 1 DAGs
[2025-07-31T01:44:29.985+0000] {logging_mixin.py:188} INFO - [2025-07-31T01:44:29.985+0000] {dag.py:3823} INFO - Setting next_dagrun for example_branch_labels to 2025-07-30 00:00:00+00:00, run_after=2025-07-31 00:00:00+00:00
[2025-07-31T01:44:30.018+0000] {processor.py:183} INFO - Processing /home/airflow/.local/lib/python3.8/site-packages/airflow/example_dags/example_branch_labels.py took 0.149 seconds
[2025-07-31T01:45:00.499+0000] {processor.py:161} INFO - Started process (PID=526) to work on /home/airflow/.local/lib/python3.8/site-packages/airflow/example_dags/example_branch_labels.py
[2025-07-31T01:45:00.510+0000] {processor.py:830} INFO - Processing file /home/airflow/.local/lib/python3.8/site-packages/airflow/example_dags/example_branch_labels.py for tasks to queue
[2025-07-31T01:45:00.519+0000] {logging_mixin.py:188} INFO - [2025-07-31T01:45:00.519+0000] {dagbag.py:538} INFO - Filling up the DagBag from /home/airflow/.local/lib/python3.8/site-packages/airflow/example_dags/example_branch_labels.py
[2025-07-31T01:45:00.569+0000] {processor.py:840} INFO - DAG(s) 'example_branch_labels' retrieved from /home/airflow/.local/lib/python3.8/site-packages/airflow/example_dags/example_branch_labels.py
[2025-07-31T01:45:00.678+0000] {logging_mixin.py:188} INFO - [2025-07-31T01:45:00.676+0000] {dag.py:3036} INFO - Sync 1 DAGs
[2025-07-31T01:45:00.730+0000] {logging_mixin.py:188} INFO - [2025-07-31T01:45:00.729+0000] {dag.py:3823} INFO - Setting next_dagrun for example_branch_labels to 2025-07-30 00:00:00+00:00, run_after=2025-07-31 00:00:00+00:00
[2025-07-31T01:45:00.822+0000] {processor.py:183} INFO - Processing /home/airflow/.local/lib/python3.8/site-packages/airflow/example_dags/example_branch_labels.py took 0.331 seconds
[2025-07-31T01:45:32.039+0000] {processor.py:161} INFO - Started process (PID=581) to work on /home/airflow/.local/lib/python3.8/site-packages/airflow/example_dags/example_branch_labels.py
[2025-07-31T01:45:32.077+0000] {processor.py:830} INFO - Processing file /home/airflow/.local/lib/python3.8/site-packages/airflow/example_dags/example_branch_labels.py for tasks to queue
[2025-07-31T01:45:32.115+0000] {logging_mixin.py:188} INFO - [2025-07-31T01:45:32.114+0000] {dagbag.py:538} INFO - Filling up the DagBag from /home/airflow/.local/lib/python3.8/site-packages/airflow/example_dags/example_branch_labels.py
[2025-07-31T01:45:32.190+0000] {processor.py:840} INFO - DAG(s) 'example_branch_labels' retrieved from /home/airflow/.local/lib/python3.8/site-packages/airflow/example_dags/example_branch_labels.py
[2025-07-31T01:45:32.347+0000] {logging_mixin.py:188} INFO - [2025-07-31T01:45:32.346+0000] {dag.py:3036} INFO - Sync 1 DAGs
[2025-07-31T01:45:32.489+0000] {logging_mixin.py:188} INFO - [2025-07-31T01:45:32.489+0000] {dag.py:3823} INFO - Setting next_dagrun for example_branch_labels to 2025-07-30 00:00:00+00:00, run_after=2025-07-31 00:00:00+00:00
[2025-07-31T01:45:32.671+0000] {processor.py:183} INFO - Processing /home/airflow/.local/lib/python3.8/site-packages/airflow/example_dags/example_branch_labels.py took 0.638 seconds
[2025-07-31T01:46:02.846+0000] {processor.py:161} INFO - Started process (PID=636) to work on /home/airflow/.local/lib/python3.8/site-packages/airflow/example_dags/example_branch_labels.py
[2025-07-31T01:46:02.847+0000] {processor.py:830} INFO - Processing file /home/airflow/.local/lib/python3.8/site-packages/airflow/example_dags/example_branch_labels.py for tasks to queue
[2025-07-31T01:46:02.850+0000] {logging_mixin.py:188} INFO - [2025-07-31T01:46:02.850+0000] {dagbag.py:538} INFO - Filling up the DagBag from /home/airflow/.local/lib/python3.8/site-packages/airflow/example_dags/example_branch_labels.py
[2025-07-31T01:46:02.862+0000] {processor.py:840} INFO - DAG(s) 'example_branch_labels' retrieved from /home/airflow/.local/lib/python3.8/site-packages/airflow/example_dags/example_branch_labels.py
[2025-07-31T01:46:02.897+0000] {logging_mixin.py:188} INFO - [2025-07-31T01:46:02.897+0000] {dag.py:3036} INFO - Sync 1 DAGs
[2025-07-31T01:46:02.929+0000] {logging_mixin.py:188} INFO - [2025-07-31T01:46:02.929+0000] {dag.py:3823} INFO - Setting next_dagrun for example_branch_labels to 2025-07-30 00:00:00+00:00, run_after=2025-07-31 00:00:00+00:00
[2025-07-31T01:46:02.969+0000] {processor.py:183} INFO - Processing /home/airflow/.local/lib/python3.8/site-packages/airflow/example_dags/example_branch_labels.py took 0.129 seconds
[2025-07-31T01:46:33.447+0000] {processor.py:161} INFO - Started process (PID=692) to work on /home/airflow/.local/lib/python3.8/site-packages/airflow/example_dags/example_branch_labels.py
[2025-07-31T01:46:33.449+0000] {processor.py:830} INFO - Processing file /home/airflow/.local/lib/python3.8/site-packages/airflow/example_dags/example_branch_labels.py for tasks to queue
[2025-07-31T01:46:33.453+0000] {logging_mixin.py:188} INFO - [2025-07-31T01:46:33.452+0000] {dagbag.py:538} INFO - Filling up the DagBag from /home/airflow/.local/lib/python3.8/site-packages/airflow/example_dags/example_branch_labels.py
[2025-07-31T01:46:33.464+0000] {processor.py:840} INFO - DAG(s) 'example_branch_labels' retrieved from /home/airflow/.local/lib/python3.8/site-packages/airflow/example_dags/example_branch_labels.py
[2025-07-31T01:46:33.494+0000] {logging_mixin.py:188} INFO - [2025-07-31T01:46:33.494+0000] {dag.py:3036} INFO - Sync 1 DAGs
[2025-07-31T01:46:33.529+0000] {logging_mixin.py:188} INFO - [2025-07-31T01:46:33.528+0000] {dag.py:3823} INFO - Setting next_dagrun for example_branch_labels to 2025-07-30 00:00:00+00:00, run_after=2025-07-31 00:00:00+00:00
[2025-07-31T01:46:33.554+0000] {processor.py:183} INFO - Processing /home/airflow/.local/lib/python3.8/site-packages/airflow/example_dags/example_branch_labels.py took 0.111 seconds
[2025-07-31T01:47:04.371+0000] {processor.py:161} INFO - Started process (PID=748) to work on /home/airflow/.local/lib/python3.8/site-packages/airflow/example_dags/example_branch_labels.py
[2025-07-31T01:47:04.374+0000] {processor.py:830} INFO - Processing file /home/airflow/.local/lib/python3.8/site-packages/airflow/example_dags/example_branch_labels.py for tasks to queue
[2025-07-31T01:47:04.381+0000] {logging_mixin.py:188} INFO - [2025-07-31T01:47:04.379+0000] {dagbag.py:538} INFO - Filling up the DagBag from /home/airflow/.local/lib/python3.8/site-packages/airflow/example_dags/example_branch_labels.py
[2025-07-31T01:47:04.405+0000] {processor.py:840} INFO - DAG(s) 'example_branch_labels' retrieved from /home/airflow/.local/lib/python3.8/site-packages/airflow/example_dags/example_branch_labels.py
[2025-07-31T01:47:04.446+0000] {logging_mixin.py:188} INFO - [2025-07-31T01:47:04.446+0000] {dag.py:3036} INFO - Sync 1 DAGs
[2025-07-31T01:47:04.485+0000] {logging_mixin.py:188} INFO - [2025-07-31T01:47:04.485+0000] {dag.py:3823} INFO - Setting next_dagrun for example_branch_labels to 2025-07-30 00:00:00+00:00, run_after=2025-07-31 00:00:00+00:00
[2025-07-31T01:47:04.548+0000] {processor.py:183} INFO - Processing /home/airflow/.local/lib/python3.8/site-packages/airflow/example_dags/example_branch_labels.py took 0.184 seconds
[2025-07-31T01:47:34.617+0000] {processor.py:161} INFO - Started process (PID=804) to work on /home/airflow/.local/lib/python3.8/site-packages/airflow/example_dags/example_branch_labels.py
[2025-07-31T01:47:34.619+0000] {processor.py:830} INFO - Processing file /home/airflow/.local/lib/python3.8/site-packages/airflow/example_dags/example_branch_labels.py for tasks to queue
[2025-07-31T01:47:34.623+0000] {logging_mixin.py:188} INFO - [2025-07-31T01:47:34.622+0000] {dagbag.py:538} INFO - Filling up the DagBag from /home/airflow/.local/lib/python3.8/site-packages/airflow/example_dags/example_branch_labels.py
[2025-07-31T01:47:34.638+0000] {processor.py:840} INFO - DAG(s) 'example_branch_labels' retrieved from /home/airflow/.local/lib/python3.8/site-packages/airflow/example_dags/example_branch_labels.py
[2025-07-31T01:47:34.676+0000] {logging_mixin.py:188} INFO - [2025-07-31T01:47:34.676+0000] {dag.py:3036} INFO - Sync 1 DAGs
[2025-07-31T01:47:34.709+0000] {logging_mixin.py:188} INFO - [2025-07-31T01:47:34.709+0000] {dag.py:3823} INFO - Setting next_dagrun for example_branch_labels to 2025-07-30 00:00:00+00:00, run_after=2025-07-31 00:00:00+00:00
[2025-07-31T01:47:34.739+0000] {processor.py:183} INFO - Processing /home/airflow/.local/lib/python3.8/site-packages/airflow/example_dags/example_branch_labels.py took 0.127 seconds
[2025-07-31T01:48:37.533+0000] {processor.py:161} INFO - Started process (PID=85) to work on /home/airflow/.local/lib/python3.8/site-packages/airflow/example_dags/example_branch_labels.py
[2025-07-31T01:48:37.538+0000] {processor.py:830} INFO - Processing file /home/airflow/.local/lib/python3.8/site-packages/airflow/example_dags/example_branch_labels.py for tasks to queue
[2025-07-31T01:48:37.543+0000] {logging_mixin.py:188} INFO - [2025-07-31T01:48:37.543+0000] {dagbag.py:538} INFO - Filling up the DagBag from /home/airflow/.local/lib/python3.8/site-packages/airflow/example_dags/example_branch_labels.py
[2025-07-31T01:48:37.595+0000] {processor.py:840} INFO - DAG(s) 'example_branch_labels' retrieved from /home/airflow/.local/lib/python3.8/site-packages/airflow/example_dags/example_branch_labels.py
[2025-07-31T01:48:37.713+0000] {logging_mixin.py:188} INFO - [2025-07-31T01:48:37.712+0000] {dag.py:3036} INFO - Sync 1 DAGs
[2025-07-31T01:48:37.904+0000] {logging_mixin.py:188} INFO - [2025-07-31T01:48:37.901+0000] {dag.py:3823} INFO - Setting next_dagrun for example_branch_labels to 2025-07-30 00:00:00+00:00, run_after=2025-07-31 00:00:00+00:00
[2025-07-31T01:48:38.046+0000] {processor.py:183} INFO - Processing /home/airflow/.local/lib/python3.8/site-packages/airflow/example_dags/example_branch_labels.py took 0.522 seconds
[2025-07-31T01:49:11.872+0000] {processor.py:161} INFO - Started process (PID=141) to work on /home/airflow/.local/lib/python3.8/site-packages/airflow/example_dags/example_branch_labels.py
[2025-07-31T01:49:11.892+0000] {processor.py:830} INFO - Processing file /home/airflow/.local/lib/python3.8/site-packages/airflow/example_dags/example_branch_labels.py for tasks to queue
[2025-07-31T01:49:11.934+0000] {logging_mixin.py:188} INFO - [2025-07-31T01:49:11.934+0000] {dagbag.py:538} INFO - Filling up the DagBag from /home/airflow/.local/lib/python3.8/site-packages/airflow/example_dags/example_branch_labels.py
[2025-07-31T01:49:12.001+0000] {processor.py:840} INFO - DAG(s) 'example_branch_labels' retrieved from /home/airflow/.local/lib/python3.8/site-packages/airflow/example_dags/example_branch_labels.py
[2025-07-31T01:49:12.460+0000] {logging_mixin.py:188} INFO - [2025-07-31T01:49:12.450+0000] {dag.py:3036} INFO - Sync 1 DAGs
[2025-07-31T01:49:12.564+0000] {logging_mixin.py:188} INFO - [2025-07-31T01:49:12.563+0000] {dag.py:3823} INFO - Setting next_dagrun for example_branch_labels to 2025-07-30 00:00:00+00:00, run_after=2025-07-31 00:00:00+00:00
[2025-07-31T01:49:12.650+0000] {processor.py:183} INFO - Processing /home/airflow/.local/lib/python3.8/site-packages/airflow/example_dags/example_branch_labels.py took 0.785 seconds
[2025-07-31T01:49:42.804+0000] {processor.py:161} INFO - Started process (PID=197) to work on /home/airflow/.local/lib/python3.8/site-packages/airflow/example_dags/example_branch_labels.py
[2025-07-31T01:49:42.806+0000] {processor.py:830} INFO - Processing file /home/airflow/.local/lib/python3.8/site-packages/airflow/example_dags/example_branch_labels.py for tasks to queue
[2025-07-31T01:49:42.809+0000] {logging_mixin.py:188} INFO - [2025-07-31T01:49:42.808+0000] {dagbag.py:538} INFO - Filling up the DagBag from /home/airflow/.local/lib/python3.8/site-packages/airflow/example_dags/example_branch_labels.py
[2025-07-31T01:49:42.822+0000] {processor.py:840} INFO - DAG(s) 'example_branch_labels' retrieved from /home/airflow/.local/lib/python3.8/site-packages/airflow/example_dags/example_branch_labels.py
[2025-07-31T01:49:42.860+0000] {logging_mixin.py:188} INFO - [2025-07-31T01:49:42.859+0000] {dag.py:3036} INFO - Sync 1 DAGs
[2025-07-31T01:49:42.897+0000] {logging_mixin.py:188} INFO - [2025-07-31T01:49:42.897+0000] {dag.py:3823} INFO - Setting next_dagrun for example_branch_labels to 2025-07-30 00:00:00+00:00, run_after=2025-07-31 00:00:00+00:00
[2025-07-31T01:49:42.931+0000] {processor.py:183} INFO - Processing /home/airflow/.local/lib/python3.8/site-packages/airflow/example_dags/example_branch_labels.py took 0.132 seconds
[2025-07-31T01:50:13.754+0000] {processor.py:161} INFO - Started process (PID=254) to work on /home/airflow/.local/lib/python3.8/site-packages/airflow/example_dags/example_branch_labels.py
[2025-07-31T01:50:13.756+0000] {processor.py:830} INFO - Processing file /home/airflow/.local/lib/python3.8/site-packages/airflow/example_dags/example_branch_labels.py for tasks to queue
[2025-07-31T01:50:13.761+0000] {logging_mixin.py:188} INFO - [2025-07-31T01:50:13.760+0000] {dagbag.py:538} INFO - Filling up the DagBag from /home/airflow/.local/lib/python3.8/site-packages/airflow/example_dags/example_branch_labels.py
[2025-07-31T01:50:13.786+0000] {processor.py:840} INFO - DAG(s) 'example_branch_labels' retrieved from /home/airflow/.local/lib/python3.8/site-packages/airflow/example_dags/example_branch_labels.py
[2025-07-31T01:50:13.842+0000] {logging_mixin.py:188} INFO - [2025-07-31T01:50:13.841+0000] {dag.py:3036} INFO - Sync 1 DAGs
[2025-07-31T01:50:13.891+0000] {logging_mixin.py:188} INFO - [2025-07-31T01:50:13.891+0000] {dag.py:3823} INFO - Setting next_dagrun for example_branch_labels to 2025-07-30 00:00:00+00:00, run_after=2025-07-31 00:00:00+00:00
[2025-07-31T01:50:13.936+0000] {processor.py:183} INFO - Processing /home/airflow/.local/lib/python3.8/site-packages/airflow/example_dags/example_branch_labels.py took 0.195 seconds
[2025-07-31T01:50:44.301+0000] {processor.py:161} INFO - Started process (PID=310) to work on /home/airflow/.local/lib/python3.8/site-packages/airflow/example_dags/example_branch_labels.py
[2025-07-31T01:50:44.309+0000] {processor.py:830} INFO - Processing file /home/airflow/.local/lib/python3.8/site-packages/airflow/example_dags/example_branch_labels.py for tasks to queue
[2025-07-31T01:50:44.313+0000] {logging_mixin.py:188} INFO - [2025-07-31T01:50:44.312+0000] {dagbag.py:538} INFO - Filling up the DagBag from /home/airflow/.local/lib/python3.8/site-packages/airflow/example_dags/example_branch_labels.py
[2025-07-31T01:50:44.337+0000] {processor.py:840} INFO - DAG(s) 'example_branch_labels' retrieved from /home/airflow/.local/lib/python3.8/site-packages/airflow/example_dags/example_branch_labels.py
[2025-07-31T01:50:44.405+0000] {logging_mixin.py:188} INFO - [2025-07-31T01:50:44.403+0000] {dag.py:3036} INFO - Sync 1 DAGs
[2025-07-31T01:50:44.515+0000] {logging_mixin.py:188} INFO - [2025-07-31T01:50:44.515+0000] {dag.py:3823} INFO - Setting next_dagrun for example_branch_labels to 2025-07-30 00:00:00+00:00, run_after=2025-07-31 00:00:00+00:00
[2025-07-31T01:50:44.573+0000] {processor.py:183} INFO - Processing /home/airflow/.local/lib/python3.8/site-packages/airflow/example_dags/example_branch_labels.py took 0.279 seconds
[2025-07-31T01:51:15.119+0000] {processor.py:161} INFO - Started process (PID=366) to work on /home/airflow/.local/lib/python3.8/site-packages/airflow/example_dags/example_branch_labels.py
[2025-07-31T01:51:15.120+0000] {processor.py:830} INFO - Processing file /home/airflow/.local/lib/python3.8/site-packages/airflow/example_dags/example_branch_labels.py for tasks to queue
[2025-07-31T01:51:15.124+0000] {logging_mixin.py:188} INFO - [2025-07-31T01:51:15.123+0000] {dagbag.py:538} INFO - Filling up the DagBag from /home/airflow/.local/lib/python3.8/site-packages/airflow/example_dags/example_branch_labels.py
[2025-07-31T01:51:15.134+0000] {processor.py:840} INFO - DAG(s) 'example_branch_labels' retrieved from /home/airflow/.local/lib/python3.8/site-packages/airflow/example_dags/example_branch_labels.py
[2025-07-31T01:51:15.186+0000] {logging_mixin.py:188} INFO - [2025-07-31T01:51:15.186+0000] {dag.py:3036} INFO - Sync 1 DAGs
[2025-07-31T01:51:15.240+0000] {logging_mixin.py:188} INFO - [2025-07-31T01:51:15.240+0000] {dag.py:3823} INFO - Setting next_dagrun for example_branch_labels to 2025-07-30 00:00:00+00:00, run_after=2025-07-31 00:00:00+00:00
[2025-07-31T01:51:15.283+0000] {processor.py:183} INFO - Processing /home/airflow/.local/lib/python3.8/site-packages/airflow/example_dags/example_branch_labels.py took 0.168 seconds
[2025-07-31T01:51:45.427+0000] {processor.py:161} INFO - Started process (PID=421) to work on /home/airflow/.local/lib/python3.8/site-packages/airflow/example_dags/example_branch_labels.py
[2025-07-31T01:51:45.430+0000] {processor.py:830} INFO - Processing file /home/airflow/.local/lib/python3.8/site-packages/airflow/example_dags/example_branch_labels.py for tasks to queue
[2025-07-31T01:51:45.434+0000] {logging_mixin.py:188} INFO - [2025-07-31T01:51:45.434+0000] {dagbag.py:538} INFO - Filling up the DagBag from /home/airflow/.local/lib/python3.8/site-packages/airflow/example_dags/example_branch_labels.py
[2025-07-31T01:51:45.447+0000] {processor.py:840} INFO - DAG(s) 'example_branch_labels' retrieved from /home/airflow/.local/lib/python3.8/site-packages/airflow/example_dags/example_branch_labels.py
[2025-07-31T01:51:45.492+0000] {logging_mixin.py:188} INFO - [2025-07-31T01:51:45.492+0000] {dag.py:3036} INFO - Sync 1 DAGs
[2025-07-31T01:51:45.535+0000] {logging_mixin.py:188} INFO - [2025-07-31T01:51:45.533+0000] {dag.py:3823} INFO - Setting next_dagrun for example_branch_labels to 2025-07-30 00:00:00+00:00, run_after=2025-07-31 00:00:00+00:00
[2025-07-31T01:51:45.587+0000] {processor.py:183} INFO - Processing /home/airflow/.local/lib/python3.8/site-packages/airflow/example_dags/example_branch_labels.py took 0.167 seconds
[2025-07-31T01:52:15.998+0000] {processor.py:161} INFO - Started process (PID=477) to work on /home/airflow/.local/lib/python3.8/site-packages/airflow/example_dags/example_branch_labels.py
[2025-07-31T01:52:16.000+0000] {processor.py:830} INFO - Processing file /home/airflow/.local/lib/python3.8/site-packages/airflow/example_dags/example_branch_labels.py for tasks to queue
[2025-07-31T01:52:16.004+0000] {logging_mixin.py:188} INFO - [2025-07-31T01:52:16.003+0000] {dagbag.py:538} INFO - Filling up the DagBag from /home/airflow/.local/lib/python3.8/site-packages/airflow/example_dags/example_branch_labels.py
[2025-07-31T01:52:16.026+0000] {processor.py:840} INFO - DAG(s) 'example_branch_labels' retrieved from /home/airflow/.local/lib/python3.8/site-packages/airflow/example_dags/example_branch_labels.py
[2025-07-31T01:52:16.088+0000] {logging_mixin.py:188} INFO - [2025-07-31T01:52:16.078+0000] {dag.py:3036} INFO - Sync 1 DAGs
[2025-07-31T01:52:16.139+0000] {logging_mixin.py:188} INFO - [2025-07-31T01:52:16.138+0000] {dag.py:3823} INFO - Setting next_dagrun for example_branch_labels to 2025-07-30 00:00:00+00:00, run_after=2025-07-31 00:00:00+00:00
[2025-07-31T01:52:16.189+0000] {processor.py:183} INFO - Processing /home/airflow/.local/lib/python3.8/site-packages/airflow/example_dags/example_branch_labels.py took 0.200 seconds
[2025-07-31T01:52:46.293+0000] {processor.py:161} INFO - Started process (PID=532) to work on /home/airflow/.local/lib/python3.8/site-packages/airflow/example_dags/example_branch_labels.py
[2025-07-31T01:52:46.295+0000] {processor.py:830} INFO - Processing file /home/airflow/.local/lib/python3.8/site-packages/airflow/example_dags/example_branch_labels.py for tasks to queue
[2025-07-31T01:52:46.298+0000] {logging_mixin.py:188} INFO - [2025-07-31T01:52:46.297+0000] {dagbag.py:538} INFO - Filling up the DagBag from /home/airflow/.local/lib/python3.8/site-packages/airflow/example_dags/example_branch_labels.py
[2025-07-31T01:52:46.310+0000] {processor.py:840} INFO - DAG(s) 'example_branch_labels' retrieved from /home/airflow/.local/lib/python3.8/site-packages/airflow/example_dags/example_branch_labels.py
[2025-07-31T01:52:46.396+0000] {logging_mixin.py:188} INFO - [2025-07-31T01:52:46.396+0000] {dag.py:3036} INFO - Sync 1 DAGs
[2025-07-31T01:52:46.541+0000] {logging_mixin.py:188} INFO - [2025-07-31T01:52:46.540+0000] {dag.py:3823} INFO - Setting next_dagrun for example_branch_labels to 2025-07-30 00:00:00+00:00, run_after=2025-07-31 00:00:00+00:00
[2025-07-31T01:52:46.617+0000] {processor.py:183} INFO - Processing /home/airflow/.local/lib/python3.8/site-packages/airflow/example_dags/example_branch_labels.py took 0.332 seconds
[2025-07-31T01:53:16.917+0000] {processor.py:161} INFO - Started process (PID=589) to work on /home/airflow/.local/lib/python3.8/site-packages/airflow/example_dags/example_branch_labels.py
[2025-07-31T01:53:16.918+0000] {processor.py:830} INFO - Processing file /home/airflow/.local/lib/python3.8/site-packages/airflow/example_dags/example_branch_labels.py for tasks to queue
[2025-07-31T01:53:16.921+0000] {logging_mixin.py:188} INFO - [2025-07-31T01:53:16.920+0000] {dagbag.py:538} INFO - Filling up the DagBag from /home/airflow/.local/lib/python3.8/site-packages/airflow/example_dags/example_branch_labels.py
[2025-07-31T01:53:16.939+0000] {processor.py:840} INFO - DAG(s) 'example_branch_labels' retrieved from /home/airflow/.local/lib/python3.8/site-packages/airflow/example_dags/example_branch_labels.py
[2025-07-31T01:53:16.981+0000] {logging_mixin.py:188} INFO - [2025-07-31T01:53:16.981+0000] {dag.py:3036} INFO - Sync 1 DAGs
[2025-07-31T01:53:17.028+0000] {logging_mixin.py:188} INFO - [2025-07-31T01:53:17.027+0000] {dag.py:3823} INFO - Setting next_dagrun for example_branch_labels to 2025-07-30 00:00:00+00:00, run_after=2025-07-31 00:00:00+00:00
[2025-07-31T01:53:17.077+0000] {processor.py:183} INFO - Processing /home/airflow/.local/lib/python3.8/site-packages/airflow/example_dags/example_branch_labels.py took 0.167 seconds
[2025-07-31T01:53:47.414+0000] {processor.py:161} INFO - Started process (PID=647) to work on /home/airflow/.local/lib/python3.8/site-packages/airflow/example_dags/example_branch_labels.py
[2025-07-31T01:53:47.417+0000] {processor.py:830} INFO - Processing file /home/airflow/.local/lib/python3.8/site-packages/airflow/example_dags/example_branch_labels.py for tasks to queue
[2025-07-31T01:53:47.421+0000] {logging_mixin.py:188} INFO - [2025-07-31T01:53:47.420+0000] {dagbag.py:538} INFO - Filling up the DagBag from /home/airflow/.local/lib/python3.8/site-packages/airflow/example_dags/example_branch_labels.py
[2025-07-31T01:53:47.435+0000] {processor.py:840} INFO - DAG(s) 'example_branch_labels' retrieved from /home/airflow/.local/lib/python3.8/site-packages/airflow/example_dags/example_branch_labels.py
[2025-07-31T01:53:47.473+0000] {logging_mixin.py:188} INFO - [2025-07-31T01:53:47.473+0000] {dag.py:3036} INFO - Sync 1 DAGs
[2025-07-31T01:53:47.516+0000] {logging_mixin.py:188} INFO - [2025-07-31T01:53:47.516+0000] {dag.py:3823} INFO - Setting next_dagrun for example_branch_labels to 2025-07-30 00:00:00+00:00, run_after=2025-07-31 00:00:00+00:00
[2025-07-31T01:53:47.575+0000] {processor.py:183} INFO - Processing /home/airflow/.local/lib/python3.8/site-packages/airflow/example_dags/example_branch_labels.py took 0.167 seconds
[2025-07-31T01:54:21.917+0000] {processor.py:161} INFO - Started process (PID=704) to work on /home/airflow/.local/lib/python3.8/site-packages/airflow/example_dags/example_branch_labels.py
[2025-07-31T01:54:21.939+0000] {processor.py:830} INFO - Processing file /home/airflow/.local/lib/python3.8/site-packages/airflow/example_dags/example_branch_labels.py for tasks to queue
[2025-07-31T01:54:21.945+0000] {logging_mixin.py:188} INFO - [2025-07-31T01:54:21.942+0000] {dagbag.py:538} INFO - Filling up the DagBag from /home/airflow/.local/lib/python3.8/site-packages/airflow/example_dags/example_branch_labels.py
[2025-07-31T01:54:21.991+0000] {processor.py:840} INFO - DAG(s) 'example_branch_labels' retrieved from /home/airflow/.local/lib/python3.8/site-packages/airflow/example_dags/example_branch_labels.py
[2025-07-31T01:54:22.082+0000] {logging_mixin.py:188} INFO - [2025-07-31T01:54:22.082+0000] {dag.py:3036} INFO - Sync 1 DAGs
[2025-07-31T01:54:22.261+0000] {logging_mixin.py:188} INFO - [2025-07-31T01:54:22.251+0000] {dag.py:3823} INFO - Setting next_dagrun for example_branch_labels to 2025-07-30 00:00:00+00:00, run_after=2025-07-31 00:00:00+00:00
[2025-07-31T01:54:22.315+0000] {processor.py:183} INFO - Processing /home/airflow/.local/lib/python3.8/site-packages/airflow/example_dags/example_branch_labels.py took 0.405 seconds
[2025-07-31T01:54:52.501+0000] {processor.py:161} INFO - Started process (PID=761) to work on /home/airflow/.local/lib/python3.8/site-packages/airflow/example_dags/example_branch_labels.py
[2025-07-31T01:54:52.504+0000] {processor.py:830} INFO - Processing file /home/airflow/.local/lib/python3.8/site-packages/airflow/example_dags/example_branch_labels.py for tasks to queue
[2025-07-31T01:54:52.507+0000] {logging_mixin.py:188} INFO - [2025-07-31T01:54:52.507+0000] {dagbag.py:538} INFO - Filling up the DagBag from /home/airflow/.local/lib/python3.8/site-packages/airflow/example_dags/example_branch_labels.py
[2025-07-31T01:54:52.526+0000] {processor.py:840} INFO - DAG(s) 'example_branch_labels' retrieved from /home/airflow/.local/lib/python3.8/site-packages/airflow/example_dags/example_branch_labels.py
[2025-07-31T01:54:52.604+0000] {logging_mixin.py:188} INFO - [2025-07-31T01:54:52.603+0000] {dag.py:3036} INFO - Sync 1 DAGs
[2025-07-31T01:54:52.753+0000] {logging_mixin.py:188} INFO - [2025-07-31T01:54:52.753+0000] {dag.py:3823} INFO - Setting next_dagrun for example_branch_labels to 2025-07-30 00:00:00+00:00, run_after=2025-07-31 00:00:00+00:00
[2025-07-31T01:54:52.809+0000] {processor.py:183} INFO - Processing /home/airflow/.local/lib/python3.8/site-packages/airflow/example_dags/example_branch_labels.py took 0.313 seconds
[2025-07-31T01:55:23.959+0000] {processor.py:161} INFO - Started process (PID=818) to work on /home/airflow/.local/lib/python3.8/site-packages/airflow/example_dags/example_branch_labels.py
[2025-07-31T01:55:23.962+0000] {processor.py:830} INFO - Processing file /home/airflow/.local/lib/python3.8/site-packages/airflow/example_dags/example_branch_labels.py for tasks to queue
[2025-07-31T01:55:23.965+0000] {logging_mixin.py:188} INFO - [2025-07-31T01:55:23.965+0000] {dagbag.py:538} INFO - Filling up the DagBag from /home/airflow/.local/lib/python3.8/site-packages/airflow/example_dags/example_branch_labels.py
[2025-07-31T01:55:23.981+0000] {processor.py:840} INFO - DAG(s) 'example_branch_labels' retrieved from /home/airflow/.local/lib/python3.8/site-packages/airflow/example_dags/example_branch_labels.py
[2025-07-31T01:55:24.021+0000] {logging_mixin.py:188} INFO - [2025-07-31T01:55:24.021+0000] {dag.py:3036} INFO - Sync 1 DAGs
[2025-07-31T01:55:24.054+0000] {logging_mixin.py:188} INFO - [2025-07-31T01:55:24.053+0000] {dag.py:3823} INFO - Setting next_dagrun for example_branch_labels to 2025-07-30 00:00:00+00:00, run_after=2025-07-31 00:00:00+00:00
[2025-07-31T01:55:24.090+0000] {processor.py:183} INFO - Processing /home/airflow/.local/lib/python3.8/site-packages/airflow/example_dags/example_branch_labels.py took 0.139 seconds
[2025-07-31T01:55:54.885+0000] {processor.py:161} INFO - Started process (PID=875) to work on /home/airflow/.local/lib/python3.8/site-packages/airflow/example_dags/example_branch_labels.py
[2025-07-31T01:55:54.887+0000] {processor.py:830} INFO - Processing file /home/airflow/.local/lib/python3.8/site-packages/airflow/example_dags/example_branch_labels.py for tasks to queue
[2025-07-31T01:55:54.890+0000] {logging_mixin.py:188} INFO - [2025-07-31T01:55:54.890+0000] {dagbag.py:538} INFO - Filling up the DagBag from /home/airflow/.local/lib/python3.8/site-packages/airflow/example_dags/example_branch_labels.py
[2025-07-31T01:55:54.903+0000] {processor.py:840} INFO - DAG(s) 'example_branch_labels' retrieved from /home/airflow/.local/lib/python3.8/site-packages/airflow/example_dags/example_branch_labels.py
[2025-07-31T01:55:54.932+0000] {logging_mixin.py:188} INFO - [2025-07-31T01:55:54.931+0000] {dag.py:3036} INFO - Sync 1 DAGs
[2025-07-31T01:55:54.963+0000] {logging_mixin.py:188} INFO - [2025-07-31T01:55:54.963+0000] {dag.py:3823} INFO - Setting next_dagrun for example_branch_labels to 2025-07-30 00:00:00+00:00, run_after=2025-07-31 00:00:00+00:00
[2025-07-31T01:55:54.998+0000] {processor.py:183} INFO - Processing /home/airflow/.local/lib/python3.8/site-packages/airflow/example_dags/example_branch_labels.py took 0.119 seconds
[2025-07-31T01:56:25.605+0000] {processor.py:161} INFO - Started process (PID=932) to work on /home/airflow/.local/lib/python3.8/site-packages/airflow/example_dags/example_branch_labels.py
[2025-07-31T01:56:25.611+0000] {processor.py:830} INFO - Processing file /home/airflow/.local/lib/python3.8/site-packages/airflow/example_dags/example_branch_labels.py for tasks to queue
[2025-07-31T01:56:25.620+0000] {logging_mixin.py:188} INFO - [2025-07-31T01:56:25.619+0000] {dagbag.py:538} INFO - Filling up the DagBag from /home/airflow/.local/lib/python3.8/site-packages/airflow/example_dags/example_branch_labels.py
[2025-07-31T01:56:25.664+0000] {processor.py:840} INFO - DAG(s) 'example_branch_labels' retrieved from /home/airflow/.local/lib/python3.8/site-packages/airflow/example_dags/example_branch_labels.py
[2025-07-31T01:56:25.758+0000] {logging_mixin.py:188} INFO - [2025-07-31T01:56:25.758+0000] {dag.py:3036} INFO - Sync 1 DAGs
[2025-07-31T01:56:25.863+0000] {logging_mixin.py:188} INFO - [2025-07-31T01:56:25.861+0000] {dag.py:3823} INFO - Setting next_dagrun for example_branch_labels to 2025-07-30 00:00:00+00:00, run_after=2025-07-31 00:00:00+00:00
[2025-07-31T01:56:25.981+0000] {processor.py:183} INFO - Processing /home/airflow/.local/lib/python3.8/site-packages/airflow/example_dags/example_branch_labels.py took 0.402 seconds
