[2025-08-01T00:00:19.452+0000] {processor.py:161} INFO - Started process (PID=135) to work on /opt/airflow/dags/bash_operator_example.py
[2025-08-01T00:00:19.455+0000] {processor.py:830} INFO - Processing file /opt/airflow/dags/bash_operator_example.py for tasks to queue
[2025-08-01T00:00:19.457+0000] {logging_mixin.py:188} INFO - [2025-08-01T00:00:19.457+0000] {dagbag.py:538} INFO - Filling up the DagBag from /opt/airflow/dags/bash_operator_example.py
[2025-08-01T00:00:19.531+0000] {processor.py:840} INFO - DAG(s) 'bash_operator_example' retrieved from /opt/airflow/dags/bash_operator_example.py
[2025-08-01T00:00:19.588+0000] {logging_mixin.py:188} INFO - [2025-08-01T00:00:19.588+0000] {dag.py:3036} INFO - Sync 1 DAGs
[2025-08-01T00:00:19.633+0000] {logging_mixin.py:188} INFO - [2025-08-01T00:00:19.633+0000] {dag.py:3823} INFO - Setting next_dagrun for bash_operator_example to 2025-07-31 00:00:00+00:00, run_after=2025-08-01 00:00:00+00:00
[2025-08-01T00:00:19.666+0000] {processor.py:183} INFO - Processing /opt/airflow/dags/bash_operator_example.py took 0.230 seconds
[2025-08-01T00:00:50.183+0000] {processor.py:161} INFO - Started process (PID=144) to work on /opt/airflow/dags/bash_operator_example.py
[2025-08-01T00:00:50.186+0000] {processor.py:830} INFO - Processing file /opt/airflow/dags/bash_operator_example.py for tasks to queue
[2025-08-01T00:00:50.191+0000] {logging_mixin.py:188} INFO - [2025-08-01T00:00:50.190+0000] {dagbag.py:538} INFO - Filling up the DagBag from /opt/airflow/dags/bash_operator_example.py
[2025-08-01T00:00:50.250+0000] {processor.py:840} INFO - DAG(s) 'bash_operator_example' retrieved from /opt/airflow/dags/bash_operator_example.py
[2025-08-01T00:00:50.521+0000] {logging_mixin.py:188} INFO - [2025-08-01T00:00:50.521+0000] {dag.py:3036} INFO - Sync 1 DAGs
[2025-08-01T00:00:50.685+0000] {logging_mixin.py:188} INFO - [2025-08-01T00:00:50.685+0000] {dag.py:3823} INFO - Setting next_dagrun for bash_operator_example to 2025-07-31 00:00:00+00:00, run_after=2025-08-01 00:00:00+00:00
[2025-08-01T00:00:50.818+0000] {processor.py:183} INFO - Processing /opt/airflow/dags/bash_operator_example.py took 0.652 seconds
[2025-08-01T00:01:21.897+0000] {processor.py:161} INFO - Started process (PID=153) to work on /opt/airflow/dags/bash_operator_example.py
[2025-08-01T00:01:21.901+0000] {processor.py:830} INFO - Processing file /opt/airflow/dags/bash_operator_example.py for tasks to queue
[2025-08-01T00:01:21.922+0000] {logging_mixin.py:188} INFO - [2025-08-01T00:01:21.922+0000] {dagbag.py:538} INFO - Filling up the DagBag from /opt/airflow/dags/bash_operator_example.py
[2025-08-01T00:01:22.289+0000] {processor.py:840} INFO - DAG(s) 'bash_operator_example' retrieved from /opt/airflow/dags/bash_operator_example.py
[2025-08-01T00:01:22.538+0000] {logging_mixin.py:188} INFO - [2025-08-01T00:01:22.537+0000] {dag.py:3036} INFO - Sync 1 DAGs
[2025-08-01T00:01:23.290+0000] {logging_mixin.py:188} INFO - [2025-08-01T00:01:23.290+0000] {dag.py:3823} INFO - Setting next_dagrun for bash_operator_example to 2025-07-31 00:00:00+00:00, run_after=2025-08-01 00:00:00+00:00
[2025-08-01T00:01:23.426+0000] {processor.py:183} INFO - Processing /opt/airflow/dags/bash_operator_example.py took 1.558 seconds
[2025-08-01T00:01:53.911+0000] {processor.py:161} INFO - Started process (PID=162) to work on /opt/airflow/dags/bash_operator_example.py
[2025-08-01T00:01:53.912+0000] {processor.py:830} INFO - Processing file /opt/airflow/dags/bash_operator_example.py for tasks to queue
[2025-08-01T00:01:53.914+0000] {logging_mixin.py:188} INFO - [2025-08-01T00:01:53.913+0000] {dagbag.py:538} INFO - Filling up the DagBag from /opt/airflow/dags/bash_operator_example.py
[2025-08-01T00:01:53.947+0000] {processor.py:840} INFO - DAG(s) 'bash_operator_example' retrieved from /opt/airflow/dags/bash_operator_example.py
[2025-08-01T00:01:53.988+0000] {logging_mixin.py:188} INFO - [2025-08-01T00:01:53.988+0000] {dag.py:3036} INFO - Sync 1 DAGs
[2025-08-01T00:01:54.033+0000] {logging_mixin.py:188} INFO - [2025-08-01T00:01:54.033+0000] {dag.py:3823} INFO - Setting next_dagrun for bash_operator_example to 2025-07-31 00:00:00+00:00, run_after=2025-08-01 00:00:00+00:00
[2025-08-01T00:01:54.082+0000] {processor.py:183} INFO - Processing /opt/airflow/dags/bash_operator_example.py took 0.178 seconds
[2025-08-01T00:02:24.468+0000] {processor.py:161} INFO - Started process (PID=172) to work on /opt/airflow/dags/bash_operator_example.py
[2025-08-01T00:02:24.480+0000] {processor.py:830} INFO - Processing file /opt/airflow/dags/bash_operator_example.py for tasks to queue
[2025-08-01T00:02:24.490+0000] {logging_mixin.py:188} INFO - [2025-08-01T00:02:24.490+0000] {dagbag.py:538} INFO - Filling up the DagBag from /opt/airflow/dags/bash_operator_example.py
[2025-08-01T00:02:24.596+0000] {processor.py:840} INFO - DAG(s) 'bash_operator_example' retrieved from /opt/airflow/dags/bash_operator_example.py
[2025-08-01T00:02:24.744+0000] {logging_mixin.py:188} INFO - [2025-08-01T00:02:24.743+0000] {dag.py:3036} INFO - Sync 1 DAGs
[2025-08-01T00:02:24.940+0000] {logging_mixin.py:188} INFO - [2025-08-01T00:02:24.939+0000] {dag.py:3823} INFO - Setting next_dagrun for bash_operator_example to 2025-07-31 00:00:00+00:00, run_after=2025-08-01 00:00:00+00:00
[2025-08-01T00:02:25.083+0000] {processor.py:183} INFO - Processing /opt/airflow/dags/bash_operator_example.py took 0.628 seconds
[2025-08-01T00:48:15.287+0000] {processor.py:161} INFO - Started process (PID=70) to work on /opt/airflow/dags/bash_operator_example.py
[2025-08-01T00:48:15.288+0000] {processor.py:830} INFO - Processing file /opt/airflow/dags/bash_operator_example.py for tasks to queue
[2025-08-01T00:48:15.291+0000] {logging_mixin.py:188} INFO - [2025-08-01T00:48:15.290+0000] {dagbag.py:538} INFO - Filling up the DagBag from /opt/airflow/dags/bash_operator_example.py
[2025-08-01T00:48:15.417+0000] {processor.py:840} INFO - DAG(s) 'bash_operator_example' retrieved from /opt/airflow/dags/bash_operator_example.py
[2025-08-01T00:48:15.832+0000] {logging_mixin.py:188} INFO - [2025-08-01T00:48:15.831+0000] {dag.py:3036} INFO - Sync 1 DAGs
[2025-08-01T00:48:15.925+0000] {logging_mixin.py:188} INFO - [2025-08-01T00:48:15.925+0000] {dag.py:3823} INFO - Setting next_dagrun for bash_operator_example to 2025-07-31 00:00:00+00:00, run_after=2025-08-01 00:00:00+00:00
[2025-08-01T00:48:15.987+0000] {processor.py:183} INFO - Processing /opt/airflow/dags/bash_operator_example.py took 0.753 seconds
[2025-08-01T00:48:46.473+0000] {processor.py:161} INFO - Started process (PID=79) to work on /opt/airflow/dags/bash_operator_example.py
[2025-08-01T00:48:46.474+0000] {processor.py:830} INFO - Processing file /opt/airflow/dags/bash_operator_example.py for tasks to queue
[2025-08-01T00:48:46.477+0000] {logging_mixin.py:188} INFO - [2025-08-01T00:48:46.476+0000] {dagbag.py:538} INFO - Filling up the DagBag from /opt/airflow/dags/bash_operator_example.py
[2025-08-01T00:48:46.513+0000] {processor.py:840} INFO - DAG(s) 'bash_operator_example' retrieved from /opt/airflow/dags/bash_operator_example.py
[2025-08-01T00:48:46.567+0000] {logging_mixin.py:188} INFO - [2025-08-01T00:48:46.566+0000] {dag.py:3036} INFO - Sync 1 DAGs
[2025-08-01T00:48:46.631+0000] {logging_mixin.py:188} INFO - [2025-08-01T00:48:46.630+0000] {dag.py:3823} INFO - Setting next_dagrun for bash_operator_example to 2025-07-31 00:00:00+00:00, run_after=2025-08-01 00:00:00+00:00
[2025-08-01T00:48:46.690+0000] {processor.py:183} INFO - Processing /opt/airflow/dags/bash_operator_example.py took 0.226 seconds
[2025-08-01T00:49:17.103+0000] {processor.py:161} INFO - Started process (PID=89) to work on /opt/airflow/dags/bash_operator_example.py
[2025-08-01T00:49:17.115+0000] {processor.py:830} INFO - Processing file /opt/airflow/dags/bash_operator_example.py for tasks to queue
[2025-08-01T00:49:17.123+0000] {logging_mixin.py:188} INFO - [2025-08-01T00:49:17.122+0000] {dagbag.py:538} INFO - Filling up the DagBag from /opt/airflow/dags/bash_operator_example.py
[2025-08-01T00:49:17.369+0000] {processor.py:840} INFO - DAG(s) 'bash_operator_example' retrieved from /opt/airflow/dags/bash_operator_example.py
[2025-08-01T00:49:17.486+0000] {logging_mixin.py:188} INFO - [2025-08-01T00:49:17.485+0000] {dag.py:3036} INFO - Sync 1 DAGs
[2025-08-01T00:49:17.667+0000] {logging_mixin.py:188} INFO - [2025-08-01T00:49:17.666+0000] {dag.py:3823} INFO - Setting next_dagrun for bash_operator_example to 2025-07-31 00:00:00+00:00, run_after=2025-08-01 00:00:00+00:00
[2025-08-01T00:49:17.851+0000] {processor.py:183} INFO - Processing /opt/airflow/dags/bash_operator_example.py took 0.766 seconds
[2025-08-01T00:49:48.943+0000] {processor.py:161} INFO - Started process (PID=99) to work on /opt/airflow/dags/bash_operator_example.py
[2025-08-01T00:49:48.944+0000] {processor.py:830} INFO - Processing file /opt/airflow/dags/bash_operator_example.py for tasks to queue
[2025-08-01T00:49:48.945+0000] {logging_mixin.py:188} INFO - [2025-08-01T00:49:48.945+0000] {dagbag.py:538} INFO - Filling up the DagBag from /opt/airflow/dags/bash_operator_example.py
[2025-08-01T00:49:48.996+0000] {processor.py:840} INFO - DAG(s) 'bash_operator_example' retrieved from /opt/airflow/dags/bash_operator_example.py
[2025-08-01T00:49:49.056+0000] {logging_mixin.py:188} INFO - [2025-08-01T00:49:49.056+0000] {dag.py:3036} INFO - Sync 1 DAGs
[2025-08-01T00:49:49.103+0000] {logging_mixin.py:188} INFO - [2025-08-01T00:49:49.102+0000] {dag.py:3823} INFO - Setting next_dagrun for bash_operator_example to 2025-07-31 00:00:00+00:00, run_after=2025-08-01 00:00:00+00:00
[2025-08-01T00:49:49.140+0000] {processor.py:183} INFO - Processing /opt/airflow/dags/bash_operator_example.py took 0.203 seconds
[2025-08-01T00:50:20.032+0000] {processor.py:161} INFO - Started process (PID=109) to work on /opt/airflow/dags/bash_operator_example.py
[2025-08-01T00:50:20.034+0000] {processor.py:830} INFO - Processing file /opt/airflow/dags/bash_operator_example.py for tasks to queue
[2025-08-01T00:50:20.038+0000] {logging_mixin.py:188} INFO - [2025-08-01T00:50:20.037+0000] {dagbag.py:538} INFO - Filling up the DagBag from /opt/airflow/dags/bash_operator_example.py
[2025-08-01T00:50:20.347+0000] {processor.py:840} INFO - DAG(s) 'bash_operator_example' retrieved from /opt/airflow/dags/bash_operator_example.py
[2025-08-01T00:50:20.412+0000] {logging_mixin.py:188} INFO - [2025-08-01T00:50:20.412+0000] {dag.py:3036} INFO - Sync 1 DAGs
[2025-08-01T00:50:20.471+0000] {logging_mixin.py:188} INFO - [2025-08-01T00:50:20.471+0000] {dag.py:3823} INFO - Setting next_dagrun for bash_operator_example to 2025-07-31 00:00:00+00:00, run_after=2025-08-01 00:00:00+00:00
[2025-08-01T00:50:20.515+0000] {processor.py:183} INFO - Processing /opt/airflow/dags/bash_operator_example.py took 0.491 seconds
[2025-08-01T00:50:51.316+0000] {processor.py:161} INFO - Started process (PID=120) to work on /opt/airflow/dags/bash_operator_example.py
[2025-08-01T00:50:51.320+0000] {processor.py:830} INFO - Processing file /opt/airflow/dags/bash_operator_example.py for tasks to queue
[2025-08-01T00:50:51.324+0000] {logging_mixin.py:188} INFO - [2025-08-01T00:50:51.322+0000] {dagbag.py:538} INFO - Filling up the DagBag from /opt/airflow/dags/bash_operator_example.py
[2025-08-01T00:50:51.446+0000] {processor.py:840} INFO - DAG(s) 'bash_operator_example' retrieved from /opt/airflow/dags/bash_operator_example.py
[2025-08-01T00:50:51.525+0000] {logging_mixin.py:188} INFO - [2025-08-01T00:50:51.525+0000] {dag.py:3036} INFO - Sync 1 DAGs
[2025-08-01T00:50:51.652+0000] {logging_mixin.py:188} INFO - [2025-08-01T00:50:51.649+0000] {dag.py:3823} INFO - Setting next_dagrun for bash_operator_example to 2025-07-31 00:00:00+00:00, run_after=2025-08-01 00:00:00+00:00
[2025-08-01T00:50:51.752+0000] {processor.py:183} INFO - Processing /opt/airflow/dags/bash_operator_example.py took 0.444 seconds
[2025-08-01T00:51:23.231+0000] {processor.py:161} INFO - Started process (PID=130) to work on /opt/airflow/dags/bash_operator_example.py
[2025-08-01T00:51:23.237+0000] {processor.py:830} INFO - Processing file /opt/airflow/dags/bash_operator_example.py for tasks to queue
[2025-08-01T00:51:23.242+0000] {logging_mixin.py:188} INFO - [2025-08-01T00:51:23.241+0000] {dagbag.py:538} INFO - Filling up the DagBag from /opt/airflow/dags/bash_operator_example.py
[2025-08-01T00:51:23.789+0000] {processor.py:840} INFO - DAG(s) 'bash_operator_example' retrieved from /opt/airflow/dags/bash_operator_example.py
[2025-08-01T00:51:23.936+0000] {logging_mixin.py:188} INFO - [2025-08-01T00:51:23.936+0000] {dag.py:3036} INFO - Sync 1 DAGs
[2025-08-01T00:51:24.128+0000] {logging_mixin.py:188} INFO - [2025-08-01T00:51:24.128+0000] {dag.py:3823} INFO - Setting next_dagrun for bash_operator_example to 2025-07-31 00:00:00+00:00, run_after=2025-08-01 00:00:00+00:00
[2025-08-01T00:51:24.648+0000] {processor.py:183} INFO - Processing /opt/airflow/dags/bash_operator_example.py took 1.463 seconds
[2025-08-01T00:51:55.071+0000] {processor.py:161} INFO - Started process (PID=140) to work on /opt/airflow/dags/bash_operator_example.py
[2025-08-01T00:51:55.072+0000] {processor.py:830} INFO - Processing file /opt/airflow/dags/bash_operator_example.py for tasks to queue
[2025-08-01T00:51:55.076+0000] {logging_mixin.py:188} INFO - [2025-08-01T00:51:55.075+0000] {dagbag.py:538} INFO - Filling up the DagBag from /opt/airflow/dags/bash_operator_example.py
[2025-08-01T00:51:55.119+0000] {processor.py:840} INFO - DAG(s) 'bash_operator_example' retrieved from /opt/airflow/dags/bash_operator_example.py
[2025-08-01T00:51:55.153+0000] {logging_mixin.py:188} INFO - [2025-08-01T00:51:55.152+0000] {dag.py:3036} INFO - Sync 1 DAGs
[2025-08-01T00:51:55.181+0000] {logging_mixin.py:188} INFO - [2025-08-01T00:51:55.180+0000] {dag.py:3823} INFO - Setting next_dagrun for bash_operator_example to 2025-07-31 00:00:00+00:00, run_after=2025-08-01 00:00:00+00:00
[2025-08-01T00:51:55.208+0000] {processor.py:183} INFO - Processing /opt/airflow/dags/bash_operator_example.py took 0.145 seconds
[2025-08-01T00:52:25.356+0000] {processor.py:161} INFO - Started process (PID=150) to work on /opt/airflow/dags/bash_operator_example.py
[2025-08-01T00:52:25.358+0000] {processor.py:830} INFO - Processing file /opt/airflow/dags/bash_operator_example.py for tasks to queue
[2025-08-01T00:52:25.361+0000] {logging_mixin.py:188} INFO - [2025-08-01T00:52:25.360+0000] {dagbag.py:538} INFO - Filling up the DagBag from /opt/airflow/dags/bash_operator_example.py
[2025-08-01T00:52:25.420+0000] {processor.py:840} INFO - DAG(s) 'bash_operator_example' retrieved from /opt/airflow/dags/bash_operator_example.py
[2025-08-01T00:52:25.503+0000] {logging_mixin.py:188} INFO - [2025-08-01T00:52:25.502+0000] {dag.py:3036} INFO - Sync 1 DAGs
[2025-08-01T00:52:25.585+0000] {logging_mixin.py:188} INFO - [2025-08-01T00:52:25.584+0000] {dag.py:3823} INFO - Setting next_dagrun for bash_operator_example to 2025-07-31 00:00:00+00:00, run_after=2025-08-01 00:00:00+00:00
[2025-08-01T00:52:25.663+0000] {processor.py:183} INFO - Processing /opt/airflow/dags/bash_operator_example.py took 0.314 seconds
[2025-08-01T00:52:56.208+0000] {processor.py:161} INFO - Started process (PID=159) to work on /opt/airflow/dags/bash_operator_example.py
[2025-08-01T00:52:56.217+0000] {processor.py:830} INFO - Processing file /opt/airflow/dags/bash_operator_example.py for tasks to queue
[2025-08-01T00:52:56.223+0000] {logging_mixin.py:188} INFO - [2025-08-01T00:52:56.221+0000] {dagbag.py:538} INFO - Filling up the DagBag from /opt/airflow/dags/bash_operator_example.py
[2025-08-01T00:52:56.299+0000] {processor.py:840} INFO - DAG(s) 'bash_operator_example' retrieved from /opt/airflow/dags/bash_operator_example.py
[2025-08-01T00:52:56.365+0000] {logging_mixin.py:188} INFO - [2025-08-01T00:52:56.364+0000] {dag.py:3036} INFO - Sync 1 DAGs
[2025-08-01T00:52:56.417+0000] {logging_mixin.py:188} INFO - [2025-08-01T00:52:56.417+0000] {dag.py:3823} INFO - Setting next_dagrun for bash_operator_example to 2025-07-31 00:00:00+00:00, run_after=2025-08-01 00:00:00+00:00
[2025-08-01T00:52:56.461+0000] {processor.py:183} INFO - Processing /opt/airflow/dags/bash_operator_example.py took 0.281 seconds
[2025-08-01T00:53:26.741+0000] {processor.py:161} INFO - Started process (PID=168) to work on /opt/airflow/dags/bash_operator_example.py
[2025-08-01T00:53:26.743+0000] {processor.py:830} INFO - Processing file /opt/airflow/dags/bash_operator_example.py for tasks to queue
[2025-08-01T00:53:26.745+0000] {logging_mixin.py:188} INFO - [2025-08-01T00:53:26.745+0000] {dagbag.py:538} INFO - Filling up the DagBag from /opt/airflow/dags/bash_operator_example.py
[2025-08-01T00:53:26.813+0000] {processor.py:840} INFO - DAG(s) 'bash_operator_example' retrieved from /opt/airflow/dags/bash_operator_example.py
[2025-08-01T00:53:26.885+0000] {logging_mixin.py:188} INFO - [2025-08-01T00:53:26.884+0000] {dag.py:3036} INFO - Sync 1 DAGs
[2025-08-01T00:53:26.960+0000] {logging_mixin.py:188} INFO - [2025-08-01T00:53:26.958+0000] {dag.py:3823} INFO - Setting next_dagrun for bash_operator_example to 2025-07-31 00:00:00+00:00, run_after=2025-08-01 00:00:00+00:00
[2025-08-01T00:53:27.034+0000] {processor.py:183} INFO - Processing /opt/airflow/dags/bash_operator_example.py took 0.305 seconds
[2025-08-01T00:53:57.370+0000] {processor.py:161} INFO - Started process (PID=178) to work on /opt/airflow/dags/bash_operator_example.py
[2025-08-01T00:53:57.393+0000] {processor.py:830} INFO - Processing file /opt/airflow/dags/bash_operator_example.py for tasks to queue
[2025-08-01T00:53:57.399+0000] {logging_mixin.py:188} INFO - [2025-08-01T00:53:57.398+0000] {dagbag.py:538} INFO - Filling up the DagBag from /opt/airflow/dags/bash_operator_example.py
[2025-08-01T00:53:58.039+0000] {processor.py:840} INFO - DAG(s) 'bash_operator_example' retrieved from /opt/airflow/dags/bash_operator_example.py
[2025-08-01T00:53:58.513+0000] {logging_mixin.py:188} INFO - [2025-08-01T00:53:58.499+0000] {dag.py:3036} INFO - Sync 1 DAGs
[2025-08-01T00:53:58.669+0000] {logging_mixin.py:188} INFO - [2025-08-01T00:53:58.669+0000] {dag.py:3823} INFO - Setting next_dagrun for bash_operator_example to 2025-07-31 00:00:00+00:00, run_after=2025-08-01 00:00:00+00:00
[2025-08-01T00:53:58.755+0000] {processor.py:183} INFO - Processing /opt/airflow/dags/bash_operator_example.py took 1.404 seconds
[2025-08-01T00:54:29.347+0000] {processor.py:161} INFO - Started process (PID=187) to work on /opt/airflow/dags/bash_operator_example.py
[2025-08-01T00:54:29.349+0000] {processor.py:830} INFO - Processing file /opt/airflow/dags/bash_operator_example.py for tasks to queue
[2025-08-01T00:54:29.351+0000] {logging_mixin.py:188} INFO - [2025-08-01T00:54:29.350+0000] {dagbag.py:538} INFO - Filling up the DagBag from /opt/airflow/dags/bash_operator_example.py
[2025-08-01T00:54:29.402+0000] {processor.py:840} INFO - DAG(s) 'bash_operator_example' retrieved from /opt/airflow/dags/bash_operator_example.py
[2025-08-01T00:54:29.470+0000] {logging_mixin.py:188} INFO - [2025-08-01T00:54:29.469+0000] {dag.py:3036} INFO - Sync 1 DAGs
[2025-08-01T00:54:29.527+0000] {logging_mixin.py:188} INFO - [2025-08-01T00:54:29.527+0000] {dag.py:3823} INFO - Setting next_dagrun for bash_operator_example to 2025-07-31 00:00:00+00:00, run_after=2025-08-01 00:00:00+00:00
[2025-08-01T00:54:29.566+0000] {processor.py:183} INFO - Processing /opt/airflow/dags/bash_operator_example.py took 0.232 seconds
[2025-08-01T00:55:00.183+0000] {processor.py:161} INFO - Started process (PID=197) to work on /opt/airflow/dags/bash_operator_example.py
[2025-08-01T00:55:00.184+0000] {processor.py:830} INFO - Processing file /opt/airflow/dags/bash_operator_example.py for tasks to queue
[2025-08-01T00:55:00.187+0000] {logging_mixin.py:188} INFO - [2025-08-01T00:55:00.186+0000] {dagbag.py:538} INFO - Filling up the DagBag from /opt/airflow/dags/bash_operator_example.py
[2025-08-01T00:55:00.246+0000] {processor.py:840} INFO - DAG(s) 'bash_operator_example' retrieved from /opt/airflow/dags/bash_operator_example.py
[2025-08-01T00:55:00.314+0000] {logging_mixin.py:188} INFO - [2025-08-01T00:55:00.314+0000] {dag.py:3036} INFO - Sync 1 DAGs
[2025-08-01T00:55:00.405+0000] {logging_mixin.py:188} INFO - [2025-08-01T00:55:00.405+0000] {dag.py:3823} INFO - Setting next_dagrun for bash_operator_example to 2025-07-31 00:00:00+00:00, run_after=2025-08-01 00:00:00+00:00
[2025-08-01T00:55:00.536+0000] {processor.py:183} INFO - Processing /opt/airflow/dags/bash_operator_example.py took 0.362 seconds
[2025-08-01T00:55:33.351+0000] {processor.py:161} INFO - Started process (PID=207) to work on /opt/airflow/dags/bash_operator_example.py
[2025-08-01T00:55:33.370+0000] {processor.py:830} INFO - Processing file /opt/airflow/dags/bash_operator_example.py for tasks to queue
[2025-08-01T00:55:33.377+0000] {logging_mixin.py:188} INFO - [2025-08-01T00:55:33.374+0000] {dagbag.py:538} INFO - Filling up the DagBag from /opt/airflow/dags/bash_operator_example.py
[2025-08-01T00:55:33.943+0000] {processor.py:840} INFO - DAG(s) 'bash_operator_example' retrieved from /opt/airflow/dags/bash_operator_example.py
[2025-08-01T00:55:34.349+0000] {logging_mixin.py:188} INFO - [2025-08-01T00:55:34.349+0000] {dag.py:3036} INFO - Sync 1 DAGs
[2025-08-01T00:55:34.621+0000] {logging_mixin.py:188} INFO - [2025-08-01T00:55:34.598+0000] {dag.py:3823} INFO - Setting next_dagrun for bash_operator_example to 2025-07-31 00:00:00+00:00, run_after=2025-08-01 00:00:00+00:00
[2025-08-01T00:55:34.894+0000] {processor.py:183} INFO - Processing /opt/airflow/dags/bash_operator_example.py took 1.619 seconds
[2025-08-01T00:56:05.219+0000] {processor.py:161} INFO - Started process (PID=217) to work on /opt/airflow/dags/bash_operator_example.py
[2025-08-01T00:56:05.225+0000] {processor.py:830} INFO - Processing file /opt/airflow/dags/bash_operator_example.py for tasks to queue
[2025-08-01T00:56:05.231+0000] {logging_mixin.py:188} INFO - [2025-08-01T00:56:05.230+0000] {dagbag.py:538} INFO - Filling up the DagBag from /opt/airflow/dags/bash_operator_example.py
[2025-08-01T00:56:05.311+0000] {processor.py:840} INFO - DAG(s) 'bash_operator_example' retrieved from /opt/airflow/dags/bash_operator_example.py
[2025-08-01T00:56:05.362+0000] {logging_mixin.py:188} INFO - [2025-08-01T00:56:05.362+0000] {dag.py:3036} INFO - Sync 1 DAGs
[2025-08-01T00:56:05.452+0000] {logging_mixin.py:188} INFO - [2025-08-01T00:56:05.451+0000] {dag.py:3823} INFO - Setting next_dagrun for bash_operator_example to 2025-07-31 00:00:00+00:00, run_after=2025-08-01 00:00:00+00:00
[2025-08-01T00:56:05.651+0000] {processor.py:183} INFO - Processing /opt/airflow/dags/bash_operator_example.py took 0.440 seconds
[2025-08-01T00:56:36.442+0000] {processor.py:161} INFO - Started process (PID=226) to work on /opt/airflow/dags/bash_operator_example.py
[2025-08-01T00:56:36.444+0000] {processor.py:830} INFO - Processing file /opt/airflow/dags/bash_operator_example.py for tasks to queue
[2025-08-01T00:56:36.446+0000] {logging_mixin.py:188} INFO - [2025-08-01T00:56:36.446+0000] {dagbag.py:538} INFO - Filling up the DagBag from /opt/airflow/dags/bash_operator_example.py
[2025-08-01T00:56:36.495+0000] {processor.py:840} INFO - DAG(s) 'bash_operator_example' retrieved from /opt/airflow/dags/bash_operator_example.py
[2025-08-01T00:56:36.540+0000] {logging_mixin.py:188} INFO - [2025-08-01T00:56:36.540+0000] {dag.py:3036} INFO - Sync 1 DAGs
[2025-08-01T00:56:36.583+0000] {logging_mixin.py:188} INFO - [2025-08-01T00:56:36.583+0000] {dag.py:3823} INFO - Setting next_dagrun for bash_operator_example to 2025-07-31 00:00:00+00:00, run_after=2025-08-01 00:00:00+00:00
[2025-08-01T00:56:36.627+0000] {processor.py:183} INFO - Processing /opt/airflow/dags/bash_operator_example.py took 0.190 seconds
[2025-08-01T00:57:07.168+0000] {processor.py:161} INFO - Started process (PID=236) to work on /opt/airflow/dags/bash_operator_example.py
[2025-08-01T00:57:07.171+0000] {processor.py:830} INFO - Processing file /opt/airflow/dags/bash_operator_example.py for tasks to queue
[2025-08-01T00:57:07.173+0000] {logging_mixin.py:188} INFO - [2025-08-01T00:57:07.172+0000] {dagbag.py:538} INFO - Filling up the DagBag from /opt/airflow/dags/bash_operator_example.py
[2025-08-01T00:57:07.209+0000] {processor.py:840} INFO - DAG(s) 'bash_operator_example' retrieved from /opt/airflow/dags/bash_operator_example.py
[2025-08-01T00:57:07.259+0000] {logging_mixin.py:188} INFO - [2025-08-01T00:57:07.258+0000] {dag.py:3036} INFO - Sync 1 DAGs
[2025-08-01T00:57:07.307+0000] {logging_mixin.py:188} INFO - [2025-08-01T00:57:07.306+0000] {dag.py:3823} INFO - Setting next_dagrun for bash_operator_example to 2025-07-31 00:00:00+00:00, run_after=2025-08-01 00:00:00+00:00
[2025-08-01T00:57:07.359+0000] {processor.py:183} INFO - Processing /opt/airflow/dags/bash_operator_example.py took 0.197 seconds
[2025-08-01T00:57:37.602+0000] {processor.py:161} INFO - Started process (PID=246) to work on /opt/airflow/dags/bash_operator_example.py
[2025-08-01T00:57:37.604+0000] {processor.py:830} INFO - Processing file /opt/airflow/dags/bash_operator_example.py for tasks to queue
[2025-08-01T00:57:37.640+0000] {logging_mixin.py:188} INFO - [2025-08-01T00:57:37.639+0000] {dagbag.py:538} INFO - Filling up the DagBag from /opt/airflow/dags/bash_operator_example.py
[2025-08-01T00:57:37.929+0000] {processor.py:840} INFO - DAG(s) 'bash_operator_example' retrieved from /opt/airflow/dags/bash_operator_example.py
[2025-08-01T00:57:38.293+0000] {logging_mixin.py:188} INFO - [2025-08-01T00:57:38.287+0000] {dag.py:3036} INFO - Sync 1 DAGs
[2025-08-01T00:57:38.759+0000] {logging_mixin.py:188} INFO - [2025-08-01T00:57:38.758+0000] {dag.py:3823} INFO - Setting next_dagrun for bash_operator_example to 2025-07-31 00:00:00+00:00, run_after=2025-08-01 00:00:00+00:00
[2025-08-01T00:57:39.326+0000] {processor.py:183} INFO - Processing /opt/airflow/dags/bash_operator_example.py took 1.759 seconds
[2025-08-01T00:58:10.487+0000] {processor.py:161} INFO - Started process (PID=263) to work on /opt/airflow/dags/bash_operator_example.py
[2025-08-01T00:58:10.494+0000] {processor.py:830} INFO - Processing file /opt/airflow/dags/bash_operator_example.py for tasks to queue
[2025-08-01T00:58:10.500+0000] {logging_mixin.py:188} INFO - [2025-08-01T00:58:10.499+0000] {dagbag.py:538} INFO - Filling up the DagBag from /opt/airflow/dags/bash_operator_example.py
[2025-08-01T00:58:10.600+0000] {processor.py:840} INFO - DAG(s) 'bash_operator_example' retrieved from /opt/airflow/dags/bash_operator_example.py
[2025-08-01T00:58:10.706+0000] {logging_mixin.py:188} INFO - [2025-08-01T00:58:10.705+0000] {dag.py:3036} INFO - Sync 1 DAGs
[2025-08-01T00:58:10.803+0000] {logging_mixin.py:188} INFO - [2025-08-01T00:58:10.803+0000] {dag.py:3823} INFO - Setting next_dagrun for bash_operator_example to 2025-07-31 00:00:00+00:00, run_after=2025-08-01 00:00:00+00:00
[2025-08-01T00:58:10.870+0000] {processor.py:183} INFO - Processing /opt/airflow/dags/bash_operator_example.py took 0.396 seconds
[2025-08-01T00:58:41.122+0000] {processor.py:161} INFO - Started process (PID=275) to work on /opt/airflow/dags/bash_operator_example.py
[2025-08-01T00:58:41.123+0000] {processor.py:830} INFO - Processing file /opt/airflow/dags/bash_operator_example.py for tasks to queue
[2025-08-01T00:58:41.125+0000] {logging_mixin.py:188} INFO - [2025-08-01T00:58:41.124+0000] {dagbag.py:538} INFO - Filling up the DagBag from /opt/airflow/dags/bash_operator_example.py
[2025-08-01T00:58:41.169+0000] {processor.py:840} INFO - DAG(s) 'bash_operator_example' retrieved from /opt/airflow/dags/bash_operator_example.py
[2025-08-01T00:58:41.214+0000] {logging_mixin.py:188} INFO - [2025-08-01T00:58:41.213+0000] {dag.py:3036} INFO - Sync 1 DAGs
[2025-08-01T00:58:41.251+0000] {logging_mixin.py:188} INFO - [2025-08-01T00:58:41.251+0000] {dag.py:3823} INFO - Setting next_dagrun for bash_operator_example to 2025-07-31 00:00:00+00:00, run_after=2025-08-01 00:00:00+00:00
[2025-08-01T00:58:41.282+0000] {processor.py:183} INFO - Processing /opt/airflow/dags/bash_operator_example.py took 0.168 seconds
[2025-08-01T00:59:12.075+0000] {processor.py:161} INFO - Started process (PID=284) to work on /opt/airflow/dags/bash_operator_example.py
[2025-08-01T00:59:12.076+0000] {processor.py:830} INFO - Processing file /opt/airflow/dags/bash_operator_example.py for tasks to queue
[2025-08-01T00:59:12.079+0000] {logging_mixin.py:188} INFO - [2025-08-01T00:59:12.078+0000] {dagbag.py:538} INFO - Filling up the DagBag from /opt/airflow/dags/bash_operator_example.py
[2025-08-01T00:59:12.115+0000] {processor.py:840} INFO - DAG(s) 'bash_operator_example' retrieved from /opt/airflow/dags/bash_operator_example.py
[2025-08-01T00:59:12.161+0000] {logging_mixin.py:188} INFO - [2025-08-01T00:59:12.160+0000] {dag.py:3036} INFO - Sync 1 DAGs
[2025-08-01T00:59:12.200+0000] {logging_mixin.py:188} INFO - [2025-08-01T00:59:12.200+0000] {dag.py:3823} INFO - Setting next_dagrun for bash_operator_example to 2025-07-31 00:00:00+00:00, run_after=2025-08-01 00:00:00+00:00
[2025-08-01T00:59:12.256+0000] {processor.py:183} INFO - Processing /opt/airflow/dags/bash_operator_example.py took 0.191 seconds
[2025-08-01T00:59:42.862+0000] {processor.py:161} INFO - Started process (PID=294) to work on /opt/airflow/dags/bash_operator_example.py
[2025-08-01T00:59:42.865+0000] {processor.py:830} INFO - Processing file /opt/airflow/dags/bash_operator_example.py for tasks to queue
[2025-08-01T00:59:42.870+0000] {logging_mixin.py:188} INFO - [2025-08-01T00:59:42.866+0000] {dagbag.py:538} INFO - Filling up the DagBag from /opt/airflow/dags/bash_operator_example.py
[2025-08-01T00:59:42.907+0000] {processor.py:840} INFO - DAG(s) 'bash_operator_example' retrieved from /opt/airflow/dags/bash_operator_example.py
[2025-08-01T00:59:42.942+0000] {logging_mixin.py:188} INFO - [2025-08-01T00:59:42.941+0000] {dag.py:3036} INFO - Sync 1 DAGs
[2025-08-01T00:59:42.982+0000] {logging_mixin.py:188} INFO - [2025-08-01T00:59:42.981+0000] {dag.py:3823} INFO - Setting next_dagrun for bash_operator_example to 2025-07-31 00:00:00+00:00, run_after=2025-08-01 00:00:00+00:00
[2025-08-01T00:59:43.011+0000] {processor.py:183} INFO - Processing /opt/airflow/dags/bash_operator_example.py took 0.156 seconds
[2025-08-01T01:00:13.599+0000] {processor.py:161} INFO - Started process (PID=304) to work on /opt/airflow/dags/bash_operator_example.py
[2025-08-01T01:00:13.600+0000] {processor.py:830} INFO - Processing file /opt/airflow/dags/bash_operator_example.py for tasks to queue
[2025-08-01T01:00:13.603+0000] {logging_mixin.py:188} INFO - [2025-08-01T01:00:13.602+0000] {dagbag.py:538} INFO - Filling up the DagBag from /opt/airflow/dags/bash_operator_example.py
[2025-08-01T01:00:13.633+0000] {processor.py:840} INFO - DAG(s) 'bash_operator_example' retrieved from /opt/airflow/dags/bash_operator_example.py
[2025-08-01T01:00:13.666+0000] {logging_mixin.py:188} INFO - [2025-08-01T01:00:13.665+0000] {dag.py:3036} INFO - Sync 1 DAGs
[2025-08-01T01:00:13.698+0000] {logging_mixin.py:188} INFO - [2025-08-01T01:00:13.697+0000] {dag.py:3823} INFO - Setting next_dagrun for bash_operator_example to 2025-07-31 00:00:00+00:00, run_after=2025-08-01 00:00:00+00:00
[2025-08-01T01:00:13.726+0000] {processor.py:183} INFO - Processing /opt/airflow/dags/bash_operator_example.py took 0.134 seconds
[2025-08-01T01:00:43.823+0000] {processor.py:161} INFO - Started process (PID=313) to work on /opt/airflow/dags/bash_operator_example.py
[2025-08-01T01:00:43.824+0000] {processor.py:830} INFO - Processing file /opt/airflow/dags/bash_operator_example.py for tasks to queue
[2025-08-01T01:00:43.826+0000] {logging_mixin.py:188} INFO - [2025-08-01T01:00:43.825+0000] {dagbag.py:538} INFO - Filling up the DagBag from /opt/airflow/dags/bash_operator_example.py
[2025-08-01T01:00:43.859+0000] {processor.py:840} INFO - DAG(s) 'bash_operator_example' retrieved from /opt/airflow/dags/bash_operator_example.py
[2025-08-01T01:00:43.892+0000] {logging_mixin.py:188} INFO - [2025-08-01T01:00:43.892+0000] {dag.py:3036} INFO - Sync 1 DAGs
[2025-08-01T01:00:43.924+0000] {logging_mixin.py:188} INFO - [2025-08-01T01:00:43.924+0000] {dag.py:3823} INFO - Setting next_dagrun for bash_operator_example to 2025-07-31 00:00:00+00:00, run_after=2025-08-01 00:00:00+00:00
[2025-08-01T01:00:43.954+0000] {processor.py:183} INFO - Processing /opt/airflow/dags/bash_operator_example.py took 0.138 seconds
[2025-08-01T01:01:14.673+0000] {processor.py:161} INFO - Started process (PID=324) to work on /opt/airflow/dags/bash_operator_example.py
[2025-08-01T01:01:14.708+0000] {processor.py:830} INFO - Processing file /opt/airflow/dags/bash_operator_example.py for tasks to queue
[2025-08-01T01:01:14.711+0000] {logging_mixin.py:188} INFO - [2025-08-01T01:01:14.710+0000] {dagbag.py:538} INFO - Filling up the DagBag from /opt/airflow/dags/bash_operator_example.py
[2025-08-01T01:01:15.291+0000] {processor.py:840} INFO - DAG(s) 'bash_operator_example' retrieved from /opt/airflow/dags/bash_operator_example.py
[2025-08-01T01:01:15.521+0000] {logging_mixin.py:188} INFO - [2025-08-01T01:01:15.520+0000] {dag.py:3036} INFO - Sync 1 DAGs
[2025-08-01T01:01:15.647+0000] {logging_mixin.py:188} INFO - [2025-08-01T01:01:15.647+0000] {dag.py:3823} INFO - Setting next_dagrun for bash_operator_example to 2025-07-31 00:00:00+00:00, run_after=2025-08-01 00:00:00+00:00
[2025-08-01T01:01:15.759+0000] {processor.py:183} INFO - Processing /opt/airflow/dags/bash_operator_example.py took 1.119 seconds
[2025-08-01T01:01:45.973+0000] {processor.py:161} INFO - Started process (PID=335) to work on /opt/airflow/dags/bash_operator_example.py
[2025-08-01T01:01:45.977+0000] {processor.py:830} INFO - Processing file /opt/airflow/dags/bash_operator_example.py for tasks to queue
[2025-08-01T01:01:45.982+0000] {logging_mixin.py:188} INFO - [2025-08-01T01:01:45.981+0000] {dagbag.py:538} INFO - Filling up the DagBag from /opt/airflow/dags/bash_operator_example.py
[2025-08-01T01:01:46.044+0000] {processor.py:840} INFO - DAG(s) 'bash_operator_example' retrieved from /opt/airflow/dags/bash_operator_example.py
[2025-08-01T01:01:46.090+0000] {logging_mixin.py:188} INFO - [2025-08-01T01:01:46.090+0000] {dag.py:3036} INFO - Sync 1 DAGs
[2025-08-01T01:01:46.134+0000] {logging_mixin.py:188} INFO - [2025-08-01T01:01:46.133+0000] {dag.py:3823} INFO - Setting next_dagrun for bash_operator_example to 2025-07-31 00:00:00+00:00, run_after=2025-08-01 00:00:00+00:00
[2025-08-01T01:01:46.165+0000] {processor.py:183} INFO - Processing /opt/airflow/dags/bash_operator_example.py took 0.200 seconds
[2025-08-01T01:02:17.020+0000] {processor.py:161} INFO - Started process (PID=345) to work on /opt/airflow/dags/bash_operator_example.py
[2025-08-01T01:02:17.021+0000] {processor.py:830} INFO - Processing file /opt/airflow/dags/bash_operator_example.py for tasks to queue
[2025-08-01T01:02:17.023+0000] {logging_mixin.py:188} INFO - [2025-08-01T01:02:17.022+0000] {dagbag.py:538} INFO - Filling up the DagBag from /opt/airflow/dags/bash_operator_example.py
[2025-08-01T01:02:17.089+0000] {processor.py:840} INFO - DAG(s) 'bash_operator_example' retrieved from /opt/airflow/dags/bash_operator_example.py
[2025-08-01T01:02:17.142+0000] {logging_mixin.py:188} INFO - [2025-08-01T01:02:17.142+0000] {dag.py:3036} INFO - Sync 1 DAGs
[2025-08-01T01:02:17.177+0000] {logging_mixin.py:188} INFO - [2025-08-01T01:02:17.176+0000] {dag.py:3823} INFO - Setting next_dagrun for bash_operator_example to 2025-07-31 00:00:00+00:00, run_after=2025-08-01 00:00:00+00:00
[2025-08-01T01:02:17.210+0000] {processor.py:183} INFO - Processing /opt/airflow/dags/bash_operator_example.py took 0.208 seconds
[2025-08-01T01:02:47.955+0000] {processor.py:161} INFO - Started process (PID=355) to work on /opt/airflow/dags/bash_operator_example.py
[2025-08-01T01:02:47.956+0000] {processor.py:830} INFO - Processing file /opt/airflow/dags/bash_operator_example.py for tasks to queue
[2025-08-01T01:02:47.958+0000] {logging_mixin.py:188} INFO - [2025-08-01T01:02:47.958+0000] {dagbag.py:538} INFO - Filling up the DagBag from /opt/airflow/dags/bash_operator_example.py
[2025-08-01T01:02:48.038+0000] {processor.py:840} INFO - DAG(s) 'bash_operator_example' retrieved from /opt/airflow/dags/bash_operator_example.py
[2025-08-01T01:02:48.118+0000] {logging_mixin.py:188} INFO - [2025-08-01T01:02:48.117+0000] {dag.py:3036} INFO - Sync 1 DAGs
[2025-08-01T01:02:48.188+0000] {logging_mixin.py:188} INFO - [2025-08-01T01:02:48.188+0000] {dag.py:3823} INFO - Setting next_dagrun for bash_operator_example to 2025-07-31 00:00:00+00:00, run_after=2025-08-01 00:00:00+00:00
[2025-08-01T01:02:48.299+0000] {processor.py:183} INFO - Processing /opt/airflow/dags/bash_operator_example.py took 0.359 seconds
[2025-08-01T01:03:19.223+0000] {processor.py:161} INFO - Started process (PID=365) to work on /opt/airflow/dags/bash_operator_example.py
[2025-08-01T01:03:19.224+0000] {processor.py:830} INFO - Processing file /opt/airflow/dags/bash_operator_example.py for tasks to queue
[2025-08-01T01:03:19.227+0000] {logging_mixin.py:188} INFO - [2025-08-01T01:03:19.226+0000] {dagbag.py:538} INFO - Filling up the DagBag from /opt/airflow/dags/bash_operator_example.py
[2025-08-01T01:03:19.281+0000] {processor.py:840} INFO - DAG(s) 'bash_operator_example' retrieved from /opt/airflow/dags/bash_operator_example.py
[2025-08-01T01:03:19.330+0000] {logging_mixin.py:188} INFO - [2025-08-01T01:03:19.329+0000] {dag.py:3036} INFO - Sync 1 DAGs
[2025-08-01T01:03:19.392+0000] {logging_mixin.py:188} INFO - [2025-08-01T01:03:19.392+0000] {dag.py:3823} INFO - Setting next_dagrun for bash_operator_example to 2025-07-31 00:00:00+00:00, run_after=2025-08-01 00:00:00+00:00
[2025-08-01T01:03:19.450+0000] {processor.py:183} INFO - Processing /opt/airflow/dags/bash_operator_example.py took 0.236 seconds
[2025-08-01T01:03:50.044+0000] {processor.py:161} INFO - Started process (PID=375) to work on /opt/airflow/dags/bash_operator_example.py
[2025-08-01T01:03:50.045+0000] {processor.py:830} INFO - Processing file /opt/airflow/dags/bash_operator_example.py for tasks to queue
[2025-08-01T01:03:50.047+0000] {logging_mixin.py:188} INFO - [2025-08-01T01:03:50.046+0000] {dagbag.py:538} INFO - Filling up the DagBag from /opt/airflow/dags/bash_operator_example.py
[2025-08-01T01:03:50.086+0000] {processor.py:840} INFO - DAG(s) 'bash_operator_example' retrieved from /opt/airflow/dags/bash_operator_example.py
[2025-08-01T01:03:50.137+0000] {logging_mixin.py:188} INFO - [2025-08-01T01:03:50.137+0000] {dag.py:3036} INFO - Sync 1 DAGs
[2025-08-01T01:03:50.189+0000] {logging_mixin.py:188} INFO - [2025-08-01T01:03:50.189+0000] {dag.py:3823} INFO - Setting next_dagrun for bash_operator_example to 2025-07-31 00:00:00+00:00, run_after=2025-08-01 00:00:00+00:00
[2025-08-01T01:03:50.225+0000] {processor.py:183} INFO - Processing /opt/airflow/dags/bash_operator_example.py took 0.188 seconds
[2025-08-01T01:04:20.532+0000] {processor.py:161} INFO - Started process (PID=385) to work on /opt/airflow/dags/bash_operator_example.py
[2025-08-01T01:04:20.533+0000] {processor.py:830} INFO - Processing file /opt/airflow/dags/bash_operator_example.py for tasks to queue
[2025-08-01T01:04:20.535+0000] {logging_mixin.py:188} INFO - [2025-08-01T01:04:20.534+0000] {dagbag.py:538} INFO - Filling up the DagBag from /opt/airflow/dags/bash_operator_example.py
[2025-08-01T01:04:20.570+0000] {processor.py:840} INFO - DAG(s) 'bash_operator_example' retrieved from /opt/airflow/dags/bash_operator_example.py
[2025-08-01T01:04:20.616+0000] {logging_mixin.py:188} INFO - [2025-08-01T01:04:20.615+0000] {dag.py:3036} INFO - Sync 1 DAGs
[2025-08-01T01:04:20.660+0000] {logging_mixin.py:188} INFO - [2025-08-01T01:04:20.659+0000] {dag.py:3823} INFO - Setting next_dagrun for bash_operator_example to 2025-07-31 00:00:00+00:00, run_after=2025-08-01 00:00:00+00:00
[2025-08-01T01:04:20.701+0000] {processor.py:183} INFO - Processing /opt/airflow/dags/bash_operator_example.py took 0.177 seconds
[2025-08-01T01:04:50.826+0000] {processor.py:161} INFO - Started process (PID=395) to work on /opt/airflow/dags/bash_operator_example.py
[2025-08-01T01:04:50.828+0000] {processor.py:830} INFO - Processing file /opt/airflow/dags/bash_operator_example.py for tasks to queue
[2025-08-01T01:04:50.837+0000] {logging_mixin.py:188} INFO - [2025-08-01T01:04:50.837+0000] {dagbag.py:538} INFO - Filling up the DagBag from /opt/airflow/dags/bash_operator_example.py
[2025-08-01T01:04:50.954+0000] {processor.py:840} INFO - DAG(s) 'bash_operator_example' retrieved from /opt/airflow/dags/bash_operator_example.py
[2025-08-01T01:04:51.020+0000] {logging_mixin.py:188} INFO - [2025-08-01T01:04:51.020+0000] {dag.py:3036} INFO - Sync 1 DAGs
[2025-08-01T01:04:51.076+0000] {logging_mixin.py:188} INFO - [2025-08-01T01:04:51.075+0000] {dag.py:3823} INFO - Setting next_dagrun for bash_operator_example to 2025-07-31 00:00:00+00:00, run_after=2025-08-01 00:00:00+00:00
[2025-08-01T01:04:51.192+0000] {processor.py:183} INFO - Processing /opt/airflow/dags/bash_operator_example.py took 0.373 seconds
[2025-08-01T01:05:28.306+0000] {processor.py:161} INFO - Started process (PID=405) to work on /opt/airflow/dags/bash_operator_example.py
[2025-08-01T01:05:28.321+0000] {processor.py:830} INFO - Processing file /opt/airflow/dags/bash_operator_example.py for tasks to queue
[2025-08-01T01:05:28.339+0000] {logging_mixin.py:188} INFO - [2025-08-01T01:05:28.338+0000] {dagbag.py:538} INFO - Filling up the DagBag from /opt/airflow/dags/bash_operator_example.py
[2025-08-01T01:05:30.097+0000] {processor.py:840} INFO - DAG(s) 'bash_operator_example' retrieved from /opt/airflow/dags/bash_operator_example.py
[2025-08-01T01:05:30.873+0000] {logging_mixin.py:188} INFO - [2025-08-01T01:05:30.872+0000] {dag.py:3036} INFO - Sync 1 DAGs
[2025-08-01T01:05:31.358+0000] {logging_mixin.py:188} INFO - [2025-08-01T01:05:31.357+0000] {dag.py:3823} INFO - Setting next_dagrun for bash_operator_example to 2025-07-31 00:00:00+00:00, run_after=2025-08-01 00:00:00+00:00
[2025-08-01T01:05:31.698+0000] {processor.py:183} INFO - Processing /opt/airflow/dags/bash_operator_example.py took 3.421 seconds
[2025-08-01T01:06:01.850+0000] {processor.py:161} INFO - Started process (PID=415) to work on /opt/airflow/dags/bash_operator_example.py
[2025-08-01T01:06:01.851+0000] {processor.py:830} INFO - Processing file /opt/airflow/dags/bash_operator_example.py for tasks to queue
[2025-08-01T01:06:01.854+0000] {logging_mixin.py:188} INFO - [2025-08-01T01:06:01.853+0000] {dagbag.py:538} INFO - Filling up the DagBag from /opt/airflow/dags/bash_operator_example.py
[2025-08-01T01:06:01.909+0000] {processor.py:840} INFO - DAG(s) 'bash_operator_example' retrieved from /opt/airflow/dags/bash_operator_example.py
[2025-08-01T01:06:01.967+0000] {logging_mixin.py:188} INFO - [2025-08-01T01:06:01.966+0000] {dag.py:3036} INFO - Sync 1 DAGs
[2025-08-01T01:06:02.050+0000] {logging_mixin.py:188} INFO - [2025-08-01T01:06:02.045+0000] {dag.py:3823} INFO - Setting next_dagrun for bash_operator_example to 2025-07-31 00:00:00+00:00, run_after=2025-08-01 00:00:00+00:00
[2025-08-01T01:06:02.183+0000] {processor.py:183} INFO - Processing /opt/airflow/dags/bash_operator_example.py took 0.340 seconds
[2025-08-01T01:06:32.498+0000] {processor.py:161} INFO - Started process (PID=425) to work on /opt/airflow/dags/bash_operator_example.py
[2025-08-01T01:06:32.500+0000] {processor.py:830} INFO - Processing file /opt/airflow/dags/bash_operator_example.py for tasks to queue
[2025-08-01T01:06:32.502+0000] {logging_mixin.py:188} INFO - [2025-08-01T01:06:32.501+0000] {dagbag.py:538} INFO - Filling up the DagBag from /opt/airflow/dags/bash_operator_example.py
[2025-08-01T01:06:32.551+0000] {processor.py:840} INFO - DAG(s) 'bash_operator_example' retrieved from /opt/airflow/dags/bash_operator_example.py
[2025-08-01T01:06:32.600+0000] {logging_mixin.py:188} INFO - [2025-08-01T01:06:32.600+0000] {dag.py:3036} INFO - Sync 1 DAGs
[2025-08-01T01:06:32.644+0000] {logging_mixin.py:188} INFO - [2025-08-01T01:06:32.644+0000] {dag.py:3823} INFO - Setting next_dagrun for bash_operator_example to 2025-07-31 00:00:00+00:00, run_after=2025-08-01 00:00:00+00:00
[2025-08-01T01:06:32.692+0000] {processor.py:183} INFO - Processing /opt/airflow/dags/bash_operator_example.py took 0.213 seconds
[2025-08-01T01:07:03.697+0000] {processor.py:161} INFO - Started process (PID=435) to work on /opt/airflow/dags/bash_operator_example.py
[2025-08-01T01:07:03.699+0000] {processor.py:830} INFO - Processing file /opt/airflow/dags/bash_operator_example.py for tasks to queue
[2025-08-01T01:07:03.702+0000] {logging_mixin.py:188} INFO - [2025-08-01T01:07:03.702+0000] {dagbag.py:538} INFO - Filling up the DagBag from /opt/airflow/dags/bash_operator_example.py
[2025-08-01T01:07:03.775+0000] {processor.py:840} INFO - DAG(s) 'bash_operator_example' retrieved from /opt/airflow/dags/bash_operator_example.py
[2025-08-01T01:07:03.820+0000] {logging_mixin.py:188} INFO - [2025-08-01T01:07:03.820+0000] {dag.py:3036} INFO - Sync 1 DAGs
[2025-08-01T01:07:03.867+0000] {logging_mixin.py:188} INFO - [2025-08-01T01:07:03.867+0000] {dag.py:3823} INFO - Setting next_dagrun for bash_operator_example to 2025-07-31 00:00:00+00:00, run_after=2025-08-01 00:00:00+00:00
[2025-08-01T01:07:03.907+0000] {processor.py:183} INFO - Processing /opt/airflow/dags/bash_operator_example.py took 0.222 seconds
[2025-08-01T01:07:34.250+0000] {processor.py:161} INFO - Started process (PID=445) to work on /opt/airflow/dags/bash_operator_example.py
[2025-08-01T01:07:34.251+0000] {processor.py:830} INFO - Processing file /opt/airflow/dags/bash_operator_example.py for tasks to queue
[2025-08-01T01:07:34.257+0000] {logging_mixin.py:188} INFO - [2025-08-01T01:07:34.255+0000] {dagbag.py:538} INFO - Filling up the DagBag from /opt/airflow/dags/bash_operator_example.py
[2025-08-01T01:07:34.387+0000] {processor.py:840} INFO - DAG(s) 'bash_operator_example' retrieved from /opt/airflow/dags/bash_operator_example.py
[2025-08-01T01:07:34.578+0000] {logging_mixin.py:188} INFO - [2025-08-01T01:07:34.577+0000] {dag.py:3036} INFO - Sync 1 DAGs
[2025-08-01T01:07:34.827+0000] {logging_mixin.py:188} INFO - [2025-08-01T01:07:34.826+0000] {dag.py:3823} INFO - Setting next_dagrun for bash_operator_example to 2025-07-31 00:00:00+00:00, run_after=2025-08-01 00:00:00+00:00
[2025-08-01T01:07:35.184+0000] {processor.py:183} INFO - Processing /opt/airflow/dags/bash_operator_example.py took 0.965 seconds
[2025-08-01T01:08:05.432+0000] {processor.py:161} INFO - Started process (PID=455) to work on /opt/airflow/dags/bash_operator_example.py
[2025-08-01T01:08:05.433+0000] {processor.py:830} INFO - Processing file /opt/airflow/dags/bash_operator_example.py for tasks to queue
[2025-08-01T01:08:05.435+0000] {logging_mixin.py:188} INFO - [2025-08-01T01:08:05.434+0000] {dagbag.py:538} INFO - Filling up the DagBag from /opt/airflow/dags/bash_operator_example.py
[2025-08-01T01:08:05.478+0000] {processor.py:840} INFO - DAG(s) 'bash_operator_example' retrieved from /opt/airflow/dags/bash_operator_example.py
[2025-08-01T01:08:05.533+0000] {logging_mixin.py:188} INFO - [2025-08-01T01:08:05.533+0000] {dag.py:3036} INFO - Sync 1 DAGs
[2025-08-01T01:08:05.586+0000] {logging_mixin.py:188} INFO - [2025-08-01T01:08:05.586+0000] {dag.py:3823} INFO - Setting next_dagrun for bash_operator_example to 2025-07-31 00:00:00+00:00, run_after=2025-08-01 00:00:00+00:00
[2025-08-01T01:08:05.643+0000] {processor.py:183} INFO - Processing /opt/airflow/dags/bash_operator_example.py took 0.216 seconds
[2025-08-01T01:08:35.930+0000] {processor.py:161} INFO - Started process (PID=465) to work on /opt/airflow/dags/bash_operator_example.py
[2025-08-01T01:08:35.932+0000] {processor.py:830} INFO - Processing file /opt/airflow/dags/bash_operator_example.py for tasks to queue
[2025-08-01T01:08:35.934+0000] {logging_mixin.py:188} INFO - [2025-08-01T01:08:35.933+0000] {dagbag.py:538} INFO - Filling up the DagBag from /opt/airflow/dags/bash_operator_example.py
[2025-08-01T01:08:36.052+0000] {processor.py:840} INFO - DAG(s) 'bash_operator_example' retrieved from /opt/airflow/dags/bash_operator_example.py
[2025-08-01T01:08:36.190+0000] {logging_mixin.py:188} INFO - [2025-08-01T01:08:36.189+0000] {dag.py:3036} INFO - Sync 1 DAGs
[2025-08-01T01:08:36.333+0000] {logging_mixin.py:188} INFO - [2025-08-01T01:08:36.320+0000] {dag.py:3823} INFO - Setting next_dagrun for bash_operator_example to 2025-07-31 00:00:00+00:00, run_after=2025-08-01 00:00:00+00:00
[2025-08-01T01:08:36.541+0000] {processor.py:183} INFO - Processing /opt/airflow/dags/bash_operator_example.py took 0.618 seconds
[2025-08-01T01:09:06.771+0000] {processor.py:161} INFO - Started process (PID=475) to work on /opt/airflow/dags/bash_operator_example.py
[2025-08-01T01:09:06.772+0000] {processor.py:830} INFO - Processing file /opt/airflow/dags/bash_operator_example.py for tasks to queue
[2025-08-01T01:09:06.776+0000] {logging_mixin.py:188} INFO - [2025-08-01T01:09:06.774+0000] {dagbag.py:538} INFO - Filling up the DagBag from /opt/airflow/dags/bash_operator_example.py
[2025-08-01T01:09:06.820+0000] {processor.py:840} INFO - DAG(s) 'bash_operator_example' retrieved from /opt/airflow/dags/bash_operator_example.py
[2025-08-01T01:09:06.869+0000] {logging_mixin.py:188} INFO - [2025-08-01T01:09:06.869+0000] {dag.py:3036} INFO - Sync 1 DAGs
[2025-08-01T01:09:06.988+0000] {logging_mixin.py:188} INFO - [2025-08-01T01:09:06.978+0000] {dag.py:3823} INFO - Setting next_dagrun for bash_operator_example to 2025-07-31 00:00:00+00:00, run_after=2025-08-01 00:00:00+00:00
[2025-08-01T01:09:07.144+0000] {processor.py:183} INFO - Processing /opt/airflow/dags/bash_operator_example.py took 0.382 seconds
[2025-08-01T01:09:37.520+0000] {processor.py:161} INFO - Started process (PID=485) to work on /opt/airflow/dags/bash_operator_example.py
[2025-08-01T01:09:37.523+0000] {processor.py:830} INFO - Processing file /opt/airflow/dags/bash_operator_example.py for tasks to queue
[2025-08-01T01:09:37.526+0000] {logging_mixin.py:188} INFO - [2025-08-01T01:09:37.525+0000] {dagbag.py:538} INFO - Filling up the DagBag from /opt/airflow/dags/bash_operator_example.py
[2025-08-01T01:09:37.720+0000] {processor.py:840} INFO - DAG(s) 'bash_operator_example' retrieved from /opt/airflow/dags/bash_operator_example.py
[2025-08-01T01:09:37.922+0000] {logging_mixin.py:188} INFO - [2025-08-01T01:09:37.921+0000] {dag.py:3036} INFO - Sync 1 DAGs
[2025-08-01T01:09:38.095+0000] {logging_mixin.py:188} INFO - [2025-08-01T01:09:38.095+0000] {dag.py:3823} INFO - Setting next_dagrun for bash_operator_example to 2025-07-31 00:00:00+00:00, run_after=2025-08-01 00:00:00+00:00
[2025-08-01T01:09:38.283+0000] {processor.py:183} INFO - Processing /opt/airflow/dags/bash_operator_example.py took 0.772 seconds
[2025-08-01T01:10:09.310+0000] {processor.py:161} INFO - Started process (PID=495) to work on /opt/airflow/dags/bash_operator_example.py
[2025-08-01T01:10:09.324+0000] {processor.py:830} INFO - Processing file /opt/airflow/dags/bash_operator_example.py for tasks to queue
[2025-08-01T01:10:09.329+0000] {logging_mixin.py:188} INFO - [2025-08-01T01:10:09.328+0000] {dagbag.py:538} INFO - Filling up the DagBag from /opt/airflow/dags/bash_operator_example.py
[2025-08-01T01:10:09.464+0000] {processor.py:840} INFO - DAG(s) 'bash_operator_example' retrieved from /opt/airflow/dags/bash_operator_example.py
[2025-08-01T01:10:09.553+0000] {logging_mixin.py:188} INFO - [2025-08-01T01:10:09.552+0000] {dag.py:3036} INFO - Sync 1 DAGs
[2025-08-01T01:10:09.654+0000] {logging_mixin.py:188} INFO - [2025-08-01T01:10:09.654+0000] {dag.py:3823} INFO - Setting next_dagrun for bash_operator_example to 2025-07-31 00:00:00+00:00, run_after=2025-08-01 00:00:00+00:00
[2025-08-01T01:10:09.771+0000] {processor.py:183} INFO - Processing /opt/airflow/dags/bash_operator_example.py took 0.493 seconds
[2025-08-01T01:10:47.284+0000] {processor.py:161} INFO - Started process (PID=505) to work on /opt/airflow/dags/bash_operator_example.py
[2025-08-01T01:10:47.300+0000] {processor.py:830} INFO - Processing file /opt/airflow/dags/bash_operator_example.py for tasks to queue
[2025-08-01T01:10:47.381+0000] {logging_mixin.py:188} INFO - [2025-08-01T01:10:47.380+0000] {dagbag.py:538} INFO - Filling up the DagBag from /opt/airflow/dags/bash_operator_example.py
[2025-08-01T01:10:48.008+0000] {processor.py:840} INFO - DAG(s) 'bash_operator_example' retrieved from /opt/airflow/dags/bash_operator_example.py
[2025-08-01T01:10:48.164+0000] {logging_mixin.py:188} INFO - [2025-08-01T01:10:48.163+0000] {dag.py:3036} INFO - Sync 1 DAGs
[2025-08-01T01:10:48.816+0000] {logging_mixin.py:188} INFO - [2025-08-01T01:10:48.815+0000] {dag.py:3823} INFO - Setting next_dagrun for bash_operator_example to 2025-07-31 00:00:00+00:00, run_after=2025-08-01 00:00:00+00:00
[2025-08-01T01:10:49.109+0000] {processor.py:183} INFO - Processing /opt/airflow/dags/bash_operator_example.py took 2.189 seconds
[2025-08-01T01:11:19.643+0000] {processor.py:161} INFO - Started process (PID=520) to work on /opt/airflow/dags/bash_operator_example.py
[2025-08-01T01:11:19.644+0000] {processor.py:830} INFO - Processing file /opt/airflow/dags/bash_operator_example.py for tasks to queue
[2025-08-01T01:11:19.649+0000] {logging_mixin.py:188} INFO - [2025-08-01T01:11:19.648+0000] {dagbag.py:538} INFO - Filling up the DagBag from /opt/airflow/dags/bash_operator_example.py
[2025-08-01T01:11:19.796+0000] {processor.py:840} INFO - DAG(s) 'bash_operator_example' retrieved from /opt/airflow/dags/bash_operator_example.py
[2025-08-01T01:11:19.934+0000] {logging_mixin.py:188} INFO - [2025-08-01T01:11:19.934+0000] {dag.py:3036} INFO - Sync 1 DAGs
[2025-08-01T01:11:20.009+0000] {logging_mixin.py:188} INFO - [2025-08-01T01:11:20.009+0000] {dag.py:3823} INFO - Setting next_dagrun for bash_operator_example to 2025-07-31 00:00:00+00:00, run_after=2025-08-01 00:00:00+00:00
[2025-08-01T01:11:20.114+0000] {processor.py:183} INFO - Processing /opt/airflow/dags/bash_operator_example.py took 0.491 seconds
[2025-08-01T01:11:50.333+0000] {processor.py:161} INFO - Started process (PID=530) to work on /opt/airflow/dags/bash_operator_example.py
[2025-08-01T01:11:50.340+0000] {processor.py:830} INFO - Processing file /opt/airflow/dags/bash_operator_example.py for tasks to queue
[2025-08-01T01:11:50.342+0000] {logging_mixin.py:188} INFO - [2025-08-01T01:11:50.341+0000] {dagbag.py:538} INFO - Filling up the DagBag from /opt/airflow/dags/bash_operator_example.py
[2025-08-01T01:11:50.376+0000] {processor.py:840} INFO - DAG(s) 'bash_operator_example' retrieved from /opt/airflow/dags/bash_operator_example.py
[2025-08-01T01:11:50.415+0000] {logging_mixin.py:188} INFO - [2025-08-01T01:11:50.414+0000] {dag.py:3036} INFO - Sync 1 DAGs
[2025-08-01T01:11:50.459+0000] {logging_mixin.py:188} INFO - [2025-08-01T01:11:50.458+0000] {dag.py:3823} INFO - Setting next_dagrun for bash_operator_example to 2025-07-31 00:00:00+00:00, run_after=2025-08-01 00:00:00+00:00
[2025-08-01T01:11:50.494+0000] {processor.py:183} INFO - Processing /opt/airflow/dags/bash_operator_example.py took 0.168 seconds
[2025-08-01T01:12:20.674+0000] {processor.py:161} INFO - Started process (PID=540) to work on /opt/airflow/dags/bash_operator_example.py
[2025-08-01T01:12:20.676+0000] {processor.py:830} INFO - Processing file /opt/airflow/dags/bash_operator_example.py for tasks to queue
[2025-08-01T01:12:20.679+0000] {logging_mixin.py:188} INFO - [2025-08-01T01:12:20.678+0000] {dagbag.py:538} INFO - Filling up the DagBag from /opt/airflow/dags/bash_operator_example.py
[2025-08-01T01:12:20.745+0000] {processor.py:840} INFO - DAG(s) 'bash_operator_example' retrieved from /opt/airflow/dags/bash_operator_example.py
[2025-08-01T01:12:20.925+0000] {logging_mixin.py:188} INFO - [2025-08-01T01:12:20.924+0000] {dag.py:3036} INFO - Sync 1 DAGs
[2025-08-01T01:12:21.072+0000] {logging_mixin.py:188} INFO - [2025-08-01T01:12:21.072+0000] {dag.py:3823} INFO - Setting next_dagrun for bash_operator_example to 2025-07-31 00:00:00+00:00, run_after=2025-08-01 00:00:00+00:00
[2025-08-01T01:12:21.124+0000] {processor.py:183} INFO - Processing /opt/airflow/dags/bash_operator_example.py took 0.461 seconds
[2025-08-01T01:12:51.881+0000] {processor.py:161} INFO - Started process (PID=550) to work on /opt/airflow/dags/bash_operator_example.py
[2025-08-01T01:12:51.899+0000] {processor.py:830} INFO - Processing file /opt/airflow/dags/bash_operator_example.py for tasks to queue
[2025-08-01T01:12:51.978+0000] {logging_mixin.py:188} INFO - [2025-08-01T01:12:51.914+0000] {dagbag.py:538} INFO - Filling up the DagBag from /opt/airflow/dags/bash_operator_example.py
[2025-08-01T01:12:52.417+0000] {processor.py:840} INFO - DAG(s) 'bash_operator_example' retrieved from /opt/airflow/dags/bash_operator_example.py
[2025-08-01T01:12:53.139+0000] {logging_mixin.py:188} INFO - [2025-08-01T01:12:53.139+0000] {dag.py:3036} INFO - Sync 1 DAGs
[2025-08-01T01:12:53.518+0000] {logging_mixin.py:188} INFO - [2025-08-01T01:12:53.505+0000] {dag.py:3823} INFO - Setting next_dagrun for bash_operator_example to 2025-07-31 00:00:00+00:00, run_after=2025-08-01 00:00:00+00:00
[2025-08-01T01:12:53.684+0000] {processor.py:183} INFO - Processing /opt/airflow/dags/bash_operator_example.py took 1.946 seconds
[2025-08-01T01:13:24.596+0000] {processor.py:161} INFO - Started process (PID=560) to work on /opt/airflow/dags/bash_operator_example.py
[2025-08-01T01:13:24.601+0000] {processor.py:830} INFO - Processing file /opt/airflow/dags/bash_operator_example.py for tasks to queue
[2025-08-01T01:13:24.606+0000] {logging_mixin.py:188} INFO - [2025-08-01T01:13:24.605+0000] {dagbag.py:538} INFO - Filling up the DagBag from /opt/airflow/dags/bash_operator_example.py
[2025-08-01T01:13:24.680+0000] {processor.py:840} INFO - DAG(s) 'bash_operator_example' retrieved from /opt/airflow/dags/bash_operator_example.py
[2025-08-01T01:13:24.755+0000] {logging_mixin.py:188} INFO - [2025-08-01T01:13:24.755+0000] {dag.py:3036} INFO - Sync 1 DAGs
[2025-08-01T01:13:24.814+0000] {logging_mixin.py:188} INFO - [2025-08-01T01:13:24.814+0000] {dag.py:3823} INFO - Setting next_dagrun for bash_operator_example to 2025-07-31 00:00:00+00:00, run_after=2025-08-01 00:00:00+00:00
[2025-08-01T01:13:24.870+0000] {processor.py:183} INFO - Processing /opt/airflow/dags/bash_operator_example.py took 0.286 seconds
[2025-08-01T01:13:55.599+0000] {processor.py:161} INFO - Started process (PID=570) to work on /opt/airflow/dags/bash_operator_example.py
[2025-08-01T01:13:55.609+0000] {processor.py:830} INFO - Processing file /opt/airflow/dags/bash_operator_example.py for tasks to queue
[2025-08-01T01:13:55.635+0000] {logging_mixin.py:188} INFO - [2025-08-01T01:13:55.633+0000] {dagbag.py:538} INFO - Filling up the DagBag from /opt/airflow/dags/bash_operator_example.py
[2025-08-01T01:13:55.798+0000] {processor.py:840} INFO - DAG(s) 'bash_operator_example' retrieved from /opt/airflow/dags/bash_operator_example.py
[2025-08-01T01:13:55.906+0000] {logging_mixin.py:188} INFO - [2025-08-01T01:13:55.906+0000] {dag.py:3036} INFO - Sync 1 DAGs
[2025-08-01T01:13:56.098+0000] {logging_mixin.py:188} INFO - [2025-08-01T01:13:56.094+0000] {dag.py:3823} INFO - Setting next_dagrun for bash_operator_example to 2025-07-31 00:00:00+00:00, run_after=2025-08-01 00:00:00+00:00
[2025-08-01T01:13:56.193+0000] {processor.py:183} INFO - Processing /opt/airflow/dags/bash_operator_example.py took 0.637 seconds
[2025-08-01T01:14:30.500+0000] {processor.py:161} INFO - Started process (PID=580) to work on /opt/airflow/dags/bash_operator_example.py
[2025-08-01T01:14:30.546+0000] {processor.py:830} INFO - Processing file /opt/airflow/dags/bash_operator_example.py for tasks to queue
[2025-08-01T01:14:30.579+0000] {logging_mixin.py:188} INFO - [2025-08-01T01:14:30.579+0000] {dagbag.py:538} INFO - Filling up the DagBag from /opt/airflow/dags/bash_operator_example.py
[2025-08-01T01:14:31.230+0000] {processor.py:840} INFO - DAG(s) 'bash_operator_example' retrieved from /opt/airflow/dags/bash_operator_example.py
[2025-08-01T01:14:31.940+0000] {logging_mixin.py:188} INFO - [2025-08-01T01:14:31.940+0000] {dag.py:3036} INFO - Sync 1 DAGs
[2025-08-01T01:14:32.147+0000] {logging_mixin.py:188} INFO - [2025-08-01T01:14:32.146+0000] {dag.py:3823} INFO - Setting next_dagrun for bash_operator_example to 2025-07-31 00:00:00+00:00, run_after=2025-08-01 00:00:00+00:00
[2025-08-01T01:14:32.219+0000] {processor.py:183} INFO - Processing /opt/airflow/dags/bash_operator_example.py took 1.736 seconds
[2025-08-01T01:15:02.553+0000] {processor.py:161} INFO - Started process (PID=592) to work on /opt/airflow/dags/bash_operator_example.py
[2025-08-01T01:15:02.586+0000] {processor.py:830} INFO - Processing file /opt/airflow/dags/bash_operator_example.py for tasks to queue
[2025-08-01T01:15:02.604+0000] {logging_mixin.py:188} INFO - [2025-08-01T01:15:02.603+0000] {dagbag.py:538} INFO - Filling up the DagBag from /opt/airflow/dags/bash_operator_example.py
[2025-08-01T01:15:02.903+0000] {processor.py:840} INFO - DAG(s) 'bash_operator_example' retrieved from /opt/airflow/dags/bash_operator_example.py
[2025-08-01T01:15:03.189+0000] {logging_mixin.py:188} INFO - [2025-08-01T01:15:03.187+0000] {dag.py:3036} INFO - Sync 1 DAGs
[2025-08-01T01:15:03.524+0000] {logging_mixin.py:188} INFO - [2025-08-01T01:15:03.523+0000] {dag.py:3823} INFO - Setting next_dagrun for bash_operator_example to 2025-07-31 00:00:00+00:00, run_after=2025-08-01 00:00:00+00:00
[2025-08-01T01:15:03.974+0000] {processor.py:183} INFO - Processing /opt/airflow/dags/bash_operator_example.py took 1.471 seconds
[2025-08-01T01:15:34.439+0000] {processor.py:161} INFO - Started process (PID=602) to work on /opt/airflow/dags/bash_operator_example.py
[2025-08-01T01:15:34.441+0000] {processor.py:830} INFO - Processing file /opt/airflow/dags/bash_operator_example.py for tasks to queue
[2025-08-01T01:15:34.443+0000] {logging_mixin.py:188} INFO - [2025-08-01T01:15:34.442+0000] {dagbag.py:538} INFO - Filling up the DagBag from /opt/airflow/dags/bash_operator_example.py
[2025-08-01T01:15:34.495+0000] {processor.py:840} INFO - DAG(s) 'bash_operator_example' retrieved from /opt/airflow/dags/bash_operator_example.py
[2025-08-01T01:15:34.545+0000] {logging_mixin.py:188} INFO - [2025-08-01T01:15:34.545+0000] {dag.py:3036} INFO - Sync 1 DAGs
[2025-08-01T01:15:34.588+0000] {logging_mixin.py:188} INFO - [2025-08-01T01:15:34.588+0000] {dag.py:3823} INFO - Setting next_dagrun for bash_operator_example to 2025-07-31 00:00:00+00:00, run_after=2025-08-01 00:00:00+00:00
[2025-08-01T01:15:35.071+0000] {processor.py:183} INFO - Processing /opt/airflow/dags/bash_operator_example.py took 0.643 seconds
[2025-08-01T01:16:06.114+0000] {processor.py:161} INFO - Started process (PID=611) to work on /opt/airflow/dags/bash_operator_example.py
[2025-08-01T01:16:06.120+0000] {processor.py:830} INFO - Processing file /opt/airflow/dags/bash_operator_example.py for tasks to queue
[2025-08-01T01:16:06.124+0000] {logging_mixin.py:188} INFO - [2025-08-01T01:16:06.124+0000] {dagbag.py:538} INFO - Filling up the DagBag from /opt/airflow/dags/bash_operator_example.py
[2025-08-01T01:16:06.208+0000] {processor.py:840} INFO - DAG(s) 'bash_operator_example' retrieved from /opt/airflow/dags/bash_operator_example.py
[2025-08-01T01:16:06.344+0000] {logging_mixin.py:188} INFO - [2025-08-01T01:16:06.344+0000] {dag.py:3036} INFO - Sync 1 DAGs
[2025-08-01T01:16:06.475+0000] {logging_mixin.py:188} INFO - [2025-08-01T01:16:06.474+0000] {dag.py:3823} INFO - Setting next_dagrun for bash_operator_example to 2025-07-31 00:00:00+00:00, run_after=2025-08-01 00:00:00+00:00
[2025-08-01T01:16:06.708+0000] {processor.py:183} INFO - Processing /opt/airflow/dags/bash_operator_example.py took 0.618 seconds
[2025-08-01T01:16:37.165+0000] {processor.py:161} INFO - Started process (PID=621) to work on /opt/airflow/dags/bash_operator_example.py
[2025-08-01T01:16:37.175+0000] {processor.py:830} INFO - Processing file /opt/airflow/dags/bash_operator_example.py for tasks to queue
[2025-08-01T01:16:37.181+0000] {logging_mixin.py:188} INFO - [2025-08-01T01:16:37.180+0000] {dagbag.py:538} INFO - Filling up the DagBag from /opt/airflow/dags/bash_operator_example.py
[2025-08-01T01:16:37.312+0000] {processor.py:840} INFO - DAG(s) 'bash_operator_example' retrieved from /opt/airflow/dags/bash_operator_example.py
[2025-08-01T01:16:37.504+0000] {logging_mixin.py:188} INFO - [2025-08-01T01:16:37.504+0000] {dag.py:3036} INFO - Sync 1 DAGs
[2025-08-01T01:16:37.752+0000] {logging_mixin.py:188} INFO - [2025-08-01T01:16:37.752+0000] {dag.py:3823} INFO - Setting next_dagrun for bash_operator_example to 2025-07-31 00:00:00+00:00, run_after=2025-08-01 00:00:00+00:00
[2025-08-01T01:16:37.952+0000] {processor.py:183} INFO - Processing /opt/airflow/dags/bash_operator_example.py took 0.805 seconds
[2025-08-01T01:17:08.826+0000] {processor.py:161} INFO - Started process (PID=631) to work on /opt/airflow/dags/bash_operator_example.py
[2025-08-01T01:17:08.827+0000] {processor.py:830} INFO - Processing file /opt/airflow/dags/bash_operator_example.py for tasks to queue
[2025-08-01T01:17:08.829+0000] {logging_mixin.py:188} INFO - [2025-08-01T01:17:08.829+0000] {dagbag.py:538} INFO - Filling up the DagBag from /opt/airflow/dags/bash_operator_example.py
[2025-08-01T01:17:08.866+0000] {processor.py:840} INFO - DAG(s) 'bash_operator_example' retrieved from /opt/airflow/dags/bash_operator_example.py
[2025-08-01T01:17:08.904+0000] {logging_mixin.py:188} INFO - [2025-08-01T01:17:08.904+0000] {dag.py:3036} INFO - Sync 1 DAGs
[2025-08-01T01:17:08.936+0000] {logging_mixin.py:188} INFO - [2025-08-01T01:17:08.936+0000] {dag.py:3823} INFO - Setting next_dagrun for bash_operator_example to 2025-07-31 00:00:00+00:00, run_after=2025-08-01 00:00:00+00:00
[2025-08-01T01:17:09.007+0000] {processor.py:183} INFO - Processing /opt/airflow/dags/bash_operator_example.py took 0.187 seconds
[2025-08-01T01:17:39.628+0000] {processor.py:161} INFO - Started process (PID=641) to work on /opt/airflow/dags/bash_operator_example.py
[2025-08-01T01:17:39.629+0000] {processor.py:830} INFO - Processing file /opt/airflow/dags/bash_operator_example.py for tasks to queue
[2025-08-01T01:17:39.630+0000] {logging_mixin.py:188} INFO - [2025-08-01T01:17:39.629+0000] {dagbag.py:538} INFO - Filling up the DagBag from /opt/airflow/dags/bash_operator_example.py
[2025-08-01T01:17:39.657+0000] {processor.py:840} INFO - DAG(s) 'bash_operator_example' retrieved from /opt/airflow/dags/bash_operator_example.py
[2025-08-01T01:17:39.690+0000] {logging_mixin.py:188} INFO - [2025-08-01T01:17:39.689+0000] {dag.py:3036} INFO - Sync 1 DAGs
[2025-08-01T01:17:39.720+0000] {logging_mixin.py:188} INFO - [2025-08-01T01:17:39.720+0000] {dag.py:3823} INFO - Setting next_dagrun for bash_operator_example to 2025-07-31 00:00:00+00:00, run_after=2025-08-01 00:00:00+00:00
[2025-08-01T01:17:39.748+0000] {processor.py:183} INFO - Processing /opt/airflow/dags/bash_operator_example.py took 0.125 seconds
[2025-08-01T01:18:10.761+0000] {processor.py:161} INFO - Started process (PID=651) to work on /opt/airflow/dags/bash_operator_example.py
[2025-08-01T01:18:10.766+0000] {processor.py:830} INFO - Processing file /opt/airflow/dags/bash_operator_example.py for tasks to queue
[2025-08-01T01:18:10.772+0000] {logging_mixin.py:188} INFO - [2025-08-01T01:18:10.771+0000] {dagbag.py:538} INFO - Filling up the DagBag from /opt/airflow/dags/bash_operator_example.py
[2025-08-01T01:18:10.869+0000] {processor.py:840} INFO - DAG(s) 'bash_operator_example' retrieved from /opt/airflow/dags/bash_operator_example.py
[2025-08-01T01:18:10.971+0000] {logging_mixin.py:188} INFO - [2025-08-01T01:18:10.970+0000] {dag.py:3036} INFO - Sync 1 DAGs
[2025-08-01T01:18:11.173+0000] {logging_mixin.py:188} INFO - [2025-08-01T01:18:11.172+0000] {dag.py:3823} INFO - Setting next_dagrun for bash_operator_example to 2025-07-31 00:00:00+00:00, run_after=2025-08-01 00:00:00+00:00
[2025-08-01T01:18:11.402+0000] {processor.py:183} INFO - Processing /opt/airflow/dags/bash_operator_example.py took 0.652 seconds
[2025-08-01T01:18:41.830+0000] {processor.py:161} INFO - Started process (PID=661) to work on /opt/airflow/dags/bash_operator_example.py
[2025-08-01T01:18:41.831+0000] {processor.py:830} INFO - Processing file /opt/airflow/dags/bash_operator_example.py for tasks to queue
[2025-08-01T01:18:41.832+0000] {logging_mixin.py:188} INFO - [2025-08-01T01:18:41.832+0000] {dagbag.py:538} INFO - Filling up the DagBag from /opt/airflow/dags/bash_operator_example.py
[2025-08-01T01:18:41.859+0000] {processor.py:840} INFO - DAG(s) 'bash_operator_example' retrieved from /opt/airflow/dags/bash_operator_example.py
[2025-08-01T01:18:41.895+0000] {logging_mixin.py:188} INFO - [2025-08-01T01:18:41.894+0000] {dag.py:3036} INFO - Sync 1 DAGs
[2025-08-01T01:18:41.935+0000] {logging_mixin.py:188} INFO - [2025-08-01T01:18:41.933+0000] {dag.py:3823} INFO - Setting next_dagrun for bash_operator_example to 2025-07-31 00:00:00+00:00, run_after=2025-08-01 00:00:00+00:00
[2025-08-01T01:18:41.985+0000] {processor.py:183} INFO - Processing /opt/airflow/dags/bash_operator_example.py took 0.160 seconds
[2025-08-01T01:19:12.330+0000] {processor.py:161} INFO - Started process (PID=671) to work on /opt/airflow/dags/bash_operator_example.py
[2025-08-01T01:19:12.332+0000] {processor.py:830} INFO - Processing file /opt/airflow/dags/bash_operator_example.py for tasks to queue
[2025-08-01T01:19:12.335+0000] {logging_mixin.py:188} INFO - [2025-08-01T01:19:12.334+0000] {dagbag.py:538} INFO - Filling up the DagBag from /opt/airflow/dags/bash_operator_example.py
[2025-08-01T01:19:12.906+0000] {processor.py:840} INFO - DAG(s) 'bash_operator_example' retrieved from /opt/airflow/dags/bash_operator_example.py
[2025-08-01T01:19:13.464+0000] {logging_mixin.py:188} INFO - [2025-08-01T01:19:13.463+0000] {dag.py:3036} INFO - Sync 1 DAGs
[2025-08-01T01:19:13.666+0000] {logging_mixin.py:188} INFO - [2025-08-01T01:19:13.665+0000] {dag.py:3823} INFO - Setting next_dagrun for bash_operator_example to 2025-07-31 00:00:00+00:00, run_after=2025-08-01 00:00:00+00:00
[2025-08-01T01:19:13.957+0000] {processor.py:183} INFO - Processing /opt/airflow/dags/bash_operator_example.py took 1.653 seconds
[2025-08-01T01:19:44.836+0000] {processor.py:161} INFO - Started process (PID=682) to work on /opt/airflow/dags/bash_operator_example.py
[2025-08-01T01:19:44.838+0000] {processor.py:830} INFO - Processing file /opt/airflow/dags/bash_operator_example.py for tasks to queue
[2025-08-01T01:19:44.842+0000] {logging_mixin.py:188} INFO - [2025-08-01T01:19:44.841+0000] {dagbag.py:538} INFO - Filling up the DagBag from /opt/airflow/dags/bash_operator_example.py
[2025-08-01T01:19:44.908+0000] {processor.py:840} INFO - DAG(s) 'bash_operator_example' retrieved from /opt/airflow/dags/bash_operator_example.py
[2025-08-01T01:19:44.969+0000] {logging_mixin.py:188} INFO - [2025-08-01T01:19:44.969+0000] {dag.py:3036} INFO - Sync 1 DAGs
[2025-08-01T01:19:45.030+0000] {logging_mixin.py:188} INFO - [2025-08-01T01:19:45.029+0000] {dag.py:3823} INFO - Setting next_dagrun for bash_operator_example to 2025-07-31 00:00:00+00:00, run_after=2025-08-01 00:00:00+00:00
[2025-08-01T01:19:45.082+0000] {processor.py:183} INFO - Processing /opt/airflow/dags/bash_operator_example.py took 0.255 seconds
[2025-08-01T01:20:15.589+0000] {processor.py:161} INFO - Started process (PID=693) to work on /opt/airflow/dags/bash_operator_example.py
[2025-08-01T01:20:15.590+0000] {processor.py:830} INFO - Processing file /opt/airflow/dags/bash_operator_example.py for tasks to queue
[2025-08-01T01:20:15.591+0000] {logging_mixin.py:188} INFO - [2025-08-01T01:20:15.591+0000] {dagbag.py:538} INFO - Filling up the DagBag from /opt/airflow/dags/bash_operator_example.py
[2025-08-01T01:20:15.621+0000] {processor.py:840} INFO - DAG(s) 'bash_operator_example' retrieved from /opt/airflow/dags/bash_operator_example.py
[2025-08-01T01:20:15.654+0000] {logging_mixin.py:188} INFO - [2025-08-01T01:20:15.654+0000] {dag.py:3036} INFO - Sync 1 DAGs
[2025-08-01T01:20:15.696+0000] {logging_mixin.py:188} INFO - [2025-08-01T01:20:15.696+0000] {dag.py:3823} INFO - Setting next_dagrun for bash_operator_example to 2025-07-31 00:00:00+00:00, run_after=2025-08-01 00:00:00+00:00
[2025-08-01T01:20:15.735+0000] {processor.py:183} INFO - Processing /opt/airflow/dags/bash_operator_example.py took 0.151 seconds
[2025-08-01T01:20:45.982+0000] {processor.py:161} INFO - Started process (PID=703) to work on /opt/airflow/dags/bash_operator_example.py
[2025-08-01T01:20:45.983+0000] {processor.py:830} INFO - Processing file /opt/airflow/dags/bash_operator_example.py for tasks to queue
[2025-08-01T01:20:45.990+0000] {logging_mixin.py:188} INFO - [2025-08-01T01:20:45.989+0000] {dagbag.py:538} INFO - Filling up the DagBag from /opt/airflow/dags/bash_operator_example.py
[2025-08-01T01:20:46.146+0000] {processor.py:840} INFO - DAG(s) 'bash_operator_example' retrieved from /opt/airflow/dags/bash_operator_example.py
[2025-08-01T01:20:46.285+0000] {logging_mixin.py:188} INFO - [2025-08-01T01:20:46.285+0000] {dag.py:3036} INFO - Sync 1 DAGs
[2025-08-01T01:20:46.421+0000] {logging_mixin.py:188} INFO - [2025-08-01T01:20:46.420+0000] {dag.py:3823} INFO - Setting next_dagrun for bash_operator_example to 2025-07-31 00:00:00+00:00, run_after=2025-08-01 00:00:00+00:00
[2025-08-01T01:20:46.530+0000] {processor.py:183} INFO - Processing /opt/airflow/dags/bash_operator_example.py took 0.607 seconds
[2025-08-01T01:21:17.347+0000] {processor.py:161} INFO - Started process (PID=713) to work on /opt/airflow/dags/bash_operator_example.py
[2025-08-01T01:21:17.348+0000] {processor.py:830} INFO - Processing file /opt/airflow/dags/bash_operator_example.py for tasks to queue
[2025-08-01T01:21:17.352+0000] {logging_mixin.py:188} INFO - [2025-08-01T01:21:17.350+0000] {dagbag.py:538} INFO - Filling up the DagBag from /opt/airflow/dags/bash_operator_example.py
[2025-08-01T01:21:17.403+0000] {processor.py:840} INFO - DAG(s) 'bash_operator_example' retrieved from /opt/airflow/dags/bash_operator_example.py
[2025-08-01T01:21:17.457+0000] {logging_mixin.py:188} INFO - [2025-08-01T01:21:17.456+0000] {dag.py:3036} INFO - Sync 1 DAGs
[2025-08-01T01:21:17.520+0000] {logging_mixin.py:188} INFO - [2025-08-01T01:21:17.520+0000] {dag.py:3823} INFO - Setting next_dagrun for bash_operator_example to 2025-07-31 00:00:00+00:00, run_after=2025-08-01 00:00:00+00:00
[2025-08-01T01:21:17.558+0000] {processor.py:183} INFO - Processing /opt/airflow/dags/bash_operator_example.py took 0.216 seconds
[2025-08-01T01:21:48.397+0000] {processor.py:161} INFO - Started process (PID=723) to work on /opt/airflow/dags/bash_operator_example.py
[2025-08-01T01:21:48.399+0000] {processor.py:830} INFO - Processing file /opt/airflow/dags/bash_operator_example.py for tasks to queue
[2025-08-01T01:21:48.403+0000] {logging_mixin.py:188} INFO - [2025-08-01T01:21:48.401+0000] {dagbag.py:538} INFO - Filling up the DagBag from /opt/airflow/dags/bash_operator_example.py
[2025-08-01T01:21:48.491+0000] {processor.py:840} INFO - DAG(s) 'bash_operator_example' retrieved from /opt/airflow/dags/bash_operator_example.py
[2025-08-01T01:21:48.579+0000] {logging_mixin.py:188} INFO - [2025-08-01T01:21:48.579+0000] {dag.py:3036} INFO - Sync 1 DAGs
[2025-08-01T01:21:48.647+0000] {logging_mixin.py:188} INFO - [2025-08-01T01:21:48.646+0000] {dag.py:3823} INFO - Setting next_dagrun for bash_operator_example to 2025-07-31 00:00:00+00:00, run_after=2025-08-01 00:00:00+00:00
[2025-08-01T01:21:48.684+0000] {processor.py:183} INFO - Processing /opt/airflow/dags/bash_operator_example.py took 0.295 seconds
[2025-08-01T01:22:19.005+0000] {processor.py:161} INFO - Started process (PID=733) to work on /opt/airflow/dags/bash_operator_example.py
[2025-08-01T01:22:19.006+0000] {processor.py:830} INFO - Processing file /opt/airflow/dags/bash_operator_example.py for tasks to queue
[2025-08-01T01:22:19.008+0000] {logging_mixin.py:188} INFO - [2025-08-01T01:22:19.007+0000] {dagbag.py:538} INFO - Filling up the DagBag from /opt/airflow/dags/bash_operator_example.py
[2025-08-01T01:22:19.039+0000] {processor.py:840} INFO - DAG(s) 'bash_operator_example' retrieved from /opt/airflow/dags/bash_operator_example.py
[2025-08-01T01:22:19.074+0000] {logging_mixin.py:188} INFO - [2025-08-01T01:22:19.074+0000] {dag.py:3036} INFO - Sync 1 DAGs
[2025-08-01T01:22:19.109+0000] {logging_mixin.py:188} INFO - [2025-08-01T01:22:19.109+0000] {dag.py:3823} INFO - Setting next_dagrun for bash_operator_example to 2025-07-31 00:00:00+00:00, run_after=2025-08-01 00:00:00+00:00
[2025-08-01T01:22:19.137+0000] {processor.py:183} INFO - Processing /opt/airflow/dags/bash_operator_example.py took 0.138 seconds
[2025-08-01T01:22:49.350+0000] {processor.py:161} INFO - Started process (PID=742) to work on /opt/airflow/dags/bash_operator_example.py
[2025-08-01T01:22:49.351+0000] {processor.py:830} INFO - Processing file /opt/airflow/dags/bash_operator_example.py for tasks to queue
[2025-08-01T01:22:49.353+0000] {logging_mixin.py:188} INFO - [2025-08-01T01:22:49.353+0000] {dagbag.py:538} INFO - Filling up the DagBag from /opt/airflow/dags/bash_operator_example.py
[2025-08-01T01:22:49.398+0000] {processor.py:840} INFO - DAG(s) 'bash_operator_example' retrieved from /opt/airflow/dags/bash_operator_example.py
[2025-08-01T01:22:49.442+0000] {logging_mixin.py:188} INFO - [2025-08-01T01:22:49.441+0000] {dag.py:3036} INFO - Sync 1 DAGs
[2025-08-01T01:22:49.478+0000] {logging_mixin.py:188} INFO - [2025-08-01T01:22:49.477+0000] {dag.py:3823} INFO - Setting next_dagrun for bash_operator_example to 2025-07-31 00:00:00+00:00, run_after=2025-08-01 00:00:00+00:00
[2025-08-01T01:22:49.521+0000] {processor.py:183} INFO - Processing /opt/airflow/dags/bash_operator_example.py took 0.178 seconds
[2025-08-01T01:23:20.227+0000] {processor.py:161} INFO - Started process (PID=753) to work on /opt/airflow/dags/bash_operator_example.py
[2025-08-01T01:23:20.228+0000] {processor.py:830} INFO - Processing file /opt/airflow/dags/bash_operator_example.py for tasks to queue
[2025-08-01T01:23:20.231+0000] {logging_mixin.py:188} INFO - [2025-08-01T01:23:20.230+0000] {dagbag.py:538} INFO - Filling up the DagBag from /opt/airflow/dags/bash_operator_example.py
[2025-08-01T01:23:20.273+0000] {processor.py:840} INFO - DAG(s) 'bash_operator_example' retrieved from /opt/airflow/dags/bash_operator_example.py
[2025-08-01T01:23:20.337+0000] {logging_mixin.py:188} INFO - [2025-08-01T01:23:20.337+0000] {dag.py:3036} INFO - Sync 1 DAGs
[2025-08-01T01:23:20.374+0000] {logging_mixin.py:188} INFO - [2025-08-01T01:23:20.374+0000] {dag.py:3823} INFO - Setting next_dagrun for bash_operator_example to 2025-07-31 00:00:00+00:00, run_after=2025-08-01 00:00:00+00:00
[2025-08-01T01:23:20.407+0000] {processor.py:183} INFO - Processing /opt/airflow/dags/bash_operator_example.py took 0.187 seconds
[2025-08-01T01:23:50.846+0000] {processor.py:161} INFO - Started process (PID=763) to work on /opt/airflow/dags/bash_operator_example.py
[2025-08-01T01:23:50.847+0000] {processor.py:830} INFO - Processing file /opt/airflow/dags/bash_operator_example.py for tasks to queue
[2025-08-01T01:23:50.849+0000] {logging_mixin.py:188} INFO - [2025-08-01T01:23:50.849+0000] {dagbag.py:538} INFO - Filling up the DagBag from /opt/airflow/dags/bash_operator_example.py
[2025-08-01T01:23:50.913+0000] {processor.py:840} INFO - DAG(s) 'bash_operator_example' retrieved from /opt/airflow/dags/bash_operator_example.py
[2025-08-01T01:23:50.952+0000] {logging_mixin.py:188} INFO - [2025-08-01T01:23:50.952+0000] {dag.py:3036} INFO - Sync 1 DAGs
[2025-08-01T01:23:50.992+0000] {logging_mixin.py:188} INFO - [2025-08-01T01:23:50.992+0000] {dag.py:3823} INFO - Setting next_dagrun for bash_operator_example to 2025-07-31 00:00:00+00:00, run_after=2025-08-01 00:00:00+00:00
[2025-08-01T01:23:51.022+0000] {processor.py:183} INFO - Processing /opt/airflow/dags/bash_operator_example.py took 0.184 seconds
[2025-08-01T01:24:21.345+0000] {processor.py:161} INFO - Started process (PID=773) to work on /opt/airflow/dags/bash_operator_example.py
[2025-08-01T01:24:21.351+0000] {processor.py:830} INFO - Processing file /opt/airflow/dags/bash_operator_example.py for tasks to queue
[2025-08-01T01:24:21.353+0000] {logging_mixin.py:188} INFO - [2025-08-01T01:24:21.352+0000] {dagbag.py:538} INFO - Filling up the DagBag from /opt/airflow/dags/bash_operator_example.py
[2025-08-01T01:24:21.469+0000] {processor.py:840} INFO - DAG(s) 'bash_operator_example' retrieved from /opt/airflow/dags/bash_operator_example.py
[2025-08-01T01:24:21.584+0000] {logging_mixin.py:188} INFO - [2025-08-01T01:24:21.584+0000] {dag.py:3036} INFO - Sync 1 DAGs
[2025-08-01T01:24:21.643+0000] {logging_mixin.py:188} INFO - [2025-08-01T01:24:21.643+0000] {dag.py:3823} INFO - Setting next_dagrun for bash_operator_example to 2025-07-31 00:00:00+00:00, run_after=2025-08-01 00:00:00+00:00
[2025-08-01T01:24:21.992+0000] {processor.py:183} INFO - Processing /opt/airflow/dags/bash_operator_example.py took 0.677 seconds
[2025-08-01T01:24:52.289+0000] {processor.py:161} INFO - Started process (PID=783) to work on /opt/airflow/dags/bash_operator_example.py
[2025-08-01T01:24:52.291+0000] {processor.py:830} INFO - Processing file /opt/airflow/dags/bash_operator_example.py for tasks to queue
[2025-08-01T01:24:52.293+0000] {logging_mixin.py:188} INFO - [2025-08-01T01:24:52.292+0000] {dagbag.py:538} INFO - Filling up the DagBag from /opt/airflow/dags/bash_operator_example.py
[2025-08-01T01:24:52.319+0000] {processor.py:840} INFO - DAG(s) 'bash_operator_example' retrieved from /opt/airflow/dags/bash_operator_example.py
[2025-08-01T01:24:52.358+0000] {logging_mixin.py:188} INFO - [2025-08-01T01:24:52.352+0000] {dag.py:3036} INFO - Sync 1 DAGs
[2025-08-01T01:24:52.440+0000] {logging_mixin.py:188} INFO - [2025-08-01T01:24:52.439+0000] {dag.py:3823} INFO - Setting next_dagrun for bash_operator_example to 2025-07-31 00:00:00+00:00, run_after=2025-08-01 00:00:00+00:00
[2025-08-01T01:24:52.494+0000] {processor.py:183} INFO - Processing /opt/airflow/dags/bash_operator_example.py took 0.212 seconds
[2025-08-01T01:25:23.165+0000] {processor.py:161} INFO - Started process (PID=793) to work on /opt/airflow/dags/bash_operator_example.py
[2025-08-01T01:25:23.166+0000] {processor.py:830} INFO - Processing file /opt/airflow/dags/bash_operator_example.py for tasks to queue
[2025-08-01T01:25:23.168+0000] {logging_mixin.py:188} INFO - [2025-08-01T01:25:23.167+0000] {dagbag.py:538} INFO - Filling up the DagBag from /opt/airflow/dags/bash_operator_example.py
[2025-08-01T01:25:23.192+0000] {processor.py:840} INFO - DAG(s) 'bash_operator_example' retrieved from /opt/airflow/dags/bash_operator_example.py
[2025-08-01T01:25:23.220+0000] {logging_mixin.py:188} INFO - [2025-08-01T01:25:23.220+0000] {dag.py:3036} INFO - Sync 1 DAGs
[2025-08-01T01:25:23.246+0000] {logging_mixin.py:188} INFO - [2025-08-01T01:25:23.246+0000] {dag.py:3823} INFO - Setting next_dagrun for bash_operator_example to 2025-07-31 00:00:00+00:00, run_after=2025-08-01 00:00:00+00:00
[2025-08-01T01:25:23.272+0000] {processor.py:183} INFO - Processing /opt/airflow/dags/bash_operator_example.py took 0.110 seconds
[2025-08-01T01:25:54.022+0000] {processor.py:161} INFO - Started process (PID=803) to work on /opt/airflow/dags/bash_operator_example.py
[2025-08-01T01:25:54.023+0000] {processor.py:830} INFO - Processing file /opt/airflow/dags/bash_operator_example.py for tasks to queue
[2025-08-01T01:25:54.025+0000] {logging_mixin.py:188} INFO - [2025-08-01T01:25:54.024+0000] {dagbag.py:538} INFO - Filling up the DagBag from /opt/airflow/dags/bash_operator_example.py
[2025-08-01T01:25:54.053+0000] {processor.py:840} INFO - DAG(s) 'bash_operator_example' retrieved from /opt/airflow/dags/bash_operator_example.py
[2025-08-01T01:25:54.093+0000] {logging_mixin.py:188} INFO - [2025-08-01T01:25:54.093+0000] {dag.py:3036} INFO - Sync 1 DAGs
[2025-08-01T01:25:54.129+0000] {logging_mixin.py:188} INFO - [2025-08-01T01:25:54.129+0000] {dag.py:3823} INFO - Setting next_dagrun for bash_operator_example to 2025-07-31 00:00:00+00:00, run_after=2025-08-01 00:00:00+00:00
[2025-08-01T01:25:54.158+0000] {processor.py:183} INFO - Processing /opt/airflow/dags/bash_operator_example.py took 0.142 seconds
[2025-08-01T01:26:24.853+0000] {processor.py:161} INFO - Started process (PID=814) to work on /opt/airflow/dags/bash_operator_example.py
[2025-08-01T01:26:24.854+0000] {processor.py:830} INFO - Processing file /opt/airflow/dags/bash_operator_example.py for tasks to queue
[2025-08-01T01:26:24.855+0000] {logging_mixin.py:188} INFO - [2025-08-01T01:26:24.854+0000] {dagbag.py:538} INFO - Filling up the DagBag from /opt/airflow/dags/bash_operator_example.py
[2025-08-01T01:26:24.878+0000] {processor.py:840} INFO - DAG(s) 'bash_operator_example' retrieved from /opt/airflow/dags/bash_operator_example.py
[2025-08-01T01:26:24.905+0000] {logging_mixin.py:188} INFO - [2025-08-01T01:26:24.905+0000] {dag.py:3036} INFO - Sync 1 DAGs
[2025-08-01T01:26:24.947+0000] {logging_mixin.py:188} INFO - [2025-08-01T01:26:24.947+0000] {dag.py:3823} INFO - Setting next_dagrun for bash_operator_example to 2025-07-31 00:00:00+00:00, run_after=2025-08-01 00:00:00+00:00
[2025-08-01T01:26:24.980+0000] {processor.py:183} INFO - Processing /opt/airflow/dags/bash_operator_example.py took 0.131 seconds
[2025-08-01T01:26:55.308+0000] {processor.py:161} INFO - Started process (PID=824) to work on /opt/airflow/dags/bash_operator_example.py
[2025-08-01T01:26:55.309+0000] {processor.py:830} INFO - Processing file /opt/airflow/dags/bash_operator_example.py for tasks to queue
[2025-08-01T01:26:55.311+0000] {logging_mixin.py:188} INFO - [2025-08-01T01:26:55.310+0000] {dagbag.py:538} INFO - Filling up the DagBag from /opt/airflow/dags/bash_operator_example.py
[2025-08-01T01:26:55.368+0000] {processor.py:840} INFO - DAG(s) 'bash_operator_example' retrieved from /opt/airflow/dags/bash_operator_example.py
[2025-08-01T01:26:55.421+0000] {logging_mixin.py:188} INFO - [2025-08-01T01:26:55.421+0000] {dag.py:3036} INFO - Sync 1 DAGs
[2025-08-01T01:26:55.474+0000] {logging_mixin.py:188} INFO - [2025-08-01T01:26:55.474+0000] {dag.py:3823} INFO - Setting next_dagrun for bash_operator_example to 2025-07-31 00:00:00+00:00, run_after=2025-08-01 00:00:00+00:00
[2025-08-01T01:26:55.532+0000] {processor.py:183} INFO - Processing /opt/airflow/dags/bash_operator_example.py took 0.229 seconds
[2025-08-01T01:27:25.764+0000] {processor.py:161} INFO - Started process (PID=834) to work on /opt/airflow/dags/bash_operator_example.py
[2025-08-01T01:27:25.765+0000] {processor.py:830} INFO - Processing file /opt/airflow/dags/bash_operator_example.py for tasks to queue
[2025-08-01T01:27:25.767+0000] {logging_mixin.py:188} INFO - [2025-08-01T01:27:25.766+0000] {dagbag.py:538} INFO - Filling up the DagBag from /opt/airflow/dags/bash_operator_example.py
[2025-08-01T01:27:25.795+0000] {processor.py:840} INFO - DAG(s) 'bash_operator_example' retrieved from /opt/airflow/dags/bash_operator_example.py
[2025-08-01T01:27:25.838+0000] {logging_mixin.py:188} INFO - [2025-08-01T01:27:25.837+0000] {dag.py:3036} INFO - Sync 1 DAGs
[2025-08-01T01:27:25.875+0000] {logging_mixin.py:188} INFO - [2025-08-01T01:27:25.874+0000] {dag.py:3823} INFO - Setting next_dagrun for bash_operator_example to 2025-07-31 00:00:00+00:00, run_after=2025-08-01 00:00:00+00:00
[2025-08-01T01:27:26.247+0000] {processor.py:183} INFO - Processing /opt/airflow/dags/bash_operator_example.py took 0.490 seconds
[2025-08-01T01:27:56.385+0000] {processor.py:161} INFO - Started process (PID=844) to work on /opt/airflow/dags/bash_operator_example.py
[2025-08-01T01:27:56.386+0000] {processor.py:830} INFO - Processing file /opt/airflow/dags/bash_operator_example.py for tasks to queue
[2025-08-01T01:27:56.387+0000] {logging_mixin.py:188} INFO - [2025-08-01T01:27:56.387+0000] {dagbag.py:538} INFO - Filling up the DagBag from /opt/airflow/dags/bash_operator_example.py
[2025-08-01T01:27:56.414+0000] {processor.py:840} INFO - DAG(s) 'bash_operator_example' retrieved from /opt/airflow/dags/bash_operator_example.py
[2025-08-01T01:27:56.460+0000] {logging_mixin.py:188} INFO - [2025-08-01T01:27:56.459+0000] {dag.py:3036} INFO - Sync 1 DAGs
[2025-08-01T01:27:56.498+0000] {logging_mixin.py:188} INFO - [2025-08-01T01:27:56.498+0000] {dag.py:3823} INFO - Setting next_dagrun for bash_operator_example to 2025-07-31 00:00:00+00:00, run_after=2025-08-01 00:00:00+00:00
[2025-08-01T01:27:56.532+0000] {processor.py:183} INFO - Processing /opt/airflow/dags/bash_operator_example.py took 0.154 seconds
[2025-08-01T01:28:27.108+0000] {processor.py:161} INFO - Started process (PID=855) to work on /opt/airflow/dags/bash_operator_example.py
[2025-08-01T01:28:27.109+0000] {processor.py:830} INFO - Processing file /opt/airflow/dags/bash_operator_example.py for tasks to queue
[2025-08-01T01:28:27.110+0000] {logging_mixin.py:188} INFO - [2025-08-01T01:28:27.110+0000] {dagbag.py:538} INFO - Filling up the DagBag from /opt/airflow/dags/bash_operator_example.py
[2025-08-01T01:28:27.135+0000] {processor.py:840} INFO - DAG(s) 'bash_operator_example' retrieved from /opt/airflow/dags/bash_operator_example.py
[2025-08-01T01:28:27.168+0000] {logging_mixin.py:188} INFO - [2025-08-01T01:28:27.167+0000] {dag.py:3036} INFO - Sync 1 DAGs
[2025-08-01T01:28:27.204+0000] {logging_mixin.py:188} INFO - [2025-08-01T01:28:27.204+0000] {dag.py:3823} INFO - Setting next_dagrun for bash_operator_example to 2025-07-31 00:00:00+00:00, run_after=2025-08-01 00:00:00+00:00
[2025-08-01T01:28:27.240+0000] {processor.py:183} INFO - Processing /opt/airflow/dags/bash_operator_example.py took 0.136 seconds
[2025-08-01T01:28:57.499+0000] {processor.py:161} INFO - Started process (PID=865) to work on /opt/airflow/dags/bash_operator_example.py
[2025-08-01T01:28:57.501+0000] {processor.py:830} INFO - Processing file /opt/airflow/dags/bash_operator_example.py for tasks to queue
[2025-08-01T01:28:57.503+0000] {logging_mixin.py:188} INFO - [2025-08-01T01:28:57.502+0000] {dagbag.py:538} INFO - Filling up the DagBag from /opt/airflow/dags/bash_operator_example.py
[2025-08-01T01:28:57.563+0000] {processor.py:840} INFO - DAG(s) 'bash_operator_example' retrieved from /opt/airflow/dags/bash_operator_example.py
[2025-08-01T01:28:57.626+0000] {logging_mixin.py:188} INFO - [2025-08-01T01:28:57.626+0000] {dag.py:3036} INFO - Sync 1 DAGs
[2025-08-01T01:28:57.677+0000] {logging_mixin.py:188} INFO - [2025-08-01T01:28:57.676+0000] {dag.py:3823} INFO - Setting next_dagrun for bash_operator_example to 2025-07-31 00:00:00+00:00, run_after=2025-08-01 00:00:00+00:00
[2025-08-01T01:28:57.706+0000] {processor.py:183} INFO - Processing /opt/airflow/dags/bash_operator_example.py took 0.220 seconds
[2025-08-01T01:29:28.229+0000] {processor.py:161} INFO - Started process (PID=875) to work on /opt/airflow/dags/bash_operator_example.py
[2025-08-01T01:29:28.230+0000] {processor.py:830} INFO - Processing file /opt/airflow/dags/bash_operator_example.py for tasks to queue
[2025-08-01T01:29:28.234+0000] {logging_mixin.py:188} INFO - [2025-08-01T01:29:28.233+0000] {dagbag.py:538} INFO - Filling up the DagBag from /opt/airflow/dags/bash_operator_example.py
[2025-08-01T01:29:28.291+0000] {processor.py:840} INFO - DAG(s) 'bash_operator_example' retrieved from /opt/airflow/dags/bash_operator_example.py
[2025-08-01T01:29:28.346+0000] {logging_mixin.py:188} INFO - [2025-08-01T01:29:28.346+0000] {dag.py:3036} INFO - Sync 1 DAGs
[2025-08-01T01:29:28.424+0000] {logging_mixin.py:188} INFO - [2025-08-01T01:29:28.424+0000] {dag.py:3823} INFO - Setting next_dagrun for bash_operator_example to 2025-07-31 00:00:00+00:00, run_after=2025-08-01 00:00:00+00:00
[2025-08-01T01:29:28.487+0000] {processor.py:183} INFO - Processing /opt/airflow/dags/bash_operator_example.py took 0.265 seconds
[2025-08-01T01:29:59.299+0000] {processor.py:161} INFO - Started process (PID=891) to work on /opt/airflow/dags/bash_operator_example.py
[2025-08-01T01:29:59.303+0000] {processor.py:830} INFO - Processing file /opt/airflow/dags/bash_operator_example.py for tasks to queue
[2025-08-01T01:29:59.306+0000] {logging_mixin.py:188} INFO - [2025-08-01T01:29:59.305+0000] {dagbag.py:538} INFO - Filling up the DagBag from /opt/airflow/dags/bash_operator_example.py
[2025-08-01T01:29:59.339+0000] {processor.py:840} INFO - DAG(s) 'bash_operator_example' retrieved from /opt/airflow/dags/bash_operator_example.py
[2025-08-01T01:29:59.384+0000] {logging_mixin.py:188} INFO - [2025-08-01T01:29:59.383+0000] {dag.py:3036} INFO - Sync 1 DAGs
[2025-08-01T01:29:59.457+0000] {logging_mixin.py:188} INFO - [2025-08-01T01:29:59.457+0000] {dag.py:3823} INFO - Setting next_dagrun for bash_operator_example to 2025-07-31 00:00:00+00:00, run_after=2025-08-01 00:00:00+00:00
[2025-08-01T01:29:59.764+0000] {processor.py:183} INFO - Processing /opt/airflow/dags/bash_operator_example.py took 0.470 seconds
[2025-08-01T01:30:30.268+0000] {processor.py:161} INFO - Started process (PID=900) to work on /opt/airflow/dags/bash_operator_example.py
[2025-08-01T01:30:30.269+0000] {processor.py:830} INFO - Processing file /opt/airflow/dags/bash_operator_example.py for tasks to queue
[2025-08-01T01:30:30.271+0000] {logging_mixin.py:188} INFO - [2025-08-01T01:30:30.271+0000] {dagbag.py:538} INFO - Filling up the DagBag from /opt/airflow/dags/bash_operator_example.py
[2025-08-01T01:30:30.317+0000] {processor.py:840} INFO - DAG(s) 'bash_operator_example' retrieved from /opt/airflow/dags/bash_operator_example.py
[2025-08-01T01:30:30.363+0000] {logging_mixin.py:188} INFO - [2025-08-01T01:30:30.363+0000] {dag.py:3036} INFO - Sync 1 DAGs
[2025-08-01T01:30:30.430+0000] {logging_mixin.py:188} INFO - [2025-08-01T01:30:30.430+0000] {dag.py:3823} INFO - Setting next_dagrun for bash_operator_example to 2025-07-31 00:00:00+00:00, run_after=2025-08-01 00:00:00+00:00
[2025-08-01T01:30:30.475+0000] {processor.py:183} INFO - Processing /opt/airflow/dags/bash_operator_example.py took 0.226 seconds
