[2025-08-01T00:00:18.707+0000] {processor.py:161} INFO - Started process (PID=133) to work on /opt/airflow/dags/dataproc_gcs_to_bq.py
[2025-08-01T00:00:18.710+0000] {processor.py:830} INFO - Processing file /opt/airflow/dags/dataproc_gcs_to_bq.py for tasks to queue
[2025-08-01T00:00:18.715+0000] {logging_mixin.py:188} INFO - [2025-08-01T00:00:18.715+0000] {dagbag.py:538} INFO - Filling up the DagBag from /opt/airflow/dags/dataproc_gcs_to_bq.py
[2025-08-01T00:00:18.794+0000] {processor.py:840} INFO - DAG(s) 'dataproc_gcs_to_bq' retrieved from /opt/airflow/dags/dataproc_gcs_to_bq.py
[2025-08-01T00:00:19.481+0000] {logging_mixin.py:188} INFO - [2025-08-01T00:00:19.480+0000] {dag.py:3036} INFO - Sync 1 DAGs
[2025-08-01T00:00:19.966+0000] {logging_mixin.py:188} INFO - [2025-08-01T00:00:19.965+0000] {dag.py:3823} INFO - Setting next_dagrun for dataproc_gcs_to_bq to None, run_after=None
[2025-08-01T00:00:20.013+0000] {processor.py:183} INFO - Processing /opt/airflow/dags/dataproc_gcs_to_bq.py took 1.317 seconds
[2025-08-01T00:00:50.846+0000] {processor.py:161} INFO - Started process (PID=145) to work on /opt/airflow/dags/dataproc_gcs_to_bq.py
[2025-08-01T00:00:50.847+0000] {processor.py:830} INFO - Processing file /opt/airflow/dags/dataproc_gcs_to_bq.py for tasks to queue
[2025-08-01T00:00:50.850+0000] {logging_mixin.py:188} INFO - [2025-08-01T00:00:50.850+0000] {dagbag.py:538} INFO - Filling up the DagBag from /opt/airflow/dags/dataproc_gcs_to_bq.py
[2025-08-01T00:00:51.020+0000] {processor.py:840} INFO - DAG(s) 'dataproc_gcs_to_bq' retrieved from /opt/airflow/dags/dataproc_gcs_to_bq.py
[2025-08-01T00:00:51.288+0000] {logging_mixin.py:188} INFO - [2025-08-01T00:00:51.286+0000] {dag.py:3036} INFO - Sync 1 DAGs
[2025-08-01T00:00:51.448+0000] {logging_mixin.py:188} INFO - [2025-08-01T00:00:51.447+0000] {dag.py:3823} INFO - Setting next_dagrun for dataproc_gcs_to_bq to None, run_after=None
[2025-08-01T00:00:51.660+0000] {processor.py:183} INFO - Processing /opt/airflow/dags/dataproc_gcs_to_bq.py took 0.826 seconds
[2025-08-01T00:01:23.808+0000] {processor.py:161} INFO - Started process (PID=154) to work on /opt/airflow/dags/dataproc_gcs_to_bq.py
[2025-08-01T00:01:23.823+0000] {processor.py:830} INFO - Processing file /opt/airflow/dags/dataproc_gcs_to_bq.py for tasks to queue
[2025-08-01T00:01:23.870+0000] {logging_mixin.py:188} INFO - [2025-08-01T00:01:23.867+0000] {dagbag.py:538} INFO - Filling up the DagBag from /opt/airflow/dags/dataproc_gcs_to_bq.py
[2025-08-01T00:01:24.119+0000] {processor.py:840} INFO - DAG(s) 'dataproc_gcs_to_bq' retrieved from /opt/airflow/dags/dataproc_gcs_to_bq.py
[2025-08-01T00:01:24.411+0000] {logging_mixin.py:188} INFO - [2025-08-01T00:01:24.409+0000] {dag.py:3036} INFO - Sync 1 DAGs
[2025-08-01T00:01:24.446+0000] {logging_mixin.py:188} INFO - [2025-08-01T00:01:24.445+0000] {dag.py:3823} INFO - Setting next_dagrun for dataproc_gcs_to_bq to None, run_after=None
[2025-08-01T00:01:24.617+0000] {processor.py:183} INFO - Processing /opt/airflow/dags/dataproc_gcs_to_bq.py took 0.840 seconds
[2025-08-01T00:01:55.198+0000] {processor.py:161} INFO - Started process (PID=163) to work on /opt/airflow/dags/dataproc_gcs_to_bq.py
[2025-08-01T00:01:55.200+0000] {processor.py:830} INFO - Processing file /opt/airflow/dags/dataproc_gcs_to_bq.py for tasks to queue
[2025-08-01T00:01:55.203+0000] {logging_mixin.py:188} INFO - [2025-08-01T00:01:55.202+0000] {dagbag.py:538} INFO - Filling up the DagBag from /opt/airflow/dags/dataproc_gcs_to_bq.py
[2025-08-01T00:01:55.263+0000] {processor.py:840} INFO - DAG(s) 'dataproc_gcs_to_bq' retrieved from /opt/airflow/dags/dataproc_gcs_to_bq.py
[2025-08-01T00:01:55.356+0000] {logging_mixin.py:188} INFO - [2025-08-01T00:01:55.353+0000] {dag.py:3036} INFO - Sync 1 DAGs
[2025-08-01T00:01:55.403+0000] {logging_mixin.py:188} INFO - [2025-08-01T00:01:55.402+0000] {dag.py:3823} INFO - Setting next_dagrun for dataproc_gcs_to_bq to None, run_after=None
[2025-08-01T00:01:55.436+0000] {processor.py:183} INFO - Processing /opt/airflow/dags/dataproc_gcs_to_bq.py took 0.248 seconds
[2025-08-01T00:02:26.002+0000] {processor.py:161} INFO - Started process (PID=173) to work on /opt/airflow/dags/dataproc_gcs_to_bq.py
[2025-08-01T00:02:26.005+0000] {processor.py:830} INFO - Processing file /opt/airflow/dags/dataproc_gcs_to_bq.py for tasks to queue
[2025-08-01T00:02:26.007+0000] {logging_mixin.py:188} INFO - [2025-08-01T00:02:26.007+0000] {dagbag.py:538} INFO - Filling up the DagBag from /opt/airflow/dags/dataproc_gcs_to_bq.py
[2025-08-01T00:02:26.070+0000] {processor.py:840} INFO - DAG(s) 'dataproc_gcs_to_bq' retrieved from /opt/airflow/dags/dataproc_gcs_to_bq.py
[2025-08-01T00:02:26.223+0000] {logging_mixin.py:188} INFO - [2025-08-01T00:02:26.222+0000] {dag.py:3036} INFO - Sync 1 DAGs
[2025-08-01T00:02:26.288+0000] {logging_mixin.py:188} INFO - [2025-08-01T00:02:26.287+0000] {dag.py:3823} INFO - Setting next_dagrun for dataproc_gcs_to_bq to None, run_after=None
[2025-08-01T00:02:26.402+0000] {processor.py:183} INFO - Processing /opt/airflow/dags/dataproc_gcs_to_bq.py took 0.417 seconds
