[2025-08-01T00:00:19.794+0000] {processor.py:161} INFO - Started process (PID=136) to work on /opt/airflow/dags/hello_world_dag.py
[2025-08-01T00:00:19.796+0000] {processor.py:830} INFO - Processing file /opt/airflow/dags/hello_world_dag.py for tasks to queue
[2025-08-01T00:00:19.813+0000] {logging_mixin.py:188} INFO - [2025-08-01T00:00:19.813+0000] {dagbag.py:538} INFO - Filling up the DagBag from /opt/airflow/dags/hello_world_dag.py
[2025-08-01T00:00:19.923+0000] {processor.py:840} INFO - DAG(s) 'hello_world_dag' retrieved from /opt/airflow/dags/hello_world_dag.py
[2025-08-01T00:00:19.981+0000] {logging_mixin.py:188} INFO - [2025-08-01T00:00:19.980+0000] {dag.py:3036} INFO - Sync 1 DAGs
[2025-08-01T00:00:20.035+0000] {logging_mixin.py:188} INFO - [2025-08-01T00:00:20.035+0000] {dag.py:3823} INFO - Setting next_dagrun for hello_world_dag to 2025-07-31 00:00:00+00:00, run_after=2025-08-01 00:00:00+00:00
[2025-08-01T00:00:20.077+0000] {processor.py:183} INFO - Processing /opt/airflow/dags/hello_world_dag.py took 0.291 seconds
[2025-08-01T00:00:51.407+0000] {processor.py:161} INFO - Started process (PID=146) to work on /opt/airflow/dags/hello_world_dag.py
[2025-08-01T00:00:51.416+0000] {processor.py:830} INFO - Processing file /opt/airflow/dags/hello_world_dag.py for tasks to queue
[2025-08-01T00:00:51.425+0000] {logging_mixin.py:188} INFO - [2025-08-01T00:00:51.424+0000] {dagbag.py:538} INFO - Filling up the DagBag from /opt/airflow/dags/hello_world_dag.py
[2025-08-01T00:00:51.944+0000] {processor.py:840} INFO - DAG(s) 'hello_world_dag' retrieved from /opt/airflow/dags/hello_world_dag.py
[2025-08-01T00:00:52.121+0000] {logging_mixin.py:188} INFO - [2025-08-01T00:00:52.120+0000] {dag.py:3036} INFO - Sync 1 DAGs
[2025-08-01T00:00:52.312+0000] {logging_mixin.py:188} INFO - [2025-08-01T00:00:52.312+0000] {dag.py:3823} INFO - Setting next_dagrun for hello_world_dag to 2025-07-31 00:00:00+00:00, run_after=2025-08-01 00:00:00+00:00
[2025-08-01T00:00:52.493+0000] {processor.py:183} INFO - Processing /opt/airflow/dags/hello_world_dag.py took 1.146 seconds
[2025-08-01T00:01:24.529+0000] {processor.py:161} INFO - Started process (PID=155) to work on /opt/airflow/dags/hello_world_dag.py
[2025-08-01T00:01:24.530+0000] {processor.py:830} INFO - Processing file /opt/airflow/dags/hello_world_dag.py for tasks to queue
[2025-08-01T00:01:24.544+0000] {logging_mixin.py:188} INFO - [2025-08-01T00:01:24.543+0000] {dagbag.py:538} INFO - Filling up the DagBag from /opt/airflow/dags/hello_world_dag.py
[2025-08-01T00:01:24.901+0000] {processor.py:840} INFO - DAG(s) 'hello_world_dag' retrieved from /opt/airflow/dags/hello_world_dag.py
[2025-08-01T00:01:25.063+0000] {logging_mixin.py:188} INFO - [2025-08-01T00:01:25.062+0000] {dag.py:3036} INFO - Sync 1 DAGs
[2025-08-01T00:01:25.158+0000] {logging_mixin.py:188} INFO - [2025-08-01T00:01:25.155+0000] {dag.py:3823} INFO - Setting next_dagrun for hello_world_dag to 2025-07-31 00:00:00+00:00, run_after=2025-08-01 00:00:00+00:00
[2025-08-01T00:01:25.312+0000] {processor.py:183} INFO - Processing /opt/airflow/dags/hello_world_dag.py took 0.803 seconds
[2025-08-01T00:01:55.520+0000] {processor.py:161} INFO - Started process (PID=164) to work on /opt/airflow/dags/hello_world_dag.py
[2025-08-01T00:01:55.522+0000] {processor.py:830} INFO - Processing file /opt/airflow/dags/hello_world_dag.py for tasks to queue
[2025-08-01T00:01:55.525+0000] {logging_mixin.py:188} INFO - [2025-08-01T00:01:55.524+0000] {dagbag.py:538} INFO - Filling up the DagBag from /opt/airflow/dags/hello_world_dag.py
[2025-08-01T00:01:55.577+0000] {processor.py:840} INFO - DAG(s) 'hello_world_dag' retrieved from /opt/airflow/dags/hello_world_dag.py
[2025-08-01T00:01:55.623+0000] {logging_mixin.py:188} INFO - [2025-08-01T00:01:55.622+0000] {dag.py:3036} INFO - Sync 1 DAGs
[2025-08-01T00:01:55.654+0000] {logging_mixin.py:188} INFO - [2025-08-01T00:01:55.654+0000] {dag.py:3823} INFO - Setting next_dagrun for hello_world_dag to 2025-07-31 00:00:00+00:00, run_after=2025-08-01 00:00:00+00:00
[2025-08-01T00:01:55.688+0000] {processor.py:183} INFO - Processing /opt/airflow/dags/hello_world_dag.py took 0.177 seconds
[2025-08-01T00:02:26.039+0000] {processor.py:161} INFO - Started process (PID=174) to work on /opt/airflow/dags/hello_world_dag.py
[2025-08-01T00:02:26.042+0000] {processor.py:830} INFO - Processing file /opt/airflow/dags/hello_world_dag.py for tasks to queue
[2025-08-01T00:02:26.046+0000] {logging_mixin.py:188} INFO - [2025-08-01T00:02:26.045+0000] {dagbag.py:538} INFO - Filling up the DagBag from /opt/airflow/dags/hello_world_dag.py
[2025-08-01T00:02:26.256+0000] {processor.py:840} INFO - DAG(s) 'hello_world_dag' retrieved from /opt/airflow/dags/hello_world_dag.py
[2025-08-01T00:02:26.431+0000] {logging_mixin.py:188} INFO - [2025-08-01T00:02:26.430+0000] {dag.py:3036} INFO - Sync 1 DAGs
[2025-08-01T00:02:26.664+0000] {logging_mixin.py:188} INFO - [2025-08-01T00:02:26.652+0000] {dag.py:3823} INFO - Setting next_dagrun for hello_world_dag to 2025-07-31 00:00:00+00:00, run_after=2025-08-01 00:00:00+00:00
[2025-08-01T00:02:26.904+0000] {processor.py:183} INFO - Processing /opt/airflow/dags/hello_world_dag.py took 0.874 seconds
