[2025-08-01T00:00:26.945+0000] {processor.py:161} INFO - Started process (PID=197) to work on /opt/airflow/dags/bash_operator_example.py
[2025-08-01T00:00:26.946+0000] {processor.py:830} INFO - Processing file /opt/airflow/dags/bash_operator_example.py for tasks to queue
[2025-08-01T00:00:26.948+0000] {logging_mixin.py:188} INFO - [2025-08-01T00:00:26.947+0000] {dagbag.py:538} INFO - Filling up the DagBag from /opt/airflow/dags/bash_operator_example.py
[2025-08-01T00:00:26.999+0000] {processor.py:840} INFO - DAG(s) 'bash_operator_example' retrieved from /opt/airflow/dags/bash_operator_example.py
[2025-08-01T00:00:27.111+0000] {logging_mixin.py:188} INFO - [2025-08-01T00:00:27.111+0000] {dag.py:3036} INFO - Sync 1 DAGs
[2025-08-01T00:00:27.224+0000] {logging_mixin.py:188} INFO - [2025-08-01T00:00:27.223+0000] {dag.py:3823} INFO - Setting next_dagrun for bash_operator_example to 2025-07-31 00:00:00+00:00, run_after=2025-08-01 00:00:00+00:00
[2025-08-01T00:00:27.279+0000] {processor.py:183} INFO - Processing /opt/airflow/dags/bash_operator_example.py took 0.343 seconds
[2025-08-01T00:00:57.706+0000] {processor.py:161} INFO - Started process (PID=206) to work on /opt/airflow/dags/bash_operator_example.py
[2025-08-01T00:00:57.718+0000] {processor.py:830} INFO - Processing file /opt/airflow/dags/bash_operator_example.py for tasks to queue
[2025-08-01T00:00:57.738+0000] {logging_mixin.py:188} INFO - [2025-08-01T00:00:57.737+0000] {dagbag.py:538} INFO - Filling up the DagBag from /opt/airflow/dags/bash_operator_example.py
[2025-08-01T00:00:57.878+0000] {processor.py:840} INFO - DAG(s) 'bash_operator_example' retrieved from /opt/airflow/dags/bash_operator_example.py
[2025-08-01T00:00:57.971+0000] {logging_mixin.py:188} INFO - [2025-08-01T00:00:57.971+0000] {dag.py:3036} INFO - Sync 1 DAGs
[2025-08-01T00:00:58.075+0000] {logging_mixin.py:188} INFO - [2025-08-01T00:00:58.074+0000] {dag.py:3823} INFO - Setting next_dagrun for bash_operator_example to 2025-07-31 00:00:00+00:00, run_after=2025-08-01 00:00:00+00:00
[2025-08-01T00:00:58.189+0000] {processor.py:183} INFO - Processing /opt/airflow/dags/bash_operator_example.py took 0.506 seconds
[2025-08-01T00:01:28.868+0000] {processor.py:161} INFO - Started process (PID=216) to work on /opt/airflow/dags/bash_operator_example.py
[2025-08-01T00:01:28.871+0000] {processor.py:830} INFO - Processing file /opt/airflow/dags/bash_operator_example.py for tasks to queue
[2025-08-01T00:01:28.876+0000] {logging_mixin.py:188} INFO - [2025-08-01T00:01:28.875+0000] {dagbag.py:538} INFO - Filling up the DagBag from /opt/airflow/dags/bash_operator_example.py
[2025-08-01T00:01:28.927+0000] {processor.py:840} INFO - DAG(s) 'bash_operator_example' retrieved from /opt/airflow/dags/bash_operator_example.py
[2025-08-01T00:01:28.999+0000] {logging_mixin.py:188} INFO - [2025-08-01T00:01:28.999+0000] {dag.py:3036} INFO - Sync 1 DAGs
[2025-08-01T00:01:29.130+0000] {logging_mixin.py:188} INFO - [2025-08-01T00:01:29.129+0000] {dag.py:3823} INFO - Setting next_dagrun for bash_operator_example to 2025-07-31 00:00:00+00:00, run_after=2025-08-01 00:00:00+00:00
[2025-08-01T00:01:29.263+0000] {processor.py:183} INFO - Processing /opt/airflow/dags/bash_operator_example.py took 0.409 seconds
[2025-08-01T00:01:59.696+0000] {processor.py:161} INFO - Started process (PID=226) to work on /opt/airflow/dags/bash_operator_example.py
[2025-08-01T00:01:59.697+0000] {processor.py:830} INFO - Processing file /opt/airflow/dags/bash_operator_example.py for tasks to queue
[2025-08-01T00:01:59.699+0000] {logging_mixin.py:188} INFO - [2025-08-01T00:01:59.698+0000] {dagbag.py:538} INFO - Filling up the DagBag from /opt/airflow/dags/bash_operator_example.py
[2025-08-01T00:01:59.751+0000] {processor.py:840} INFO - DAG(s) 'bash_operator_example' retrieved from /opt/airflow/dags/bash_operator_example.py
[2025-08-01T00:01:59.905+0000] {logging_mixin.py:188} INFO - [2025-08-01T00:01:59.905+0000] {dag.py:3036} INFO - Sync 1 DAGs
[2025-08-01T00:01:59.995+0000] {logging_mixin.py:188} INFO - [2025-08-01T00:01:59.995+0000] {dag.py:3823} INFO - Setting next_dagrun for bash_operator_example to 2025-07-31 00:00:00+00:00, run_after=2025-08-01 00:00:00+00:00
[2025-08-01T00:02:00.070+0000] {processor.py:183} INFO - Processing /opt/airflow/dags/bash_operator_example.py took 0.379 seconds
[2025-08-01T00:02:30.583+0000] {processor.py:161} INFO - Started process (PID=236) to work on /opt/airflow/dags/bash_operator_example.py
[2025-08-01T00:02:30.585+0000] {processor.py:830} INFO - Processing file /opt/airflow/dags/bash_operator_example.py for tasks to queue
[2025-08-01T00:02:30.588+0000] {logging_mixin.py:188} INFO - [2025-08-01T00:02:30.588+0000] {dagbag.py:538} INFO - Filling up the DagBag from /opt/airflow/dags/bash_operator_example.py
[2025-08-01T00:02:30.869+0000] {processor.py:840} INFO - DAG(s) 'bash_operator_example' retrieved from /opt/airflow/dags/bash_operator_example.py
[2025-08-01T00:02:31.078+0000] {logging_mixin.py:188} INFO - [2025-08-01T00:02:31.077+0000] {dag.py:3036} INFO - Sync 1 DAGs
[2025-08-01T00:02:31.239+0000] {logging_mixin.py:188} INFO - [2025-08-01T00:02:31.239+0000] {dag.py:3823} INFO - Setting next_dagrun for bash_operator_example to 2025-07-31 00:00:00+00:00, run_after=2025-08-01 00:00:00+00:00
[2025-08-01T00:02:31.335+0000] {processor.py:183} INFO - Processing /opt/airflow/dags/bash_operator_example.py took 0.775 seconds
[2025-08-01T00:03:01.766+0000] {processor.py:161} INFO - Started process (PID=246) to work on /opt/airflow/dags/bash_operator_example.py
[2025-08-01T00:03:01.767+0000] {processor.py:830} INFO - Processing file /opt/airflow/dags/bash_operator_example.py for tasks to queue
[2025-08-01T00:03:01.772+0000] {logging_mixin.py:188} INFO - [2025-08-01T00:03:01.772+0000] {dagbag.py:538} INFO - Filling up the DagBag from /opt/airflow/dags/bash_operator_example.py
[2025-08-01T00:03:01.810+0000] {processor.py:840} INFO - DAG(s) 'bash_operator_example' retrieved from /opt/airflow/dags/bash_operator_example.py
[2025-08-01T00:03:01.856+0000] {logging_mixin.py:188} INFO - [2025-08-01T00:03:01.856+0000] {dag.py:3036} INFO - Sync 1 DAGs
[2025-08-01T00:03:01.915+0000] {logging_mixin.py:188} INFO - [2025-08-01T00:03:01.914+0000] {dag.py:3823} INFO - Setting next_dagrun for bash_operator_example to 2025-07-31 00:00:00+00:00, run_after=2025-08-01 00:00:00+00:00
[2025-08-01T00:03:01.961+0000] {processor.py:183} INFO - Processing /opt/airflow/dags/bash_operator_example.py took 0.201 seconds
[2025-08-01T00:03:32.698+0000] {processor.py:161} INFO - Started process (PID=255) to work on /opt/airflow/dags/bash_operator_example.py
[2025-08-01T00:03:32.700+0000] {processor.py:830} INFO - Processing file /opt/airflow/dags/bash_operator_example.py for tasks to queue
[2025-08-01T00:03:32.701+0000] {logging_mixin.py:188} INFO - [2025-08-01T00:03:32.701+0000] {dagbag.py:538} INFO - Filling up the DagBag from /opt/airflow/dags/bash_operator_example.py
[2025-08-01T00:03:32.725+0000] {processor.py:840} INFO - DAG(s) 'bash_operator_example' retrieved from /opt/airflow/dags/bash_operator_example.py
[2025-08-01T00:03:32.755+0000] {logging_mixin.py:188} INFO - [2025-08-01T00:03:32.755+0000] {dag.py:3036} INFO - Sync 1 DAGs
[2025-08-01T00:03:32.799+0000] {logging_mixin.py:188} INFO - [2025-08-01T00:03:32.799+0000] {dag.py:3823} INFO - Setting next_dagrun for bash_operator_example to 2025-07-31 00:00:00+00:00, run_after=2025-08-01 00:00:00+00:00
[2025-08-01T00:03:32.851+0000] {processor.py:183} INFO - Processing /opt/airflow/dags/bash_operator_example.py took 0.157 seconds
