[2025-08-01T00:00:27.477+0000] {processor.py:161} INFO - Started process (PID=198) to work on /opt/airflow/dags/hello_world_dag.py
[2025-08-01T00:00:27.479+0000] {processor.py:830} INFO - Processing file /opt/airflow/dags/hello_world_dag.py for tasks to queue
[2025-08-01T00:00:27.481+0000] {logging_mixin.py:188} INFO - [2025-08-01T00:00:27.481+0000] {dagbag.py:538} INFO - Filling up the DagBag from /opt/airflow/dags/hello_world_dag.py
[2025-08-01T00:00:27.529+0000] {processor.py:840} INFO - DAG(s) 'hello_world_dag' retrieved from /opt/airflow/dags/hello_world_dag.py
[2025-08-01T00:00:27.573+0000] {logging_mixin.py:188} INFO - [2025-08-01T00:00:27.572+0000] {dag.py:3036} INFO - Sync 1 DAGs
[2025-08-01T00:00:27.630+0000] {logging_mixin.py:188} INFO - [2025-08-01T00:00:27.630+0000] {dag.py:3823} INFO - Setting next_dagrun for hello_world_dag to 2025-07-31 00:00:00+00:00, run_after=2025-08-01 00:00:00+00:00
[2025-08-01T00:00:27.936+0000] {processor.py:183} INFO - Processing /opt/airflow/dags/hello_world_dag.py took 0.475 seconds
[2025-08-01T00:00:58.843+0000] {processor.py:161} INFO - Started process (PID=207) to work on /opt/airflow/dags/hello_world_dag.py
[2025-08-01T00:00:58.844+0000] {processor.py:830} INFO - Processing file /opt/airflow/dags/hello_world_dag.py for tasks to queue
[2025-08-01T00:00:58.847+0000] {logging_mixin.py:188} INFO - [2025-08-01T00:00:58.847+0000] {dagbag.py:538} INFO - Filling up the DagBag from /opt/airflow/dags/hello_world_dag.py
[2025-08-01T00:00:59.104+0000] {processor.py:840} INFO - DAG(s) 'hello_world_dag' retrieved from /opt/airflow/dags/hello_world_dag.py
[2025-08-01T00:00:59.345+0000] {logging_mixin.py:188} INFO - [2025-08-01T00:00:59.344+0000] {dag.py:3036} INFO - Sync 1 DAGs
[2025-08-01T00:00:59.619+0000] {logging_mixin.py:188} INFO - [2025-08-01T00:00:59.618+0000] {dag.py:3823} INFO - Setting next_dagrun for hello_world_dag to 2025-07-31 00:00:00+00:00, run_after=2025-08-01 00:00:00+00:00
[2025-08-01T00:01:00.169+0000] {processor.py:183} INFO - Processing /opt/airflow/dags/hello_world_dag.py took 1.343 seconds
[2025-08-01T00:01:31.545+0000] {processor.py:161} INFO - Started process (PID=217) to work on /opt/airflow/dags/hello_world_dag.py
[2025-08-01T00:01:31.560+0000] {processor.py:830} INFO - Processing file /opt/airflow/dags/hello_world_dag.py for tasks to queue
[2025-08-01T00:01:31.609+0000] {logging_mixin.py:188} INFO - [2025-08-01T00:01:31.608+0000] {dagbag.py:538} INFO - Filling up the DagBag from /opt/airflow/dags/hello_world_dag.py
[2025-08-01T00:01:33.065+0000] {processor.py:840} INFO - DAG(s) 'hello_world_dag' retrieved from /opt/airflow/dags/hello_world_dag.py
[2025-08-01T00:01:33.305+0000] {logging_mixin.py:188} INFO - [2025-08-01T00:01:33.304+0000] {dag.py:3036} INFO - Sync 1 DAGs
[2025-08-01T00:01:33.509+0000] {logging_mixin.py:188} INFO - [2025-08-01T00:01:33.509+0000] {dag.py:3823} INFO - Setting next_dagrun for hello_world_dag to 2025-07-31 00:00:00+00:00, run_after=2025-08-01 00:00:00+00:00
[2025-08-01T00:01:33.884+0000] {processor.py:183} INFO - Processing /opt/airflow/dags/hello_world_dag.py took 2.372 seconds
[2025-08-01T00:02:04.999+0000] {processor.py:161} INFO - Started process (PID=233) to work on /opt/airflow/dags/hello_world_dag.py
[2025-08-01T00:02:05.000+0000] {processor.py:830} INFO - Processing file /opt/airflow/dags/hello_world_dag.py for tasks to queue
[2025-08-01T00:02:05.003+0000] {logging_mixin.py:188} INFO - [2025-08-01T00:02:05.002+0000] {dagbag.py:538} INFO - Filling up the DagBag from /opt/airflow/dags/hello_world_dag.py
[2025-08-01T00:02:05.055+0000] {processor.py:840} INFO - DAG(s) 'hello_world_dag' retrieved from /opt/airflow/dags/hello_world_dag.py
[2025-08-01T00:02:05.160+0000] {logging_mixin.py:188} INFO - [2025-08-01T00:02:05.153+0000] {dag.py:3036} INFO - Sync 1 DAGs
[2025-08-01T00:02:05.439+0000] {logging_mixin.py:188} INFO - [2025-08-01T00:02:05.438+0000] {dag.py:3823} INFO - Setting next_dagrun for hello_world_dag to 2025-07-31 00:00:00+00:00, run_after=2025-08-01 00:00:00+00:00
[2025-08-01T00:02:05.514+0000] {processor.py:183} INFO - Processing /opt/airflow/dags/hello_world_dag.py took 0.523 seconds
[2025-08-01T00:02:36.044+0000] {processor.py:161} INFO - Started process (PID=243) to work on /opt/airflow/dags/hello_world_dag.py
[2025-08-01T00:02:36.049+0000] {processor.py:830} INFO - Processing file /opt/airflow/dags/hello_world_dag.py for tasks to queue
[2025-08-01T00:02:36.051+0000] {logging_mixin.py:188} INFO - [2025-08-01T00:02:36.050+0000] {dagbag.py:538} INFO - Filling up the DagBag from /opt/airflow/dags/hello_world_dag.py
[2025-08-01T00:02:36.136+0000] {processor.py:840} INFO - DAG(s) 'hello_world_dag' retrieved from /opt/airflow/dags/hello_world_dag.py
[2025-08-01T00:02:36.212+0000] {logging_mixin.py:188} INFO - [2025-08-01T00:02:36.211+0000] {dag.py:3036} INFO - Sync 1 DAGs
[2025-08-01T00:02:36.305+0000] {logging_mixin.py:188} INFO - [2025-08-01T00:02:36.305+0000] {dag.py:3823} INFO - Setting next_dagrun for hello_world_dag to 2025-07-31 00:00:00+00:00, run_after=2025-08-01 00:00:00+00:00
[2025-08-01T00:02:36.413+0000] {processor.py:183} INFO - Processing /opt/airflow/dags/hello_world_dag.py took 0.377 seconds
[2025-08-01T00:03:06.904+0000] {processor.py:161} INFO - Started process (PID=252) to work on /opt/airflow/dags/hello_world_dag.py
[2025-08-01T00:03:06.905+0000] {processor.py:830} INFO - Processing file /opt/airflow/dags/hello_world_dag.py for tasks to queue
[2025-08-01T00:03:06.907+0000] {logging_mixin.py:188} INFO - [2025-08-01T00:03:06.907+0000] {dagbag.py:538} INFO - Filling up the DagBag from /opt/airflow/dags/hello_world_dag.py
[2025-08-01T00:03:06.944+0000] {processor.py:840} INFO - DAG(s) 'hello_world_dag' retrieved from /opt/airflow/dags/hello_world_dag.py
[2025-08-01T00:03:06.991+0000] {logging_mixin.py:188} INFO - [2025-08-01T00:03:06.990+0000] {dag.py:3036} INFO - Sync 1 DAGs
[2025-08-01T00:03:07.015+0000] {logging_mixin.py:188} INFO - [2025-08-01T00:03:07.015+0000] {dag.py:3823} INFO - Setting next_dagrun for hello_world_dag to 2025-07-31 00:00:00+00:00, run_after=2025-08-01 00:00:00+00:00
[2025-08-01T00:03:07.039+0000] {processor.py:183} INFO - Processing /opt/airflow/dags/hello_world_dag.py took 0.142 seconds
[2025-08-01T00:03:37.792+0000] {processor.py:161} INFO - Started process (PID=262) to work on /opt/airflow/dags/hello_world_dag.py
[2025-08-01T00:03:37.794+0000] {processor.py:830} INFO - Processing file /opt/airflow/dags/hello_world_dag.py for tasks to queue
[2025-08-01T00:03:37.796+0000] {logging_mixin.py:188} INFO - [2025-08-01T00:03:37.795+0000] {dagbag.py:538} INFO - Filling up the DagBag from /opt/airflow/dags/hello_world_dag.py
[2025-08-01T00:03:37.827+0000] {processor.py:840} INFO - DAG(s) 'hello_world_dag' retrieved from /opt/airflow/dags/hello_world_dag.py
[2025-08-01T00:03:37.874+0000] {logging_mixin.py:188} INFO - [2025-08-01T00:03:37.873+0000] {dag.py:3036} INFO - Sync 1 DAGs
[2025-08-01T00:03:37.944+0000] {logging_mixin.py:188} INFO - [2025-08-01T00:03:37.943+0000] {dag.py:3823} INFO - Setting next_dagrun for hello_world_dag to 2025-07-31 00:00:00+00:00, run_after=2025-08-01 00:00:00+00:00
[2025-08-01T00:03:38.016+0000] {processor.py:183} INFO - Processing /opt/airflow/dags/hello_world_dag.py took 0.235 seconds
[2025-08-01T00:45:28.617+0000] {processor.py:161} INFO - Started process (PID=74) to work on /opt/airflow/dags/hello_world_dag.py
[2025-08-01T00:45:28.634+0000] {processor.py:830} INFO - Processing file /opt/airflow/dags/hello_world_dag.py for tasks to queue
[2025-08-01T00:45:28.639+0000] {logging_mixin.py:188} INFO - [2025-08-01T00:45:28.639+0000] {dagbag.py:538} INFO - Filling up the DagBag from /opt/airflow/dags/hello_world_dag.py
[2025-08-01T00:45:28.731+0000] {processor.py:840} INFO - DAG(s) 'hello_world_dag' retrieved from /opt/airflow/dags/hello_world_dag.py
[2025-08-01T00:45:29.503+0000] {logging_mixin.py:188} INFO - [2025-08-01T00:45:29.503+0000] {dag.py:3036} INFO - Sync 1 DAGs
[2025-08-01T00:45:29.616+0000] {logging_mixin.py:188} INFO - [2025-08-01T00:45:29.615+0000] {dag.py:3823} INFO - Setting next_dagrun for hello_world_dag to 2025-07-31 00:00:00+00:00, run_after=2025-08-01 00:00:00+00:00
[2025-08-01T00:45:29.724+0000] {processor.py:183} INFO - Processing /opt/airflow/dags/hello_world_dag.py took 1.131 seconds
[2025-08-01T00:45:59.909+0000] {processor.py:161} INFO - Started process (PID=84) to work on /opt/airflow/dags/hello_world_dag.py
[2025-08-01T00:45:59.915+0000] {processor.py:830} INFO - Processing file /opt/airflow/dags/hello_world_dag.py for tasks to queue
[2025-08-01T00:45:59.921+0000] {logging_mixin.py:188} INFO - [2025-08-01T00:45:59.920+0000] {dagbag.py:538} INFO - Filling up the DagBag from /opt/airflow/dags/hello_world_dag.py
[2025-08-01T00:45:59.995+0000] {processor.py:840} INFO - DAG(s) 'hello_world_dag' retrieved from /opt/airflow/dags/hello_world_dag.py
[2025-08-01T00:46:00.250+0000] {logging_mixin.py:188} INFO - [2025-08-01T00:46:00.249+0000] {dag.py:3036} INFO - Sync 1 DAGs
[2025-08-01T00:46:00.337+0000] {logging_mixin.py:188} INFO - [2025-08-01T00:46:00.330+0000] {dag.py:3823} INFO - Setting next_dagrun for hello_world_dag to 2025-07-31 00:00:00+00:00, run_after=2025-08-01 00:00:00+00:00
[2025-08-01T00:46:00.432+0000] {processor.py:183} INFO - Processing /opt/airflow/dags/hello_world_dag.py took 0.539 seconds
[2025-08-01T00:46:32.158+0000] {processor.py:161} INFO - Started process (PID=93) to work on /opt/airflow/dags/hello_world_dag.py
[2025-08-01T00:46:32.176+0000] {processor.py:830} INFO - Processing file /opt/airflow/dags/hello_world_dag.py for tasks to queue
[2025-08-01T00:46:32.183+0000] {logging_mixin.py:188} INFO - [2025-08-01T00:46:32.183+0000] {dagbag.py:538} INFO - Filling up the DagBag from /opt/airflow/dags/hello_world_dag.py
[2025-08-01T00:46:32.483+0000] {processor.py:840} INFO - DAG(s) 'hello_world_dag' retrieved from /opt/airflow/dags/hello_world_dag.py
[2025-08-01T00:46:32.603+0000] {logging_mixin.py:188} INFO - [2025-08-01T00:46:32.600+0000] {dag.py:3036} INFO - Sync 1 DAGs
[2025-08-01T00:46:32.734+0000] {logging_mixin.py:188} INFO - [2025-08-01T00:46:32.733+0000] {dag.py:3823} INFO - Setting next_dagrun for hello_world_dag to 2025-07-31 00:00:00+00:00, run_after=2025-08-01 00:00:00+00:00
[2025-08-01T00:46:32.824+0000] {processor.py:183} INFO - Processing /opt/airflow/dags/hello_world_dag.py took 0.717 seconds
[2025-08-01T00:47:04.660+0000] {processor.py:161} INFO - Started process (PID=103) to work on /opt/airflow/dags/hello_world_dag.py
[2025-08-01T00:47:04.674+0000] {processor.py:830} INFO - Processing file /opt/airflow/dags/hello_world_dag.py for tasks to queue
[2025-08-01T00:47:04.676+0000] {logging_mixin.py:188} INFO - [2025-08-01T00:47:04.675+0000] {dagbag.py:538} INFO - Filling up the DagBag from /opt/airflow/dags/hello_world_dag.py
[2025-08-01T00:47:04.793+0000] {processor.py:840} INFO - DAG(s) 'hello_world_dag' retrieved from /opt/airflow/dags/hello_world_dag.py
[2025-08-01T00:47:04.989+0000] {logging_mixin.py:188} INFO - [2025-08-01T00:47:04.988+0000] {dag.py:3036} INFO - Sync 1 DAGs
[2025-08-01T00:47:05.124+0000] {logging_mixin.py:188} INFO - [2025-08-01T00:47:05.124+0000] {dag.py:3823} INFO - Setting next_dagrun for hello_world_dag to 2025-07-31 00:00:00+00:00, run_after=2025-08-01 00:00:00+00:00
[2025-08-01T00:47:05.259+0000] {processor.py:183} INFO - Processing /opt/airflow/dags/hello_world_dag.py took 0.649 seconds
[2025-08-01T00:47:35.592+0000] {processor.py:161} INFO - Started process (PID=112) to work on /opt/airflow/dags/hello_world_dag.py
[2025-08-01T00:47:35.600+0000] {processor.py:830} INFO - Processing file /opt/airflow/dags/hello_world_dag.py for tasks to queue
[2025-08-01T00:47:35.607+0000] {logging_mixin.py:188} INFO - [2025-08-01T00:47:35.606+0000] {dagbag.py:538} INFO - Filling up the DagBag from /opt/airflow/dags/hello_world_dag.py
[2025-08-01T00:47:35.925+0000] {processor.py:840} INFO - DAG(s) 'hello_world_dag' retrieved from /opt/airflow/dags/hello_world_dag.py
[2025-08-01T00:47:36.244+0000] {logging_mixin.py:188} INFO - [2025-08-01T00:47:36.243+0000] {dag.py:3036} INFO - Sync 1 DAGs
[2025-08-01T00:47:36.456+0000] {logging_mixin.py:188} INFO - [2025-08-01T00:47:36.456+0000] {dag.py:3823} INFO - Setting next_dagrun for hello_world_dag to 2025-07-31 00:00:00+00:00, run_after=2025-08-01 00:00:00+00:00
[2025-08-01T00:47:36.592+0000] {processor.py:183} INFO - Processing /opt/airflow/dags/hello_world_dag.py took 1.043 seconds
[2025-08-01T00:48:07.595+0000] {processor.py:161} INFO - Started process (PID=121) to work on /opt/airflow/dags/hello_world_dag.py
[2025-08-01T00:48:07.597+0000] {processor.py:830} INFO - Processing file /opt/airflow/dags/hello_world_dag.py for tasks to queue
[2025-08-01T00:48:07.612+0000] {logging_mixin.py:188} INFO - [2025-08-01T00:48:07.611+0000] {dagbag.py:538} INFO - Filling up the DagBag from /opt/airflow/dags/hello_world_dag.py
[2025-08-01T00:48:08.091+0000] {processor.py:840} INFO - DAG(s) 'hello_world_dag' retrieved from /opt/airflow/dags/hello_world_dag.py
[2025-08-01T00:48:08.412+0000] {logging_mixin.py:188} INFO - [2025-08-01T00:48:08.410+0000] {dag.py:3036} INFO - Sync 1 DAGs
[2025-08-01T00:48:08.603+0000] {logging_mixin.py:188} INFO - [2025-08-01T00:48:08.603+0000] {dag.py:3823} INFO - Setting next_dagrun for hello_world_dag to 2025-07-31 00:00:00+00:00, run_after=2025-08-01 00:00:00+00:00
[2025-08-01T00:48:08.742+0000] {processor.py:183} INFO - Processing /opt/airflow/dags/hello_world_dag.py took 1.215 seconds
[2025-08-01T00:48:39.917+0000] {processor.py:161} INFO - Started process (PID=131) to work on /opt/airflow/dags/hello_world_dag.py
[2025-08-01T00:48:39.921+0000] {processor.py:830} INFO - Processing file /opt/airflow/dags/hello_world_dag.py for tasks to queue
[2025-08-01T00:48:39.927+0000] {logging_mixin.py:188} INFO - [2025-08-01T00:48:39.927+0000] {dagbag.py:538} INFO - Filling up the DagBag from /opt/airflow/dags/hello_world_dag.py
[2025-08-01T00:48:40.049+0000] {processor.py:840} INFO - DAG(s) 'hello_world_dag' retrieved from /opt/airflow/dags/hello_world_dag.py
[2025-08-01T00:48:40.236+0000] {logging_mixin.py:188} INFO - [2025-08-01T00:48:40.235+0000] {dag.py:3036} INFO - Sync 1 DAGs
[2025-08-01T00:48:40.371+0000] {logging_mixin.py:188} INFO - [2025-08-01T00:48:40.370+0000] {dag.py:3823} INFO - Setting next_dagrun for hello_world_dag to 2025-07-31 00:00:00+00:00, run_after=2025-08-01 00:00:00+00:00
[2025-08-01T00:48:40.477+0000] {processor.py:183} INFO - Processing /opt/airflow/dags/hello_world_dag.py took 0.580 seconds
[2025-08-01T00:49:11.249+0000] {processor.py:161} INFO - Started process (PID=141) to work on /opt/airflow/dags/hello_world_dag.py
[2025-08-01T00:49:11.250+0000] {processor.py:830} INFO - Processing file /opt/airflow/dags/hello_world_dag.py for tasks to queue
[2025-08-01T00:49:11.253+0000] {logging_mixin.py:188} INFO - [2025-08-01T00:49:11.252+0000] {dagbag.py:538} INFO - Filling up the DagBag from /opt/airflow/dags/hello_world_dag.py
[2025-08-01T00:49:11.288+0000] {processor.py:840} INFO - DAG(s) 'hello_world_dag' retrieved from /opt/airflow/dags/hello_world_dag.py
[2025-08-01T00:49:11.332+0000] {logging_mixin.py:188} INFO - [2025-08-01T00:49:11.331+0000] {dag.py:3036} INFO - Sync 1 DAGs
[2025-08-01T00:49:11.378+0000] {logging_mixin.py:188} INFO - [2025-08-01T00:49:11.378+0000] {dag.py:3823} INFO - Setting next_dagrun for hello_world_dag to 2025-07-31 00:00:00+00:00, run_after=2025-08-01 00:00:00+00:00
[2025-08-01T00:49:11.412+0000] {processor.py:183} INFO - Processing /opt/airflow/dags/hello_world_dag.py took 0.169 seconds
[2025-08-01T00:49:41.789+0000] {processor.py:161} INFO - Started process (PID=157) to work on /opt/airflow/dags/hello_world_dag.py
[2025-08-01T00:49:41.802+0000] {processor.py:830} INFO - Processing file /opt/airflow/dags/hello_world_dag.py for tasks to queue
[2025-08-01T00:49:41.810+0000] {logging_mixin.py:188} INFO - [2025-08-01T00:49:41.809+0000] {dagbag.py:538} INFO - Filling up the DagBag from /opt/airflow/dags/hello_world_dag.py
[2025-08-01T00:49:41.975+0000] {processor.py:840} INFO - DAG(s) 'hello_world_dag' retrieved from /opt/airflow/dags/hello_world_dag.py
[2025-08-01T00:49:42.112+0000] {logging_mixin.py:188} INFO - [2025-08-01T00:49:42.109+0000] {dag.py:3036} INFO - Sync 1 DAGs
[2025-08-01T00:49:42.303+0000] {logging_mixin.py:188} INFO - [2025-08-01T00:49:42.301+0000] {dag.py:3823} INFO - Setting next_dagrun for hello_world_dag to 2025-07-31 00:00:00+00:00, run_after=2025-08-01 00:00:00+00:00
[2025-08-01T00:49:42.505+0000] {processor.py:183} INFO - Processing /opt/airflow/dags/hello_world_dag.py took 0.730 seconds
[2025-08-01T00:50:13.561+0000] {processor.py:161} INFO - Started process (PID=168) to work on /opt/airflow/dags/hello_world_dag.py
[2025-08-01T00:50:13.567+0000] {processor.py:830} INFO - Processing file /opt/airflow/dags/hello_world_dag.py for tasks to queue
[2025-08-01T00:50:13.582+0000] {logging_mixin.py:188} INFO - [2025-08-01T00:50:13.581+0000] {dagbag.py:538} INFO - Filling up the DagBag from /opt/airflow/dags/hello_world_dag.py
[2025-08-01T00:50:13.717+0000] {processor.py:840} INFO - DAG(s) 'hello_world_dag' retrieved from /opt/airflow/dags/hello_world_dag.py
[2025-08-01T00:50:14.042+0000] {logging_mixin.py:188} INFO - [2025-08-01T00:50:14.036+0000] {dag.py:3036} INFO - Sync 1 DAGs
[2025-08-01T00:50:14.315+0000] {logging_mixin.py:188} INFO - [2025-08-01T00:50:14.314+0000] {dag.py:3823} INFO - Setting next_dagrun for hello_world_dag to 2025-07-31 00:00:00+00:00, run_after=2025-08-01 00:00:00+00:00
[2025-08-01T00:50:14.391+0000] {processor.py:183} INFO - Processing /opt/airflow/dags/hello_world_dag.py took 0.873 seconds
[2025-08-01T00:50:44.698+0000] {processor.py:161} INFO - Started process (PID=179) to work on /opt/airflow/dags/hello_world_dag.py
[2025-08-01T00:50:44.699+0000] {processor.py:830} INFO - Processing file /opt/airflow/dags/hello_world_dag.py for tasks to queue
[2025-08-01T00:50:44.709+0000] {logging_mixin.py:188} INFO - [2025-08-01T00:50:44.708+0000] {dagbag.py:538} INFO - Filling up the DagBag from /opt/airflow/dags/hello_world_dag.py
[2025-08-01T00:50:44.796+0000] {processor.py:840} INFO - DAG(s) 'hello_world_dag' retrieved from /opt/airflow/dags/hello_world_dag.py
[2025-08-01T00:50:44.859+0000] {logging_mixin.py:188} INFO - [2025-08-01T00:50:44.857+0000] {dag.py:3036} INFO - Sync 1 DAGs
[2025-08-01T00:50:44.928+0000] {logging_mixin.py:188} INFO - [2025-08-01T00:50:44.927+0000] {dag.py:3823} INFO - Setting next_dagrun for hello_world_dag to 2025-07-31 00:00:00+00:00, run_after=2025-08-01 00:00:00+00:00
[2025-08-01T00:50:44.974+0000] {processor.py:183} INFO - Processing /opt/airflow/dags/hello_world_dag.py took 0.290 seconds
[2025-08-01T00:51:15.585+0000] {processor.py:161} INFO - Started process (PID=189) to work on /opt/airflow/dags/hello_world_dag.py
[2025-08-01T00:51:15.586+0000] {processor.py:830} INFO - Processing file /opt/airflow/dags/hello_world_dag.py for tasks to queue
[2025-08-01T00:51:15.599+0000] {logging_mixin.py:188} INFO - [2025-08-01T00:51:15.598+0000] {dagbag.py:538} INFO - Filling up the DagBag from /opt/airflow/dags/hello_world_dag.py
[2025-08-01T00:51:15.856+0000] {processor.py:840} INFO - DAG(s) 'hello_world_dag' retrieved from /opt/airflow/dags/hello_world_dag.py
[2025-08-01T00:51:16.014+0000] {logging_mixin.py:188} INFO - [2025-08-01T00:51:16.013+0000] {dag.py:3036} INFO - Sync 1 DAGs
[2025-08-01T00:51:16.190+0000] {logging_mixin.py:188} INFO - [2025-08-01T00:51:16.190+0000] {dag.py:3823} INFO - Setting next_dagrun for hello_world_dag to 2025-07-31 00:00:00+00:00, run_after=2025-08-01 00:00:00+00:00
[2025-08-01T00:51:16.299+0000] {processor.py:183} INFO - Processing /opt/airflow/dags/hello_world_dag.py took 0.744 seconds
[2025-08-01T00:51:47.073+0000] {processor.py:161} INFO - Started process (PID=199) to work on /opt/airflow/dags/hello_world_dag.py
[2025-08-01T00:51:47.074+0000] {processor.py:830} INFO - Processing file /opt/airflow/dags/hello_world_dag.py for tasks to queue
[2025-08-01T00:51:47.076+0000] {logging_mixin.py:188} INFO - [2025-08-01T00:51:47.075+0000] {dagbag.py:538} INFO - Filling up the DagBag from /opt/airflow/dags/hello_world_dag.py
[2025-08-01T00:51:47.110+0000] {processor.py:840} INFO - DAG(s) 'hello_world_dag' retrieved from /opt/airflow/dags/hello_world_dag.py
[2025-08-01T00:51:47.153+0000] {logging_mixin.py:188} INFO - [2025-08-01T00:51:47.152+0000] {dag.py:3036} INFO - Sync 1 DAGs
[2025-08-01T00:51:47.206+0000] {logging_mixin.py:188} INFO - [2025-08-01T00:51:47.205+0000] {dag.py:3823} INFO - Setting next_dagrun for hello_world_dag to 2025-07-31 00:00:00+00:00, run_after=2025-08-01 00:00:00+00:00
[2025-08-01T00:51:47.282+0000] {processor.py:183} INFO - Processing /opt/airflow/dags/hello_world_dag.py took 0.216 seconds
[2025-08-01T00:52:18.137+0000] {processor.py:161} INFO - Started process (PID=208) to work on /opt/airflow/dags/hello_world_dag.py
[2025-08-01T00:52:18.143+0000] {processor.py:830} INFO - Processing file /opt/airflow/dags/hello_world_dag.py for tasks to queue
[2025-08-01T00:52:18.149+0000] {logging_mixin.py:188} INFO - [2025-08-01T00:52:18.148+0000] {dagbag.py:538} INFO - Filling up the DagBag from /opt/airflow/dags/hello_world_dag.py
[2025-08-01T00:52:18.297+0000] {processor.py:840} INFO - DAG(s) 'hello_world_dag' retrieved from /opt/airflow/dags/hello_world_dag.py
[2025-08-01T00:52:18.408+0000] {logging_mixin.py:188} INFO - [2025-08-01T00:52:18.407+0000] {dag.py:3036} INFO - Sync 1 DAGs
[2025-08-01T00:52:18.492+0000] {logging_mixin.py:188} INFO - [2025-08-01T00:52:18.492+0000] {dag.py:3823} INFO - Setting next_dagrun for hello_world_dag to 2025-07-31 00:00:00+00:00, run_after=2025-08-01 00:00:00+00:00
[2025-08-01T00:52:18.560+0000] {processor.py:183} INFO - Processing /opt/airflow/dags/hello_world_dag.py took 0.432 seconds
[2025-08-01T00:52:48.734+0000] {processor.py:161} INFO - Started process (PID=219) to work on /opt/airflow/dags/hello_world_dag.py
[2025-08-01T00:52:48.736+0000] {processor.py:830} INFO - Processing file /opt/airflow/dags/hello_world_dag.py for tasks to queue
[2025-08-01T00:52:48.738+0000] {logging_mixin.py:188} INFO - [2025-08-01T00:52:48.737+0000] {dagbag.py:538} INFO - Filling up the DagBag from /opt/airflow/dags/hello_world_dag.py
[2025-08-01T00:52:48.811+0000] {processor.py:840} INFO - DAG(s) 'hello_world_dag' retrieved from /opt/airflow/dags/hello_world_dag.py
[2025-08-01T00:52:48.910+0000] {logging_mixin.py:188} INFO - [2025-08-01T00:52:48.909+0000] {dag.py:3036} INFO - Sync 1 DAGs
[2025-08-01T00:52:49.095+0000] {logging_mixin.py:188} INFO - [2025-08-01T00:52:49.093+0000] {dag.py:3823} INFO - Setting next_dagrun for hello_world_dag to 2025-07-31 00:00:00+00:00, run_after=2025-08-01 00:00:00+00:00
[2025-08-01T00:52:49.216+0000] {processor.py:183} INFO - Processing /opt/airflow/dags/hello_world_dag.py took 0.507 seconds
[2025-08-01T00:53:20.283+0000] {processor.py:161} INFO - Started process (PID=229) to work on /opt/airflow/dags/hello_world_dag.py
[2025-08-01T00:53:20.284+0000] {processor.py:830} INFO - Processing file /opt/airflow/dags/hello_world_dag.py for tasks to queue
[2025-08-01T00:53:20.287+0000] {logging_mixin.py:188} INFO - [2025-08-01T00:53:20.286+0000] {dagbag.py:538} INFO - Filling up the DagBag from /opt/airflow/dags/hello_world_dag.py
[2025-08-01T00:53:20.345+0000] {processor.py:840} INFO - DAG(s) 'hello_world_dag' retrieved from /opt/airflow/dags/hello_world_dag.py
[2025-08-01T00:53:20.403+0000] {logging_mixin.py:188} INFO - [2025-08-01T00:53:20.402+0000] {dag.py:3036} INFO - Sync 1 DAGs
[2025-08-01T00:53:20.452+0000] {logging_mixin.py:188} INFO - [2025-08-01T00:53:20.452+0000] {dag.py:3823} INFO - Setting next_dagrun for hello_world_dag to 2025-07-31 00:00:00+00:00, run_after=2025-08-01 00:00:00+00:00
[2025-08-01T00:53:20.507+0000] {processor.py:183} INFO - Processing /opt/airflow/dags/hello_world_dag.py took 0.239 seconds
[2025-08-01T00:53:51.038+0000] {processor.py:161} INFO - Started process (PID=239) to work on /opt/airflow/dags/hello_world_dag.py
[2025-08-01T00:53:51.042+0000] {processor.py:830} INFO - Processing file /opt/airflow/dags/hello_world_dag.py for tasks to queue
[2025-08-01T00:53:51.045+0000] {logging_mixin.py:188} INFO - [2025-08-01T00:53:51.045+0000] {dagbag.py:538} INFO - Filling up the DagBag from /opt/airflow/dags/hello_world_dag.py
[2025-08-01T00:53:51.128+0000] {processor.py:840} INFO - DAG(s) 'hello_world_dag' retrieved from /opt/airflow/dags/hello_world_dag.py
[2025-08-01T00:53:51.206+0000] {logging_mixin.py:188} INFO - [2025-08-01T00:53:51.205+0000] {dag.py:3036} INFO - Sync 1 DAGs
[2025-08-01T00:53:51.260+0000] {logging_mixin.py:188} INFO - [2025-08-01T00:53:51.260+0000] {dag.py:3823} INFO - Setting next_dagrun for hello_world_dag to 2025-07-31 00:00:00+00:00, run_after=2025-08-01 00:00:00+00:00
[2025-08-01T00:53:51.313+0000] {processor.py:183} INFO - Processing /opt/airflow/dags/hello_world_dag.py took 0.288 seconds
[2025-08-01T00:54:22.077+0000] {processor.py:161} INFO - Started process (PID=249) to work on /opt/airflow/dags/hello_world_dag.py
[2025-08-01T00:54:22.078+0000] {processor.py:830} INFO - Processing file /opt/airflow/dags/hello_world_dag.py for tasks to queue
[2025-08-01T00:54:22.079+0000] {logging_mixin.py:188} INFO - [2025-08-01T00:54:22.079+0000] {dagbag.py:538} INFO - Filling up the DagBag from /opt/airflow/dags/hello_world_dag.py
[2025-08-01T00:54:22.110+0000] {processor.py:840} INFO - DAG(s) 'hello_world_dag' retrieved from /opt/airflow/dags/hello_world_dag.py
[2025-08-01T00:54:22.145+0000] {logging_mixin.py:188} INFO - [2025-08-01T00:54:22.144+0000] {dag.py:3036} INFO - Sync 1 DAGs
[2025-08-01T00:54:22.200+0000] {logging_mixin.py:188} INFO - [2025-08-01T00:54:22.199+0000] {dag.py:3823} INFO - Setting next_dagrun for hello_world_dag to 2025-07-31 00:00:00+00:00, run_after=2025-08-01 00:00:00+00:00
[2025-08-01T00:54:22.261+0000] {processor.py:183} INFO - Processing /opt/airflow/dags/hello_world_dag.py took 0.193 seconds
[2025-08-01T00:54:53.376+0000] {processor.py:161} INFO - Started process (PID=259) to work on /opt/airflow/dags/hello_world_dag.py
[2025-08-01T00:54:53.385+0000] {processor.py:830} INFO - Processing file /opt/airflow/dags/hello_world_dag.py for tasks to queue
[2025-08-01T00:54:53.390+0000] {logging_mixin.py:188} INFO - [2025-08-01T00:54:53.389+0000] {dagbag.py:538} INFO - Filling up the DagBag from /opt/airflow/dags/hello_world_dag.py
[2025-08-01T00:54:53.460+0000] {processor.py:840} INFO - DAG(s) 'hello_world_dag' retrieved from /opt/airflow/dags/hello_world_dag.py
[2025-08-01T00:54:53.561+0000] {logging_mixin.py:188} INFO - [2025-08-01T00:54:53.560+0000] {dag.py:3036} INFO - Sync 1 DAGs
[2025-08-01T00:54:53.774+0000] {logging_mixin.py:188} INFO - [2025-08-01T00:54:53.772+0000] {dag.py:3823} INFO - Setting next_dagrun for hello_world_dag to 2025-07-31 00:00:00+00:00, run_after=2025-08-01 00:00:00+00:00
[2025-08-01T00:54:53.886+0000] {processor.py:183} INFO - Processing /opt/airflow/dags/hello_world_dag.py took 0.579 seconds
[2025-08-01T00:55:24.393+0000] {processor.py:161} INFO - Started process (PID=269) to work on /opt/airflow/dags/hello_world_dag.py
[2025-08-01T00:55:24.395+0000] {processor.py:830} INFO - Processing file /opt/airflow/dags/hello_world_dag.py for tasks to queue
[2025-08-01T00:55:24.405+0000] {logging_mixin.py:188} INFO - [2025-08-01T00:55:24.404+0000] {dagbag.py:538} INFO - Filling up the DagBag from /opt/airflow/dags/hello_world_dag.py
[2025-08-01T00:55:24.577+0000] {processor.py:840} INFO - DAG(s) 'hello_world_dag' retrieved from /opt/airflow/dags/hello_world_dag.py
[2025-08-01T00:55:24.772+0000] {logging_mixin.py:188} INFO - [2025-08-01T00:55:24.761+0000] {dag.py:3036} INFO - Sync 1 DAGs
[2025-08-01T00:55:24.977+0000] {logging_mixin.py:188} INFO - [2025-08-01T00:55:24.977+0000] {dag.py:3823} INFO - Setting next_dagrun for hello_world_dag to 2025-07-31 00:00:00+00:00, run_after=2025-08-01 00:00:00+00:00
[2025-08-01T00:55:25.194+0000] {processor.py:183} INFO - Processing /opt/airflow/dags/hello_world_dag.py took 0.876 seconds
[2025-08-01T00:55:55.287+0000] {processor.py:161} INFO - Started process (PID=279) to work on /opt/airflow/dags/hello_world_dag.py
[2025-08-01T00:55:55.288+0000] {processor.py:830} INFO - Processing file /opt/airflow/dags/hello_world_dag.py for tasks to queue
[2025-08-01T00:55:55.290+0000] {logging_mixin.py:188} INFO - [2025-08-01T00:55:55.289+0000] {dagbag.py:538} INFO - Filling up the DagBag from /opt/airflow/dags/hello_world_dag.py
[2025-08-01T00:55:55.336+0000] {processor.py:840} INFO - DAG(s) 'hello_world_dag' retrieved from /opt/airflow/dags/hello_world_dag.py
[2025-08-01T00:55:55.405+0000] {logging_mixin.py:188} INFO - [2025-08-01T00:55:55.404+0000] {dag.py:3036} INFO - Sync 1 DAGs
[2025-08-01T00:55:55.487+0000] {logging_mixin.py:188} INFO - [2025-08-01T00:55:55.487+0000] {dag.py:3823} INFO - Setting next_dagrun for hello_world_dag to 2025-07-31 00:00:00+00:00, run_after=2025-08-01 00:00:00+00:00
[2025-08-01T00:55:55.571+0000] {processor.py:183} INFO - Processing /opt/airflow/dags/hello_world_dag.py took 0.290 seconds
[2025-08-01T00:56:25.914+0000] {processor.py:161} INFO - Started process (PID=289) to work on /opt/airflow/dags/hello_world_dag.py
[2025-08-01T00:56:25.920+0000] {processor.py:830} INFO - Processing file /opt/airflow/dags/hello_world_dag.py for tasks to queue
[2025-08-01T00:56:25.927+0000] {logging_mixin.py:188} INFO - [2025-08-01T00:56:25.926+0000] {dagbag.py:538} INFO - Filling up the DagBag from /opt/airflow/dags/hello_world_dag.py
[2025-08-01T00:56:26.127+0000] {processor.py:840} INFO - DAG(s) 'hello_world_dag' retrieved from /opt/airflow/dags/hello_world_dag.py
[2025-08-01T00:56:26.265+0000] {logging_mixin.py:188} INFO - [2025-08-01T00:56:26.264+0000] {dag.py:3036} INFO - Sync 1 DAGs
[2025-08-01T00:56:26.365+0000] {logging_mixin.py:188} INFO - [2025-08-01T00:56:26.365+0000] {dag.py:3823} INFO - Setting next_dagrun for hello_world_dag to 2025-07-31 00:00:00+00:00, run_after=2025-08-01 00:00:00+00:00
[2025-08-01T00:56:26.579+0000] {processor.py:183} INFO - Processing /opt/airflow/dags/hello_world_dag.py took 0.684 seconds
[2025-08-01T00:56:57.048+0000] {processor.py:161} INFO - Started process (PID=298) to work on /opt/airflow/dags/hello_world_dag.py
[2025-08-01T00:56:57.051+0000] {processor.py:830} INFO - Processing file /opt/airflow/dags/hello_world_dag.py for tasks to queue
[2025-08-01T00:56:57.053+0000] {logging_mixin.py:188} INFO - [2025-08-01T00:56:57.052+0000] {dagbag.py:538} INFO - Filling up the DagBag from /opt/airflow/dags/hello_world_dag.py
[2025-08-01T00:56:57.103+0000] {processor.py:840} INFO - DAG(s) 'hello_world_dag' retrieved from /opt/airflow/dags/hello_world_dag.py
[2025-08-01T00:56:57.162+0000] {logging_mixin.py:188} INFO - [2025-08-01T00:56:57.161+0000] {dag.py:3036} INFO - Sync 1 DAGs
[2025-08-01T00:56:57.224+0000] {logging_mixin.py:188} INFO - [2025-08-01T00:56:57.224+0000] {dag.py:3823} INFO - Setting next_dagrun for hello_world_dag to 2025-07-31 00:00:00+00:00, run_after=2025-08-01 00:00:00+00:00
[2025-08-01T00:56:57.310+0000] {processor.py:183} INFO - Processing /opt/airflow/dags/hello_world_dag.py took 0.271 seconds
[2025-08-01T00:57:28.870+0000] {processor.py:161} INFO - Started process (PID=308) to work on /opt/airflow/dags/hello_world_dag.py
[2025-08-01T00:57:28.919+0000] {processor.py:830} INFO - Processing file /opt/airflow/dags/hello_world_dag.py for tasks to queue
[2025-08-01T00:57:28.936+0000] {logging_mixin.py:188} INFO - [2025-08-01T00:57:28.936+0000] {dagbag.py:538} INFO - Filling up the DagBag from /opt/airflow/dags/hello_world_dag.py
[2025-08-01T00:57:29.270+0000] {processor.py:840} INFO - DAG(s) 'hello_world_dag' retrieved from /opt/airflow/dags/hello_world_dag.py
[2025-08-01T00:57:29.840+0000] {logging_mixin.py:188} INFO - [2025-08-01T00:57:29.839+0000] {dag.py:3036} INFO - Sync 1 DAGs
[2025-08-01T00:57:30.270+0000] {logging_mixin.py:188} INFO - [2025-08-01T00:57:30.269+0000] {dag.py:3823} INFO - Setting next_dagrun for hello_world_dag to 2025-07-31 00:00:00+00:00, run_after=2025-08-01 00:00:00+00:00
[2025-08-01T00:57:30.546+0000] {processor.py:183} INFO - Processing /opt/airflow/dags/hello_world_dag.py took 1.716 seconds
[2025-08-01T00:58:01.728+0000] {processor.py:161} INFO - Started process (PID=319) to work on /opt/airflow/dags/hello_world_dag.py
[2025-08-01T00:58:01.762+0000] {processor.py:830} INFO - Processing file /opt/airflow/dags/hello_world_dag.py for tasks to queue
[2025-08-01T00:58:01.775+0000] {logging_mixin.py:188} INFO - [2025-08-01T00:58:01.775+0000] {dagbag.py:538} INFO - Filling up the DagBag from /opt/airflow/dags/hello_world_dag.py
[2025-08-01T00:58:01.952+0000] {processor.py:840} INFO - DAG(s) 'hello_world_dag' retrieved from /opt/airflow/dags/hello_world_dag.py
[2025-08-01T00:58:02.029+0000] {logging_mixin.py:188} INFO - [2025-08-01T00:58:02.029+0000] {dag.py:3036} INFO - Sync 1 DAGs
[2025-08-01T00:58:02.079+0000] {logging_mixin.py:188} INFO - [2025-08-01T00:58:02.078+0000] {dag.py:3823} INFO - Setting next_dagrun for hello_world_dag to 2025-07-31 00:00:00+00:00, run_after=2025-08-01 00:00:00+00:00
[2025-08-01T00:58:02.118+0000] {processor.py:183} INFO - Processing /opt/airflow/dags/hello_world_dag.py took 0.454 seconds
[2025-08-01T00:58:32.995+0000] {processor.py:161} INFO - Started process (PID=329) to work on /opt/airflow/dags/hello_world_dag.py
[2025-08-01T00:58:32.996+0000] {processor.py:830} INFO - Processing file /opt/airflow/dags/hello_world_dag.py for tasks to queue
[2025-08-01T00:58:32.997+0000] {logging_mixin.py:188} INFO - [2025-08-01T00:58:32.997+0000] {dagbag.py:538} INFO - Filling up the DagBag from /opt/airflow/dags/hello_world_dag.py
[2025-08-01T00:58:33.023+0000] {processor.py:840} INFO - DAG(s) 'hello_world_dag' retrieved from /opt/airflow/dags/hello_world_dag.py
[2025-08-01T00:58:33.059+0000] {logging_mixin.py:188} INFO - [2025-08-01T00:58:33.058+0000] {dag.py:3036} INFO - Sync 1 DAGs
[2025-08-01T00:58:33.093+0000] {logging_mixin.py:188} INFO - [2025-08-01T00:58:33.092+0000] {dag.py:3823} INFO - Setting next_dagrun for hello_world_dag to 2025-07-31 00:00:00+00:00, run_after=2025-08-01 00:00:00+00:00
[2025-08-01T00:58:33.123+0000] {processor.py:183} INFO - Processing /opt/airflow/dags/hello_world_dag.py took 0.135 seconds
[2025-08-01T00:59:03.332+0000] {processor.py:161} INFO - Started process (PID=339) to work on /opt/airflow/dags/hello_world_dag.py
[2025-08-01T00:59:03.333+0000] {processor.py:830} INFO - Processing file /opt/airflow/dags/hello_world_dag.py for tasks to queue
[2025-08-01T00:59:03.334+0000] {logging_mixin.py:188} INFO - [2025-08-01T00:59:03.334+0000] {dagbag.py:538} INFO - Filling up the DagBag from /opt/airflow/dags/hello_world_dag.py
[2025-08-01T00:59:03.366+0000] {processor.py:840} INFO - DAG(s) 'hello_world_dag' retrieved from /opt/airflow/dags/hello_world_dag.py
[2025-08-01T00:59:03.401+0000] {logging_mixin.py:188} INFO - [2025-08-01T00:59:03.400+0000] {dag.py:3036} INFO - Sync 1 DAGs
[2025-08-01T00:59:03.426+0000] {logging_mixin.py:188} INFO - [2025-08-01T00:59:03.426+0000] {dag.py:3823} INFO - Setting next_dagrun for hello_world_dag to 2025-07-31 00:00:00+00:00, run_after=2025-08-01 00:00:00+00:00
[2025-08-01T00:59:03.452+0000] {processor.py:183} INFO - Processing /opt/airflow/dags/hello_world_dag.py took 0.127 seconds
[2025-08-01T00:59:33.611+0000] {processor.py:161} INFO - Started process (PID=349) to work on /opt/airflow/dags/hello_world_dag.py
[2025-08-01T00:59:33.612+0000] {processor.py:830} INFO - Processing file /opt/airflow/dags/hello_world_dag.py for tasks to queue
[2025-08-01T00:59:33.614+0000] {logging_mixin.py:188} INFO - [2025-08-01T00:59:33.613+0000] {dagbag.py:538} INFO - Filling up the DagBag from /opt/airflow/dags/hello_world_dag.py
[2025-08-01T00:59:33.650+0000] {processor.py:840} INFO - DAG(s) 'hello_world_dag' retrieved from /opt/airflow/dags/hello_world_dag.py
[2025-08-01T00:59:33.744+0000] {logging_mixin.py:188} INFO - [2025-08-01T00:59:33.743+0000] {dag.py:3036} INFO - Sync 1 DAGs
[2025-08-01T00:59:33.828+0000] {logging_mixin.py:188} INFO - [2025-08-01T00:59:33.828+0000] {dag.py:3823} INFO - Setting next_dagrun for hello_world_dag to 2025-07-31 00:00:00+00:00, run_after=2025-08-01 00:00:00+00:00
[2025-08-01T00:59:33.887+0000] {processor.py:183} INFO - Processing /opt/airflow/dags/hello_world_dag.py took 0.283 seconds
[2025-08-01T01:00:04.463+0000] {processor.py:161} INFO - Started process (PID=358) to work on /opt/airflow/dags/hello_world_dag.py
[2025-08-01T01:00:04.466+0000] {processor.py:830} INFO - Processing file /opt/airflow/dags/hello_world_dag.py for tasks to queue
[2025-08-01T01:00:04.468+0000] {logging_mixin.py:188} INFO - [2025-08-01T01:00:04.467+0000] {dagbag.py:538} INFO - Filling up the DagBag from /opt/airflow/dags/hello_world_dag.py
[2025-08-01T01:00:04.513+0000] {processor.py:840} INFO - DAG(s) 'hello_world_dag' retrieved from /opt/airflow/dags/hello_world_dag.py
[2025-08-01T01:00:04.560+0000] {logging_mixin.py:188} INFO - [2025-08-01T01:00:04.559+0000] {dag.py:3036} INFO - Sync 1 DAGs
[2025-08-01T01:00:04.608+0000] {logging_mixin.py:188} INFO - [2025-08-01T01:00:04.607+0000] {dag.py:3823} INFO - Setting next_dagrun for hello_world_dag to 2025-07-31 00:00:00+00:00, run_after=2025-08-01 00:00:00+00:00
[2025-08-01T01:00:04.676+0000] {processor.py:183} INFO - Processing /opt/airflow/dags/hello_world_dag.py took 0.223 seconds
[2025-08-01T01:00:35.467+0000] {processor.py:161} INFO - Started process (PID=368) to work on /opt/airflow/dags/hello_world_dag.py
[2025-08-01T01:00:35.469+0000] {processor.py:830} INFO - Processing file /opt/airflow/dags/hello_world_dag.py for tasks to queue
[2025-08-01T01:00:35.470+0000] {logging_mixin.py:188} INFO - [2025-08-01T01:00:35.470+0000] {dagbag.py:538} INFO - Filling up the DagBag from /opt/airflow/dags/hello_world_dag.py
[2025-08-01T01:00:35.549+0000] {processor.py:840} INFO - DAG(s) 'hello_world_dag' retrieved from /opt/airflow/dags/hello_world_dag.py
[2025-08-01T01:00:35.682+0000] {logging_mixin.py:188} INFO - [2025-08-01T01:00:35.681+0000] {dag.py:3036} INFO - Sync 1 DAGs
[2025-08-01T01:00:35.881+0000] {logging_mixin.py:188} INFO - [2025-08-01T01:00:35.879+0000] {dag.py:3823} INFO - Setting next_dagrun for hello_world_dag to 2025-07-31 00:00:00+00:00, run_after=2025-08-01 00:00:00+00:00
[2025-08-01T01:00:35.942+0000] {processor.py:183} INFO - Processing /opt/airflow/dags/hello_world_dag.py took 0.487 seconds
[2025-08-01T01:01:06.709+0000] {processor.py:161} INFO - Started process (PID=377) to work on /opt/airflow/dags/hello_world_dag.py
[2025-08-01T01:01:06.711+0000] {processor.py:830} INFO - Processing file /opt/airflow/dags/hello_world_dag.py for tasks to queue
[2025-08-01T01:01:06.712+0000] {logging_mixin.py:188} INFO - [2025-08-01T01:01:06.712+0000] {dagbag.py:538} INFO - Filling up the DagBag from /opt/airflow/dags/hello_world_dag.py
[2025-08-01T01:01:06.751+0000] {processor.py:840} INFO - DAG(s) 'hello_world_dag' retrieved from /opt/airflow/dags/hello_world_dag.py
[2025-08-01T01:01:06.793+0000] {logging_mixin.py:188} INFO - [2025-08-01T01:01:06.792+0000] {dag.py:3036} INFO - Sync 1 DAGs
[2025-08-01T01:01:06.825+0000] {logging_mixin.py:188} INFO - [2025-08-01T01:01:06.825+0000] {dag.py:3823} INFO - Setting next_dagrun for hello_world_dag to 2025-07-31 00:00:00+00:00, run_after=2025-08-01 00:00:00+00:00
[2025-08-01T01:01:06.855+0000] {processor.py:183} INFO - Processing /opt/airflow/dags/hello_world_dag.py took 0.151 seconds
[2025-08-01T01:01:37.613+0000] {processor.py:161} INFO - Started process (PID=387) to work on /opt/airflow/dags/hello_world_dag.py
[2025-08-01T01:01:37.614+0000] {processor.py:830} INFO - Processing file /opt/airflow/dags/hello_world_dag.py for tasks to queue
[2025-08-01T01:01:37.617+0000] {logging_mixin.py:188} INFO - [2025-08-01T01:01:37.616+0000] {dagbag.py:538} INFO - Filling up the DagBag from /opt/airflow/dags/hello_world_dag.py
[2025-08-01T01:01:37.650+0000] {processor.py:840} INFO - DAG(s) 'hello_world_dag' retrieved from /opt/airflow/dags/hello_world_dag.py
[2025-08-01T01:01:37.688+0000] {logging_mixin.py:188} INFO - [2025-08-01T01:01:37.687+0000] {dag.py:3036} INFO - Sync 1 DAGs
[2025-08-01T01:01:37.753+0000] {logging_mixin.py:188} INFO - [2025-08-01T01:01:37.753+0000] {dag.py:3823} INFO - Setting next_dagrun for hello_world_dag to 2025-07-31 00:00:00+00:00, run_after=2025-08-01 00:00:00+00:00
[2025-08-01T01:01:37.939+0000] {processor.py:183} INFO - Processing /opt/airflow/dags/hello_world_dag.py took 0.334 seconds
[2025-08-01T01:02:08.714+0000] {processor.py:161} INFO - Started process (PID=397) to work on /opt/airflow/dags/hello_world_dag.py
[2025-08-01T01:02:08.715+0000] {processor.py:830} INFO - Processing file /opt/airflow/dags/hello_world_dag.py for tasks to queue
[2025-08-01T01:02:08.717+0000] {logging_mixin.py:188} INFO - [2025-08-01T01:02:08.716+0000] {dagbag.py:538} INFO - Filling up the DagBag from /opt/airflow/dags/hello_world_dag.py
[2025-08-01T01:02:08.757+0000] {processor.py:840} INFO - DAG(s) 'hello_world_dag' retrieved from /opt/airflow/dags/hello_world_dag.py
[2025-08-01T01:02:08.798+0000] {logging_mixin.py:188} INFO - [2025-08-01T01:02:08.797+0000] {dag.py:3036} INFO - Sync 1 DAGs
[2025-08-01T01:02:08.831+0000] {logging_mixin.py:188} INFO - [2025-08-01T01:02:08.830+0000] {dag.py:3823} INFO - Setting next_dagrun for hello_world_dag to 2025-07-31 00:00:00+00:00, run_after=2025-08-01 00:00:00+00:00
[2025-08-01T01:02:08.861+0000] {processor.py:183} INFO - Processing /opt/airflow/dags/hello_world_dag.py took 0.159 seconds
[2025-08-01T01:02:39.545+0000] {processor.py:161} INFO - Started process (PID=407) to work on /opt/airflow/dags/hello_world_dag.py
[2025-08-01T01:02:39.546+0000] {processor.py:830} INFO - Processing file /opt/airflow/dags/hello_world_dag.py for tasks to queue
[2025-08-01T01:02:39.547+0000] {logging_mixin.py:188} INFO - [2025-08-01T01:02:39.547+0000] {dagbag.py:538} INFO - Filling up the DagBag from /opt/airflow/dags/hello_world_dag.py
[2025-08-01T01:02:39.583+0000] {processor.py:840} INFO - DAG(s) 'hello_world_dag' retrieved from /opt/airflow/dags/hello_world_dag.py
[2025-08-01T01:02:39.637+0000] {logging_mixin.py:188} INFO - [2025-08-01T01:02:39.636+0000] {dag.py:3036} INFO - Sync 1 DAGs
[2025-08-01T01:02:39.704+0000] {logging_mixin.py:188} INFO - [2025-08-01T01:02:39.703+0000] {dag.py:3823} INFO - Setting next_dagrun for hello_world_dag to 2025-07-31 00:00:00+00:00, run_after=2025-08-01 00:00:00+00:00
[2025-08-01T01:02:39.777+0000] {processor.py:183} INFO - Processing /opt/airflow/dags/hello_world_dag.py took 0.237 seconds
[2025-08-01T01:03:10.032+0000] {processor.py:161} INFO - Started process (PID=417) to work on /opt/airflow/dags/hello_world_dag.py
[2025-08-01T01:03:10.033+0000] {processor.py:830} INFO - Processing file /opt/airflow/dags/hello_world_dag.py for tasks to queue
[2025-08-01T01:03:10.035+0000] {logging_mixin.py:188} INFO - [2025-08-01T01:03:10.035+0000] {dagbag.py:538} INFO - Filling up the DagBag from /opt/airflow/dags/hello_world_dag.py
[2025-08-01T01:03:10.090+0000] {processor.py:840} INFO - DAG(s) 'hello_world_dag' retrieved from /opt/airflow/dags/hello_world_dag.py
[2025-08-01T01:03:10.160+0000] {logging_mixin.py:188} INFO - [2025-08-01T01:03:10.158+0000] {dag.py:3036} INFO - Sync 1 DAGs
[2025-08-01T01:03:10.210+0000] {logging_mixin.py:188} INFO - [2025-08-01T01:03:10.209+0000] {dag.py:3823} INFO - Setting next_dagrun for hello_world_dag to 2025-07-31 00:00:00+00:00, run_after=2025-08-01 00:00:00+00:00
[2025-08-01T01:03:10.256+0000] {processor.py:183} INFO - Processing /opt/airflow/dags/hello_world_dag.py took 0.239 seconds
[2025-08-01T01:03:40.638+0000] {processor.py:161} INFO - Started process (PID=427) to work on /opt/airflow/dags/hello_world_dag.py
[2025-08-01T01:03:40.645+0000] {processor.py:830} INFO - Processing file /opt/airflow/dags/hello_world_dag.py for tasks to queue
[2025-08-01T01:03:40.647+0000] {logging_mixin.py:188} INFO - [2025-08-01T01:03:40.646+0000] {dagbag.py:538} INFO - Filling up the DagBag from /opt/airflow/dags/hello_world_dag.py
[2025-08-01T01:03:40.797+0000] {processor.py:840} INFO - DAG(s) 'hello_world_dag' retrieved from /opt/airflow/dags/hello_world_dag.py
[2025-08-01T01:03:40.892+0000] {logging_mixin.py:188} INFO - [2025-08-01T01:03:40.891+0000] {dag.py:3036} INFO - Sync 1 DAGs
[2025-08-01T01:03:40.974+0000] {logging_mixin.py:188} INFO - [2025-08-01T01:03:40.974+0000] {dag.py:3823} INFO - Setting next_dagrun for hello_world_dag to 2025-07-31 00:00:00+00:00, run_after=2025-08-01 00:00:00+00:00
[2025-08-01T01:03:41.061+0000] {processor.py:183} INFO - Processing /opt/airflow/dags/hello_world_dag.py took 0.440 seconds
[2025-08-01T01:04:11.726+0000] {processor.py:161} INFO - Started process (PID=437) to work on /opt/airflow/dags/hello_world_dag.py
[2025-08-01T01:04:11.727+0000] {processor.py:830} INFO - Processing file /opt/airflow/dags/hello_world_dag.py for tasks to queue
[2025-08-01T01:04:11.729+0000] {logging_mixin.py:188} INFO - [2025-08-01T01:04:11.728+0000] {dagbag.py:538} INFO - Filling up the DagBag from /opt/airflow/dags/hello_world_dag.py
[2025-08-01T01:04:11.766+0000] {processor.py:840} INFO - DAG(s) 'hello_world_dag' retrieved from /opt/airflow/dags/hello_world_dag.py
[2025-08-01T01:04:11.823+0000] {logging_mixin.py:188} INFO - [2025-08-01T01:04:11.823+0000] {dag.py:3036} INFO - Sync 1 DAGs
[2025-08-01T01:04:11.865+0000] {logging_mixin.py:188} INFO - [2025-08-01T01:04:11.865+0000] {dag.py:3823} INFO - Setting next_dagrun for hello_world_dag to 2025-07-31 00:00:00+00:00, run_after=2025-08-01 00:00:00+00:00
[2025-08-01T01:04:11.907+0000] {processor.py:183} INFO - Processing /opt/airflow/dags/hello_world_dag.py took 0.188 seconds
[2025-08-01T01:04:42.713+0000] {processor.py:161} INFO - Started process (PID=447) to work on /opt/airflow/dags/hello_world_dag.py
[2025-08-01T01:04:42.716+0000] {processor.py:830} INFO - Processing file /opt/airflow/dags/hello_world_dag.py for tasks to queue
[2025-08-01T01:04:42.723+0000] {logging_mixin.py:188} INFO - [2025-08-01T01:04:42.718+0000] {dagbag.py:538} INFO - Filling up the DagBag from /opt/airflow/dags/hello_world_dag.py
[2025-08-01T01:04:42.808+0000] {processor.py:840} INFO - DAG(s) 'hello_world_dag' retrieved from /opt/airflow/dags/hello_world_dag.py
[2025-08-01T01:04:42.885+0000] {logging_mixin.py:188} INFO - [2025-08-01T01:04:42.884+0000] {dag.py:3036} INFO - Sync 1 DAGs
[2025-08-01T01:04:42.931+0000] {logging_mixin.py:188} INFO - [2025-08-01T01:04:42.931+0000] {dag.py:3823} INFO - Setting next_dagrun for hello_world_dag to 2025-07-31 00:00:00+00:00, run_after=2025-08-01 00:00:00+00:00
[2025-08-01T01:04:42.966+0000] {processor.py:183} INFO - Processing /opt/airflow/dags/hello_world_dag.py took 0.262 seconds
[2025-08-01T01:05:24.607+0000] {processor.py:161} INFO - Started process (PID=462) to work on /opt/airflow/dags/hello_world_dag.py
[2025-08-01T01:05:24.614+0000] {processor.py:830} INFO - Processing file /opt/airflow/dags/hello_world_dag.py for tasks to queue
[2025-08-01T01:05:24.744+0000] {logging_mixin.py:188} INFO - [2025-08-01T01:05:24.743+0000] {dagbag.py:538} INFO - Filling up the DagBag from /opt/airflow/dags/hello_world_dag.py
[2025-08-01T01:05:26.779+0000] {processor.py:840} INFO - DAG(s) 'hello_world_dag' retrieved from /opt/airflow/dags/hello_world_dag.py
[2025-08-01T01:05:28.020+0000] {logging_mixin.py:188} INFO - [2025-08-01T01:05:27.927+0000] {dag.py:3036} INFO - Sync 1 DAGs
[2025-08-01T01:05:29.329+0000] {logging_mixin.py:188} INFO - [2025-08-01T01:05:29.328+0000] {dag.py:3823} INFO - Setting next_dagrun for hello_world_dag to 2025-07-31 00:00:00+00:00, run_after=2025-08-01 00:00:00+00:00
[2025-08-01T01:05:30.243+0000] {processor.py:183} INFO - Processing /opt/airflow/dags/hello_world_dag.py took 5.655 seconds
[2025-08-01T01:06:00.834+0000] {processor.py:161} INFO - Started process (PID=471) to work on /opt/airflow/dags/hello_world_dag.py
[2025-08-01T01:06:00.835+0000] {processor.py:830} INFO - Processing file /opt/airflow/dags/hello_world_dag.py for tasks to queue
[2025-08-01T01:06:00.837+0000] {logging_mixin.py:188} INFO - [2025-08-01T01:06:00.836+0000] {dagbag.py:538} INFO - Filling up the DagBag from /opt/airflow/dags/hello_world_dag.py
[2025-08-01T01:06:00.881+0000] {processor.py:840} INFO - DAG(s) 'hello_world_dag' retrieved from /opt/airflow/dags/hello_world_dag.py
[2025-08-01T01:06:00.972+0000] {logging_mixin.py:188} INFO - [2025-08-01T01:06:00.970+0000] {dag.py:3036} INFO - Sync 1 DAGs
[2025-08-01T01:06:01.236+0000] {logging_mixin.py:188} INFO - [2025-08-01T01:06:01.236+0000] {dag.py:3823} INFO - Setting next_dagrun for hello_world_dag to 2025-07-31 00:00:00+00:00, run_after=2025-08-01 00:00:00+00:00
[2025-08-01T01:06:01.321+0000] {processor.py:183} INFO - Processing /opt/airflow/dags/hello_world_dag.py took 0.491 seconds
[2025-08-01T01:06:32.174+0000] {processor.py:161} INFO - Started process (PID=482) to work on /opt/airflow/dags/hello_world_dag.py
[2025-08-01T01:06:32.176+0000] {processor.py:830} INFO - Processing file /opt/airflow/dags/hello_world_dag.py for tasks to queue
[2025-08-01T01:06:32.180+0000] {logging_mixin.py:188} INFO - [2025-08-01T01:06:32.179+0000] {dagbag.py:538} INFO - Filling up the DagBag from /opt/airflow/dags/hello_world_dag.py
[2025-08-01T01:06:32.245+0000] {processor.py:840} INFO - DAG(s) 'hello_world_dag' retrieved from /opt/airflow/dags/hello_world_dag.py
[2025-08-01T01:06:32.328+0000] {logging_mixin.py:188} INFO - [2025-08-01T01:06:32.324+0000] {dag.py:3036} INFO - Sync 1 DAGs
[2025-08-01T01:06:32.457+0000] {logging_mixin.py:188} INFO - [2025-08-01T01:06:32.457+0000] {dag.py:3823} INFO - Setting next_dagrun for hello_world_dag to 2025-07-31 00:00:00+00:00, run_after=2025-08-01 00:00:00+00:00
[2025-08-01T01:06:32.519+0000] {processor.py:183} INFO - Processing /opt/airflow/dags/hello_world_dag.py took 0.365 seconds
[2025-08-01T01:07:03.177+0000] {processor.py:161} INFO - Started process (PID=492) to work on /opt/airflow/dags/hello_world_dag.py
[2025-08-01T01:07:03.193+0000] {processor.py:830} INFO - Processing file /opt/airflow/dags/hello_world_dag.py for tasks to queue
[2025-08-01T01:07:03.210+0000] {logging_mixin.py:188} INFO - [2025-08-01T01:07:03.209+0000] {dagbag.py:538} INFO - Filling up the DagBag from /opt/airflow/dags/hello_world_dag.py
[2025-08-01T01:07:03.405+0000] {processor.py:840} INFO - DAG(s) 'hello_world_dag' retrieved from /opt/airflow/dags/hello_world_dag.py
[2025-08-01T01:07:03.527+0000] {logging_mixin.py:188} INFO - [2025-08-01T01:07:03.526+0000] {dag.py:3036} INFO - Sync 1 DAGs
[2025-08-01T01:07:03.636+0000] {logging_mixin.py:188} INFO - [2025-08-01T01:07:03.636+0000] {dag.py:3823} INFO - Setting next_dagrun for hello_world_dag to 2025-07-31 00:00:00+00:00, run_after=2025-08-01 00:00:00+00:00
[2025-08-01T01:07:03.710+0000] {processor.py:183} INFO - Processing /opt/airflow/dags/hello_world_dag.py took 0.578 seconds
[2025-08-01T01:07:34.714+0000] {processor.py:161} INFO - Started process (PID=502) to work on /opt/airflow/dags/hello_world_dag.py
[2025-08-01T01:07:34.729+0000] {processor.py:830} INFO - Processing file /opt/airflow/dags/hello_world_dag.py for tasks to queue
[2025-08-01T01:07:34.749+0000] {logging_mixin.py:188} INFO - [2025-08-01T01:07:34.748+0000] {dagbag.py:538} INFO - Filling up the DagBag from /opt/airflow/dags/hello_world_dag.py
[2025-08-01T01:07:34.897+0000] {processor.py:840} INFO - DAG(s) 'hello_world_dag' retrieved from /opt/airflow/dags/hello_world_dag.py
[2025-08-01T01:07:35.294+0000] {logging_mixin.py:188} INFO - [2025-08-01T01:07:35.293+0000] {dag.py:3036} INFO - Sync 1 DAGs
[2025-08-01T01:07:35.529+0000] {logging_mixin.py:188} INFO - [2025-08-01T01:07:35.528+0000] {dag.py:3823} INFO - Setting next_dagrun for hello_world_dag to 2025-07-31 00:00:00+00:00, run_after=2025-08-01 00:00:00+00:00
[2025-08-01T01:07:35.822+0000] {processor.py:183} INFO - Processing /opt/airflow/dags/hello_world_dag.py took 1.146 seconds
[2025-08-01T01:08:06.148+0000] {processor.py:161} INFO - Started process (PID=511) to work on /opt/airflow/dags/hello_world_dag.py
[2025-08-01T01:08:06.150+0000] {processor.py:830} INFO - Processing file /opt/airflow/dags/hello_world_dag.py for tasks to queue
[2025-08-01T01:08:06.152+0000] {logging_mixin.py:188} INFO - [2025-08-01T01:08:06.152+0000] {dagbag.py:538} INFO - Filling up the DagBag from /opt/airflow/dags/hello_world_dag.py
[2025-08-01T01:08:06.193+0000] {processor.py:840} INFO - DAG(s) 'hello_world_dag' retrieved from /opt/airflow/dags/hello_world_dag.py
[2025-08-01T01:08:06.243+0000] {logging_mixin.py:188} INFO - [2025-08-01T01:08:06.242+0000] {dag.py:3036} INFO - Sync 1 DAGs
[2025-08-01T01:08:06.302+0000] {logging_mixin.py:188} INFO - [2025-08-01T01:08:06.300+0000] {dag.py:3823} INFO - Setting next_dagrun for hello_world_dag to 2025-07-31 00:00:00+00:00, run_after=2025-08-01 00:00:00+00:00
[2025-08-01T01:08:06.404+0000] {processor.py:183} INFO - Processing /opt/airflow/dags/hello_world_dag.py took 0.263 seconds
[2025-08-01T01:08:36.690+0000] {processor.py:161} INFO - Started process (PID=521) to work on /opt/airflow/dags/hello_world_dag.py
[2025-08-01T01:08:36.691+0000] {processor.py:830} INFO - Processing file /opt/airflow/dags/hello_world_dag.py for tasks to queue
[2025-08-01T01:08:36.694+0000] {logging_mixin.py:188} INFO - [2025-08-01T01:08:36.693+0000] {dagbag.py:538} INFO - Filling up the DagBag from /opt/airflow/dags/hello_world_dag.py
[2025-08-01T01:08:36.758+0000] {processor.py:840} INFO - DAG(s) 'hello_world_dag' retrieved from /opt/airflow/dags/hello_world_dag.py
[2025-08-01T01:08:36.825+0000] {logging_mixin.py:188} INFO - [2025-08-01T01:08:36.824+0000] {dag.py:3036} INFO - Sync 1 DAGs
[2025-08-01T01:08:36.882+0000] {logging_mixin.py:188} INFO - [2025-08-01T01:08:36.881+0000] {dag.py:3823} INFO - Setting next_dagrun for hello_world_dag to 2025-07-31 00:00:00+00:00, run_after=2025-08-01 00:00:00+00:00
[2025-08-01T01:08:36.925+0000] {processor.py:183} INFO - Processing /opt/airflow/dags/hello_world_dag.py took 0.255 seconds
[2025-08-01T01:09:07.329+0000] {processor.py:161} INFO - Started process (PID=532) to work on /opt/airflow/dags/hello_world_dag.py
[2025-08-01T01:09:07.330+0000] {processor.py:830} INFO - Processing file /opt/airflow/dags/hello_world_dag.py for tasks to queue
[2025-08-01T01:09:07.333+0000] {logging_mixin.py:188} INFO - [2025-08-01T01:09:07.332+0000] {dagbag.py:538} INFO - Filling up the DagBag from /opt/airflow/dags/hello_world_dag.py
[2025-08-01T01:09:07.392+0000] {processor.py:840} INFO - DAG(s) 'hello_world_dag' retrieved from /opt/airflow/dags/hello_world_dag.py
[2025-08-01T01:09:07.447+0000] {logging_mixin.py:188} INFO - [2025-08-01T01:09:07.445+0000] {dag.py:3036} INFO - Sync 1 DAGs
[2025-08-01T01:09:07.489+0000] {logging_mixin.py:188} INFO - [2025-08-01T01:09:07.489+0000] {dag.py:3823} INFO - Setting next_dagrun for hello_world_dag to 2025-07-31 00:00:00+00:00, run_after=2025-08-01 00:00:00+00:00
[2025-08-01T01:09:07.620+0000] {processor.py:183} INFO - Processing /opt/airflow/dags/hello_world_dag.py took 0.299 seconds
[2025-08-01T01:09:38.080+0000] {processor.py:161} INFO - Started process (PID=542) to work on /opt/airflow/dags/hello_world_dag.py
[2025-08-01T01:09:38.085+0000] {processor.py:830} INFO - Processing file /opt/airflow/dags/hello_world_dag.py for tasks to queue
[2025-08-01T01:09:38.092+0000] {logging_mixin.py:188} INFO - [2025-08-01T01:09:38.091+0000] {dagbag.py:538} INFO - Filling up the DagBag from /opt/airflow/dags/hello_world_dag.py
[2025-08-01T01:09:38.269+0000] {processor.py:840} INFO - DAG(s) 'hello_world_dag' retrieved from /opt/airflow/dags/hello_world_dag.py
[2025-08-01T01:09:38.604+0000] {logging_mixin.py:188} INFO - [2025-08-01T01:09:38.603+0000] {dag.py:3036} INFO - Sync 1 DAGs
[2025-08-01T01:09:38.989+0000] {logging_mixin.py:188} INFO - [2025-08-01T01:09:38.988+0000] {dag.py:3823} INFO - Setting next_dagrun for hello_world_dag to 2025-07-31 00:00:00+00:00, run_after=2025-08-01 00:00:00+00:00
[2025-08-01T01:09:39.421+0000] {processor.py:183} INFO - Processing /opt/airflow/dags/hello_world_dag.py took 1.403 seconds
[2025-08-01T01:10:10.023+0000] {processor.py:161} INFO - Started process (PID=552) to work on /opt/airflow/dags/hello_world_dag.py
[2025-08-01T01:10:10.029+0000] {processor.py:830} INFO - Processing file /opt/airflow/dags/hello_world_dag.py for tasks to queue
[2025-08-01T01:10:10.032+0000] {logging_mixin.py:188} INFO - [2025-08-01T01:10:10.032+0000] {dagbag.py:538} INFO - Filling up the DagBag from /opt/airflow/dags/hello_world_dag.py
[2025-08-01T01:10:10.181+0000] {processor.py:840} INFO - DAG(s) 'hello_world_dag' retrieved from /opt/airflow/dags/hello_world_dag.py
[2025-08-01T01:10:10.270+0000] {logging_mixin.py:188} INFO - [2025-08-01T01:10:10.269+0000] {dag.py:3036} INFO - Sync 1 DAGs
[2025-08-01T01:10:10.466+0000] {logging_mixin.py:188} INFO - [2025-08-01T01:10:10.465+0000] {dag.py:3823} INFO - Setting next_dagrun for hello_world_dag to 2025-07-31 00:00:00+00:00, run_after=2025-08-01 00:00:00+00:00
[2025-08-01T01:10:10.691+0000] {processor.py:183} INFO - Processing /opt/airflow/dags/hello_world_dag.py took 0.675 seconds
[2025-08-01T01:10:43.983+0000] {processor.py:161} INFO - Started process (PID=562) to work on /opt/airflow/dags/hello_world_dag.py
[2025-08-01T01:10:44.066+0000] {processor.py:830} INFO - Processing file /opt/airflow/dags/hello_world_dag.py for tasks to queue
[2025-08-01T01:10:44.192+0000] {logging_mixin.py:188} INFO - [2025-08-01T01:10:44.191+0000] {dagbag.py:538} INFO - Filling up the DagBag from /opt/airflow/dags/hello_world_dag.py
[2025-08-01T01:10:46.789+0000] {processor.py:840} INFO - DAG(s) 'hello_world_dag' retrieved from /opt/airflow/dags/hello_world_dag.py
[2025-08-01T01:10:47.926+0000] {logging_mixin.py:188} INFO - [2025-08-01T01:10:47.879+0000] {dag.py:3036} INFO - Sync 1 DAGs
[2025-08-01T01:10:48.219+0000] {logging_mixin.py:188} INFO - [2025-08-01T01:10:48.218+0000] {dag.py:3823} INFO - Setting next_dagrun for hello_world_dag to 2025-07-31 00:00:00+00:00, run_after=2025-08-01 00:00:00+00:00
[2025-08-01T01:10:48.937+0000] {processor.py:183} INFO - Processing /opt/airflow/dags/hello_world_dag.py took 4.970 seconds
[2025-08-01T01:11:19.298+0000] {processor.py:161} INFO - Started process (PID=572) to work on /opt/airflow/dags/hello_world_dag.py
[2025-08-01T01:11:19.300+0000] {processor.py:830} INFO - Processing file /opt/airflow/dags/hello_world_dag.py for tasks to queue
[2025-08-01T01:11:19.302+0000] {logging_mixin.py:188} INFO - [2025-08-01T01:11:19.302+0000] {dagbag.py:538} INFO - Filling up the DagBag from /opt/airflow/dags/hello_world_dag.py
[2025-08-01T01:11:19.342+0000] {processor.py:840} INFO - DAG(s) 'hello_world_dag' retrieved from /opt/airflow/dags/hello_world_dag.py
[2025-08-01T01:11:19.417+0000] {logging_mixin.py:188} INFO - [2025-08-01T01:11:19.416+0000] {dag.py:3036} INFO - Sync 1 DAGs
[2025-08-01T01:11:19.556+0000] {logging_mixin.py:188} INFO - [2025-08-01T01:11:19.552+0000] {dag.py:3823} INFO - Setting next_dagrun for hello_world_dag to 2025-07-31 00:00:00+00:00, run_after=2025-08-01 00:00:00+00:00
[2025-08-01T01:11:19.672+0000] {processor.py:183} INFO - Processing /opt/airflow/dags/hello_world_dag.py took 0.381 seconds
[2025-08-01T01:11:49.853+0000] {processor.py:161} INFO - Started process (PID=581) to work on /opt/airflow/dags/hello_world_dag.py
[2025-08-01T01:11:49.855+0000] {processor.py:830} INFO - Processing file /opt/airflow/dags/hello_world_dag.py for tasks to queue
[2025-08-01T01:11:49.857+0000] {logging_mixin.py:188} INFO - [2025-08-01T01:11:49.857+0000] {dagbag.py:538} INFO - Filling up the DagBag from /opt/airflow/dags/hello_world_dag.py
[2025-08-01T01:11:49.929+0000] {processor.py:840} INFO - DAG(s) 'hello_world_dag' retrieved from /opt/airflow/dags/hello_world_dag.py
[2025-08-01T01:11:49.983+0000] {logging_mixin.py:188} INFO - [2025-08-01T01:11:49.982+0000] {dag.py:3036} INFO - Sync 1 DAGs
[2025-08-01T01:11:50.035+0000] {logging_mixin.py:188} INFO - [2025-08-01T01:11:50.035+0000] {dag.py:3823} INFO - Setting next_dagrun for hello_world_dag to 2025-07-31 00:00:00+00:00, run_after=2025-08-01 00:00:00+00:00
[2025-08-01T01:11:50.096+0000] {processor.py:183} INFO - Processing /opt/airflow/dags/hello_world_dag.py took 0.252 seconds
[2025-08-01T01:12:20.706+0000] {processor.py:161} INFO - Started process (PID=591) to work on /opt/airflow/dags/hello_world_dag.py
[2025-08-01T01:12:20.707+0000] {processor.py:830} INFO - Processing file /opt/airflow/dags/hello_world_dag.py for tasks to queue
[2025-08-01T01:12:20.709+0000] {logging_mixin.py:188} INFO - [2025-08-01T01:12:20.708+0000] {dagbag.py:538} INFO - Filling up the DagBag from /opt/airflow/dags/hello_world_dag.py
[2025-08-01T01:12:20.747+0000] {processor.py:840} INFO - DAG(s) 'hello_world_dag' retrieved from /opt/airflow/dags/hello_world_dag.py
[2025-08-01T01:12:20.948+0000] {logging_mixin.py:188} INFO - [2025-08-01T01:12:20.947+0000] {dag.py:3036} INFO - Sync 1 DAGs
[2025-08-01T01:12:21.119+0000] {logging_mixin.py:188} INFO - [2025-08-01T01:12:21.119+0000] {dag.py:3823} INFO - Setting next_dagrun for hello_world_dag to 2025-07-31 00:00:00+00:00, run_after=2025-08-01 00:00:00+00:00
[2025-08-01T01:12:21.170+0000] {processor.py:183} INFO - Processing /opt/airflow/dags/hello_world_dag.py took 0.473 seconds
[2025-08-01T01:12:51.814+0000] {processor.py:161} INFO - Started process (PID=601) to work on /opt/airflow/dags/hello_world_dag.py
[2025-08-01T01:12:51.834+0000] {processor.py:830} INFO - Processing file /opt/airflow/dags/hello_world_dag.py for tasks to queue
[2025-08-01T01:12:51.849+0000] {logging_mixin.py:188} INFO - [2025-08-01T01:12:51.848+0000] {dagbag.py:538} INFO - Filling up the DagBag from /opt/airflow/dags/hello_world_dag.py
[2025-08-01T01:12:52.147+0000] {processor.py:840} INFO - DAG(s) 'hello_world_dag' retrieved from /opt/airflow/dags/hello_world_dag.py
[2025-08-01T01:12:52.603+0000] {logging_mixin.py:188} INFO - [2025-08-01T01:12:52.591+0000] {dag.py:3036} INFO - Sync 1 DAGs
[2025-08-01T01:12:53.302+0000] {logging_mixin.py:188} INFO - [2025-08-01T01:12:53.245+0000] {dag.py:3823} INFO - Setting next_dagrun for hello_world_dag to 2025-07-31 00:00:00+00:00, run_after=2025-08-01 00:00:00+00:00
[2025-08-01T01:12:53.728+0000] {processor.py:183} INFO - Processing /opt/airflow/dags/hello_world_dag.py took 2.069 seconds
[2025-08-01T01:13:24.166+0000] {processor.py:161} INFO - Started process (PID=616) to work on /opt/airflow/dags/hello_world_dag.py
[2025-08-01T01:13:24.167+0000] {processor.py:830} INFO - Processing file /opt/airflow/dags/hello_world_dag.py for tasks to queue
[2025-08-01T01:13:24.170+0000] {logging_mixin.py:188} INFO - [2025-08-01T01:13:24.169+0000] {dagbag.py:538} INFO - Filling up the DagBag from /opt/airflow/dags/hello_world_dag.py
[2025-08-01T01:13:24.219+0000] {processor.py:840} INFO - DAG(s) 'hello_world_dag' retrieved from /opt/airflow/dags/hello_world_dag.py
[2025-08-01T01:13:24.272+0000] {logging_mixin.py:188} INFO - [2025-08-01T01:13:24.271+0000] {dag.py:3036} INFO - Sync 1 DAGs
[2025-08-01T01:13:24.321+0000] {logging_mixin.py:188} INFO - [2025-08-01T01:13:24.321+0000] {dag.py:3823} INFO - Setting next_dagrun for hello_world_dag to 2025-07-31 00:00:00+00:00, run_after=2025-08-01 00:00:00+00:00
[2025-08-01T01:13:24.434+0000] {processor.py:183} INFO - Processing /opt/airflow/dags/hello_world_dag.py took 0.281 seconds
[2025-08-01T01:13:55.771+0000] {processor.py:161} INFO - Started process (PID=627) to work on /opt/airflow/dags/hello_world_dag.py
[2025-08-01T01:13:55.784+0000] {processor.py:830} INFO - Processing file /opt/airflow/dags/hello_world_dag.py for tasks to queue
[2025-08-01T01:13:55.794+0000] {logging_mixin.py:188} INFO - [2025-08-01T01:13:55.786+0000] {dagbag.py:538} INFO - Filling up the DagBag from /opt/airflow/dags/hello_world_dag.py
[2025-08-01T01:13:55.912+0000] {processor.py:840} INFO - DAG(s) 'hello_world_dag' retrieved from /opt/airflow/dags/hello_world_dag.py
[2025-08-01T01:13:56.070+0000] {logging_mixin.py:188} INFO - [2025-08-01T01:13:56.069+0000] {dag.py:3036} INFO - Sync 1 DAGs
[2025-08-01T01:13:56.238+0000] {logging_mixin.py:188} INFO - [2025-08-01T01:13:56.237+0000] {dag.py:3823} INFO - Setting next_dagrun for hello_world_dag to 2025-07-31 00:00:00+00:00, run_after=2025-08-01 00:00:00+00:00
[2025-08-01T01:13:56.375+0000] {processor.py:183} INFO - Processing /opt/airflow/dags/hello_world_dag.py took 0.669 seconds
[2025-08-01T01:14:32.596+0000] {processor.py:161} INFO - Started process (PID=639) to work on /opt/airflow/dags/hello_world_dag.py
[2025-08-01T01:14:32.602+0000] {processor.py:830} INFO - Processing file /opt/airflow/dags/hello_world_dag.py for tasks to queue
[2025-08-01T01:14:32.606+0000] {logging_mixin.py:188} INFO - [2025-08-01T01:14:32.606+0000] {dagbag.py:538} INFO - Filling up the DagBag from /opt/airflow/dags/hello_world_dag.py
[2025-08-01T01:14:32.839+0000] {processor.py:840} INFO - DAG(s) 'hello_world_dag' retrieved from /opt/airflow/dags/hello_world_dag.py
[2025-08-01T01:14:33.012+0000] {logging_mixin.py:188} INFO - [2025-08-01T01:14:33.011+0000] {dag.py:3036} INFO - Sync 1 DAGs
[2025-08-01T01:14:33.117+0000] {logging_mixin.py:188} INFO - [2025-08-01T01:14:33.116+0000] {dag.py:3823} INFO - Setting next_dagrun for hello_world_dag to 2025-07-31 00:00:00+00:00, run_after=2025-08-01 00:00:00+00:00
[2025-08-01T01:14:33.200+0000] {processor.py:183} INFO - Processing /opt/airflow/dags/hello_world_dag.py took 0.628 seconds
[2025-08-01T01:15:05.635+0000] {processor.py:161} INFO - Started process (PID=649) to work on /opt/airflow/dags/hello_world_dag.py
[2025-08-01T01:15:05.637+0000] {processor.py:830} INFO - Processing file /opt/airflow/dags/hello_world_dag.py for tasks to queue
[2025-08-01T01:15:05.643+0000] {logging_mixin.py:188} INFO - [2025-08-01T01:15:05.642+0000] {dagbag.py:538} INFO - Filling up the DagBag from /opt/airflow/dags/hello_world_dag.py
[2025-08-01T01:15:05.798+0000] {processor.py:840} INFO - DAG(s) 'hello_world_dag' retrieved from /opt/airflow/dags/hello_world_dag.py
[2025-08-01T01:15:06.073+0000] {logging_mixin.py:188} INFO - [2025-08-01T01:15:06.071+0000] {dag.py:3036} INFO - Sync 1 DAGs
[2025-08-01T01:15:06.258+0000] {logging_mixin.py:188} INFO - [2025-08-01T01:15:06.257+0000] {dag.py:3823} INFO - Setting next_dagrun for hello_world_dag to 2025-07-31 00:00:00+00:00, run_after=2025-08-01 00:00:00+00:00
[2025-08-01T01:15:06.550+0000] {processor.py:183} INFO - Processing /opt/airflow/dags/hello_world_dag.py took 0.930 seconds
[2025-08-01T01:15:37.149+0000] {processor.py:161} INFO - Started process (PID=659) to work on /opt/airflow/dags/hello_world_dag.py
[2025-08-01T01:15:37.151+0000] {processor.py:830} INFO - Processing file /opt/airflow/dags/hello_world_dag.py for tasks to queue
[2025-08-01T01:15:37.154+0000] {logging_mixin.py:188} INFO - [2025-08-01T01:15:37.154+0000] {dagbag.py:538} INFO - Filling up the DagBag from /opt/airflow/dags/hello_world_dag.py
[2025-08-01T01:15:37.207+0000] {processor.py:840} INFO - DAG(s) 'hello_world_dag' retrieved from /opt/airflow/dags/hello_world_dag.py
[2025-08-01T01:15:37.268+0000] {logging_mixin.py:188} INFO - [2025-08-01T01:15:37.267+0000] {dag.py:3036} INFO - Sync 1 DAGs
[2025-08-01T01:15:37.371+0000] {logging_mixin.py:188} INFO - [2025-08-01T01:15:37.357+0000] {dag.py:3823} INFO - Setting next_dagrun for hello_world_dag to 2025-07-31 00:00:00+00:00, run_after=2025-08-01 00:00:00+00:00
[2025-08-01T01:15:37.494+0000] {processor.py:183} INFO - Processing /opt/airflow/dags/hello_world_dag.py took 0.353 seconds
[2025-08-01T01:16:07.880+0000] {processor.py:161} INFO - Started process (PID=670) to work on /opt/airflow/dags/hello_world_dag.py
[2025-08-01T01:16:07.883+0000] {processor.py:830} INFO - Processing file /opt/airflow/dags/hello_world_dag.py for tasks to queue
[2025-08-01T01:16:07.891+0000] {logging_mixin.py:188} INFO - [2025-08-01T01:16:07.890+0000] {dagbag.py:538} INFO - Filling up the DagBag from /opt/airflow/dags/hello_world_dag.py
[2025-08-01T01:16:08.140+0000] {processor.py:840} INFO - DAG(s) 'hello_world_dag' retrieved from /opt/airflow/dags/hello_world_dag.py
[2025-08-01T01:16:08.204+0000] {logging_mixin.py:188} INFO - [2025-08-01T01:16:08.203+0000] {dag.py:3036} INFO - Sync 1 DAGs
[2025-08-01T01:16:08.340+0000] {logging_mixin.py:188} INFO - [2025-08-01T01:16:08.340+0000] {dag.py:3823} INFO - Setting next_dagrun for hello_world_dag to 2025-07-31 00:00:00+00:00, run_after=2025-08-01 00:00:00+00:00
[2025-08-01T01:16:08.567+0000] {processor.py:183} INFO - Processing /opt/airflow/dags/hello_world_dag.py took 0.703 seconds
[2025-08-01T01:16:39.545+0000] {processor.py:161} INFO - Started process (PID=680) to work on /opt/airflow/dags/hello_world_dag.py
[2025-08-01T01:16:39.547+0000] {processor.py:830} INFO - Processing file /opt/airflow/dags/hello_world_dag.py for tasks to queue
[2025-08-01T01:16:39.558+0000] {logging_mixin.py:188} INFO - [2025-08-01T01:16:39.556+0000] {dagbag.py:538} INFO - Filling up the DagBag from /opt/airflow/dags/hello_world_dag.py
[2025-08-01T01:16:39.701+0000] {processor.py:840} INFO - DAG(s) 'hello_world_dag' retrieved from /opt/airflow/dags/hello_world_dag.py
[2025-08-01T01:16:39.843+0000] {logging_mixin.py:188} INFO - [2025-08-01T01:16:39.842+0000] {dag.py:3036} INFO - Sync 1 DAGs
[2025-08-01T01:16:40.017+0000] {logging_mixin.py:188} INFO - [2025-08-01T01:16:40.016+0000] {dag.py:3823} INFO - Setting next_dagrun for hello_world_dag to 2025-07-31 00:00:00+00:00, run_after=2025-08-01 00:00:00+00:00
[2025-08-01T01:16:40.090+0000] {processor.py:183} INFO - Processing /opt/airflow/dags/hello_world_dag.py took 0.556 seconds
[2025-08-01T01:17:10.777+0000] {processor.py:161} INFO - Started process (PID=690) to work on /opt/airflow/dags/hello_world_dag.py
[2025-08-01T01:17:10.779+0000] {processor.py:830} INFO - Processing file /opt/airflow/dags/hello_world_dag.py for tasks to queue
[2025-08-01T01:17:10.782+0000] {logging_mixin.py:188} INFO - [2025-08-01T01:17:10.781+0000] {dagbag.py:538} INFO - Filling up the DagBag from /opt/airflow/dags/hello_world_dag.py
[2025-08-01T01:17:10.904+0000] {processor.py:840} INFO - DAG(s) 'hello_world_dag' retrieved from /opt/airflow/dags/hello_world_dag.py
[2025-08-01T01:17:11.257+0000] {logging_mixin.py:188} INFO - [2025-08-01T01:17:11.246+0000] {dag.py:3036} INFO - Sync 1 DAGs
[2025-08-01T01:17:11.478+0000] {logging_mixin.py:188} INFO - [2025-08-01T01:17:11.477+0000] {dag.py:3823} INFO - Setting next_dagrun for hello_world_dag to 2025-07-31 00:00:00+00:00, run_after=2025-08-01 00:00:00+00:00
[2025-08-01T01:17:11.523+0000] {processor.py:183} INFO - Processing /opt/airflow/dags/hello_world_dag.py took 0.755 seconds
[2025-08-01T01:17:41.908+0000] {processor.py:161} INFO - Started process (PID=700) to work on /opt/airflow/dags/hello_world_dag.py
[2025-08-01T01:17:41.910+0000] {processor.py:830} INFO - Processing file /opt/airflow/dags/hello_world_dag.py for tasks to queue
[2025-08-01T01:17:41.914+0000] {logging_mixin.py:188} INFO - [2025-08-01T01:17:41.911+0000] {dagbag.py:538} INFO - Filling up the DagBag from /opt/airflow/dags/hello_world_dag.py
[2025-08-01T01:17:41.956+0000] {processor.py:840} INFO - DAG(s) 'hello_world_dag' retrieved from /opt/airflow/dags/hello_world_dag.py
[2025-08-01T01:17:42.005+0000] {logging_mixin.py:188} INFO - [2025-08-01T01:17:42.004+0000] {dag.py:3036} INFO - Sync 1 DAGs
[2025-08-01T01:17:42.054+0000] {logging_mixin.py:188} INFO - [2025-08-01T01:17:42.053+0000] {dag.py:3823} INFO - Setting next_dagrun for hello_world_dag to 2025-07-31 00:00:00+00:00, run_after=2025-08-01 00:00:00+00:00
[2025-08-01T01:17:42.098+0000] {processor.py:183} INFO - Processing /opt/airflow/dags/hello_world_dag.py took 0.198 seconds
[2025-08-01T01:18:13.694+0000] {processor.py:161} INFO - Started process (PID=710) to work on /opt/airflow/dags/hello_world_dag.py
[2025-08-01T01:18:13.695+0000] {processor.py:830} INFO - Processing file /opt/airflow/dags/hello_world_dag.py for tasks to queue
[2025-08-01T01:18:13.706+0000] {logging_mixin.py:188} INFO - [2025-08-01T01:18:13.705+0000] {dagbag.py:538} INFO - Filling up the DagBag from /opt/airflow/dags/hello_world_dag.py
[2025-08-01T01:18:13.801+0000] {processor.py:840} INFO - DAG(s) 'hello_world_dag' retrieved from /opt/airflow/dags/hello_world_dag.py
[2025-08-01T01:18:13.865+0000] {logging_mixin.py:188} INFO - [2025-08-01T01:18:13.864+0000] {dag.py:3036} INFO - Sync 1 DAGs
[2025-08-01T01:18:13.939+0000] {logging_mixin.py:188} INFO - [2025-08-01T01:18:13.939+0000] {dag.py:3823} INFO - Setting next_dagrun for hello_world_dag to 2025-07-31 00:00:00+00:00, run_after=2025-08-01 00:00:00+00:00
[2025-08-01T01:18:14.004+0000] {processor.py:183} INFO - Processing /opt/airflow/dags/hello_world_dag.py took 0.318 seconds
[2025-08-01T01:18:44.422+0000] {processor.py:161} INFO - Started process (PID=720) to work on /opt/airflow/dags/hello_world_dag.py
[2025-08-01T01:18:44.424+0000] {processor.py:830} INFO - Processing file /opt/airflow/dags/hello_world_dag.py for tasks to queue
[2025-08-01T01:18:44.427+0000] {logging_mixin.py:188} INFO - [2025-08-01T01:18:44.426+0000] {dagbag.py:538} INFO - Filling up the DagBag from /opt/airflow/dags/hello_world_dag.py
[2025-08-01T01:18:44.475+0000] {processor.py:840} INFO - DAG(s) 'hello_world_dag' retrieved from /opt/airflow/dags/hello_world_dag.py
[2025-08-01T01:18:44.533+0000] {logging_mixin.py:188} INFO - [2025-08-01T01:18:44.533+0000] {dag.py:3036} INFO - Sync 1 DAGs
[2025-08-01T01:18:44.591+0000] {logging_mixin.py:188} INFO - [2025-08-01T01:18:44.591+0000] {dag.py:3823} INFO - Setting next_dagrun for hello_world_dag to 2025-07-31 00:00:00+00:00, run_after=2025-08-01 00:00:00+00:00
[2025-08-01T01:18:44.675+0000] {processor.py:183} INFO - Processing /opt/airflow/dags/hello_world_dag.py took 0.262 seconds
[2025-08-01T01:19:17.496+0000] {processor.py:161} INFO - Started process (PID=730) to work on /opt/airflow/dags/hello_world_dag.py
[2025-08-01T01:19:17.528+0000] {processor.py:830} INFO - Processing file /opt/airflow/dags/hello_world_dag.py for tasks to queue
[2025-08-01T01:19:17.530+0000] {logging_mixin.py:188} INFO - [2025-08-01T01:19:17.529+0000] {dagbag.py:538} INFO - Filling up the DagBag from /opt/airflow/dags/hello_world_dag.py
[2025-08-01T01:19:17.775+0000] {processor.py:840} INFO - DAG(s) 'hello_world_dag' retrieved from /opt/airflow/dags/hello_world_dag.py
[2025-08-01T01:19:18.013+0000] {logging_mixin.py:188} INFO - [2025-08-01T01:19:18.012+0000] {dag.py:3036} INFO - Sync 1 DAGs
[2025-08-01T01:19:18.224+0000] {logging_mixin.py:188} INFO - [2025-08-01T01:19:18.224+0000] {dag.py:3823} INFO - Setting next_dagrun for hello_world_dag to 2025-07-31 00:00:00+00:00, run_after=2025-08-01 00:00:00+00:00
[2025-08-01T01:19:18.333+0000] {processor.py:183} INFO - Processing /opt/airflow/dags/hello_world_dag.py took 0.898 seconds
[2025-08-01T01:19:48.979+0000] {processor.py:161} INFO - Started process (PID=739) to work on /opt/airflow/dags/hello_world_dag.py
[2025-08-01T01:19:48.992+0000] {processor.py:830} INFO - Processing file /opt/airflow/dags/hello_world_dag.py for tasks to queue
[2025-08-01T01:19:49.009+0000] {logging_mixin.py:188} INFO - [2025-08-01T01:19:49.008+0000] {dagbag.py:538} INFO - Filling up the DagBag from /opt/airflow/dags/hello_world_dag.py
[2025-08-01T01:19:49.248+0000] {processor.py:840} INFO - DAG(s) 'hello_world_dag' retrieved from /opt/airflow/dags/hello_world_dag.py
[2025-08-01T01:19:49.518+0000] {logging_mixin.py:188} INFO - [2025-08-01T01:19:49.514+0000] {dag.py:3036} INFO - Sync 1 DAGs
[2025-08-01T01:19:49.746+0000] {logging_mixin.py:188} INFO - [2025-08-01T01:19:49.745+0000] {dag.py:3823} INFO - Setting next_dagrun for hello_world_dag to 2025-07-31 00:00:00+00:00, run_after=2025-08-01 00:00:00+00:00
[2025-08-01T01:19:49.949+0000] {processor.py:183} INFO - Processing /opt/airflow/dags/hello_world_dag.py took 0.988 seconds
[2025-08-01T01:20:21.321+0000] {processor.py:161} INFO - Started process (PID=749) to work on /opt/airflow/dags/hello_world_dag.py
[2025-08-01T01:20:21.332+0000] {processor.py:830} INFO - Processing file /opt/airflow/dags/hello_world_dag.py for tasks to queue
[2025-08-01T01:20:21.336+0000] {logging_mixin.py:188} INFO - [2025-08-01T01:20:21.334+0000] {dagbag.py:538} INFO - Filling up the DagBag from /opt/airflow/dags/hello_world_dag.py
[2025-08-01T01:20:21.463+0000] {processor.py:840} INFO - DAG(s) 'hello_world_dag' retrieved from /opt/airflow/dags/hello_world_dag.py
[2025-08-01T01:20:21.627+0000] {logging_mixin.py:188} INFO - [2025-08-01T01:20:21.625+0000] {dag.py:3036} INFO - Sync 1 DAGs
[2025-08-01T01:20:21.694+0000] {logging_mixin.py:188} INFO - [2025-08-01T01:20:21.693+0000] {dag.py:3823} INFO - Setting next_dagrun for hello_world_dag to 2025-07-31 00:00:00+00:00, run_after=2025-08-01 00:00:00+00:00
[2025-08-01T01:20:21.925+0000] {processor.py:183} INFO - Processing /opt/airflow/dags/hello_world_dag.py took 0.616 seconds
[2025-08-01T01:20:52.665+0000] {processor.py:161} INFO - Started process (PID=759) to work on /opt/airflow/dags/hello_world_dag.py
[2025-08-01T01:20:52.666+0000] {processor.py:830} INFO - Processing file /opt/airflow/dags/hello_world_dag.py for tasks to queue
[2025-08-01T01:20:52.669+0000] {logging_mixin.py:188} INFO - [2025-08-01T01:20:52.668+0000] {dagbag.py:538} INFO - Filling up the DagBag from /opt/airflow/dags/hello_world_dag.py
[2025-08-01T01:20:52.705+0000] {processor.py:840} INFO - DAG(s) 'hello_world_dag' retrieved from /opt/airflow/dags/hello_world_dag.py
[2025-08-01T01:20:52.751+0000] {logging_mixin.py:188} INFO - [2025-08-01T01:20:52.750+0000] {dag.py:3036} INFO - Sync 1 DAGs
[2025-08-01T01:20:52.798+0000] {logging_mixin.py:188} INFO - [2025-08-01T01:20:52.797+0000] {dag.py:3823} INFO - Setting next_dagrun for hello_world_dag to 2025-07-31 00:00:00+00:00, run_after=2025-08-01 00:00:00+00:00
[2025-08-01T01:20:52.845+0000] {processor.py:183} INFO - Processing /opt/airflow/dags/hello_world_dag.py took 0.188 seconds
[2025-08-01T01:21:22.953+0000] {processor.py:161} INFO - Started process (PID=769) to work on /opt/airflow/dags/hello_world_dag.py
[2025-08-01T01:21:22.954+0000] {processor.py:830} INFO - Processing file /opt/airflow/dags/hello_world_dag.py for tasks to queue
[2025-08-01T01:21:22.956+0000] {logging_mixin.py:188} INFO - [2025-08-01T01:21:22.956+0000] {dagbag.py:538} INFO - Filling up the DagBag from /opt/airflow/dags/hello_world_dag.py
[2025-08-01T01:21:23.036+0000] {processor.py:840} INFO - DAG(s) 'hello_world_dag' retrieved from /opt/airflow/dags/hello_world_dag.py
[2025-08-01T01:21:23.078+0000] {logging_mixin.py:188} INFO - [2025-08-01T01:21:23.078+0000] {dag.py:3036} INFO - Sync 1 DAGs
[2025-08-01T01:21:23.184+0000] {logging_mixin.py:188} INFO - [2025-08-01T01:21:23.184+0000] {dag.py:3823} INFO - Setting next_dagrun for hello_world_dag to 2025-07-31 00:00:00+00:00, run_after=2025-08-01 00:00:00+00:00
[2025-08-01T01:21:23.232+0000] {processor.py:183} INFO - Processing /opt/airflow/dags/hello_world_dag.py took 0.287 seconds
[2025-08-01T01:21:53.383+0000] {processor.py:161} INFO - Started process (PID=779) to work on /opt/airflow/dags/hello_world_dag.py
[2025-08-01T01:21:53.389+0000] {processor.py:830} INFO - Processing file /opt/airflow/dags/hello_world_dag.py for tasks to queue
[2025-08-01T01:21:53.391+0000] {logging_mixin.py:188} INFO - [2025-08-01T01:21:53.390+0000] {dagbag.py:538} INFO - Filling up the DagBag from /opt/airflow/dags/hello_world_dag.py
[2025-08-01T01:21:53.428+0000] {processor.py:840} INFO - DAG(s) 'hello_world_dag' retrieved from /opt/airflow/dags/hello_world_dag.py
[2025-08-01T01:21:53.498+0000] {logging_mixin.py:188} INFO - [2025-08-01T01:21:53.496+0000] {dag.py:3036} INFO - Sync 1 DAGs
[2025-08-01T01:21:53.552+0000] {logging_mixin.py:188} INFO - [2025-08-01T01:21:53.552+0000] {dag.py:3823} INFO - Setting next_dagrun for hello_world_dag to 2025-07-31 00:00:00+00:00, run_after=2025-08-01 00:00:00+00:00
[2025-08-01T01:21:53.609+0000] {processor.py:183} INFO - Processing /opt/airflow/dags/hello_world_dag.py took 0.234 seconds
[2025-08-01T01:22:24.254+0000] {processor.py:161} INFO - Started process (PID=789) to work on /opt/airflow/dags/hello_world_dag.py
[2025-08-01T01:22:24.264+0000] {processor.py:830} INFO - Processing file /opt/airflow/dags/hello_world_dag.py for tasks to queue
[2025-08-01T01:22:24.268+0000] {logging_mixin.py:188} INFO - [2025-08-01T01:22:24.265+0000] {dagbag.py:538} INFO - Filling up the DagBag from /opt/airflow/dags/hello_world_dag.py
[2025-08-01T01:22:24.395+0000] {processor.py:840} INFO - DAG(s) 'hello_world_dag' retrieved from /opt/airflow/dags/hello_world_dag.py
[2025-08-01T01:22:24.562+0000] {logging_mixin.py:188} INFO - [2025-08-01T01:22:24.561+0000] {dag.py:3036} INFO - Sync 1 DAGs
[2025-08-01T01:22:24.772+0000] {logging_mixin.py:188} INFO - [2025-08-01T01:22:24.772+0000] {dag.py:3823} INFO - Setting next_dagrun for hello_world_dag to 2025-07-31 00:00:00+00:00, run_after=2025-08-01 00:00:00+00:00
[2025-08-01T01:22:24.900+0000] {processor.py:183} INFO - Processing /opt/airflow/dags/hello_world_dag.py took 0.665 seconds
[2025-08-01T01:22:56.088+0000] {processor.py:161} INFO - Started process (PID=799) to work on /opt/airflow/dags/hello_world_dag.py
[2025-08-01T01:22:56.090+0000] {processor.py:830} INFO - Processing file /opt/airflow/dags/hello_world_dag.py for tasks to queue
[2025-08-01T01:22:56.092+0000] {logging_mixin.py:188} INFO - [2025-08-01T01:22:56.092+0000] {dagbag.py:538} INFO - Filling up the DagBag from /opt/airflow/dags/hello_world_dag.py
[2025-08-01T01:22:56.178+0000] {processor.py:840} INFO - DAG(s) 'hello_world_dag' retrieved from /opt/airflow/dags/hello_world_dag.py
[2025-08-01T01:22:56.226+0000] {logging_mixin.py:188} INFO - [2025-08-01T01:22:56.225+0000] {dag.py:3036} INFO - Sync 1 DAGs
[2025-08-01T01:22:56.269+0000] {logging_mixin.py:188} INFO - [2025-08-01T01:22:56.269+0000] {dag.py:3823} INFO - Setting next_dagrun for hello_world_dag to 2025-07-31 00:00:00+00:00, run_after=2025-08-01 00:00:00+00:00
[2025-08-01T01:22:56.325+0000] {processor.py:183} INFO - Processing /opt/airflow/dags/hello_world_dag.py took 0.251 seconds
[2025-08-01T01:23:26.504+0000] {processor.py:161} INFO - Started process (PID=809) to work on /opt/airflow/dags/hello_world_dag.py
[2025-08-01T01:23:26.506+0000] {processor.py:830} INFO - Processing file /opt/airflow/dags/hello_world_dag.py for tasks to queue
[2025-08-01T01:23:26.507+0000] {logging_mixin.py:188} INFO - [2025-08-01T01:23:26.507+0000] {dagbag.py:538} INFO - Filling up the DagBag from /opt/airflow/dags/hello_world_dag.py
[2025-08-01T01:23:26.543+0000] {processor.py:840} INFO - DAG(s) 'hello_world_dag' retrieved from /opt/airflow/dags/hello_world_dag.py
[2025-08-01T01:23:26.598+0000] {logging_mixin.py:188} INFO - [2025-08-01T01:23:26.597+0000] {dag.py:3036} INFO - Sync 1 DAGs
[2025-08-01T01:23:26.631+0000] {logging_mixin.py:188} INFO - [2025-08-01T01:23:26.631+0000] {dag.py:3823} INFO - Setting next_dagrun for hello_world_dag to 2025-07-31 00:00:00+00:00, run_after=2025-08-01 00:00:00+00:00
[2025-08-01T01:23:26.661+0000] {processor.py:183} INFO - Processing /opt/airflow/dags/hello_world_dag.py took 0.165 seconds
[2025-08-01T01:23:57.394+0000] {processor.py:161} INFO - Started process (PID=819) to work on /opt/airflow/dags/hello_world_dag.py
[2025-08-01T01:23:57.395+0000] {processor.py:830} INFO - Processing file /opt/airflow/dags/hello_world_dag.py for tasks to queue
[2025-08-01T01:23:57.397+0000] {logging_mixin.py:188} INFO - [2025-08-01T01:23:57.396+0000] {dagbag.py:538} INFO - Filling up the DagBag from /opt/airflow/dags/hello_world_dag.py
[2025-08-01T01:23:57.425+0000] {processor.py:840} INFO - DAG(s) 'hello_world_dag' retrieved from /opt/airflow/dags/hello_world_dag.py
[2025-08-01T01:23:57.459+0000] {logging_mixin.py:188} INFO - [2025-08-01T01:23:57.458+0000] {dag.py:3036} INFO - Sync 1 DAGs
[2025-08-01T01:23:57.489+0000] {logging_mixin.py:188} INFO - [2025-08-01T01:23:57.488+0000] {dag.py:3823} INFO - Setting next_dagrun for hello_world_dag to 2025-07-31 00:00:00+00:00, run_after=2025-08-01 00:00:00+00:00
[2025-08-01T01:23:57.518+0000] {processor.py:183} INFO - Processing /opt/airflow/dags/hello_world_dag.py took 0.130 seconds
[2025-08-01T01:24:27.934+0000] {processor.py:161} INFO - Started process (PID=830) to work on /opt/airflow/dags/hello_world_dag.py
[2025-08-01T01:24:27.936+0000] {processor.py:830} INFO - Processing file /opt/airflow/dags/hello_world_dag.py for tasks to queue
[2025-08-01T01:24:27.938+0000] {logging_mixin.py:188} INFO - [2025-08-01T01:24:27.937+0000] {dagbag.py:538} INFO - Filling up the DagBag from /opt/airflow/dags/hello_world_dag.py
[2025-08-01T01:24:28.014+0000] {processor.py:840} INFO - DAG(s) 'hello_world_dag' retrieved from /opt/airflow/dags/hello_world_dag.py
[2025-08-01T01:24:28.077+0000] {logging_mixin.py:188} INFO - [2025-08-01T01:24:28.075+0000] {dag.py:3036} INFO - Sync 1 DAGs
[2025-08-01T01:24:28.149+0000] {logging_mixin.py:188} INFO - [2025-08-01T01:24:28.149+0000] {dag.py:3823} INFO - Setting next_dagrun for hello_world_dag to 2025-07-31 00:00:00+00:00, run_after=2025-08-01 00:00:00+00:00
[2025-08-01T01:24:28.226+0000] {processor.py:183} INFO - Processing /opt/airflow/dags/hello_world_dag.py took 0.302 seconds
[2025-08-01T01:24:58.736+0000] {processor.py:161} INFO - Started process (PID=841) to work on /opt/airflow/dags/hello_world_dag.py
[2025-08-01T01:24:58.737+0000] {processor.py:830} INFO - Processing file /opt/airflow/dags/hello_world_dag.py for tasks to queue
[2025-08-01T01:24:58.739+0000] {logging_mixin.py:188} INFO - [2025-08-01T01:24:58.739+0000] {dagbag.py:538} INFO - Filling up the DagBag from /opt/airflow/dags/hello_world_dag.py
[2025-08-01T01:24:58.773+0000] {processor.py:840} INFO - DAG(s) 'hello_world_dag' retrieved from /opt/airflow/dags/hello_world_dag.py
[2025-08-01T01:24:58.811+0000] {logging_mixin.py:188} INFO - [2025-08-01T01:24:58.810+0000] {dag.py:3036} INFO - Sync 1 DAGs
[2025-08-01T01:24:58.858+0000] {logging_mixin.py:188} INFO - [2025-08-01T01:24:58.858+0000] {dag.py:3823} INFO - Setting next_dagrun for hello_world_dag to 2025-07-31 00:00:00+00:00, run_after=2025-08-01 00:00:00+00:00
[2025-08-01T01:24:58.896+0000] {processor.py:183} INFO - Processing /opt/airflow/dags/hello_world_dag.py took 0.167 seconds
[2025-08-01T01:25:29.666+0000] {processor.py:161} INFO - Started process (PID=857) to work on /opt/airflow/dags/hello_world_dag.py
[2025-08-01T01:25:29.667+0000] {processor.py:830} INFO - Processing file /opt/airflow/dags/hello_world_dag.py for tasks to queue
[2025-08-01T01:25:29.668+0000] {logging_mixin.py:188} INFO - [2025-08-01T01:25:29.668+0000] {dagbag.py:538} INFO - Filling up the DagBag from /opt/airflow/dags/hello_world_dag.py
[2025-08-01T01:25:29.703+0000] {processor.py:840} INFO - DAG(s) 'hello_world_dag' retrieved from /opt/airflow/dags/hello_world_dag.py
[2025-08-01T01:25:29.751+0000] {logging_mixin.py:188} INFO - [2025-08-01T01:25:29.750+0000] {dag.py:3036} INFO - Sync 1 DAGs
[2025-08-01T01:25:29.807+0000] {logging_mixin.py:188} INFO - [2025-08-01T01:25:29.802+0000] {dag.py:3823} INFO - Setting next_dagrun for hello_world_dag to 2025-07-31 00:00:00+00:00, run_after=2025-08-01 00:00:00+00:00
[2025-08-01T01:25:29.836+0000] {processor.py:183} INFO - Processing /opt/airflow/dags/hello_world_dag.py took 0.177 seconds
[2025-08-01T01:26:00.458+0000] {processor.py:161} INFO - Started process (PID=867) to work on /opt/airflow/dags/hello_world_dag.py
[2025-08-01T01:26:00.459+0000] {processor.py:830} INFO - Processing file /opt/airflow/dags/hello_world_dag.py for tasks to queue
[2025-08-01T01:26:00.461+0000] {logging_mixin.py:188} INFO - [2025-08-01T01:26:00.461+0000] {dagbag.py:538} INFO - Filling up the DagBag from /opt/airflow/dags/hello_world_dag.py
[2025-08-01T01:26:00.496+0000] {processor.py:840} INFO - DAG(s) 'hello_world_dag' retrieved from /opt/airflow/dags/hello_world_dag.py
[2025-08-01T01:26:00.534+0000] {logging_mixin.py:188} INFO - [2025-08-01T01:26:00.533+0000] {dag.py:3036} INFO - Sync 1 DAGs
[2025-08-01T01:26:00.572+0000] {logging_mixin.py:188} INFO - [2025-08-01T01:26:00.571+0000] {dag.py:3823} INFO - Setting next_dagrun for hello_world_dag to 2025-07-31 00:00:00+00:00, run_after=2025-08-01 00:00:00+00:00
[2025-08-01T01:26:00.626+0000] {processor.py:183} INFO - Processing /opt/airflow/dags/hello_world_dag.py took 0.175 seconds
[2025-08-01T01:26:31.170+0000] {processor.py:161} INFO - Started process (PID=876) to work on /opt/airflow/dags/hello_world_dag.py
[2025-08-01T01:26:31.181+0000] {processor.py:830} INFO - Processing file /opt/airflow/dags/hello_world_dag.py for tasks to queue
[2025-08-01T01:26:31.183+0000] {logging_mixin.py:188} INFO - [2025-08-01T01:26:31.183+0000] {dagbag.py:538} INFO - Filling up the DagBag from /opt/airflow/dags/hello_world_dag.py
[2025-08-01T01:26:31.281+0000] {processor.py:840} INFO - DAG(s) 'hello_world_dag' retrieved from /opt/airflow/dags/hello_world_dag.py
[2025-08-01T01:26:31.490+0000] {logging_mixin.py:188} INFO - [2025-08-01T01:26:31.489+0000] {dag.py:3036} INFO - Sync 1 DAGs
[2025-08-01T01:26:31.694+0000] {logging_mixin.py:188} INFO - [2025-08-01T01:26:31.682+0000] {dag.py:3823} INFO - Setting next_dagrun for hello_world_dag to 2025-07-31 00:00:00+00:00, run_after=2025-08-01 00:00:00+00:00
[2025-08-01T01:26:32.078+0000] {processor.py:183} INFO - Processing /opt/airflow/dags/hello_world_dag.py took 0.929 seconds
[2025-08-01T01:27:02.292+0000] {processor.py:161} INFO - Started process (PID=887) to work on /opt/airflow/dags/hello_world_dag.py
[2025-08-01T01:27:02.293+0000] {processor.py:830} INFO - Processing file /opt/airflow/dags/hello_world_dag.py for tasks to queue
[2025-08-01T01:27:02.295+0000] {logging_mixin.py:188} INFO - [2025-08-01T01:27:02.294+0000] {dagbag.py:538} INFO - Filling up the DagBag from /opt/airflow/dags/hello_world_dag.py
[2025-08-01T01:27:02.332+0000] {processor.py:840} INFO - DAG(s) 'hello_world_dag' retrieved from /opt/airflow/dags/hello_world_dag.py
[2025-08-01T01:27:02.418+0000] {logging_mixin.py:188} INFO - [2025-08-01T01:27:02.416+0000] {dag.py:3036} INFO - Sync 1 DAGs
[2025-08-01T01:27:02.470+0000] {logging_mixin.py:188} INFO - [2025-08-01T01:27:02.470+0000] {dag.py:3823} INFO - Setting next_dagrun for hello_world_dag to 2025-07-31 00:00:00+00:00, run_after=2025-08-01 00:00:00+00:00
[2025-08-01T01:27:02.515+0000] {processor.py:183} INFO - Processing /opt/airflow/dags/hello_world_dag.py took 0.230 seconds
[2025-08-01T01:27:32.945+0000] {processor.py:161} INFO - Started process (PID=896) to work on /opt/airflow/dags/hello_world_dag.py
[2025-08-01T01:27:32.947+0000] {processor.py:830} INFO - Processing file /opt/airflow/dags/hello_world_dag.py for tasks to queue
[2025-08-01T01:27:32.950+0000] {logging_mixin.py:188} INFO - [2025-08-01T01:27:32.949+0000] {dagbag.py:538} INFO - Filling up the DagBag from /opt/airflow/dags/hello_world_dag.py
[2025-08-01T01:27:32.988+0000] {processor.py:840} INFO - DAG(s) 'hello_world_dag' retrieved from /opt/airflow/dags/hello_world_dag.py
[2025-08-01T01:27:33.087+0000] {logging_mixin.py:188} INFO - [2025-08-01T01:27:33.085+0000] {dag.py:3036} INFO - Sync 1 DAGs
[2025-08-01T01:27:33.202+0000] {logging_mixin.py:188} INFO - [2025-08-01T01:27:33.201+0000] {dag.py:3823} INFO - Setting next_dagrun for hello_world_dag to 2025-07-31 00:00:00+00:00, run_after=2025-08-01 00:00:00+00:00
[2025-08-01T01:27:33.261+0000] {processor.py:183} INFO - Processing /opt/airflow/dags/hello_world_dag.py took 0.327 seconds
[2025-08-01T01:28:04.063+0000] {processor.py:161} INFO - Started process (PID=906) to work on /opt/airflow/dags/hello_world_dag.py
[2025-08-01T01:28:04.076+0000] {processor.py:830} INFO - Processing file /opt/airflow/dags/hello_world_dag.py for tasks to queue
[2025-08-01T01:28:04.078+0000] {logging_mixin.py:188} INFO - [2025-08-01T01:28:04.077+0000] {dagbag.py:538} INFO - Filling up the DagBag from /opt/airflow/dags/hello_world_dag.py
[2025-08-01T01:28:04.156+0000] {processor.py:840} INFO - DAG(s) 'hello_world_dag' retrieved from /opt/airflow/dags/hello_world_dag.py
[2025-08-01T01:28:04.264+0000] {logging_mixin.py:188} INFO - [2025-08-01T01:28:04.264+0000] {dag.py:3036} INFO - Sync 1 DAGs
[2025-08-01T01:28:04.299+0000] {logging_mixin.py:188} INFO - [2025-08-01T01:28:04.299+0000] {dag.py:3823} INFO - Setting next_dagrun for hello_world_dag to 2025-07-31 00:00:00+00:00, run_after=2025-08-01 00:00:00+00:00
[2025-08-01T01:28:04.333+0000] {processor.py:183} INFO - Processing /opt/airflow/dags/hello_world_dag.py took 0.277 seconds
[2025-08-01T01:28:35.115+0000] {processor.py:161} INFO - Started process (PID=916) to work on /opt/airflow/dags/hello_world_dag.py
[2025-08-01T01:28:35.120+0000] {processor.py:830} INFO - Processing file /opt/airflow/dags/hello_world_dag.py for tasks to queue
[2025-08-01T01:28:35.122+0000] {logging_mixin.py:188} INFO - [2025-08-01T01:28:35.122+0000] {dagbag.py:538} INFO - Filling up the DagBag from /opt/airflow/dags/hello_world_dag.py
[2025-08-01T01:28:35.192+0000] {processor.py:840} INFO - DAG(s) 'hello_world_dag' retrieved from /opt/airflow/dags/hello_world_dag.py
[2025-08-01T01:28:35.268+0000] {logging_mixin.py:188} INFO - [2025-08-01T01:28:35.266+0000] {dag.py:3036} INFO - Sync 1 DAGs
[2025-08-01T01:28:35.332+0000] {logging_mixin.py:188} INFO - [2025-08-01T01:28:35.332+0000] {dag.py:3823} INFO - Setting next_dagrun for hello_world_dag to 2025-07-31 00:00:00+00:00, run_after=2025-08-01 00:00:00+00:00
[2025-08-01T01:28:35.390+0000] {processor.py:183} INFO - Processing /opt/airflow/dags/hello_world_dag.py took 0.284 seconds
[2025-08-01T01:29:05.693+0000] {processor.py:161} INFO - Started process (PID=926) to work on /opt/airflow/dags/hello_world_dag.py
[2025-08-01T01:29:05.695+0000] {processor.py:830} INFO - Processing file /opt/airflow/dags/hello_world_dag.py for tasks to queue
[2025-08-01T01:29:05.709+0000] {logging_mixin.py:188} INFO - [2025-08-01T01:29:05.696+0000] {dagbag.py:538} INFO - Filling up the DagBag from /opt/airflow/dags/hello_world_dag.py
[2025-08-01T01:29:05.890+0000] {processor.py:840} INFO - DAG(s) 'hello_world_dag' retrieved from /opt/airflow/dags/hello_world_dag.py
[2025-08-01T01:29:06.081+0000] {logging_mixin.py:188} INFO - [2025-08-01T01:29:06.080+0000] {dag.py:3036} INFO - Sync 1 DAGs
[2025-08-01T01:29:06.291+0000] {logging_mixin.py:188} INFO - [2025-08-01T01:29:06.277+0000] {dag.py:3823} INFO - Setting next_dagrun for hello_world_dag to 2025-07-31 00:00:00+00:00, run_after=2025-08-01 00:00:00+00:00
[2025-08-01T01:29:06.428+0000] {processor.py:183} INFO - Processing /opt/airflow/dags/hello_world_dag.py took 0.768 seconds
[2025-08-01T01:29:36.950+0000] {processor.py:161} INFO - Started process (PID=935) to work on /opt/airflow/dags/hello_world_dag.py
[2025-08-01T01:29:36.951+0000] {processor.py:830} INFO - Processing file /opt/airflow/dags/hello_world_dag.py for tasks to queue
[2025-08-01T01:29:36.952+0000] {logging_mixin.py:188} INFO - [2025-08-01T01:29:36.952+0000] {dagbag.py:538} INFO - Filling up the DagBag from /opt/airflow/dags/hello_world_dag.py
[2025-08-01T01:29:36.988+0000] {processor.py:840} INFO - DAG(s) 'hello_world_dag' retrieved from /opt/airflow/dags/hello_world_dag.py
[2025-08-01T01:29:37.025+0000] {logging_mixin.py:188} INFO - [2025-08-01T01:29:37.024+0000] {dag.py:3036} INFO - Sync 1 DAGs
[2025-08-01T01:29:37.062+0000] {logging_mixin.py:188} INFO - [2025-08-01T01:29:37.062+0000] {dag.py:3823} INFO - Setting next_dagrun for hello_world_dag to 2025-07-31 00:00:00+00:00, run_after=2025-08-01 00:00:00+00:00
[2025-08-01T01:29:37.104+0000] {processor.py:183} INFO - Processing /opt/airflow/dags/hello_world_dag.py took 0.160 seconds
[2025-08-01T01:30:07.386+0000] {processor.py:161} INFO - Started process (PID=945) to work on /opt/airflow/dags/hello_world_dag.py
[2025-08-01T01:30:07.388+0000] {processor.py:830} INFO - Processing file /opt/airflow/dags/hello_world_dag.py for tasks to queue
[2025-08-01T01:30:07.392+0000] {logging_mixin.py:188} INFO - [2025-08-01T01:30:07.392+0000] {dagbag.py:538} INFO - Filling up the DagBag from /opt/airflow/dags/hello_world_dag.py
[2025-08-01T01:30:07.465+0000] {processor.py:840} INFO - DAG(s) 'hello_world_dag' retrieved from /opt/airflow/dags/hello_world_dag.py
[2025-08-01T01:30:07.535+0000] {logging_mixin.py:188} INFO - [2025-08-01T01:30:07.534+0000] {dag.py:3036} INFO - Sync 1 DAGs
[2025-08-01T01:30:07.616+0000] {logging_mixin.py:188} INFO - [2025-08-01T01:30:07.615+0000] {dag.py:3823} INFO - Setting next_dagrun for hello_world_dag to 2025-07-31 00:00:00+00:00, run_after=2025-08-01 00:00:00+00:00
[2025-08-01T01:30:07.753+0000] {processor.py:183} INFO - Processing /opt/airflow/dags/hello_world_dag.py took 0.383 seconds
[2025-08-01T01:30:38.652+0000] {processor.py:161} INFO - Started process (PID=956) to work on /opt/airflow/dags/hello_world_dag.py
[2025-08-01T01:30:38.654+0000] {processor.py:830} INFO - Processing file /opt/airflow/dags/hello_world_dag.py for tasks to queue
[2025-08-01T01:30:38.656+0000] {logging_mixin.py:188} INFO - [2025-08-01T01:30:38.655+0000] {dagbag.py:538} INFO - Filling up the DagBag from /opt/airflow/dags/hello_world_dag.py
[2025-08-01T01:30:38.689+0000] {processor.py:840} INFO - DAG(s) 'hello_world_dag' retrieved from /opt/airflow/dags/hello_world_dag.py
[2025-08-01T01:30:38.733+0000] {logging_mixin.py:188} INFO - [2025-08-01T01:30:38.732+0000] {dag.py:3036} INFO - Sync 1 DAGs
[2025-08-01T01:30:38.780+0000] {logging_mixin.py:188} INFO - [2025-08-01T01:30:38.779+0000] {dag.py:3823} INFO - Setting next_dagrun for hello_world_dag to 2025-07-31 00:00:00+00:00, run_after=2025-08-01 00:00:00+00:00
[2025-08-01T01:30:38.840+0000] {processor.py:183} INFO - Processing /opt/airflow/dags/hello_world_dag.py took 0.195 seconds
