[2025-07-31T01:53:58.595+0000] {taskinstance.py:1956} INFO - Dependencies all met for dep_context=non-requeueable deps ti=<TaskInstance: bash_operator_example.list_files scheduled__2025-07-30T00:00:00+00:00 [queued]>
[2025-07-31T01:53:58.606+0000] {taskinstance.py:1956} INFO - Dependencies all met for dep_context=requeueable deps ti=<TaskInstance: bash_operator_example.list_files scheduled__2025-07-30T00:00:00+00:00 [queued]>
[2025-07-31T01:53:58.607+0000] {taskinstance.py:2170} INFO - Starting attempt 1 of 1
[2025-07-31T01:53:58.625+0000] {taskinstance.py:2191} INFO - Executing <Task(BashOperator): list_files> on 2025-07-30 00:00:00+00:00
[2025-07-31T01:53:58.646+0000] {standard_task_runner.py:60} INFO - Started process 144 to run task
[2025-07-31T01:53:58.655+0000] {standard_task_runner.py:87} INFO - Running: ['***', 'tasks', 'run', 'bash_operator_example', 'list_files', 'scheduled__2025-07-30T00:00:00+00:00', '--job-id', '7', '--raw', '--subdir', 'DAGS_FOLDER/bash_operator_example.py', '--cfg-path', '/tmp/tmpszauxf40']
[2025-07-31T01:53:58.659+0000] {standard_task_runner.py:88} INFO - Job 7: Subtask list_files
[2025-07-31T01:53:58.741+0000] {task_command.py:423} INFO - Running <TaskInstance: bash_operator_example.list_files scheduled__2025-07-30T00:00:00+00:00 [running]> on host 1d80623b63f7
[2025-07-31T01:53:58.835+0000] {taskinstance.py:2480} INFO - Exporting env vars: AIRFLOW_CTX_DAG_OWNER='***' AIRFLOW_CTX_DAG_ID='bash_operator_example' AIRFLOW_CTX_TASK_ID='list_files' AIRFLOW_CTX_EXECUTION_DATE='2025-07-30T00:00:00+00:00' AIRFLOW_CTX_TRY_NUMBER='1' AIRFLOW_CTX_DAG_RUN_ID='scheduled__2025-07-30T00:00:00+00:00'
[2025-07-31T01:53:58.840+0000] {subprocess.py:63} INFO - Tmp dir root location: /tmp
[2025-07-31T01:53:58.841+0000] {subprocess.py:75} INFO - Running command: ['/usr/bin/bash', '-c', 'ls -l /opt/***/dags']
[2025-07-31T01:53:58.857+0000] {subprocess.py:86} INFO - Output:
[2025-07-31T01:53:58.867+0000] {subprocess.py:93} INFO - total 0
[2025-07-31T01:53:58.868+0000] {subprocess.py:93} INFO - drwxrwxr-x 1 *** root 4096 Jul 31 01:53 __pycache__
[2025-07-31T01:53:58.868+0000] {subprocess.py:93} INFO - -rwxrwxrwx 1 root    root  352 Jul 31 01:53 bash_operator_example.py
[2025-07-31T01:53:58.869+0000] {subprocess.py:93} INFO - -rwxrwxrwx 1 *** root  435 Jul 31 01:47 hello_world_dag.py
[2025-07-31T01:53:58.870+0000] {subprocess.py:97} INFO - Command exited with return code 0
[2025-07-31T01:53:58.901+0000] {taskinstance.py:1138} INFO - Marking task as SUCCESS. dag_id=bash_operator_example, task_id=list_files, execution_date=20250730T000000, start_date=20250731T015358, end_date=20250731T015358
[2025-07-31T01:53:58.946+0000] {local_task_job_runner.py:234} INFO - Task exited with return code 0
[2025-07-31T01:53:58.985+0000] {taskinstance.py:3280} INFO - 0 downstream tasks scheduled from follow-on schedule check
